2022-02-22 09:08:48,248 INFO Called with args:
2022-02-22 09:08:48,248 INFO batch_size      | 8
2022-02-22 09:08:48,248 INFO opt             | adamw
2022-02-22 09:08:48,248 INFO model           | rcf
2022-02-22 09:08:48,249 INFO lr              | 0.002
2022-02-22 09:08:48,249 INFO momentum        | 0.9
2022-02-22 09:08:48,249 INFO weight_decay    | 0.01
2022-02-22 09:08:48,249 INFO stepsize        | 50
2022-02-22 09:08:48,249 INFO gamma           | 0.9
2022-02-22 09:08:48,249 INFO max_epoch       | 1000
2022-02-22 09:08:48,249 INFO iter_size       | 1
2022-02-22 09:08:48,249 INFO start_epoch     | 0
2022-02-22 09:08:48,250 INFO print_freq      | 500
2022-02-22 09:08:48,250 INFO gpu             | 0
2022-02-22 09:08:48,250 INFO resume          | None
2022-02-22 09:08:48,250 INFO save_dir        | results/RCF20220222_0908-bs-8-lr-0.002-iter_size-1-opt-adamw
2022-02-22 09:08:48,250 INFO dataset         | data
2022-02-22 09:08:56,871 INFO training...
2022-02-22 09:10:02,833 INFO Epoch: [1/1000][139/140] Time 0.433 (avg: 0.469) Loss 0.079278 (avg: 0.035575) lr 2.000000e-03
2022-02-22 09:10:02,834 INFO testing...
2022-02-22 09:10:12,356 INFO {'aAcc': 0.8417, 'mIoU': 0.4428, 'mAcc': 0.9159, 'mFscore': 0.49979999999999997, 'mPrecision': 0.5225, 'mRecall': 0.9159, 'IoU.bg': 0.8405, 'IoU.pl': 0.0451, 'Acc.bg': 0.8405, 'Acc.pl': 0.9914000000000001, 'Fscore.bg': 0.9133, 'Fscore.pl': 0.0863, 'Precision.bg': 0.9998999999999999, 'Precision.pl': 0.0451, 'Recall.bg': 0.8405, 'Recall.pl': 0.9914000000000001}
2022-02-22 09:10:12,356 INFO {'IoU.pl': 0.0451, 'IoU.pl_epo': 1, 'Acc.pl': 0.9914000000000001, 'Acc.pl_epo': 1, 'Fscore.pl': 0.0863, 'Fscore.pl_epo': 1, 'Precision.pl': 0.0451, 'Precision.pl_epo': 1, 'Recall.pl': 0.9914000000000001, 'Recall.pl_epo': 1}
2022-02-22 09:10:12,635 INFO training...
2022-02-22 09:11:17,725 INFO Epoch: [2/1000][139/140] Time 0.431 (avg: 0.464) Loss 0.028995 (avg: 0.025061) lr 2.000000e-03
2022-02-22 09:11:17,726 INFO testing...
2022-02-22 09:11:27,646 INFO {'aAcc': 0.9308, 'mIoU': 0.5177, 'mAcc': 0.9481, 'mFscore': 0.5771000000000001, 'mPrecision': 0.5526, 'mRecall': 0.9481, 'IoU.bg': 0.9301999999999999, 'IoU.pl': 0.1051, 'Acc.bg': 0.9305, 'Acc.pl': 0.9658, 'Fscore.bg': 0.9638, 'Fscore.pl': 0.19030000000000002, 'Precision.bg': 0.9997, 'Precision.pl': 0.10550000000000001, 'Recall.bg': 0.9305, 'Recall.pl': 0.9658}
2022-02-22 09:11:27,647 INFO {'IoU.pl': 0.1051, 'IoU.pl_epo': 2, 'Acc.pl': 0.9914000000000001, 'Acc.pl_epo': 1, 'Fscore.pl': 0.19030000000000002, 'Fscore.pl_epo': 2, 'Precision.pl': 0.10550000000000001, 'Precision.pl_epo': 2, 'Recall.pl': 0.9914000000000001, 'Recall.pl_epo': 1}
2022-02-22 09:11:27,832 INFO training...
2022-02-22 09:12:32,753 INFO Epoch: [3/1000][139/140] Time 0.437 (avg: 0.462) Loss 0.010620 (avg: 0.022063) lr 2.000000e-03
2022-02-22 09:12:32,754 INFO testing...
2022-02-22 09:12:42,967 INFO {'aAcc': 0.8128, 'mIoU': 0.4257, 'mAcc': 0.9027, 'mFscore': 0.4865, 'mPrecision': 0.52, 'mRecall': 0.9027, 'IoU.bg': 0.8112999999999999, 'IoU.pl': 0.0401, 'Acc.bg': 0.8114, 'Acc.pl': 0.9941, 'Fscore.bg': 0.8957999999999999, 'Fscore.pl': 0.07719999999999999, 'Precision.bg': 0.9998999999999999, 'Precision.pl': 0.0401, 'Recall.bg': 0.8114, 'Recall.pl': 0.9941}
2022-02-22 09:12:42,967 INFO {'IoU.pl': 0.1051, 'IoU.pl_epo': 2, 'Acc.pl': 0.9941, 'Acc.pl_epo': 3, 'Fscore.pl': 0.19030000000000002, 'Fscore.pl_epo': 2, 'Precision.pl': 0.10550000000000001, 'Precision.pl_epo': 2, 'Recall.pl': 0.9941, 'Recall.pl_epo': 3}
2022-02-22 09:12:43,182 INFO training...
2022-02-22 09:13:48,167 INFO Epoch: [4/1000][139/140] Time 0.432 (avg: 0.463) Loss 0.036216 (avg: 0.021451) lr 2.000000e-03
2022-02-22 09:13:48,168 INFO testing...
2022-02-22 09:13:58,261 INFO {'aAcc': 0.9311, 'mIoU': 0.5136999999999999, 'mAcc': 0.9520000000000001, 'mFscore': 0.5703, 'mPrecision': 0.5484, 'mRecall': 0.9520000000000001, 'IoU.bg': 0.9306, 'IoU.pl': 0.0968, 'Acc.bg': 0.9307, 'Acc.pl': 0.9732, 'Fscore.bg': 0.9640000000000001, 'Fscore.pl': 0.1765, 'Precision.bg': 0.9998, 'Precision.pl': 0.09699999999999999, 'Recall.bg': 0.9307, 'Recall.pl': 0.9732}
2022-02-22 09:13:58,261 INFO {'IoU.pl': 0.1051, 'IoU.pl_epo': 2, 'Acc.pl': 0.9941, 'Acc.pl_epo': 3, 'Fscore.pl': 0.19030000000000002, 'Fscore.pl_epo': 2, 'Precision.pl': 0.10550000000000001, 'Precision.pl_epo': 2, 'Recall.pl': 0.9941, 'Recall.pl_epo': 3}
2022-02-22 09:13:58,261 INFO training...
2022-02-22 09:15:03,342 INFO Epoch: [5/1000][139/140] Time 0.434 (avg: 0.463) Loss 0.025442 (avg: 0.023268) lr 2.000000e-03
2022-02-22 09:15:03,342 INFO testing...
2022-02-22 09:15:12,742 INFO {'aAcc': 0.9233, 'mIoU': 0.514, 'mAcc': 0.9365000000000001, 'mFscore': 0.5753, 'mPrecision': 0.5528, 'mRecall': 0.9365000000000001, 'IoU.bg': 0.9226000000000001, 'IoU.pl': 0.10550000000000001, 'Acc.bg': 0.9231, 'Acc.pl': 0.95, 'Fscore.bg': 0.9597, 'Fscore.pl': 0.19079999999999997, 'Precision.bg': 0.9995, 'Precision.pl': 0.1061, 'Recall.bg': 0.9231, 'Recall.pl': 0.95}
2022-02-22 09:15:12,742 INFO {'IoU.pl': 0.10550000000000001, 'IoU.pl_epo': 5, 'Acc.pl': 0.9941, 'Acc.pl_epo': 3, 'Fscore.pl': 0.19079999999999997, 'Fscore.pl_epo': 5, 'Precision.pl': 0.1061, 'Precision.pl_epo': 5, 'Recall.pl': 0.9941, 'Recall.pl_epo': 3}
2022-02-22 09:15:12,968 INFO training...
2022-02-22 09:16:17,894 INFO Epoch: [6/1000][139/140] Time 0.435 (avg: 0.463) Loss 0.023872 (avg: 0.023484) lr 2.000000e-03
2022-02-22 09:16:17,895 INFO testing...
2022-02-22 09:16:28,160 INFO {'aAcc': 0.925, 'mIoU': 0.5068, 'mAcc': 0.9443, 'mFscore': 0.5623, 'mPrecision': 0.5446, 'mRecall': 0.9443, 'IoU.bg': 0.9244, 'IoU.pl': 0.08929999999999999, 'Acc.bg': 0.9247, 'Acc.pl': 0.9640000000000001, 'Fscore.bg': 0.9606999999999999, 'Fscore.pl': 0.16390000000000002, 'Precision.bg': 0.9997, 'Precision.pl': 0.08960000000000001, 'Recall.bg': 0.9247, 'Recall.pl': 0.9640000000000001}
2022-02-22 09:16:28,161 INFO {'IoU.pl': 0.10550000000000001, 'IoU.pl_epo': 5, 'Acc.pl': 0.9941, 'Acc.pl_epo': 3, 'Fscore.pl': 0.19079999999999997, 'Fscore.pl_epo': 5, 'Precision.pl': 0.1061, 'Precision.pl_epo': 5, 'Recall.pl': 0.9941, 'Recall.pl_epo': 3}
2022-02-22 09:16:28,161 INFO training...
2022-02-22 09:17:33,284 INFO Epoch: [7/1000][139/140] Time 0.433 (avg: 0.464) Loss 0.035216 (avg: 0.022026) lr 2.000000e-03
2022-02-22 09:17:33,285 INFO testing...
2022-02-22 09:17:43,547 INFO {'aAcc': 0.9451, 'mIoU': 0.5339, 'mAcc': 0.9498000000000001, 'mFscore': 0.5953, 'mPrecision': 0.5617, 'mRecall': 0.9498000000000001, 'IoU.bg': 0.9447, 'IoU.pl': 0.1231, 'Acc.bg': 0.945, 'Acc.pl': 0.9545999999999999, 'Fscore.bg': 0.9715, 'Fscore.pl': 0.2191, 'Precision.bg': 0.9995999999999999, 'Precision.pl': 0.12380000000000001, 'Recall.bg': 0.945, 'Recall.pl': 0.9545999999999999}
2022-02-22 09:17:43,547 INFO {'IoU.pl': 0.1231, 'IoU.pl_epo': 7, 'Acc.pl': 0.9941, 'Acc.pl_epo': 3, 'Fscore.pl': 0.2191, 'Fscore.pl_epo': 7, 'Precision.pl': 0.12380000000000001, 'Precision.pl_epo': 7, 'Recall.pl': 0.9941, 'Recall.pl_epo': 3}
2022-02-22 09:17:43,772 INFO training...
2022-02-22 09:18:48,589 INFO Epoch: [8/1000][139/140] Time 0.435 (avg: 0.462) Loss 0.025333 (avg: 0.020279) lr 2.000000e-03
2022-02-22 09:18:48,590 INFO testing...
2022-02-22 09:18:58,642 INFO {'aAcc': 0.9423, 'mIoU': 0.5264, 'mAcc': 0.9548000000000001, 'mFscore': 0.5849, 'mPrecision': 0.5556, 'mRecall': 0.9548000000000001, 'IoU.bg': 0.9418000000000001, 'IoU.pl': 0.111, 'Acc.bg': 0.9420999999999999, 'Acc.pl': 0.9675, 'Fscore.bg': 0.97, 'Fscore.pl': 0.1998, 'Precision.bg': 0.9997, 'Precision.pl': 0.1114, 'Recall.bg': 0.9420999999999999, 'Recall.pl': 0.9675}
2022-02-22 09:18:58,642 INFO {'IoU.pl': 0.1231, 'IoU.pl_epo': 7, 'Acc.pl': 0.9941, 'Acc.pl_epo': 3, 'Fscore.pl': 0.2191, 'Fscore.pl_epo': 7, 'Precision.pl': 0.12380000000000001, 'Precision.pl_epo': 7, 'Recall.pl': 0.9941, 'Recall.pl_epo': 3}
2022-02-22 09:18:58,642 INFO training...
2022-02-22 09:20:03,540 INFO Epoch: [9/1000][139/140] Time 0.435 (avg: 0.462) Loss 0.016395 (avg: 0.021569) lr 2.000000e-03
2022-02-22 09:20:03,541 INFO testing...
2022-02-22 09:20:14,141 INFO {'aAcc': 0.9238, 'mIoU': 0.5114, 'mAcc': 0.9459000000000001, 'mFscore': 0.5706, 'mPrecision': 0.5498, 'mRecall': 0.9459000000000001, 'IoU.bg': 0.9231999999999999, 'IoU.pl': 0.09960000000000001, 'Acc.bg': 0.9234, 'Acc.pl': 0.9682999999999999, 'Fscore.bg': 0.96, 'Fscore.pl': 0.18109999999999998, 'Precision.bg': 0.9997, 'Precision.pl': 0.0999, 'Recall.bg': 0.9234, 'Recall.pl': 0.9682999999999999}
2022-02-22 09:20:14,142 INFO {'IoU.pl': 0.1231, 'IoU.pl_epo': 7, 'Acc.pl': 0.9941, 'Acc.pl_epo': 3, 'Fscore.pl': 0.2191, 'Fscore.pl_epo': 7, 'Precision.pl': 0.12380000000000001, 'Precision.pl_epo': 7, 'Recall.pl': 0.9941, 'Recall.pl_epo': 3}
2022-02-22 09:20:14,143 INFO training...
2022-02-22 09:21:19,264 INFO Epoch: [10/1000][139/140] Time 0.438 (avg: 0.463) Loss 0.012131 (avg: 0.021567) lr 2.000000e-03
2022-02-22 09:21:19,264 INFO testing...
2022-02-22 09:21:29,758 INFO {'aAcc': 0.9447, 'mIoU': 0.5378000000000001, 'mAcc': 0.9329999999999999, 'mFscore': 0.6017, 'mPrecision': 0.5660000000000001, 'mRecall': 0.9329999999999999, 'IoU.bg': 0.9442, 'IoU.pl': 0.1313, 'Acc.bg': 0.9449, 'Acc.pl': 0.9209999999999999, 'Fscore.bg': 0.9712999999999999, 'Fscore.pl': 0.2321, 'Precision.bg': 0.9992, 'Precision.pl': 0.1328, 'Recall.bg': 0.9449, 'Recall.pl': 0.9209999999999999}
2022-02-22 09:21:29,759 INFO {'IoU.pl': 0.1313, 'IoU.pl_epo': 10, 'Acc.pl': 0.9941, 'Acc.pl_epo': 3, 'Fscore.pl': 0.2321, 'Fscore.pl_epo': 10, 'Precision.pl': 0.1328, 'Precision.pl_epo': 10, 'Recall.pl': 0.9941, 'Recall.pl_epo': 3}
2022-02-22 09:21:29,936 INFO training...
2022-02-22 09:22:34,731 INFO Epoch: [11/1000][139/140] Time 0.430 (avg: 0.461) Loss 0.016775 (avg: 0.020510) lr 2.000000e-03
2022-02-22 09:22:34,732 INFO testing...
2022-02-22 09:22:44,757 INFO {'aAcc': 0.9443, 'mIoU': 0.5333, 'mAcc': 0.9494, 'mFscore': 0.5949, 'mPrecision': 0.5615, 'mRecall': 0.9494, 'IoU.bg': 0.9439, 'IoU.pl': 0.12279999999999999, 'Acc.bg': 0.9443, 'Acc.pl': 0.9545, 'Fscore.bg': 0.9711, 'Fscore.pl': 0.2187, 'Precision.bg': 0.9995999999999999, 'Precision.pl': 0.1235, 'Recall.bg': 0.9443, 'Recall.pl': 0.9545}
2022-02-22 09:22:44,758 INFO {'IoU.pl': 0.1313, 'IoU.pl_epo': 10, 'Acc.pl': 0.9941, 'Acc.pl_epo': 3, 'Fscore.pl': 0.2321, 'Fscore.pl_epo': 10, 'Precision.pl': 0.1328, 'Precision.pl_epo': 10, 'Recall.pl': 0.9941, 'Recall.pl_epo': 3}
2022-02-22 09:22:44,758 INFO training...
2022-02-22 09:23:49,635 INFO Epoch: [12/1000][139/140] Time 0.434 (avg: 0.462) Loss 0.024863 (avg: 0.019011) lr 2.000000e-03
2022-02-22 09:23:49,636 INFO testing...
2022-02-22 09:23:59,360 INFO {'aAcc': 0.9340999999999999, 'mIoU': 0.5228, 'mAcc': 0.9537, 'mFscore': 0.5836, 'mPrecision': 0.5561, 'mRecall': 0.9537, 'IoU.bg': 0.9336, 'IoU.pl': 0.11199999999999999, 'Acc.bg': 0.9338, 'Acc.pl': 0.9736, 'Fscore.bg': 0.9656, 'Fscore.pl': 0.20149999999999998, 'Precision.bg': 0.9998, 'Precision.pl': 0.1124, 'Recall.bg': 0.9338, 'Recall.pl': 0.9736}
2022-02-22 09:23:59,360 INFO {'IoU.pl': 0.1313, 'IoU.pl_epo': 10, 'Acc.pl': 0.9941, 'Acc.pl_epo': 3, 'Fscore.pl': 0.2321, 'Fscore.pl_epo': 10, 'Precision.pl': 0.1328, 'Precision.pl_epo': 10, 'Recall.pl': 0.9941, 'Recall.pl_epo': 3}
2022-02-22 09:23:59,361 INFO training...
2022-02-22 09:25:04,940 INFO Epoch: [13/1000][139/140] Time 0.441 (avg: 0.466) Loss 0.026986 (avg: 0.018867) lr 2.000000e-03
2022-02-22 09:25:04,941 INFO testing...
2022-02-22 09:25:15,856 INFO {'aAcc': 0.9364, 'mIoU': 0.5155, 'mAcc': 0.9544, 'mFscore': 0.5703, 'mPrecision': 0.5476, 'mRecall': 0.9544, 'IoU.bg': 0.9359999999999999, 'IoU.pl': 0.0951, 'Acc.bg': 0.9361, 'Acc.pl': 0.9727, 'Fscore.bg': 0.9669, 'Fscore.pl': 0.1736, 'Precision.bg': 0.9998, 'Precision.pl': 0.0953, 'Recall.bg': 0.9361, 'Recall.pl': 0.9727}
2022-02-22 09:25:15,857 INFO {'IoU.pl': 0.1313, 'IoU.pl_epo': 10, 'Acc.pl': 0.9941, 'Acc.pl_epo': 3, 'Fscore.pl': 0.2321, 'Fscore.pl_epo': 10, 'Precision.pl': 0.1328, 'Precision.pl_epo': 10, 'Recall.pl': 0.9941, 'Recall.pl_epo': 3}
2022-02-22 09:25:15,857 INFO training...
2022-02-22 09:26:21,012 INFO Epoch: [14/1000][139/140] Time 0.432 (avg: 0.464) Loss 0.014748 (avg: 0.019583) lr 2.000000e-03
2022-02-22 09:26:21,022 INFO testing...
2022-02-22 09:26:31,065 INFO {'aAcc': 0.9245, 'mIoU': 0.5123, 'mAcc': 0.9470999999999999, 'mFscore': 0.5718, 'mPrecision': 0.5504, 'mRecall': 0.9470999999999999, 'IoU.bg': 0.9238, 'IoU.pl': 0.1008, 'Acc.bg': 0.9240999999999999, 'Acc.pl': 0.9701000000000001, 'Fscore.bg': 0.9604, 'Fscore.pl': 0.1832, 'Precision.bg': 0.9997, 'Precision.pl': 0.1011, 'Recall.bg': 0.9240999999999999, 'Recall.pl': 0.9701000000000001}
2022-02-22 09:26:31,065 INFO {'IoU.pl': 0.1313, 'IoU.pl_epo': 10, 'Acc.pl': 0.9941, 'Acc.pl_epo': 3, 'Fscore.pl': 0.2321, 'Fscore.pl_epo': 10, 'Precision.pl': 0.1328, 'Precision.pl_epo': 10, 'Recall.pl': 0.9941, 'Recall.pl_epo': 3}
2022-02-22 09:26:31,065 INFO training...
2022-02-22 09:27:35,770 INFO Epoch: [15/1000][139/140] Time 0.432 (avg: 0.461) Loss 0.022496 (avg: 0.018144) lr 2.000000e-03
2022-02-22 09:27:35,770 INFO testing...
2022-02-22 09:27:46,141 INFO {'aAcc': 0.9465, 'mIoU': 0.5378000000000001, 'mAcc': 0.9488, 'mFscore': 0.6008, 'mPrecision': 0.565, 'mRecall': 0.9488, 'IoU.bg': 0.946, 'IoU.pl': 0.1295, 'Acc.bg': 0.9464, 'Acc.pl': 0.9512, 'Fscore.bg': 0.9723, 'Fscore.pl': 0.2293, 'Precision.bg': 0.9995999999999999, 'Precision.pl': 0.1304, 'Recall.bg': 0.9464, 'Recall.pl': 0.9512}
2022-02-22 09:27:46,142 INFO {'IoU.pl': 0.1313, 'IoU.pl_epo': 10, 'Acc.pl': 0.9941, 'Acc.pl_epo': 3, 'Fscore.pl': 0.2321, 'Fscore.pl_epo': 10, 'Precision.pl': 0.1328, 'Precision.pl_epo': 10, 'Recall.pl': 0.9941, 'Recall.pl_epo': 3}
2022-02-22 09:27:46,142 INFO training...
2022-02-22 09:28:51,118 INFO Epoch: [16/1000][139/140] Time 0.430 (avg: 0.463) Loss 0.024930 (avg: 0.017867) lr 2.000000e-03
2022-02-22 09:28:51,119 INFO testing...
2022-02-22 09:29:00,946 INFO {'aAcc': 0.9582999999999999, 'mIoU': 0.5528, 'mAcc': 0.9506999999999999, 'mFscore': 0.6179, 'mPrecision': 0.5742, 'mRecall': 0.9506999999999999, 'IoU.bg': 0.958, 'IoU.pl': 0.1476, 'Acc.bg': 0.9584, 'Acc.pl': 0.9431, 'Fscore.bg': 0.9784999999999999, 'Fscore.pl': 0.25730000000000003, 'Precision.bg': 0.9995, 'Precision.pl': 0.1489, 'Recall.bg': 0.9584, 'Recall.pl': 0.9431}
2022-02-22 09:29:00,947 INFO {'IoU.pl': 0.1476, 'IoU.pl_epo': 16, 'Acc.pl': 0.9941, 'Acc.pl_epo': 3, 'Fscore.pl': 0.25730000000000003, 'Fscore.pl_epo': 16, 'Precision.pl': 0.1489, 'Precision.pl_epo': 16, 'Recall.pl': 0.9941, 'Recall.pl_epo': 3}
2022-02-22 09:29:01,156 INFO training...
2022-02-22 09:30:06,257 INFO Epoch: [17/1000][139/140] Time 0.434 (avg: 0.463) Loss 0.009668 (avg: 0.018469) lr 2.000000e-03
2022-02-22 09:30:06,258 INFO testing...
2022-02-22 09:30:17,150 INFO {'aAcc': 0.9533, 'mIoU': 0.5518, 'mAcc': 0.9629000000000001, 'mFscore': 0.6188, 'mPrecision': 0.5755, 'mRecall': 0.9629000000000001, 'IoU.bg': 0.9529000000000001, 'IoU.pl': 0.1506, 'Acc.bg': 0.9531999999999999, 'Acc.pl': 0.9725, 'Fscore.bg': 0.9759, 'Fscore.pl': 0.26170000000000004, 'Precision.bg': 0.9998, 'Precision.pl': 0.1512, 'Recall.bg': 0.9531999999999999, 'Recall.pl': 0.9725}
2022-02-22 09:30:17,150 INFO {'IoU.pl': 0.1506, 'IoU.pl_epo': 17, 'Acc.pl': 0.9941, 'Acc.pl_epo': 3, 'Fscore.pl': 0.26170000000000004, 'Fscore.pl_epo': 17, 'Precision.pl': 0.1512, 'Precision.pl_epo': 17, 'Recall.pl': 0.9941, 'Recall.pl_epo': 3}
2022-02-22 09:30:17,361 INFO training...
2022-02-22 09:31:22,118 INFO Epoch: [18/1000][139/140] Time 0.433 (avg: 0.461) Loss 0.025121 (avg: 0.018786) lr 2.000000e-03
2022-02-22 09:31:22,118 INFO testing...
2022-02-22 09:31:32,147 INFO {'aAcc': 0.9384, 'mIoU': 0.5275, 'mAcc': 0.9565, 'mFscore': 0.5888, 'mPrecision': 0.5586, 'mRecall': 0.9565, 'IoU.bg': 0.9379000000000001, 'IoU.pl': 0.11710000000000001, 'Acc.bg': 0.9381, 'Acc.pl': 0.975, 'Fscore.bg': 0.9679000000000001, 'Fscore.pl': 0.2097, 'Precision.bg': 0.9998, 'Precision.pl': 0.1175, 'Recall.bg': 0.9381, 'Recall.pl': 0.975}
2022-02-22 09:31:32,147 INFO {'IoU.pl': 0.1506, 'IoU.pl_epo': 17, 'Acc.pl': 0.9941, 'Acc.pl_epo': 3, 'Fscore.pl': 0.26170000000000004, 'Fscore.pl_epo': 17, 'Precision.pl': 0.1512, 'Precision.pl_epo': 17, 'Recall.pl': 0.9941, 'Recall.pl_epo': 3}
2022-02-22 09:31:32,147 INFO training...
2022-02-22 09:32:37,156 INFO Epoch: [19/1000][139/140] Time 0.432 (avg: 0.463) Loss 0.011672 (avg: 0.018460) lr 2.000000e-03
2022-02-22 09:32:37,157 INFO testing...
2022-02-22 09:32:47,252 INFO {'aAcc': 0.9455, 'mIoU': 0.5317000000000001, 'mAcc': 0.9605, 'mFscore': 0.5917, 'mPrecision': 0.5592, 'mRecall': 0.9605, 'IoU.bg': 0.9451, 'IoU.pl': 0.1183, 'Acc.bg': 0.9453, 'Acc.pl': 0.9756999999999999, 'Fscore.bg': 0.9718000000000001, 'Fscore.pl': 0.2116, 'Precision.bg': 0.9998, 'Precision.pl': 0.11869999999999999, 'Recall.bg': 0.9453, 'Recall.pl': 0.9756999999999999}
2022-02-22 09:32:47,252 INFO {'IoU.pl': 0.1506, 'IoU.pl_epo': 17, 'Acc.pl': 0.9941, 'Acc.pl_epo': 3, 'Fscore.pl': 0.26170000000000004, 'Fscore.pl_epo': 17, 'Precision.pl': 0.1512, 'Precision.pl_epo': 17, 'Recall.pl': 0.9941, 'Recall.pl_epo': 3}
2022-02-22 09:32:47,252 INFO training...
2022-02-22 09:33:52,162 INFO Epoch: [20/1000][139/140] Time 0.430 (avg: 0.462) Loss 0.010105 (avg: 0.018974) lr 2.000000e-03
2022-02-22 09:33:52,162 INFO testing...
2022-02-22 09:34:02,055 INFO {'aAcc': 0.9628, 'mIoU': 0.5665, 'mAcc': 0.9545999999999999, 'mFscore': 0.6361, 'mPrecision': 0.5859000000000001, 'mRecall': 0.9545999999999999, 'IoU.bg': 0.9625, 'IoU.pl': 0.1705, 'Acc.bg': 0.963, 'Acc.pl': 0.9462999999999999, 'Fscore.bg': 0.9809, 'Fscore.pl': 0.2913, 'Precision.bg': 0.9995, 'Precision.pl': 0.1722, 'Recall.bg': 0.963, 'Recall.pl': 0.9462999999999999}
2022-02-22 09:34:02,055 INFO {'IoU.pl': 0.1705, 'IoU.pl_epo': 20, 'Acc.pl': 0.9941, 'Acc.pl_epo': 3, 'Fscore.pl': 0.2913, 'Fscore.pl_epo': 20, 'Precision.pl': 0.1722, 'Precision.pl_epo': 20, 'Recall.pl': 0.9941, 'Recall.pl_epo': 3}
2022-02-22 09:34:02,226 INFO training...
2022-02-22 09:35:06,994 INFO Epoch: [21/1000][139/140] Time 0.431 (avg: 0.462) Loss 0.014389 (avg: 0.016670) lr 2.000000e-03
2022-02-22 09:35:06,995 INFO testing...
2022-02-22 09:35:16,947 INFO {'aAcc': 0.9442, 'mIoU': 0.5356000000000001, 'mAcc': 0.9605, 'mFscore': 0.5985, 'mPrecision': 0.5638000000000001, 'mRecall': 0.9605, 'IoU.bg': 0.9437000000000001, 'IoU.pl': 0.1274, 'Acc.bg': 0.9439, 'Acc.pl': 0.977, 'Fscore.bg': 0.971, 'Fscore.pl': 0.226, 'Precision.bg': 0.9998, 'Precision.pl': 0.1278, 'Recall.bg': 0.9439, 'Recall.pl': 0.977}
2022-02-22 09:35:16,947 INFO {'IoU.pl': 0.1705, 'IoU.pl_epo': 20, 'Acc.pl': 0.9941, 'Acc.pl_epo': 3, 'Fscore.pl': 0.2913, 'Fscore.pl_epo': 20, 'Precision.pl': 0.1722, 'Precision.pl_epo': 20, 'Recall.pl': 0.9941, 'Recall.pl_epo': 3}
2022-02-22 09:35:16,947 INFO training...
2022-02-22 09:36:22,332 INFO Epoch: [22/1000][139/140] Time 0.437 (avg: 0.465) Loss 0.011129 (avg: 0.016570) lr 2.000000e-03
2022-02-22 09:36:22,333 INFO testing...
2022-02-22 09:36:33,162 INFO {'aAcc': 0.9443, 'mIoU': 0.5389, 'mAcc': 0.958, 'mFscore': 0.6036, 'mPrecision': 0.5671, 'mRecall': 0.958, 'IoU.bg': 0.9438, 'IoU.pl': 0.13390000000000002, 'Acc.bg': 0.9440999999999999, 'Acc.pl': 0.9719, 'Fscore.bg': 0.9711, 'Fscore.pl': 0.23620000000000002, 'Precision.bg': 0.9997, 'Precision.pl': 0.1344, 'Recall.bg': 0.9440999999999999, 'Recall.pl': 0.9719}
2022-02-22 09:36:33,162 INFO {'IoU.pl': 0.1705, 'IoU.pl_epo': 20, 'Acc.pl': 0.9941, 'Acc.pl_epo': 3, 'Fscore.pl': 0.2913, 'Fscore.pl_epo': 20, 'Precision.pl': 0.1722, 'Precision.pl_epo': 20, 'Recall.pl': 0.9941, 'Recall.pl_epo': 3}
2022-02-22 09:36:33,163 INFO training...
2022-02-22 09:37:38,338 INFO Epoch: [23/1000][139/140] Time 0.430 (avg: 0.464) Loss 0.012142 (avg: 0.016288) lr 2.000000e-03
2022-02-22 09:37:38,339 INFO testing...
2022-02-22 09:37:47,765 INFO {'aAcc': 0.9569, 'mIoU': 0.5478999999999999, 'mAcc': 0.9649, 'mFscore': 0.6111, 'mPrecision': 0.5697, 'mRecall': 0.9649, 'IoU.bg': 0.9566, 'IoU.pl': 0.1392, 'Acc.bg': 0.9568000000000001, 'Acc.pl': 0.9729000000000001, 'Fscore.bg': 0.9778, 'Fscore.pl': 0.2443, 'Precision.bg': 0.9998, 'Precision.pl': 0.13970000000000002, 'Recall.bg': 0.9568000000000001, 'Recall.pl': 0.9729000000000001}
2022-02-22 09:37:47,766 INFO {'IoU.pl': 0.1705, 'IoU.pl_epo': 20, 'Acc.pl': 0.9941, 'Acc.pl_epo': 3, 'Fscore.pl': 0.2913, 'Fscore.pl_epo': 20, 'Precision.pl': 0.1722, 'Precision.pl_epo': 20, 'Recall.pl': 0.9941, 'Recall.pl_epo': 3}
2022-02-22 09:37:47,766 INFO training...
2022-02-22 09:38:52,921 INFO Epoch: [24/1000][139/140] Time 0.429 (avg: 0.464) Loss 0.015119 (avg: 0.016727) lr 2.000000e-03
2022-02-22 09:38:52,921 INFO testing...
2022-02-22 09:39:02,761 INFO {'aAcc': 0.9422, 'mIoU': 0.5295000000000001, 'mAcc': 0.9571, 'mFscore': 0.59, 'mPrecision': 0.5588000000000001, 'mRecall': 0.9571, 'IoU.bg': 0.9417, 'IoU.pl': 0.1174, 'Acc.bg': 0.9419, 'Acc.pl': 0.9723999999999999, 'Fscore.bg': 0.97, 'Fscore.pl': 0.2101, 'Precision.bg': 0.9998, 'Precision.pl': 0.1177, 'Recall.bg': 0.9419, 'Recall.pl': 0.9723999999999999}
2022-02-22 09:39:02,761 INFO {'IoU.pl': 0.1705, 'IoU.pl_epo': 20, 'Acc.pl': 0.9941, 'Acc.pl_epo': 3, 'Fscore.pl': 0.2913, 'Fscore.pl_epo': 20, 'Precision.pl': 0.1722, 'Precision.pl_epo': 20, 'Recall.pl': 0.9941, 'Recall.pl_epo': 3}
2022-02-22 09:39:02,762 INFO training...
2022-02-22 09:40:07,526 INFO Epoch: [25/1000][139/140] Time 0.427 (avg: 0.462) Loss 0.012311 (avg: 0.017119) lr 2.000000e-03
2022-02-22 09:40:07,527 INFO testing...
2022-02-22 09:40:17,956 INFO {'aAcc': 0.9609000000000001, 'mIoU': 0.568, 'mAcc': 0.9629000000000001, 'mFscore': 0.6392, 'mPrecision': 0.5881000000000001, 'mRecall': 0.9629000000000001, 'IoU.bg': 0.9606, 'IoU.pl': 0.17550000000000002, 'Acc.bg': 0.9609000000000001, 'Acc.pl': 0.9649, 'Fscore.bg': 0.9799, 'Fscore.pl': 0.2985, 'Precision.bg': 0.9997, 'Precision.pl': 0.1766, 'Recall.bg': 0.9609000000000001, 'Recall.pl': 0.9649}
2022-02-22 09:40:17,957 INFO {'IoU.pl': 0.17550000000000002, 'IoU.pl_epo': 25, 'Acc.pl': 0.9941, 'Acc.pl_epo': 3, 'Fscore.pl': 0.2985, 'Fscore.pl_epo': 25, 'Precision.pl': 0.1766, 'Precision.pl_epo': 25, 'Recall.pl': 0.9941, 'Recall.pl_epo': 3}
2022-02-22 09:40:18,131 INFO training...
2022-02-22 09:41:22,804 INFO Epoch: [26/1000][139/140] Time 0.431 (avg: 0.461) Loss 0.024572 (avg: 0.017064) lr 2.000000e-03
2022-02-22 09:41:22,805 INFO testing...
2022-02-22 09:41:36,270 INFO {'aAcc': 0.9425, 'mIoU': 0.5307, 'mAcc': 0.9594, 'mFscore': 0.5916, 'mPrecision': 0.5597, 'mRecall': 0.9594, 'IoU.bg': 0.9420999999999999, 'IoU.pl': 0.1192, 'Acc.bg': 0.9422, 'Acc.pl': 0.9765, 'Fscore.bg': 0.9702, 'Fscore.pl': 0.21309999999999998, 'Precision.bg': 0.9998, 'Precision.pl': 0.11960000000000001, 'Recall.bg': 0.9422, 'Recall.pl': 0.9765}
2022-02-22 09:41:36,270 INFO {'IoU.pl': 0.17550000000000002, 'IoU.pl_epo': 25, 'Acc.pl': 0.9941, 'Acc.pl_epo': 3, 'Fscore.pl': 0.2985, 'Fscore.pl_epo': 25, 'Precision.pl': 0.1766, 'Precision.pl_epo': 25, 'Recall.pl': 0.9941, 'Recall.pl_epo': 3}
2022-02-22 09:41:36,270 INFO training...
2022-02-22 09:42:40,586 INFO Epoch: [27/1000][139/140] Time 0.432 (avg: 0.458) Loss 0.012197 (avg: 0.015456) lr 2.000000e-03
2022-02-22 09:42:40,587 INFO testing...
2022-02-22 09:42:51,348 INFO {'aAcc': 0.935, 'mIoU': 0.5204, 'mAcc': 0.9594, 'mFscore': 0.5792, 'mPrecision': 0.5532, 'mRecall': 0.9594, 'IoU.bg': 0.9345, 'IoU.pl': 0.1063, 'Acc.bg': 0.9346, 'Acc.pl': 0.9842, 'Fscore.bg': 0.9661, 'Fscore.pl': 0.19219999999999998, 'Precision.bg': 0.9998999999999999, 'Precision.pl': 0.1065, 'Recall.bg': 0.9346, 'Recall.pl': 0.9842}
2022-02-22 09:42:51,349 INFO {'IoU.pl': 0.17550000000000002, 'IoU.pl_epo': 25, 'Acc.pl': 0.9941, 'Acc.pl_epo': 3, 'Fscore.pl': 0.2985, 'Fscore.pl_epo': 25, 'Precision.pl': 0.1766, 'Precision.pl_epo': 25, 'Recall.pl': 0.9941, 'Recall.pl_epo': 3}
2022-02-22 09:42:51,349 INFO training...
2022-02-22 09:43:56,231 INFO Epoch: [28/1000][139/140] Time 0.432 (avg: 0.462) Loss 0.009893 (avg: 0.016589) lr 2.000000e-03
2022-02-22 09:43:56,231 INFO testing...
2022-02-22 09:44:05,855 INFO {'aAcc': 0.9531999999999999, 'mIoU': 0.5497, 'mAcc': 0.9684, 'mFscore': 0.6157, 'mPrecision': 0.5733, 'mRecall': 0.9684, 'IoU.bg': 0.9528, 'IoU.pl': 0.1465, 'Acc.bg': 0.953, 'Acc.pl': 0.9837, 'Fscore.bg': 0.9758, 'Fscore.pl': 0.2555, 'Precision.bg': 0.9998999999999999, 'Precision.pl': 0.14679999999999999, 'Recall.bg': 0.953, 'Recall.pl': 0.9837}
2022-02-22 09:44:05,855 INFO {'IoU.pl': 0.17550000000000002, 'IoU.pl_epo': 25, 'Acc.pl': 0.9941, 'Acc.pl_epo': 3, 'Fscore.pl': 0.2985, 'Fscore.pl_epo': 25, 'Precision.pl': 0.1766, 'Precision.pl_epo': 25, 'Recall.pl': 0.9941, 'Recall.pl_epo': 3}
2022-02-22 09:44:05,855 INFO training...
2022-02-22 09:45:10,435 INFO Epoch: [29/1000][139/140] Time 0.432 (avg: 0.460) Loss 0.014691 (avg: 0.017107) lr 2.000000e-03
2022-02-22 09:45:10,436 INFO testing...
2022-02-22 09:45:21,177 INFO {'aAcc': 0.9335, 'mIoU': 0.5265, 'mAcc': 0.9511, 'mFscore': 0.5899, 'mPrecision': 0.5602, 'mRecall': 0.9511, 'IoU.bg': 0.9329000000000001, 'IoU.pl': 0.1202, 'Acc.bg': 0.9331, 'Acc.pl': 0.9690000000000001, 'Fscore.bg': 0.9653, 'Fscore.pl': 0.2146, 'Precision.bg': 0.9997, 'Precision.pl': 0.1207, 'Recall.bg': 0.9331, 'Recall.pl': 0.9690000000000001}
2022-02-22 09:45:21,177 INFO {'IoU.pl': 0.17550000000000002, 'IoU.pl_epo': 25, 'Acc.pl': 0.9941, 'Acc.pl_epo': 3, 'Fscore.pl': 0.2985, 'Fscore.pl_epo': 25, 'Precision.pl': 0.1766, 'Precision.pl_epo': 25, 'Recall.pl': 0.9941, 'Recall.pl_epo': 3}
2022-02-22 09:45:21,177 INFO training...
2022-02-22 09:46:26,324 INFO Epoch: [30/1000][139/140] Time 0.428 (avg: 0.464) Loss 0.020992 (avg: 0.016175) lr 2.000000e-03
2022-02-22 09:46:26,325 INFO testing...
2022-02-22 09:46:35,749 INFO {'aAcc': 0.9494, 'mIoU': 0.5445, 'mAcc': 0.9623999999999999, 'mFscore': 0.6097, 'mPrecision': 0.5700999999999999, 'mRecall': 0.9623999999999999, 'IoU.bg': 0.9490000000000001, 'IoU.pl': 0.14, 'Acc.bg': 0.9492, 'Acc.pl': 0.9756999999999999, 'Fscore.bg': 0.9738, 'Fscore.pl': 0.24559999999999998, 'Precision.bg': 0.9998, 'Precision.pl': 0.1405, 'Recall.bg': 0.9492, 'Recall.pl': 0.9756999999999999}
2022-02-22 09:46:35,750 INFO {'IoU.pl': 0.17550000000000002, 'IoU.pl_epo': 25, 'Acc.pl': 0.9941, 'Acc.pl_epo': 3, 'Fscore.pl': 0.2985, 'Fscore.pl_epo': 25, 'Precision.pl': 0.1766, 'Precision.pl_epo': 25, 'Recall.pl': 0.9941, 'Recall.pl_epo': 3}
2022-02-22 09:46:35,750 INFO training...
2022-02-22 09:47:40,126 INFO Epoch: [31/1000][139/140] Time 0.429 (avg: 0.459) Loss 0.009332 (avg: 0.015466) lr 2.000000e-03
2022-02-22 09:47:40,127 INFO testing...
2022-02-22 09:47:49,563 INFO {'aAcc': 0.9693, 'mIoU': 0.5825, 'mAcc': 0.966, 'mFscore': 0.6559999999999999, 'mPrecision': 0.5986, 'mRecall': 0.966, 'IoU.bg': 0.9691, 'IoU.pl': 0.196, 'Acc.bg': 0.9693999999999999, 'Acc.pl': 0.9626, 'Fscore.bg': 0.9843000000000001, 'Fscore.pl': 0.32770000000000005, 'Precision.bg': 0.9997, 'Precision.pl': 0.1975, 'Recall.bg': 0.9693999999999999, 'Recall.pl': 0.9626}
2022-02-22 09:47:49,563 INFO {'IoU.pl': 0.196, 'IoU.pl_epo': 31, 'Acc.pl': 0.9941, 'Acc.pl_epo': 3, 'Fscore.pl': 0.32770000000000005, 'Fscore.pl_epo': 31, 'Precision.pl': 0.1975, 'Precision.pl_epo': 31, 'Recall.pl': 0.9941, 'Recall.pl_epo': 3}
2022-02-22 09:47:49,853 INFO training...
2022-02-22 09:48:54,782 INFO Epoch: [32/1000][139/140] Time 0.439 (avg: 0.463) Loss 0.024971 (avg: 0.016550) lr 2.000000e-03
2022-02-22 09:48:54,783 INFO testing...
2022-02-22 09:49:05,463 INFO {'aAcc': 0.9604, 'mIoU': 0.5617, 'mAcc': 0.9618000000000001, 'mFscore': 0.6302, 'mPrecision': 0.5820000000000001, 'mRecall': 0.9618000000000001, 'IoU.bg': 0.9601000000000001, 'IoU.pl': 0.16329999999999997, 'Acc.bg': 0.9603, 'Acc.pl': 0.9632999999999999, 'Fscore.bg': 0.9795999999999999, 'Fscore.pl': 0.2807, 'Precision.bg': 0.9997, 'Precision.pl': 0.1643, 'Recall.bg': 0.9603, 'Recall.pl': 0.9632999999999999}
2022-02-22 09:49:05,464 INFO {'IoU.pl': 0.196, 'IoU.pl_epo': 31, 'Acc.pl': 0.9941, 'Acc.pl_epo': 3, 'Fscore.pl': 0.32770000000000005, 'Fscore.pl_epo': 31, 'Precision.pl': 0.1975, 'Precision.pl_epo': 31, 'Recall.pl': 0.9941, 'Recall.pl_epo': 3}
2022-02-22 09:49:05,464 INFO training...
2022-02-22 09:50:10,381 INFO Epoch: [33/1000][139/140] Time 0.432 (avg: 0.463) Loss 0.009319 (avg: 0.015972) lr 2.000000e-03
2022-02-22 09:50:10,386 INFO testing...
2022-02-22 09:50:20,745 INFO {'aAcc': 0.9618000000000001, 'mIoU': 0.5661999999999999, 'mAcc': 0.9638, 'mFscore': 0.6362, 'mPrecision': 0.5858, 'mRecall': 0.9638, 'IoU.bg': 0.9615, 'IoU.pl': 0.1709, 'Acc.bg': 0.9618000000000001, 'Acc.pl': 0.9656999999999999, 'Fscore.bg': 0.9804, 'Fscore.pl': 0.292, 'Precision.bg': 0.9997, 'Precision.pl': 0.172, 'Recall.bg': 0.9618000000000001, 'Recall.pl': 0.9656999999999999}
2022-02-22 09:50:20,745 INFO {'IoU.pl': 0.196, 'IoU.pl_epo': 31, 'Acc.pl': 0.9941, 'Acc.pl_epo': 3, 'Fscore.pl': 0.32770000000000005, 'Fscore.pl_epo': 31, 'Precision.pl': 0.1975, 'Precision.pl_epo': 31, 'Recall.pl': 0.9941, 'Recall.pl_epo': 3}
2022-02-22 09:50:20,746 INFO training...
2022-02-22 09:51:25,832 INFO Epoch: [34/1000][139/140] Time 0.430 (avg: 0.464) Loss 0.023570 (avg: 0.016290) lr 2.000000e-03
2022-02-22 09:51:25,833 INFO testing...
2022-02-22 09:51:35,542 INFO {'aAcc': 0.9588, 'mIoU': 0.5635, 'mAcc': 0.9614, 'mFscore': 0.6335999999999999, 'mPrecision': 0.5847, 'mRecall': 0.9614, 'IoU.bg': 0.9584, 'IoU.pl': 0.1686, 'Acc.bg': 0.9587, 'Acc.pl': 0.9640000000000001, 'Fscore.bg': 0.9788, 'Fscore.pl': 0.28850000000000003, 'Precision.bg': 0.9997, 'Precision.pl': 0.1696, 'Recall.bg': 0.9587, 'Recall.pl': 0.9640000000000001}
2022-02-22 09:51:35,542 INFO {'IoU.pl': 0.196, 'IoU.pl_epo': 31, 'Acc.pl': 0.9941, 'Acc.pl_epo': 3, 'Fscore.pl': 0.32770000000000005, 'Fscore.pl_epo': 31, 'Precision.pl': 0.1975, 'Precision.pl_epo': 31, 'Recall.pl': 0.9941, 'Recall.pl_epo': 3}
2022-02-22 09:51:35,542 INFO training...
2022-02-22 09:52:40,311 INFO Epoch: [35/1000][139/140] Time 0.431 (avg: 0.461) Loss 0.021913 (avg: 0.015621) lr 2.000000e-03
2022-02-22 09:52:40,311 INFO testing...
2022-02-22 09:52:50,354 INFO {'aAcc': 0.9601000000000001, 'mIoU': 0.5634, 'mAcc': 0.9667, 'mFscore': 0.6328, 'mPrecision': 0.5838, 'mRecall': 0.9667, 'IoU.bg': 0.9598, 'IoU.pl': 0.16699999999999998, 'Acc.bg': 0.96, 'Acc.pl': 0.9734, 'Fscore.bg': 0.9795, 'Fscore.pl': 0.2862, 'Precision.bg': 0.9998, 'Precision.pl': 0.1678, 'Recall.bg': 0.96, 'Recall.pl': 0.9734}
2022-02-22 09:52:50,355 INFO {'IoU.pl': 0.196, 'IoU.pl_epo': 31, 'Acc.pl': 0.9941, 'Acc.pl_epo': 3, 'Fscore.pl': 0.32770000000000005, 'Fscore.pl_epo': 31, 'Precision.pl': 0.1975, 'Precision.pl_epo': 31, 'Recall.pl': 0.9941, 'Recall.pl_epo': 3}
2022-02-22 09:52:50,355 INFO training...
2022-02-22 09:53:55,412 INFO Epoch: [36/1000][139/140] Time 0.431 (avg: 0.463) Loss 0.007857 (avg: 0.015840) lr 2.000000e-03
2022-02-22 09:53:55,412 INFO testing...
2022-02-22 09:54:05,647 INFO {'aAcc': 0.9623999999999999, 'mIoU': 0.5646, 'mAcc': 0.9690000000000001, 'mFscore': 0.6335999999999999, 'mPrecision': 0.5838, 'mRecall': 0.9690000000000001, 'IoU.bg': 0.9621, 'IoU.pl': 0.1672, 'Acc.bg': 0.9623, 'Acc.pl': 0.9756999999999999, 'Fscore.bg': 0.9806999999999999, 'Fscore.pl': 0.2865, 'Precision.bg': 0.9998, 'Precision.pl': 0.1679, 'Recall.bg': 0.9623, 'Recall.pl': 0.9756999999999999}
2022-02-22 09:54:05,648 INFO {'IoU.pl': 0.196, 'IoU.pl_epo': 31, 'Acc.pl': 0.9941, 'Acc.pl_epo': 3, 'Fscore.pl': 0.32770000000000005, 'Fscore.pl_epo': 31, 'Precision.pl': 0.1975, 'Precision.pl_epo': 31, 'Recall.pl': 0.9941, 'Recall.pl_epo': 3}
2022-02-22 09:54:05,648 INFO training...
2022-02-22 09:55:10,935 INFO Epoch: [37/1000][139/140] Time 0.433 (avg: 0.465) Loss 0.017213 (avg: 0.016005) lr 2.000000e-03
2022-02-22 09:55:10,935 INFO testing...
2022-02-22 09:55:20,965 INFO {'aAcc': 0.9618000000000001, 'mIoU': 0.5589, 'mAcc': 0.9666, 'mFscore': 0.6253, 'mPrecision': 0.5783, 'mRecall': 0.9666, 'IoU.bg': 0.9616, 'IoU.pl': 0.1562, 'Acc.bg': 0.9618000000000001, 'Acc.pl': 0.9715, 'Fscore.bg': 0.9804, 'Fscore.pl': 0.2702, 'Precision.bg': 0.9998, 'Precision.pl': 0.15689999999999998, 'Recall.bg': 0.9618000000000001, 'Recall.pl': 0.9715}
2022-02-22 09:55:20,965 INFO {'IoU.pl': 0.196, 'IoU.pl_epo': 31, 'Acc.pl': 0.9941, 'Acc.pl_epo': 3, 'Fscore.pl': 0.32770000000000005, 'Fscore.pl_epo': 31, 'Precision.pl': 0.1975, 'Precision.pl_epo': 31, 'Recall.pl': 0.9941, 'Recall.pl_epo': 3}
2022-02-22 09:55:20,965 INFO training...
2022-02-22 09:56:26,003 INFO Epoch: [38/1000][139/140] Time 0.429 (avg: 0.463) Loss 0.009964 (avg: 0.015619) lr 2.000000e-03
2022-02-22 09:56:26,003 INFO testing...
2022-02-22 09:56:36,279 INFO {'aAcc': 0.9619, 'mIoU': 0.5631, 'mAcc': 0.9573999999999999, 'mFscore': 0.6315, 'mPrecision': 0.5828, 'mRecall': 0.9573999999999999, 'IoU.bg': 0.9616, 'IoU.pl': 0.1646, 'Acc.bg': 0.9619, 'Acc.pl': 0.9529000000000001, 'Fscore.bg': 0.9804, 'Fscore.pl': 0.2827, 'Precision.bg': 0.9995999999999999, 'Precision.pl': 0.1659, 'Recall.bg': 0.9619, 'Recall.pl': 0.9529000000000001}
2022-02-22 09:56:36,279 INFO {'IoU.pl': 0.196, 'IoU.pl_epo': 31, 'Acc.pl': 0.9941, 'Acc.pl_epo': 3, 'Fscore.pl': 0.32770000000000005, 'Fscore.pl_epo': 31, 'Precision.pl': 0.1975, 'Precision.pl_epo': 31, 'Recall.pl': 0.9941, 'Recall.pl_epo': 3}
2022-02-22 09:56:36,279 INFO training...
2022-02-22 09:57:41,389 INFO Epoch: [39/1000][139/140] Time 0.437 (avg: 0.463) Loss 0.017930 (avg: 0.016076) lr 2.000000e-03
2022-02-22 09:57:41,389 INFO testing...
2022-02-22 09:57:51,856 INFO {'aAcc': 0.9614, 'mIoU': 0.563, 'mAcc': 0.9601000000000001, 'mFscore': 0.6315999999999999, 'mPrecision': 0.5829, 'mRecall': 0.9601000000000001, 'IoU.bg': 0.9611, 'IoU.pl': 0.1649, 'Acc.bg': 0.9614, 'Acc.pl': 0.9587, 'Fscore.bg': 0.9801000000000001, 'Fscore.pl': 0.28309999999999996, 'Precision.bg': 0.9997, 'Precision.pl': 0.1661, 'Recall.bg': 0.9614, 'Recall.pl': 0.9587}
2022-02-22 09:57:51,856 INFO {'IoU.pl': 0.196, 'IoU.pl_epo': 31, 'Acc.pl': 0.9941, 'Acc.pl_epo': 3, 'Fscore.pl': 0.32770000000000005, 'Fscore.pl_epo': 31, 'Precision.pl': 0.1975, 'Precision.pl_epo': 31, 'Recall.pl': 0.9941, 'Recall.pl_epo': 3}
2022-02-22 09:57:51,856 INFO training...
2022-02-22 09:58:56,743 INFO Epoch: [40/1000][139/140] Time 0.430 (avg: 0.462) Loss 0.003785 (avg: 0.015286) lr 2.000000e-03
2022-02-22 09:58:56,743 INFO testing...
2022-02-22 09:59:07,260 INFO {'aAcc': 0.9457, 'mIoU': 0.544, 'mAcc': 0.9594, 'mFscore': 0.6108, 'mPrecision': 0.5715, 'mRecall': 0.9594, 'IoU.bg': 0.9451999999999999, 'IoU.pl': 0.1427, 'Acc.bg': 0.9455, 'Acc.pl': 0.9732999999999999, 'Fscore.bg': 0.9719, 'Fscore.pl': 0.2498, 'Precision.bg': 0.9997, 'Precision.pl': 0.1433, 'Recall.bg': 0.9455, 'Recall.pl': 0.9732999999999999}
2022-02-22 09:59:07,260 INFO {'IoU.pl': 0.196, 'IoU.pl_epo': 31, 'Acc.pl': 0.9941, 'Acc.pl_epo': 3, 'Fscore.pl': 0.32770000000000005, 'Fscore.pl_epo': 31, 'Precision.pl': 0.1975, 'Precision.pl_epo': 31, 'Recall.pl': 0.9941, 'Recall.pl_epo': 3}
2022-02-22 09:59:07,260 INFO training...
2022-02-22 10:00:12,538 INFO Epoch: [41/1000][139/140] Time 0.439 (avg: 0.464) Loss 0.013314 (avg: 0.014866) lr 2.000000e-03
2022-02-22 10:00:12,539 INFO testing...
2022-02-22 10:00:23,750 INFO {'aAcc': 0.9632, 'mIoU': 0.5607, 'mAcc': 0.9655, 'mFscore': 0.6273, 'mPrecision': 0.5795, 'mRecall': 0.9655, 'IoU.bg': 0.963, 'IoU.pl': 0.15839999999999999, 'Acc.bg': 0.9632, 'Acc.pl': 0.9679000000000001, 'Fscore.bg': 0.9811, 'Fscore.pl': 0.2734, 'Precision.bg': 0.9998, 'Precision.pl': 0.1592, 'Recall.bg': 0.9632, 'Recall.pl': 0.9679000000000001}
2022-02-22 10:00:23,750 INFO {'IoU.pl': 0.196, 'IoU.pl_epo': 31, 'Acc.pl': 0.9941, 'Acc.pl_epo': 3, 'Fscore.pl': 0.32770000000000005, 'Fscore.pl_epo': 31, 'Precision.pl': 0.1975, 'Precision.pl_epo': 31, 'Recall.pl': 0.9941, 'Recall.pl_epo': 3}
2022-02-22 10:00:23,750 INFO training...
2022-02-22 10:01:29,130 INFO Epoch: [42/1000][139/140] Time 0.438 (avg: 0.465) Loss 0.017811 (avg: 0.017595) lr 2.000000e-03
2022-02-22 10:01:29,130 INFO testing...
2022-02-22 10:01:39,556 INFO {'aAcc': 0.9521999999999999, 'mIoU': 0.5486, 'mAcc': 0.961, 'mFscore': 0.6147, 'mPrecision': 0.5729, 'mRecall': 0.961, 'IoU.bg': 0.9518000000000001, 'IoU.pl': 0.14550000000000002, 'Acc.bg': 0.9521, 'Acc.pl': 0.9699, 'Fscore.bg': 0.9753000000000001, 'Fscore.pl': 0.254, 'Precision.bg': 0.9997, 'Precision.pl': 0.1461, 'Recall.bg': 0.9521, 'Recall.pl': 0.9699}
2022-02-22 10:01:39,556 INFO {'IoU.pl': 0.196, 'IoU.pl_epo': 31, 'Acc.pl': 0.9941, 'Acc.pl_epo': 3, 'Fscore.pl': 0.32770000000000005, 'Fscore.pl_epo': 31, 'Precision.pl': 0.1975, 'Precision.pl_epo': 31, 'Recall.pl': 0.9941, 'Recall.pl_epo': 3}
2022-02-22 10:01:39,556 INFO training...
2022-02-22 10:02:44,746 INFO Epoch: [43/1000][139/140] Time 0.430 (avg: 0.465) Loss 0.023755 (avg: 0.016021) lr 1.800000e-03
2022-02-22 10:02:44,747 INFO testing...
2022-02-22 10:02:54,572 INFO {'aAcc': 0.9653, 'mIoU': 0.5682, 'mAcc': 0.9595, 'mFscore': 0.6374, 'mPrecision': 0.5861999999999999, 'mRecall': 0.9595, 'IoU.bg': 0.9651000000000001, 'IoU.pl': 0.1714, 'Acc.bg': 0.9654, 'Acc.pl': 0.9536, 'Fscore.bg': 0.9822, 'Fscore.pl': 0.2926, 'Precision.bg': 0.9995999999999999, 'Precision.pl': 0.1728, 'Recall.bg': 0.9654, 'Recall.pl': 0.9536}
2022-02-22 10:02:54,572 INFO {'IoU.pl': 0.196, 'IoU.pl_epo': 31, 'Acc.pl': 0.9941, 'Acc.pl_epo': 3, 'Fscore.pl': 0.32770000000000005, 'Fscore.pl_epo': 31, 'Precision.pl': 0.1975, 'Precision.pl_epo': 31, 'Recall.pl': 0.9941, 'Recall.pl_epo': 3}
2022-02-22 10:02:54,572 INFO training...
2022-02-22 10:03:59,408 INFO Epoch: [44/1000][139/140] Time 0.430 (avg: 0.462) Loss 0.010929 (avg: 0.015842) lr 1.800000e-03
2022-02-22 10:03:59,409 INFO testing...
2022-02-22 10:04:10,247 INFO {'aAcc': 0.9481999999999999, 'mIoU': 0.5407, 'mAcc': 0.9658, 'mFscore': 0.6045, 'mPrecision': 0.5669, 'mRecall': 0.9658, 'IoU.bg': 0.9477, 'IoU.pl': 0.13369999999999999, 'Acc.bg': 0.9479000000000001, 'Acc.pl': 0.9837, 'Fscore.bg': 0.9732, 'Fscore.pl': 0.23579999999999998, 'Precision.bg': 0.9998999999999999, 'Precision.pl': 0.134, 'Recall.bg': 0.9479000000000001, 'Recall.pl': 0.9837}
2022-02-22 10:04:10,248 INFO {'IoU.pl': 0.196, 'IoU.pl_epo': 31, 'Acc.pl': 0.9941, 'Acc.pl_epo': 3, 'Fscore.pl': 0.32770000000000005, 'Fscore.pl_epo': 31, 'Precision.pl': 0.1975, 'Precision.pl_epo': 31, 'Recall.pl': 0.9941, 'Recall.pl_epo': 3}
2022-02-22 10:04:10,248 INFO training...
2022-02-22 10:05:15,403 INFO Epoch: [45/1000][139/140] Time 0.434 (avg: 0.464) Loss 0.008433 (avg: 0.015388) lr 1.800000e-03
2022-02-22 10:05:15,404 INFO testing...
2022-02-22 10:05:25,445 INFO {'aAcc': 0.9493, 'mIoU': 0.5443, 'mAcc': 0.9612999999999999, 'mFscore': 0.6095, 'mPrecision': 0.57, 'mRecall': 0.9612999999999999, 'IoU.bg': 0.9489, 'IoU.pl': 0.1398, 'Acc.bg': 0.9490999999999999, 'Acc.pl': 0.9734999999999999, 'Fscore.bg': 0.9738, 'Fscore.pl': 0.24530000000000002, 'Precision.bg': 0.9998, 'Precision.pl': 0.14029999999999998, 'Recall.bg': 0.9490999999999999, 'Recall.pl': 0.9734999999999999}
2022-02-22 10:05:25,446 INFO {'IoU.pl': 0.196, 'IoU.pl_epo': 31, 'Acc.pl': 0.9941, 'Acc.pl_epo': 3, 'Fscore.pl': 0.32770000000000005, 'Fscore.pl_epo': 31, 'Precision.pl': 0.1975, 'Precision.pl_epo': 31, 'Recall.pl': 0.9941, 'Recall.pl_epo': 3}
2022-02-22 10:05:25,446 INFO training...
2022-02-22 10:06:30,420 INFO Epoch: [46/1000][139/140] Time 0.430 (avg: 0.463) Loss 0.008640 (avg: 0.015596) lr 1.800000e-03
2022-02-22 10:06:30,421 INFO testing...
2022-02-22 10:06:40,247 INFO {'aAcc': 0.9592, 'mIoU': 0.5592, 'mAcc': 0.9628, 'mFscore': 0.627, 'mPrecision': 0.58, 'mRecall': 0.9628, 'IoU.bg': 0.9589, 'IoU.pl': 0.1595, 'Acc.bg': 0.9591, 'Acc.pl': 0.9666, 'Fscore.bg': 0.9790000000000001, 'Fscore.pl': 0.2751, 'Precision.bg': 0.9997, 'Precision.pl': 0.1604, 'Recall.bg': 0.9591, 'Recall.pl': 0.9666}
2022-02-22 10:06:40,248 INFO {'IoU.pl': 0.196, 'IoU.pl_epo': 31, 'Acc.pl': 0.9941, 'Acc.pl_epo': 3, 'Fscore.pl': 0.32770000000000005, 'Fscore.pl_epo': 31, 'Precision.pl': 0.1975, 'Precision.pl_epo': 31, 'Recall.pl': 0.9941, 'Recall.pl_epo': 3}
2022-02-22 10:06:40,248 INFO training...
2022-02-22 10:07:45,236 INFO Epoch: [47/1000][139/140] Time 0.431 (avg: 0.463) Loss 0.010496 (avg: 0.013737) lr 1.800000e-03
2022-02-22 10:07:45,236 INFO testing...
2022-02-22 10:07:55,370 INFO {'aAcc': 0.9641, 'mIoU': 0.5676, 'mAcc': 0.9725, 'mFscore': 0.6371, 'mPrecision': 0.5859000000000001, 'mRecall': 0.9725, 'IoU.bg': 0.9638, 'IoU.pl': 0.17129999999999998, 'Acc.bg': 0.9640000000000001, 'Acc.pl': 0.9811, 'Fscore.bg': 0.9815999999999999, 'Fscore.pl': 0.2926, 'Precision.bg': 0.9998999999999999, 'Precision.pl': 0.17190000000000003, 'Recall.bg': 0.9640000000000001, 'Recall.pl': 0.9811}
2022-02-22 10:07:55,370 INFO {'IoU.pl': 0.196, 'IoU.pl_epo': 31, 'Acc.pl': 0.9941, 'Acc.pl_epo': 3, 'Fscore.pl': 0.32770000000000005, 'Fscore.pl_epo': 31, 'Precision.pl': 0.1975, 'Precision.pl_epo': 31, 'Recall.pl': 0.9941, 'Recall.pl_epo': 3}
2022-02-22 10:07:55,370 INFO training...
2022-02-22 10:09:00,668 INFO Epoch: [48/1000][139/140] Time 0.432 (avg: 0.465) Loss 0.019629 (avg: 0.013523) lr 1.800000e-03
2022-02-22 10:09:00,669 INFO testing...
2022-02-22 10:09:12,567 INFO {'aAcc': 0.9682, 'mIoU': 0.5846, 'mAcc': 0.9722, 'mFscore': 0.6593000000000001, 'mPrecision': 0.601, 'mRecall': 0.9722, 'IoU.bg': 0.968, 'IoU.pl': 0.20120000000000002, 'Acc.bg': 0.9682, 'Acc.pl': 0.9763, 'Fscore.bg': 0.9837, 'Fscore.pl': 0.335, 'Precision.bg': 0.9998, 'Precision.pl': 0.2022, 'Recall.bg': 0.9682, 'Recall.pl': 0.9763}
2022-02-22 10:09:12,568 INFO {'IoU.pl': 0.20120000000000002, 'IoU.pl_epo': 48, 'Acc.pl': 0.9941, 'Acc.pl_epo': 3, 'Fscore.pl': 0.335, 'Fscore.pl_epo': 48, 'Precision.pl': 0.2022, 'Precision.pl_epo': 48, 'Recall.pl': 0.9941, 'Recall.pl_epo': 3}
2022-02-22 10:09:12,795 INFO training...
2022-02-22 10:10:17,824 INFO Epoch: [49/1000][139/140] Time 0.431 (avg: 0.463) Loss 0.020141 (avg: 0.014721) lr 1.800000e-03
2022-02-22 10:10:17,824 INFO testing...
2022-02-22 10:10:27,154 INFO {'aAcc': 0.9658, 'mIoU': 0.5681, 'mAcc': 0.9706999999999999, 'mFscore': 0.637, 'mPrecision': 0.5856, 'mRecall': 0.9706999999999999, 'IoU.bg': 0.9655, 'IoU.pl': 0.17059999999999997, 'Acc.bg': 0.9656999999999999, 'Acc.pl': 0.9756999999999999, 'Fscore.bg': 0.9825, 'Fscore.pl': 0.2915, 'Precision.bg': 0.9998, 'Precision.pl': 0.1714, 'Recall.bg': 0.9656999999999999, 'Recall.pl': 0.9756999999999999}
2022-02-22 10:10:27,155 INFO {'IoU.pl': 0.20120000000000002, 'IoU.pl_epo': 48, 'Acc.pl': 0.9941, 'Acc.pl_epo': 3, 'Fscore.pl': 0.335, 'Fscore.pl_epo': 48, 'Precision.pl': 0.2022, 'Precision.pl_epo': 48, 'Recall.pl': 0.9941, 'Recall.pl_epo': 3}
2022-02-22 10:10:27,155 INFO training...
2022-02-22 10:11:32,322 INFO Epoch: [50/1000][139/140] Time 0.430 (avg: 0.464) Loss 0.009361 (avg: 0.013945) lr 1.800000e-03
2022-02-22 10:11:32,323 INFO testing...
2022-02-22 10:11:42,749 INFO {'aAcc': 0.9651000000000001, 'mIoU': 0.5753, 'mAcc': 0.9711, 'mFscore': 0.6476999999999999, 'mPrecision': 0.5932, 'mRecall': 0.9711, 'IoU.bg': 0.9648, 'IoU.pl': 0.1858, 'Acc.bg': 0.965, 'Acc.pl': 0.9773000000000001, 'Fscore.bg': 0.9821, 'Fscore.pl': 0.3134, 'Precision.bg': 0.9998, 'Precision.pl': 0.1866, 'Recall.bg': 0.965, 'Recall.pl': 0.9773000000000001}
2022-02-22 10:11:42,750 INFO {'IoU.pl': 0.20120000000000002, 'IoU.pl_epo': 48, 'Acc.pl': 0.9941, 'Acc.pl_epo': 3, 'Fscore.pl': 0.335, 'Fscore.pl_epo': 48, 'Precision.pl': 0.2022, 'Precision.pl_epo': 48, 'Recall.pl': 0.9941, 'Recall.pl_epo': 3}
2022-02-22 10:11:42,750 INFO training...
2022-02-22 10:12:47,543 INFO Epoch: [51/1000][139/140] Time 0.434 (avg: 0.462) Loss 0.021662 (avg: 0.013876) lr 1.800000e-03
2022-02-22 10:12:47,544 INFO testing...
2022-02-22 10:12:58,252 INFO {'aAcc': 0.966, 'mIoU': 0.5674, 'mAcc': 0.9722, 'mFscore': 0.6358, 'mPrecision': 0.5847, 'mRecall': 0.9722, 'IoU.bg': 0.9658, 'IoU.pl': 0.16899999999999998, 'Acc.bg': 0.9659, 'Acc.pl': 0.9784999999999999, 'Fscore.bg': 0.9826, 'Fscore.pl': 0.2891, 'Precision.bg': 0.9998, 'Precision.pl': 0.1696, 'Recall.bg': 0.9659, 'Recall.pl': 0.9784999999999999}
2022-02-22 10:12:58,253 INFO {'IoU.pl': 0.20120000000000002, 'IoU.pl_epo': 48, 'Acc.pl': 0.9941, 'Acc.pl_epo': 3, 'Fscore.pl': 0.335, 'Fscore.pl_epo': 48, 'Precision.pl': 0.2022, 'Precision.pl_epo': 48, 'Recall.pl': 0.9941, 'Recall.pl_epo': 3}
2022-02-22 10:12:58,253 INFO training...
2022-02-22 10:14:03,373 INFO Epoch: [52/1000][139/140] Time 0.428 (avg: 0.464) Loss 0.012349 (avg: 0.014374) lr 1.800000e-03
2022-02-22 10:14:03,374 INFO testing...
2022-02-22 10:14:13,542 INFO {'aAcc': 0.9631000000000001, 'mIoU': 0.5648, 'mAcc': 0.9722, 'mFscore': 0.6335000000000001, 'mPrecision': 0.5836, 'mRecall': 0.9722, 'IoU.bg': 0.9628, 'IoU.pl': 0.1668, 'Acc.bg': 0.9629000000000001, 'Acc.pl': 0.9815, 'Fscore.bg': 0.9811, 'Fscore.pl': 0.28600000000000003, 'Precision.bg': 0.9998999999999999, 'Precision.pl': 0.1674, 'Recall.bg': 0.9629000000000001, 'Recall.pl': 0.9815}
2022-02-22 10:14:13,543 INFO {'IoU.pl': 0.20120000000000002, 'IoU.pl_epo': 48, 'Acc.pl': 0.9941, 'Acc.pl_epo': 3, 'Fscore.pl': 0.335, 'Fscore.pl_epo': 48, 'Precision.pl': 0.2022, 'Precision.pl_epo': 48, 'Recall.pl': 0.9941, 'Recall.pl_epo': 3}
2022-02-22 10:14:13,543 INFO training...
2022-02-22 10:15:17,891 INFO Epoch: [53/1000][139/140] Time 0.431 (avg: 0.459) Loss 0.022879 (avg: 0.014429) lr 1.800000e-03
2022-02-22 10:15:17,892 INFO testing...
2022-02-22 10:15:28,567 INFO {'aAcc': 0.9566, 'mIoU': 0.5606, 'mAcc': 0.9632999999999999, 'mFscore': 0.6305, 'mPrecision': 0.5828, 'mRecall': 0.9632999999999999, 'IoU.bg': 0.9562, 'IoU.pl': 0.165, 'Acc.bg': 0.9565, 'Acc.pl': 0.9702, 'Fscore.bg': 0.9776, 'Fscore.pl': 0.2833, 'Precision.bg': 0.9997, 'Precision.pl': 0.1659, 'Recall.bg': 0.9565, 'Recall.pl': 0.9702}
2022-02-22 10:15:28,567 INFO {'IoU.pl': 0.20120000000000002, 'IoU.pl_epo': 48, 'Acc.pl': 0.9941, 'Acc.pl_epo': 3, 'Fscore.pl': 0.335, 'Fscore.pl_epo': 48, 'Precision.pl': 0.2022, 'Precision.pl_epo': 48, 'Recall.pl': 0.9941, 'Recall.pl_epo': 3}
2022-02-22 10:15:28,568 INFO training...
2022-02-22 10:16:33,418 INFO Epoch: [54/1000][139/140] Time 0.431 (avg: 0.462) Loss 0.008412 (avg: 0.013289) lr 1.800000e-03
2022-02-22 10:16:33,419 INFO testing...
2022-02-22 10:16:43,343 INFO {'aAcc': 0.9702, 'mIoU': 0.5859000000000001, 'mAcc': 0.9678, 'mFscore': 0.6604000000000001, 'mPrecision': 0.6015999999999999, 'mRecall': 0.9678, 'IoU.bg': 0.9699, 'IoU.pl': 0.20190000000000002, 'Acc.bg': 0.9702, 'Acc.pl': 0.9653, 'Fscore.bg': 0.9847, 'Fscore.pl': 0.336, 'Precision.bg': 0.9997, 'Precision.pl': 0.2034, 'Recall.bg': 0.9702, 'Recall.pl': 0.9653}
2022-02-22 10:16:43,344 INFO {'IoU.pl': 0.20190000000000002, 'IoU.pl_epo': 54, 'Acc.pl': 0.9941, 'Acc.pl_epo': 3, 'Fscore.pl': 0.336, 'Fscore.pl_epo': 54, 'Precision.pl': 0.2034, 'Precision.pl_epo': 54, 'Recall.pl': 0.9941, 'Recall.pl_epo': 3}
2022-02-22 10:16:43,564 INFO training...
2022-02-22 10:17:48,736 INFO Epoch: [55/1000][139/140] Time 0.432 (avg: 0.464) Loss 0.029318 (avg: 0.014574) lr 1.800000e-03
2022-02-22 10:17:48,737 INFO testing...
2022-02-22 10:17:59,047 INFO {'aAcc': 0.9612999999999999, 'mIoU': 0.5682, 'mAcc': 0.9706999999999999, 'mFscore': 0.6394, 'mPrecision': 0.588, 'mRecall': 0.9706999999999999, 'IoU.bg': 0.961, 'IoU.pl': 0.17550000000000002, 'Acc.bg': 0.9611, 'Acc.pl': 0.9803000000000001, 'Fscore.bg': 0.9801000000000001, 'Fscore.pl': 0.2986, 'Precision.bg': 0.9998, 'Precision.pl': 0.1761, 'Recall.bg': 0.9611, 'Recall.pl': 0.9803000000000001}
2022-02-22 10:17:59,047 INFO {'IoU.pl': 0.20190000000000002, 'IoU.pl_epo': 54, 'Acc.pl': 0.9941, 'Acc.pl_epo': 3, 'Fscore.pl': 0.336, 'Fscore.pl_epo': 54, 'Precision.pl': 0.2034, 'Precision.pl_epo': 54, 'Recall.pl': 0.9941, 'Recall.pl_epo': 3}
2022-02-22 10:17:59,047 INFO training...
2022-02-22 10:19:03,842 INFO Epoch: [56/1000][139/140] Time 0.430 (avg: 0.461) Loss 0.010910 (avg: 0.013551) lr 1.800000e-03
2022-02-22 10:19:03,843 INFO testing...
2022-02-22 10:19:14,544 INFO {'aAcc': 0.9640000000000001, 'mIoU': 0.568, 'mAcc': 0.9634999999999999, 'mFscore': 0.6378, 'mPrecision': 0.5866, 'mRecall': 0.9634999999999999, 'IoU.bg': 0.9637, 'IoU.pl': 0.1723, 'Acc.bg': 0.9640000000000001, 'Acc.pl': 0.963, 'Fscore.bg': 0.9815, 'Fscore.pl': 0.294, 'Precision.bg': 0.9997, 'Precision.pl': 0.17350000000000002, 'Recall.bg': 0.9640000000000001, 'Recall.pl': 0.963}
2022-02-22 10:19:14,545 INFO {'IoU.pl': 0.20190000000000002, 'IoU.pl_epo': 54, 'Acc.pl': 0.9941, 'Acc.pl_epo': 3, 'Fscore.pl': 0.336, 'Fscore.pl_epo': 54, 'Precision.pl': 0.2034, 'Precision.pl_epo': 54, 'Recall.pl': 0.9941, 'Recall.pl_epo': 3}
2022-02-22 10:19:14,545 INFO training...
2022-02-22 10:20:19,687 INFO Epoch: [57/1000][139/140] Time 0.432 (avg: 0.464) Loss 0.009184 (avg: 0.014039) lr 1.800000e-03
2022-02-22 10:20:19,688 INFO testing...
2022-02-22 10:20:30,659 INFO {'aAcc': 0.9551999999999999, 'mIoU': 0.5588000000000001, 'mAcc': 0.9676, 'mFscore': 0.6285000000000001, 'mPrecision': 0.5816, 'mRecall': 0.9676, 'IoU.bg': 0.9548000000000001, 'IoU.pl': 0.1628, 'Acc.bg': 0.955, 'Acc.pl': 0.9803000000000001, 'Fscore.bg': 0.9769, 'Fscore.pl': 0.2801, 'Precision.bg': 0.9998, 'Precision.pl': 0.1634, 'Recall.bg': 0.955, 'Recall.pl': 0.9803000000000001}
2022-02-22 10:20:30,659 INFO {'IoU.pl': 0.20190000000000002, 'IoU.pl_epo': 54, 'Acc.pl': 0.9941, 'Acc.pl_epo': 3, 'Fscore.pl': 0.336, 'Fscore.pl_epo': 54, 'Precision.pl': 0.2034, 'Precision.pl_epo': 54, 'Recall.pl': 0.9941, 'Recall.pl_epo': 3}
2022-02-22 10:20:30,659 INFO training...
2022-02-22 10:21:35,613 INFO Epoch: [58/1000][139/140] Time 0.438 (avg: 0.462) Loss 0.010225 (avg: 0.013976) lr 1.800000e-03
2022-02-22 10:21:35,613 INFO testing...
2022-02-22 10:21:45,754 INFO {'aAcc': 0.9682, 'mIoU': 0.5864, 'mAcc': 0.9721, 'mFscore': 0.6618999999999999, 'mPrecision': 0.6029, 'mRecall': 0.9721, 'IoU.bg': 0.9679000000000001, 'IoU.pl': 0.20489999999999997, 'Acc.bg': 0.9681000000000001, 'Acc.pl': 0.9762000000000001, 'Fscore.bg': 0.9837, 'Fscore.pl': 0.34020000000000006, 'Precision.bg': 0.9998, 'Precision.pl': 0.20600000000000002, 'Recall.bg': 0.9681000000000001, 'Recall.pl': 0.9762000000000001}
2022-02-22 10:21:45,754 INFO {'IoU.pl': 0.20489999999999997, 'IoU.pl_epo': 58, 'Acc.pl': 0.9941, 'Acc.pl_epo': 3, 'Fscore.pl': 0.34020000000000006, 'Fscore.pl_epo': 58, 'Precision.pl': 0.20600000000000002, 'Precision.pl_epo': 58, 'Recall.pl': 0.9941, 'Recall.pl_epo': 3}
2022-02-22 10:21:45,968 INFO training...
2022-02-22 10:22:51,359 INFO Epoch: [59/1000][139/140] Time 0.430 (avg: 0.466) Loss 0.015392 (avg: 0.014940) lr 1.800000e-03
2022-02-22 10:22:51,360 INFO testing...
2022-02-22 10:23:01,663 INFO {'aAcc': 0.956, 'mIoU': 0.5574, 'mAcc': 0.9679000000000001, 'mFscore': 0.626, 'mPrecision': 0.5798, 'mRecall': 0.9679000000000001, 'IoU.bg': 0.9556, 'IoU.pl': 0.1593, 'Acc.bg': 0.9556999999999999, 'Acc.pl': 0.9801000000000001, 'Fscore.bg': 0.9773000000000001, 'Fscore.pl': 0.2748, 'Precision.bg': 0.9998, 'Precision.pl': 0.1598, 'Recall.bg': 0.9556999999999999, 'Recall.pl': 0.9801000000000001}
2022-02-22 10:23:01,664 INFO {'IoU.pl': 0.20489999999999997, 'IoU.pl_epo': 58, 'Acc.pl': 0.9941, 'Acc.pl_epo': 3, 'Fscore.pl': 0.34020000000000006, 'Fscore.pl_epo': 58, 'Precision.pl': 0.20600000000000002, 'Precision.pl_epo': 58, 'Recall.pl': 0.9941, 'Recall.pl_epo': 3}
2022-02-22 10:23:01,664 INFO training...
2022-02-22 10:24:06,431 INFO Epoch: [60/1000][139/140] Time 0.432 (avg: 0.461) Loss 0.011964 (avg: 0.013976) lr 1.800000e-03
2022-02-22 10:24:06,431 INFO testing...
2022-02-22 10:24:16,061 INFO {'aAcc': 0.9587, 'mIoU': 0.5583, 'mAcc': 0.9684, 'mFscore': 0.6259, 'mPrecision': 0.5793, 'mRecall': 0.9684, 'IoU.bg': 0.9584, 'IoU.pl': 0.1582, 'Acc.bg': 0.9584999999999999, 'Acc.pl': 0.9783, 'Fscore.bg': 0.9787, 'Fscore.pl': 0.2731, 'Precision.bg': 0.9998, 'Precision.pl': 0.15869999999999998, 'Recall.bg': 0.9584999999999999, 'Recall.pl': 0.9783}
2022-02-22 10:24:16,062 INFO {'IoU.pl': 0.20489999999999997, 'IoU.pl_epo': 58, 'Acc.pl': 0.9941, 'Acc.pl_epo': 3, 'Fscore.pl': 0.34020000000000006, 'Fscore.pl_epo': 58, 'Precision.pl': 0.20600000000000002, 'Precision.pl_epo': 58, 'Recall.pl': 0.9941, 'Recall.pl_epo': 3}
2022-02-22 10:24:16,062 INFO training...
2022-02-22 10:25:21,324 INFO Epoch: [61/1000][139/140] Time 0.433 (avg: 0.464) Loss 0.021913 (avg: 0.014584) lr 1.800000e-03
2022-02-22 10:25:21,324 INFO testing...
2022-02-22 10:25:31,453 INFO {'aAcc': 0.9690000000000001, 'mIoU': 0.5857, 'mAcc': 0.9626, 'mFscore': 0.6606000000000001, 'mPrecision': 0.6021, 'mRecall': 0.9626, 'IoU.bg': 0.9687, 'IoU.pl': 0.2028, 'Acc.bg': 0.9691, 'Acc.pl': 0.9561, 'Fscore.bg': 0.9841, 'Fscore.pl': 0.3372, 'Precision.bg': 0.9995999999999999, 'Precision.pl': 0.2047, 'Recall.bg': 0.9691, 'Recall.pl': 0.9561}
2022-02-22 10:25:31,453 INFO {'IoU.pl': 0.20489999999999997, 'IoU.pl_epo': 58, 'Acc.pl': 0.9941, 'Acc.pl_epo': 3, 'Fscore.pl': 0.34020000000000006, 'Fscore.pl_epo': 58, 'Precision.pl': 0.20600000000000002, 'Precision.pl_epo': 58, 'Recall.pl': 0.9941, 'Recall.pl_epo': 3}
2022-02-22 10:25:31,454 INFO training...
2022-02-22 10:26:36,461 INFO Epoch: [62/1000][139/140] Time 0.435 (avg: 0.463) Loss 0.008187 (avg: 0.013328) lr 1.800000e-03
2022-02-22 10:26:36,462 INFO testing...
2022-02-22 10:26:47,959 INFO {'aAcc': 0.9645999999999999, 'mIoU': 0.5763, 'mAcc': 0.9645999999999999, 'mFscore': 0.6494, 'mPrecision': 0.5947, 'mRecall': 0.9645999999999999, 'IoU.bg': 0.9643, 'IoU.pl': 0.1884, 'Acc.bg': 0.9645999999999999, 'Acc.pl': 0.9645999999999999, 'Fscore.bg': 0.9818000000000001, 'Fscore.pl': 0.317, 'Precision.bg': 0.9997, 'Precision.pl': 0.18969999999999998, 'Recall.bg': 0.9645999999999999, 'Recall.pl': 0.9645999999999999}
2022-02-22 10:26:47,959 INFO {'IoU.pl': 0.20489999999999997, 'IoU.pl_epo': 58, 'Acc.pl': 0.9941, 'Acc.pl_epo': 3, 'Fscore.pl': 0.34020000000000006, 'Fscore.pl_epo': 58, 'Precision.pl': 0.20600000000000002, 'Precision.pl_epo': 58, 'Recall.pl': 0.9941, 'Recall.pl_epo': 3}
2022-02-22 10:26:47,959 INFO training...
2022-02-22 10:27:53,229 INFO Epoch: [63/1000][139/140] Time 0.431 (avg: 0.465) Loss 0.018509 (avg: 0.013839) lr 1.800000e-03
2022-02-22 10:27:53,230 INFO testing...
2022-02-22 10:28:03,260 INFO {'aAcc': 0.9537, 'mIoU': 0.5485, 'mAcc': 0.9706999999999999, 'mFscore': 0.6137, 'mPrecision': 0.5719, 'mRecall': 0.9706999999999999, 'IoU.bg': 0.9533, 'IoU.pl': 0.1437, 'Acc.bg': 0.9534, 'Acc.pl': 0.9879000000000001, 'Fscore.bg': 0.9761, 'Fscore.pl': 0.2514, 'Precision.bg': 0.9998999999999999, 'Precision.pl': 0.14400000000000002, 'Recall.bg': 0.9534, 'Recall.pl': 0.9879000000000001}
2022-02-22 10:28:03,260 INFO {'IoU.pl': 0.20489999999999997, 'IoU.pl_epo': 58, 'Acc.pl': 0.9941, 'Acc.pl_epo': 3, 'Fscore.pl': 0.34020000000000006, 'Fscore.pl_epo': 58, 'Precision.pl': 0.20600000000000002, 'Precision.pl_epo': 58, 'Recall.pl': 0.9941, 'Recall.pl_epo': 3}
2022-02-22 10:28:03,260 INFO training...
2022-02-22 10:29:08,297 INFO Epoch: [64/1000][139/140] Time 0.432 (avg: 0.463) Loss 0.011844 (avg: 0.013411) lr 1.800000e-03
2022-02-22 10:29:08,298 INFO testing...
2022-02-22 10:29:19,261 INFO {'aAcc': 0.9616, 'mIoU': 0.5754, 'mAcc': 0.9722, 'mFscore': 0.6494, 'mPrecision': 0.595, 'mRecall': 0.9722, 'IoU.bg': 0.9612999999999999, 'IoU.pl': 0.1895, 'Acc.bg': 0.9614, 'Acc.pl': 0.9829000000000001, 'Fscore.bg': 0.9803000000000001, 'Fscore.pl': 0.3186, 'Precision.bg': 0.9998, 'Precision.pl': 0.19010000000000002, 'Recall.bg': 0.9614, 'Recall.pl': 0.9829000000000001}
2022-02-22 10:29:19,261 INFO {'IoU.pl': 0.20489999999999997, 'IoU.pl_epo': 58, 'Acc.pl': 0.9941, 'Acc.pl_epo': 3, 'Fscore.pl': 0.34020000000000006, 'Fscore.pl_epo': 58, 'Precision.pl': 0.20600000000000002, 'Precision.pl_epo': 58, 'Recall.pl': 0.9941, 'Recall.pl_epo': 3}
2022-02-22 10:29:19,261 INFO training...
2022-02-22 10:30:24,737 INFO Epoch: [65/1000][139/140] Time 0.433 (avg: 0.466) Loss 0.007832 (avg: 0.012782) lr 1.800000e-03
2022-02-22 10:30:24,737 INFO testing...
2022-02-22 10:30:35,955 INFO {'aAcc': 0.9682, 'mIoU': 0.5855, 'mAcc': 0.9695999999999999, 'mFscore': 0.6606000000000001, 'mPrecision': 0.602, 'mRecall': 0.9695999999999999, 'IoU.bg': 0.9679000000000001, 'IoU.pl': 0.203, 'Acc.bg': 0.9682, 'Acc.pl': 0.9711, 'Fscore.bg': 0.9837, 'Fscore.pl': 0.3375, 'Precision.bg': 0.9997, 'Precision.pl': 0.20420000000000002, 'Recall.bg': 0.9682, 'Recall.pl': 0.9711}
2022-02-22 10:30:35,955 INFO {'IoU.pl': 0.20489999999999997, 'IoU.pl_epo': 58, 'Acc.pl': 0.9941, 'Acc.pl_epo': 3, 'Fscore.pl': 0.34020000000000006, 'Fscore.pl_epo': 58, 'Precision.pl': 0.20600000000000002, 'Precision.pl_epo': 58, 'Recall.pl': 0.9941, 'Recall.pl_epo': 3}
2022-02-22 10:30:35,955 INFO training...
2022-02-22 10:31:40,974 INFO Epoch: [66/1000][139/140] Time 0.430 (avg: 0.463) Loss 0.030234 (avg: 0.012633) lr 1.800000e-03
2022-02-22 10:31:40,975 INFO testing...
2022-02-22 10:31:52,143 INFO {'aAcc': 0.9534999999999999, 'mIoU': 0.5455, 'mAcc': 0.9706, 'mFscore': 0.6091, 'mPrecision': 0.569, 'mRecall': 0.9706, 'IoU.bg': 0.9531999999999999, 'IoU.pl': 0.1378, 'Acc.bg': 0.9533, 'Acc.pl': 0.9879000000000001, 'Fscore.bg': 0.976, 'Fscore.pl': 0.2422, 'Precision.bg': 0.9998999999999999, 'Precision.pl': 0.138, 'Recall.bg': 0.9533, 'Recall.pl': 0.9879000000000001}
2022-02-22 10:31:52,144 INFO {'IoU.pl': 0.20489999999999997, 'IoU.pl_epo': 58, 'Acc.pl': 0.9941, 'Acc.pl_epo': 3, 'Fscore.pl': 0.34020000000000006, 'Fscore.pl_epo': 58, 'Precision.pl': 0.20600000000000002, 'Precision.pl_epo': 58, 'Recall.pl': 0.9941, 'Recall.pl_epo': 3}
2022-02-22 10:31:52,144 INFO training...
2022-02-22 10:32:56,822 INFO Epoch: [67/1000][139/140] Time 0.431 (avg: 0.461) Loss 0.014298 (avg: 0.012972) lr 1.800000e-03
2022-02-22 10:32:56,843 INFO testing...
2022-02-22 10:33:07,643 INFO {'aAcc': 0.9670000000000001, 'mIoU': 0.5855, 'mAcc': 0.966, 'mFscore': 0.6612, 'mPrecision': 0.6028, 'mRecall': 0.966, 'IoU.bg': 0.9667, 'IoU.pl': 0.2043, 'Acc.bg': 0.9670000000000001, 'Acc.pl': 0.9651000000000001, 'Fscore.bg': 0.9831, 'Fscore.pl': 0.3393, 'Precision.bg': 0.9997, 'Precision.pl': 0.20579999999999998, 'Recall.bg': 0.9670000000000001, 'Recall.pl': 0.9651000000000001}
2022-02-22 10:33:07,643 INFO {'IoU.pl': 0.20489999999999997, 'IoU.pl_epo': 58, 'Acc.pl': 0.9941, 'Acc.pl_epo': 3, 'Fscore.pl': 0.34020000000000006, 'Fscore.pl_epo': 58, 'Precision.pl': 0.20600000000000002, 'Precision.pl_epo': 58, 'Recall.pl': 0.9941, 'Recall.pl_epo': 3}
2022-02-22 10:33:07,644 INFO training...
2022-02-22 10:34:12,241 INFO Epoch: [68/1000][139/140] Time 0.428 (avg: 0.460) Loss 0.010123 (avg: 0.013107) lr 1.800000e-03
2022-02-22 10:34:12,241 INFO testing...
2022-02-22 10:34:23,548 INFO {'aAcc': 0.9677, 'mIoU': 0.57, 'mAcc': 0.9714, 'mFscore': 0.6389, 'mPrecision': 0.5866, 'mRecall': 0.9714, 'IoU.bg': 0.9675, 'IoU.pl': 0.1726, 'Acc.bg': 0.9676, 'Acc.pl': 0.9751000000000001, 'Fscore.bg': 0.9834999999999999, 'Fscore.pl': 0.2944, 'Precision.bg': 0.9998, 'Precision.pl': 0.17329999999999998, 'Recall.bg': 0.9676, 'Recall.pl': 0.9751000000000001}
2022-02-22 10:34:23,548 INFO {'IoU.pl': 0.20489999999999997, 'IoU.pl_epo': 58, 'Acc.pl': 0.9941, 'Acc.pl_epo': 3, 'Fscore.pl': 0.34020000000000006, 'Fscore.pl_epo': 58, 'Precision.pl': 0.20600000000000002, 'Precision.pl_epo': 58, 'Recall.pl': 0.9941, 'Recall.pl_epo': 3}
2022-02-22 10:34:23,549 INFO training...
2022-02-22 10:35:28,618 INFO Epoch: [69/1000][139/140] Time 0.432 (avg: 0.463) Loss 0.016305 (avg: 0.013253) lr 1.800000e-03
2022-02-22 10:35:28,618 INFO testing...
2022-02-22 10:35:39,360 INFO {'aAcc': 0.9684999999999999, 'mIoU': 0.5943, 'mAcc': 0.9742000000000001, 'mFscore': 0.6725, 'mPrecision': 0.6106, 'mRecall': 0.9742000000000001, 'IoU.bg': 0.9682999999999999, 'IoU.pl': 0.22039999999999998, 'Acc.bg': 0.9684, 'Acc.pl': 0.98, 'Fscore.bg': 0.9839, 'Fscore.pl': 0.3611, 'Precision.bg': 0.9998, 'Precision.pl': 0.2214, 'Recall.bg': 0.9684, 'Recall.pl': 0.98}
2022-02-22 10:35:39,360 INFO {'IoU.pl': 0.22039999999999998, 'IoU.pl_epo': 69, 'Acc.pl': 0.9941, 'Acc.pl_epo': 3, 'Fscore.pl': 0.3611, 'Fscore.pl_epo': 69, 'Precision.pl': 0.2214, 'Precision.pl_epo': 69, 'Recall.pl': 0.9941, 'Recall.pl_epo': 3}
2022-02-22 10:35:39,661 INFO training...
2022-02-22 10:36:44,860 INFO Epoch: [70/1000][139/140] Time 0.432 (avg: 0.464) Loss 0.009761 (avg: 0.012578) lr 1.800000e-03
2022-02-22 10:36:44,861 INFO testing...
2022-02-22 10:36:55,662 INFO {'aAcc': 0.9649, 'mIoU': 0.5710000000000001, 'mAcc': 0.9632, 'mFscore': 0.6417, 'mPrecision': 0.5892000000000001, 'mRecall': 0.9632, 'IoU.bg': 0.9647, 'IoU.pl': 0.17739999999999997, 'Acc.bg': 0.965, 'Acc.pl': 0.9615, 'Fscore.bg': 0.982, 'Fscore.pl': 0.3014, 'Precision.bg': 0.9997, 'Precision.pl': 0.1787, 'Recall.bg': 0.965, 'Recall.pl': 0.9615}
2022-02-22 10:36:55,662 INFO {'IoU.pl': 0.22039999999999998, 'IoU.pl_epo': 69, 'Acc.pl': 0.9941, 'Acc.pl_epo': 3, 'Fscore.pl': 0.3611, 'Fscore.pl_epo': 69, 'Precision.pl': 0.2214, 'Precision.pl_epo': 69, 'Recall.pl': 0.9941, 'Recall.pl_epo': 3}
2022-02-22 10:36:55,662 INFO training...
2022-02-22 10:38:00,957 INFO Epoch: [71/1000][139/140] Time 0.433 (avg: 0.465) Loss 0.011197 (avg: 0.012602) lr 1.800000e-03
2022-02-22 10:38:00,958 INFO testing...
2022-02-22 10:38:10,658 INFO {'aAcc': 0.9718000000000001, 'mIoU': 0.6059, 'mAcc': 0.9654, 'mFscore': 0.6865000000000001, 'mPrecision': 0.6212, 'mRecall': 0.9654, 'IoU.bg': 0.9716, 'IoU.pl': 0.2403, 'Acc.bg': 0.972, 'Acc.pl': 0.9589, 'Fscore.bg': 0.9856, 'Fscore.pl': 0.3875, 'Precision.bg': 0.9995999999999999, 'Precision.pl': 0.24280000000000002, 'Recall.bg': 0.972, 'Recall.pl': 0.9589}
2022-02-22 10:38:10,659 INFO {'IoU.pl': 0.2403, 'IoU.pl_epo': 71, 'Acc.pl': 0.9941, 'Acc.pl_epo': 3, 'Fscore.pl': 0.3875, 'Fscore.pl_epo': 71, 'Precision.pl': 0.24280000000000002, 'Precision.pl_epo': 71, 'Recall.pl': 0.9941, 'Recall.pl_epo': 3}
2022-02-22 10:38:10,887 INFO training...
2022-02-22 10:39:15,799 INFO Epoch: [72/1000][139/140] Time 0.429 (avg: 0.462) Loss 0.012810 (avg: 0.013418) lr 1.800000e-03
2022-02-22 10:39:15,800 INFO testing...
2022-02-22 10:39:25,558 INFO {'aAcc': 0.9681000000000001, 'mIoU': 0.585, 'mAcc': 0.9726, 'mFscore': 0.66, 'mPrecision': 0.6014, 'mRecall': 0.9726, 'IoU.bg': 0.9678, 'IoU.pl': 0.2021, 'Acc.bg': 0.968, 'Acc.pl': 0.9771, 'Fscore.bg': 0.9837, 'Fscore.pl': 0.33630000000000004, 'Precision.bg': 0.9998, 'Precision.pl': 0.20309999999999997, 'Recall.bg': 0.968, 'Recall.pl': 0.9771}
2022-02-22 10:39:25,559 INFO {'IoU.pl': 0.2403, 'IoU.pl_epo': 71, 'Acc.pl': 0.9941, 'Acc.pl_epo': 3, 'Fscore.pl': 0.3875, 'Fscore.pl_epo': 71, 'Precision.pl': 0.24280000000000002, 'Precision.pl_epo': 71, 'Recall.pl': 0.9941, 'Recall.pl_epo': 3}
2022-02-22 10:39:25,559 INFO training...
2022-02-22 10:40:30,773 INFO Epoch: [73/1000][139/140] Time 0.434 (avg: 0.464) Loss 0.018283 (avg: 0.013787) lr 1.800000e-03
2022-02-22 10:40:30,774 INFO testing...
2022-02-22 10:40:41,162 INFO {'aAcc': 0.9734999999999999, 'mIoU': 0.5932, 'mAcc': 0.9695, 'mFscore': 0.6688, 'mPrecision': 0.6072, 'mRecall': 0.9695, 'IoU.bg': 0.9732999999999999, 'IoU.pl': 0.213, 'Acc.bg': 0.9736, 'Acc.pl': 0.9654, 'Fscore.bg': 0.9865, 'Fscore.pl': 0.35119999999999996, 'Precision.bg': 0.9997, 'Precision.pl': 0.2146, 'Recall.bg': 0.9736, 'Recall.pl': 0.9654}
2022-02-22 10:40:41,162 INFO {'IoU.pl': 0.2403, 'IoU.pl_epo': 71, 'Acc.pl': 0.9941, 'Acc.pl_epo': 3, 'Fscore.pl': 0.3875, 'Fscore.pl_epo': 71, 'Precision.pl': 0.24280000000000002, 'Precision.pl_epo': 71, 'Recall.pl': 0.9941, 'Recall.pl_epo': 3}
2022-02-22 10:40:41,162 INFO training...
2022-02-22 10:41:46,355 INFO Epoch: [74/1000][139/140] Time 0.433 (avg: 0.465) Loss 0.012464 (avg: 0.012963) lr 1.800000e-03
2022-02-22 10:41:46,355 INFO testing...
2022-02-22 10:41:57,858 INFO {'aAcc': 0.9667, 'mIoU': 0.581, 'mAcc': 0.9739, 'mFscore': 0.6551, 'mPrecision': 0.5981000000000001, 'mRecall': 0.9739, 'IoU.bg': 0.9664, 'IoU.pl': 0.1957, 'Acc.bg': 0.9666, 'Acc.pl': 0.9812000000000001, 'Fscore.bg': 0.9829000000000001, 'Fscore.pl': 0.3273, 'Precision.bg': 0.9998, 'Precision.pl': 0.19640000000000002, 'Recall.bg': 0.9666, 'Recall.pl': 0.9812000000000001}
2022-02-22 10:41:57,858 INFO {'IoU.pl': 0.2403, 'IoU.pl_epo': 71, 'Acc.pl': 0.9941, 'Acc.pl_epo': 3, 'Fscore.pl': 0.3875, 'Fscore.pl_epo': 71, 'Precision.pl': 0.24280000000000002, 'Precision.pl_epo': 71, 'Recall.pl': 0.9941, 'Recall.pl_epo': 3}
2022-02-22 10:41:57,858 INFO training...
2022-02-22 10:43:03,077 INFO Epoch: [75/1000][139/140] Time 0.433 (avg: 0.465) Loss 0.009876 (avg: 0.012354) lr 1.800000e-03
2022-02-22 10:43:03,077 INFO testing...
2022-02-22 10:43:13,060 INFO {'aAcc': 0.9706999999999999, 'mIoU': 0.5903, 'mAcc': 0.9732, 'mFscore': 0.6661, 'mPrecision': 0.6054999999999999, 'mRecall': 0.9732, 'IoU.bg': 0.9704, 'IoU.pl': 0.2101, 'Acc.bg': 0.9706, 'Acc.pl': 0.9756999999999999, 'Fscore.bg': 0.985, 'Fscore.pl': 0.34729999999999994, 'Precision.bg': 0.9998, 'Precision.pl': 0.2112, 'Recall.bg': 0.9706, 'Recall.pl': 0.9756999999999999}
2022-02-22 10:43:13,060 INFO {'IoU.pl': 0.2403, 'IoU.pl_epo': 71, 'Acc.pl': 0.9941, 'Acc.pl_epo': 3, 'Fscore.pl': 0.3875, 'Fscore.pl_epo': 71, 'Precision.pl': 0.24280000000000002, 'Precision.pl_epo': 71, 'Recall.pl': 0.9941, 'Recall.pl_epo': 3}
2022-02-22 10:43:13,061 INFO training...
2022-02-22 10:44:18,347 INFO Epoch: [76/1000][139/140] Time 0.428 (avg: 0.465) Loss 0.006672 (avg: 0.012683) lr 1.800000e-03
2022-02-22 10:44:18,348 INFO testing...
2022-02-22 10:44:30,258 INFO {'aAcc': 0.9740000000000001, 'mIoU': 0.6042000000000001, 'mAcc': 0.9703, 'mFscore': 0.6834, 'mPrecision': 0.6182, 'mRecall': 0.9703, 'IoU.bg': 0.9738, 'IoU.pl': 0.2347, 'Acc.bg': 0.9740000000000001, 'Acc.pl': 0.9665, 'Fscore.bg': 0.9867, 'Fscore.pl': 0.38020000000000004, 'Precision.bg': 0.9997, 'Precision.pl': 0.2366, 'Recall.bg': 0.9740000000000001, 'Recall.pl': 0.9665}
2022-02-22 10:44:30,259 INFO {'IoU.pl': 0.2403, 'IoU.pl_epo': 71, 'Acc.pl': 0.9941, 'Acc.pl_epo': 3, 'Fscore.pl': 0.3875, 'Fscore.pl_epo': 71, 'Precision.pl': 0.24280000000000002, 'Precision.pl_epo': 71, 'Recall.pl': 0.9941, 'Recall.pl_epo': 3}
2022-02-22 10:44:30,259 INFO training...
2022-02-22 10:45:34,616 INFO Epoch: [77/1000][139/140] Time 0.430 (avg: 0.459) Loss 0.013657 (avg: 0.012637) lr 1.800000e-03
2022-02-22 10:45:34,616 INFO testing...
2022-02-22 10:45:44,357 INFO {'aAcc': 0.9679000000000001, 'mIoU': 0.5864, 'mAcc': 0.9682, 'mFscore': 0.662, 'mPrecision': 0.6031, 'mRecall': 0.9682, 'IoU.bg': 0.9676, 'IoU.pl': 0.2051, 'Acc.bg': 0.9679000000000001, 'Acc.pl': 0.9684999999999999, 'Fscore.bg': 0.9836, 'Fscore.pl': 0.3404, 'Precision.bg': 0.9997, 'Precision.pl': 0.2065, 'Recall.bg': 0.9679000000000001, 'Recall.pl': 0.9684999999999999}
2022-02-22 10:45:44,357 INFO {'IoU.pl': 0.2403, 'IoU.pl_epo': 71, 'Acc.pl': 0.9941, 'Acc.pl_epo': 3, 'Fscore.pl': 0.3875, 'Fscore.pl_epo': 71, 'Precision.pl': 0.24280000000000002, 'Precision.pl_epo': 71, 'Recall.pl': 0.9941, 'Recall.pl_epo': 3}
2022-02-22 10:45:44,357 INFO training...
2022-02-22 10:46:49,468 INFO Epoch: [78/1000][139/140] Time 0.434 (avg: 0.464) Loss 0.014922 (avg: 0.013171) lr 1.800000e-03
2022-02-22 10:46:49,469 INFO testing...
2022-02-22 10:47:00,639 INFO {'aAcc': 0.9708, 'mIoU': 0.5893999999999999, 'mAcc': 0.9726, 'mFscore': 0.6648999999999999, 'mPrecision': 0.6046, 'mRecall': 0.9726, 'IoU.bg': 0.9706, 'IoU.pl': 0.2082, 'Acc.bg': 0.9708, 'Acc.pl': 0.9743999999999999, 'Fscore.bg': 0.9851000000000001, 'Fscore.pl': 0.3447, 'Precision.bg': 0.9998, 'Precision.pl': 0.2094, 'Recall.bg': 0.9708, 'Recall.pl': 0.9743999999999999}
2022-02-22 10:47:00,639 INFO {'IoU.pl': 0.2403, 'IoU.pl_epo': 71, 'Acc.pl': 0.9941, 'Acc.pl_epo': 3, 'Fscore.pl': 0.3875, 'Fscore.pl_epo': 71, 'Precision.pl': 0.24280000000000002, 'Precision.pl_epo': 71, 'Recall.pl': 0.9941, 'Recall.pl_epo': 3}
2022-02-22 10:47:00,640 INFO training...
2022-02-22 10:48:05,232 INFO Epoch: [79/1000][139/140] Time 0.435 (avg: 0.460) Loss 0.009978 (avg: 0.012871) lr 1.800000e-03
2022-02-22 10:48:05,233 INFO testing...
2022-02-22 10:48:14,759 INFO {'aAcc': 0.9702, 'mIoU': 0.5882000000000001, 'mAcc': 0.9753000000000001, 'mFscore': 0.6635, 'mPrecision': 0.6035, 'mRecall': 0.9753000000000001, 'IoU.bg': 0.97, 'IoU.pl': 0.2064, 'Acc.bg': 0.9702, 'Acc.pl': 0.9804, 'Fscore.bg': 0.9848, 'Fscore.pl': 0.3422, 'Precision.bg': 0.9998, 'Precision.pl': 0.2072, 'Recall.bg': 0.9702, 'Recall.pl': 0.9804}
2022-02-22 10:48:14,759 INFO {'IoU.pl': 0.2403, 'IoU.pl_epo': 71, 'Acc.pl': 0.9941, 'Acc.pl_epo': 3, 'Fscore.pl': 0.3875, 'Fscore.pl_epo': 71, 'Precision.pl': 0.24280000000000002, 'Precision.pl_epo': 71, 'Recall.pl': 0.9941, 'Recall.pl_epo': 3}
2022-02-22 10:48:14,759 INFO training...
2022-02-22 10:49:19,802 INFO Epoch: [80/1000][139/140] Time 0.431 (avg: 0.464) Loss 0.008353 (avg: 0.012532) lr 1.800000e-03
2022-02-22 10:49:19,802 INFO testing...
2022-02-22 10:49:29,961 INFO {'aAcc': 0.9619, 'mIoU': 0.5684, 'mAcc': 0.9664, 'mFscore': 0.6393, 'mPrecision': 0.588, 'mRecall': 0.9664, 'IoU.bg': 0.9616, 'IoU.pl': 0.1752, 'Acc.bg': 0.9618000000000001, 'Acc.pl': 0.971, 'Fscore.bg': 0.9804, 'Fscore.pl': 0.2982, 'Precision.bg': 0.9997, 'Precision.pl': 0.17620000000000002, 'Recall.bg': 0.9618000000000001, 'Recall.pl': 0.971}
2022-02-22 10:49:29,961 INFO {'IoU.pl': 0.2403, 'IoU.pl_epo': 71, 'Acc.pl': 0.9941, 'Acc.pl_epo': 3, 'Fscore.pl': 0.3875, 'Fscore.pl_epo': 71, 'Precision.pl': 0.24280000000000002, 'Precision.pl_epo': 71, 'Recall.pl': 0.9941, 'Recall.pl_epo': 3}
2022-02-22 10:49:29,961 INFO training...
2022-02-22 10:50:34,842 INFO Epoch: [81/1000][139/140] Time 0.429 (avg: 0.462) Loss 0.018920 (avg: 0.012518) lr 1.800000e-03
2022-02-22 10:50:34,843 INFO testing...
2022-02-22 10:50:44,442 INFO {'aAcc': 0.972, 'mIoU': 0.5936, 'mAcc': 0.9719, 'mFscore': 0.6701, 'mPrecision': 0.6083, 'mRecall': 0.9719, 'IoU.bg': 0.9718000000000001, 'IoU.pl': 0.21539999999999998, 'Acc.bg': 0.972, 'Acc.pl': 0.9718000000000001, 'Fscore.bg': 0.9856999999999999, 'Fscore.pl': 0.35450000000000004, 'Precision.bg': 0.9998, 'Precision.pl': 0.2168, 'Recall.bg': 0.972, 'Recall.pl': 0.9718000000000001}
2022-02-22 10:50:44,443 INFO {'IoU.pl': 0.2403, 'IoU.pl_epo': 71, 'Acc.pl': 0.9941, 'Acc.pl_epo': 3, 'Fscore.pl': 0.3875, 'Fscore.pl_epo': 71, 'Precision.pl': 0.24280000000000002, 'Precision.pl_epo': 71, 'Recall.pl': 0.9941, 'Recall.pl_epo': 3}
2022-02-22 10:50:44,443 INFO training...
2022-02-22 10:51:49,612 INFO Epoch: [82/1000][139/140] Time 0.434 (avg: 0.464) Loss 0.013009 (avg: 0.012958) lr 1.800000e-03
2022-02-22 10:51:49,612 INFO testing...
2022-02-22 10:51:59,966 INFO {'aAcc': 0.9703, 'mIoU': 0.5934, 'mAcc': 0.9695999999999999, 'mFscore': 0.6706, 'mPrecision': 0.609, 'mRecall': 0.9695999999999999, 'IoU.bg': 0.97, 'IoU.pl': 0.2168, 'Acc.bg': 0.9703, 'Acc.pl': 0.9690000000000001, 'Fscore.bg': 0.9848, 'Fscore.pl': 0.3564, 'Precision.bg': 0.9997, 'Precision.pl': 0.2184, 'Recall.bg': 0.9703, 'Recall.pl': 0.9690000000000001}
2022-02-22 10:51:59,967 INFO {'IoU.pl': 0.2403, 'IoU.pl_epo': 71, 'Acc.pl': 0.9941, 'Acc.pl_epo': 3, 'Fscore.pl': 0.3875, 'Fscore.pl_epo': 71, 'Precision.pl': 0.24280000000000002, 'Precision.pl_epo': 71, 'Recall.pl': 0.9941, 'Recall.pl_epo': 3}
2022-02-22 10:51:59,967 INFO training...
2022-02-22 10:53:04,676 INFO Epoch: [83/1000][139/140] Time 0.432 (avg: 0.461) Loss 0.010828 (avg: 0.012802) lr 1.620000e-03
2022-02-22 10:53:04,677 INFO testing...
2022-02-22 10:53:15,354 INFO {'aAcc': 0.9715, 'mIoU': 0.5938, 'mAcc': 0.9740000000000001, 'mFscore': 0.6706, 'mPrecision': 0.6087, 'mRecall': 0.9740000000000001, 'IoU.bg': 0.9712000000000001, 'IoU.pl': 0.2165, 'Acc.bg': 0.9714, 'Acc.pl': 0.9765, 'Fscore.bg': 0.9854, 'Fscore.pl': 0.35590000000000005, 'Precision.bg': 0.9998, 'Precision.pl': 0.21760000000000002, 'Recall.bg': 0.9714, 'Recall.pl': 0.9765}
2022-02-22 10:53:15,355 INFO {'IoU.pl': 0.2403, 'IoU.pl_epo': 71, 'Acc.pl': 0.9941, 'Acc.pl_epo': 3, 'Fscore.pl': 0.3875, 'Fscore.pl_epo': 71, 'Precision.pl': 0.24280000000000002, 'Precision.pl_epo': 71, 'Recall.pl': 0.9941, 'Recall.pl_epo': 3}
2022-02-22 10:53:15,355 INFO training...
2022-02-22 10:54:20,578 INFO Epoch: [84/1000][139/140] Time 0.430 (avg: 0.464) Loss 0.008190 (avg: 0.013370) lr 1.620000e-03
2022-02-22 10:54:20,579 INFO testing...
2022-02-22 10:54:30,257 INFO {'aAcc': 0.9715, 'mIoU': 0.6014, 'mAcc': 0.9723, 'mFscore': 0.6807, 'mPrecision': 0.6164000000000001, 'mRecall': 0.9723, 'IoU.bg': 0.9712000000000001, 'IoU.pl': 0.23149999999999998, 'Acc.bg': 0.9715, 'Acc.pl': 0.9732, 'Fscore.bg': 0.9854, 'Fscore.pl': 0.3759, 'Precision.bg': 0.9998, 'Precision.pl': 0.233, 'Recall.bg': 0.9715, 'Recall.pl': 0.9732}
2022-02-22 10:54:30,257 INFO {'IoU.pl': 0.2403, 'IoU.pl_epo': 71, 'Acc.pl': 0.9941, 'Acc.pl_epo': 3, 'Fscore.pl': 0.3875, 'Fscore.pl_epo': 71, 'Precision.pl': 0.24280000000000002, 'Precision.pl_epo': 71, 'Recall.pl': 0.9941, 'Recall.pl_epo': 3}
2022-02-22 10:54:30,257 INFO training...
2022-02-22 10:55:34,916 INFO Epoch: [85/1000][139/140] Time 0.429 (avg: 0.461) Loss 0.010031 (avg: 0.012522) lr 1.620000e-03
2022-02-22 10:55:34,916 INFO testing...
2022-02-22 10:55:44,158 INFO {'aAcc': 0.9676, 'mIoU': 0.5851, 'mAcc': 0.9688, 'mFscore': 0.6604000000000001, 'mPrecision': 0.602, 'mRecall': 0.9688, 'IoU.bg': 0.9673, 'IoU.pl': 0.203, 'Acc.bg': 0.9676, 'Acc.pl': 0.9701000000000001, 'Fscore.bg': 0.9834, 'Fscore.pl': 0.3375, 'Precision.bg': 0.9997, 'Precision.pl': 0.2043, 'Recall.bg': 0.9676, 'Recall.pl': 0.9701000000000001}
2022-02-22 10:55:44,159 INFO {'IoU.pl': 0.2403, 'IoU.pl_epo': 71, 'Acc.pl': 0.9941, 'Acc.pl_epo': 3, 'Fscore.pl': 0.3875, 'Fscore.pl_epo': 71, 'Precision.pl': 0.24280000000000002, 'Precision.pl_epo': 71, 'Recall.pl': 0.9941, 'Recall.pl_epo': 3}
2022-02-22 10:55:44,159 INFO training...
2022-02-22 10:56:49,186 INFO Epoch: [86/1000][139/140] Time 0.427 (avg: 0.463) Loss 0.026456 (avg: 0.011733) lr 1.620000e-03
2022-02-22 10:56:49,186 INFO testing...
2022-02-22 10:57:00,056 INFO {'aAcc': 0.9787, 'mIoU': 0.6128, 'mAcc': 0.9695, 'mFscore': 0.6927, 'mPrecision': 0.6246, 'mRecall': 0.9695, 'IoU.bg': 0.9784999999999999, 'IoU.pl': 0.247, 'Acc.bg': 0.9788, 'Acc.pl': 0.9601999999999999, 'Fscore.bg': 0.9892, 'Fscore.pl': 0.3962, 'Precision.bg': 0.9997, 'Precision.pl': 0.24960000000000002, 'Recall.bg': 0.9788, 'Recall.pl': 0.9601999999999999}
2022-02-22 10:57:00,056 INFO {'IoU.pl': 0.247, 'IoU.pl_epo': 86, 'Acc.pl': 0.9941, 'Acc.pl_epo': 3, 'Fscore.pl': 0.3962, 'Fscore.pl_epo': 86, 'Precision.pl': 0.24960000000000002, 'Precision.pl_epo': 86, 'Recall.pl': 0.9941, 'Recall.pl_epo': 3}
2022-02-22 10:57:00,331 INFO training...
2022-02-22 10:58:05,036 INFO Epoch: [87/1000][139/140] Time 0.435 (avg: 0.461) Loss 0.018169 (avg: 0.012141) lr 1.620000e-03
2022-02-22 10:58:05,037 INFO testing...
2022-02-22 10:58:15,263 INFO {'aAcc': 0.9738, 'mIoU': 0.607, 'mAcc': 0.9638, 'mFscore': 0.6870999999999999, 'mPrecision': 0.6214, 'mRecall': 0.9638, 'IoU.bg': 0.9736, 'IoU.pl': 0.2404, 'Acc.bg': 0.9740000000000001, 'Acc.pl': 0.9536, 'Fscore.bg': 0.9865999999999999, 'Fscore.pl': 0.3876, 'Precision.bg': 0.9995999999999999, 'Precision.pl': 0.2432, 'Recall.bg': 0.9740000000000001, 'Recall.pl': 0.9536}
2022-02-22 10:58:15,263 INFO {'IoU.pl': 0.247, 'IoU.pl_epo': 86, 'Acc.pl': 0.9941, 'Acc.pl_epo': 3, 'Fscore.pl': 0.3962, 'Fscore.pl_epo': 86, 'Precision.pl': 0.24960000000000002, 'Precision.pl_epo': 86, 'Recall.pl': 0.9941, 'Recall.pl_epo': 3}
2022-02-22 10:58:15,263 INFO training...
2022-02-22 10:59:19,938 INFO Epoch: [88/1000][139/140] Time 0.432 (avg: 0.461) Loss 0.005068 (avg: 0.011838) lr 1.620000e-03
2022-02-22 10:59:19,939 INFO testing...
2022-02-22 10:59:31,860 INFO {'aAcc': 0.972, 'mIoU': 0.5915, 'mAcc': 0.9765999999999999, 'mFscore': 0.6673, 'mPrecision': 0.606, 'mRecall': 0.9765999999999999, 'IoU.bg': 0.9717, 'IoU.pl': 0.2113, 'Acc.bg': 0.9719, 'Acc.pl': 0.9813, 'Fscore.bg': 0.9856999999999999, 'Fscore.pl': 0.3488, 'Precision.bg': 0.9998999999999999, 'Precision.pl': 0.2121, 'Recall.bg': 0.9719, 'Recall.pl': 0.9813}
2022-02-22 10:59:31,860 INFO {'IoU.pl': 0.247, 'IoU.pl_epo': 86, 'Acc.pl': 0.9941, 'Acc.pl_epo': 3, 'Fscore.pl': 0.3962, 'Fscore.pl_epo': 86, 'Precision.pl': 0.24960000000000002, 'Precision.pl_epo': 86, 'Recall.pl': 0.9941, 'Recall.pl_epo': 3}
2022-02-22 10:59:31,860 INFO training...
2022-02-22 11:00:36,714 INFO Epoch: [89/1000][139/140] Time 0.433 (avg: 0.462) Loss 0.006521 (avg: 0.013095) lr 1.620000e-03
2022-02-22 11:00:36,715 INFO testing...
2022-02-22 11:00:48,358 INFO {'aAcc': 0.9765, 'mIoU': 0.6085, 'mAcc': 0.9789, 'mFscore': 0.688, 'mPrecision': 0.6208, 'mRecall': 0.9789, 'IoU.bg': 0.9764, 'IoU.pl': 0.2407, 'Acc.bg': 0.9765, 'Acc.pl': 0.9812000000000001, 'Fscore.bg': 0.988, 'Fscore.pl': 0.38799999999999996, 'Precision.bg': 0.9998999999999999, 'Precision.pl': 0.2418, 'Recall.bg': 0.9765, 'Recall.pl': 0.9812000000000001}
2022-02-22 11:00:48,359 INFO {'IoU.pl': 0.247, 'IoU.pl_epo': 86, 'Acc.pl': 0.9941, 'Acc.pl_epo': 3, 'Fscore.pl': 0.3962, 'Fscore.pl_epo': 86, 'Precision.pl': 0.24960000000000002, 'Precision.pl_epo': 86, 'Recall.pl': 0.9941, 'Recall.pl_epo': 3}
2022-02-22 11:00:48,359 INFO training...
2022-02-22 11:01:53,275 INFO Epoch: [90/1000][139/140] Time 0.428 (avg: 0.463) Loss 0.016848 (avg: 0.011930) lr 1.620000e-03
2022-02-22 11:01:53,275 INFO testing...
2022-02-22 11:02:03,455 INFO {'aAcc': 0.973, 'mIoU': 0.5947, 'mAcc': 0.9709, 'mFscore': 0.6712, 'mPrecision': 0.609, 'mRecall': 0.9709, 'IoU.bg': 0.9728, 'IoU.pl': 0.2167, 'Acc.bg': 0.9731000000000001, 'Acc.pl': 0.9688, 'Fscore.bg': 0.9862000000000001, 'Fscore.pl': 0.35619999999999996, 'Precision.bg': 0.9998, 'Precision.pl': 0.2182, 'Recall.bg': 0.9731000000000001, 'Recall.pl': 0.9688}
2022-02-22 11:02:03,455 INFO {'IoU.pl': 0.247, 'IoU.pl_epo': 86, 'Acc.pl': 0.9941, 'Acc.pl_epo': 3, 'Fscore.pl': 0.3962, 'Fscore.pl_epo': 86, 'Precision.pl': 0.24960000000000002, 'Precision.pl_epo': 86, 'Recall.pl': 0.9941, 'Recall.pl_epo': 3}
2022-02-22 11:02:03,455 INFO training...
2022-02-22 11:03:08,158 INFO Epoch: [91/1000][139/140] Time 0.429 (avg: 0.461) Loss 0.054773 (avg: 0.011136) lr 1.620000e-03
2022-02-22 11:03:08,159 INFO testing...
2022-02-22 11:03:18,154 INFO {'aAcc': 0.9702, 'mIoU': 0.5879, 'mAcc': 0.9768000000000001, 'mFscore': 0.6629999999999999, 'mPrecision': 0.6032, 'mRecall': 0.9768000000000001, 'IoU.bg': 0.97, 'IoU.pl': 0.20579999999999998, 'Acc.bg': 0.9701000000000001, 'Acc.pl': 0.9834, 'Fscore.bg': 0.9848, 'Fscore.pl': 0.34130000000000005, 'Precision.bg': 0.9998999999999999, 'Precision.pl': 0.2065, 'Recall.bg': 0.9701000000000001, 'Recall.pl': 0.9834}
2022-02-22 11:03:18,154 INFO {'IoU.pl': 0.247, 'IoU.pl_epo': 86, 'Acc.pl': 0.9941, 'Acc.pl_epo': 3, 'Fscore.pl': 0.3962, 'Fscore.pl_epo': 86, 'Precision.pl': 0.24960000000000002, 'Precision.pl_epo': 86, 'Recall.pl': 0.9941, 'Recall.pl_epo': 3}
2022-02-22 11:03:18,155 INFO training...
2022-02-22 11:04:23,051 INFO Epoch: [92/1000][139/140] Time 0.429 (avg: 0.462) Loss 0.005005 (avg: 0.013126) lr 1.620000e-03
2022-02-22 11:04:23,051 INFO testing...
2022-02-22 11:04:33,940 INFO {'aAcc': 0.9695999999999999, 'mIoU': 0.5907, 'mAcc': 0.9751000000000001, 'mFscore': 0.6670999999999999, 'mPrecision': 0.6064, 'mRecall': 0.9751000000000001, 'IoU.bg': 0.9693999999999999, 'IoU.pl': 0.212, 'Acc.bg': 0.9695, 'Acc.pl': 0.9806999999999999, 'Fscore.bg': 0.9845, 'Fscore.pl': 0.34979999999999994, 'Precision.bg': 0.9998, 'Precision.pl': 0.21289999999999998, 'Recall.bg': 0.9695, 'Recall.pl': 0.9806999999999999}
2022-02-22 11:04:33,941 INFO {'IoU.pl': 0.247, 'IoU.pl_epo': 86, 'Acc.pl': 0.9941, 'Acc.pl_epo': 3, 'Fscore.pl': 0.3962, 'Fscore.pl_epo': 86, 'Precision.pl': 0.24960000000000002, 'Precision.pl_epo': 86, 'Recall.pl': 0.9941, 'Recall.pl_epo': 3}
2022-02-22 11:04:33,942 INFO training...
2022-02-22 11:05:38,707 INFO Epoch: [93/1000][139/140] Time 0.429 (avg: 0.462) Loss 0.006596 (avg: 0.011665) lr 1.620000e-03
2022-02-22 11:05:38,707 INFO testing...
2022-02-22 11:05:49,359 INFO {'aAcc': 0.9704999999999999, 'mIoU': 0.5903, 'mAcc': 0.9723999999999999, 'mFscore': 0.6663, 'mPrecision': 0.6057, 'mRecall': 0.9723999999999999, 'IoU.bg': 0.9702, 'IoU.pl': 0.2104, 'Acc.bg': 0.9704, 'Acc.pl': 0.9743, 'Fscore.bg': 0.9849, 'Fscore.pl': 0.3477, 'Precision.bg': 0.9998, 'Precision.pl': 0.2116, 'Recall.bg': 0.9704, 'Recall.pl': 0.9743}
2022-02-22 11:05:49,359 INFO {'IoU.pl': 0.247, 'IoU.pl_epo': 86, 'Acc.pl': 0.9941, 'Acc.pl_epo': 3, 'Fscore.pl': 0.3962, 'Fscore.pl_epo': 86, 'Precision.pl': 0.24960000000000002, 'Precision.pl_epo': 86, 'Recall.pl': 0.9941, 'Recall.pl_epo': 3}
2022-02-22 11:05:49,360 INFO training...
2022-02-22 11:06:54,823 INFO Epoch: [94/1000][139/140] Time 0.434 (avg: 0.466) Loss 0.016113 (avg: 0.012879) lr 1.620000e-03
2022-02-22 11:06:54,824 INFO testing...
2022-02-22 11:07:06,159 INFO {'aAcc': 0.9739, 'mIoU': 0.6078, 'mAcc': 0.9611, 'mFscore': 0.6881, 'mPrecision': 0.6223, 'mRecall': 0.9611, 'IoU.bg': 0.9737, 'IoU.pl': 0.2419, 'Acc.bg': 0.9741, 'Acc.pl': 0.9481999999999999, 'Fscore.bg': 0.9867, 'Fscore.pl': 0.3896, 'Precision.bg': 0.9995, 'Precision.pl': 0.2452, 'Recall.bg': 0.9741, 'Recall.pl': 0.9481999999999999}
2022-02-22 11:07:06,160 INFO {'IoU.pl': 0.247, 'IoU.pl_epo': 86, 'Acc.pl': 0.9941, 'Acc.pl_epo': 3, 'Fscore.pl': 0.3962, 'Fscore.pl_epo': 86, 'Precision.pl': 0.24960000000000002, 'Precision.pl_epo': 86, 'Recall.pl': 0.9941, 'Recall.pl_epo': 3}
2022-02-22 11:07:06,160 INFO training...
2022-02-22 11:08:11,385 INFO Epoch: [95/1000][139/140] Time 0.430 (avg: 0.464) Loss 0.008163 (avg: 0.012381) lr 1.620000e-03
2022-02-22 11:08:11,386 INFO testing...
2022-02-22 11:08:23,656 INFO {'aAcc': 0.9704, 'mIoU': 0.5943999999999999, 'mAcc': 0.9748, 'mFscore': 0.6718999999999999, 'mPrecision': 0.6098, 'mRecall': 0.9748, 'IoU.bg': 0.9701000000000001, 'IoU.pl': 0.2187, 'Acc.bg': 0.9703, 'Acc.pl': 0.9792000000000001, 'Fscore.bg': 0.9848, 'Fscore.pl': 0.3589, 'Precision.bg': 0.9998, 'Precision.pl': 0.21969999999999998, 'Recall.bg': 0.9703, 'Recall.pl': 0.9792000000000001}
2022-02-22 11:08:23,657 INFO {'IoU.pl': 0.247, 'IoU.pl_epo': 86, 'Acc.pl': 0.9941, 'Acc.pl_epo': 3, 'Fscore.pl': 0.3962, 'Fscore.pl_epo': 86, 'Precision.pl': 0.24960000000000002, 'Precision.pl_epo': 86, 'Recall.pl': 0.9941, 'Recall.pl_epo': 3}
2022-02-22 11:08:23,657 INFO training...
2022-02-22 11:09:28,519 INFO Epoch: [96/1000][139/140] Time 0.437 (avg: 0.462) Loss 0.013741 (avg: 0.011816) lr 1.620000e-03
2022-02-22 11:09:28,520 INFO testing...
2022-02-22 11:09:40,460 INFO {'aAcc': 0.971, 'mIoU': 0.5867, 'mAcc': 0.9765, 'mFscore': 0.6609999999999999, 'mPrecision': 0.6015999999999999, 'mRecall': 0.9765, 'IoU.bg': 0.9708, 'IoU.pl': 0.2025, 'Acc.bg': 0.9709, 'Acc.pl': 0.982, 'Fscore.bg': 0.9852, 'Fscore.pl': 0.3369, 'Precision.bg': 0.9998999999999999, 'Precision.pl': 0.20329999999999998, 'Recall.bg': 0.9709, 'Recall.pl': 0.982}
2022-02-22 11:09:40,460 INFO {'IoU.pl': 0.247, 'IoU.pl_epo': 86, 'Acc.pl': 0.9941, 'Acc.pl_epo': 3, 'Fscore.pl': 0.3962, 'Fscore.pl_epo': 86, 'Precision.pl': 0.24960000000000002, 'Precision.pl_epo': 86, 'Recall.pl': 0.9941, 'Recall.pl_epo': 3}
2022-02-22 11:09:40,460 INFO training...
2022-02-22 11:10:45,338 INFO Epoch: [97/1000][139/140] Time 0.426 (avg: 0.462) Loss 0.010705 (avg: 0.012443) lr 1.620000e-03
2022-02-22 11:10:45,339 INFO testing...
2022-02-22 11:10:56,369 INFO {'aAcc': 0.9656999999999999, 'mIoU': 0.5824, 'mAcc': 0.97, 'mFscore': 0.6575, 'mPrecision': 0.6001, 'mRecall': 0.97, 'IoU.bg': 0.9654, 'IoU.pl': 0.19940000000000002, 'Acc.bg': 0.9656999999999999, 'Acc.pl': 0.9743, 'Fscore.bg': 0.9823999999999999, 'Fscore.pl': 0.3325, 'Precision.bg': 0.9998, 'Precision.pl': 0.2005, 'Recall.bg': 0.9656999999999999, 'Recall.pl': 0.9743}
2022-02-22 11:10:56,370 INFO {'IoU.pl': 0.247, 'IoU.pl_epo': 86, 'Acc.pl': 0.9941, 'Acc.pl_epo': 3, 'Fscore.pl': 0.3962, 'Fscore.pl_epo': 86, 'Precision.pl': 0.24960000000000002, 'Precision.pl_epo': 86, 'Recall.pl': 0.9941, 'Recall.pl_epo': 3}
2022-02-22 11:10:56,370 INFO training...
2022-02-22 11:12:01,186 INFO Epoch: [98/1000][139/140] Time 0.430 (avg: 0.462) Loss 0.006287 (avg: 0.011953) lr 1.458000e-03
2022-02-22 11:12:01,187 INFO testing...
2022-02-22 11:12:15,045 INFO {'aAcc': 0.9731000000000001, 'mIoU': 0.6074, 'mAcc': 0.9691, 'mFscore': 0.6879000000000001, 'mPrecision': 0.6218, 'mRecall': 0.9691, 'IoU.bg': 0.9728, 'IoU.pl': 0.2419, 'Acc.bg': 0.9731000000000001, 'Acc.pl': 0.9651000000000001, 'Fscore.bg': 0.9862000000000001, 'Fscore.pl': 0.3895, 'Precision.bg': 0.9997, 'Precision.pl': 0.244, 'Recall.bg': 0.9731000000000001, 'Recall.pl': 0.9651000000000001}
2022-02-22 11:12:15,045 INFO {'IoU.pl': 0.247, 'IoU.pl_epo': 86, 'Acc.pl': 0.9941, 'Acc.pl_epo': 3, 'Fscore.pl': 0.3962, 'Fscore.pl_epo': 86, 'Precision.pl': 0.24960000000000002, 'Precision.pl_epo': 86, 'Recall.pl': 0.9941, 'Recall.pl_epo': 3}
2022-02-22 11:12:15,045 INFO training...
2022-02-22 11:13:19,507 INFO Epoch: [99/1000][139/140] Time 0.432 (avg: 0.459) Loss 0.010173 (avg: 0.011950) lr 1.458000e-03
2022-02-22 11:13:19,508 INFO testing...
2022-02-22 11:13:30,282 INFO {'aAcc': 0.9734999999999999, 'mIoU': 0.5913, 'mAcc': 0.9734999999999999, 'mFscore': 0.6662, 'mPrecision': 0.6051, 'mRecall': 0.9734999999999999, 'IoU.bg': 0.9732999999999999, 'IoU.pl': 0.20920000000000002, 'Acc.bg': 0.9734999999999999, 'Acc.pl': 0.9734, 'Fscore.bg': 0.9865, 'Fscore.pl': 0.34600000000000003, 'Precision.bg': 0.9998, 'Precision.pl': 0.2104, 'Recall.bg': 0.9734999999999999, 'Recall.pl': 0.9734}
2022-02-22 11:13:30,283 INFO {'IoU.pl': 0.247, 'IoU.pl_epo': 86, 'Acc.pl': 0.9941, 'Acc.pl_epo': 3, 'Fscore.pl': 0.3962, 'Fscore.pl_epo': 86, 'Precision.pl': 0.24960000000000002, 'Precision.pl_epo': 86, 'Recall.pl': 0.9941, 'Recall.pl_epo': 3}
2022-02-22 11:13:30,283 INFO training...
2022-02-22 11:14:35,393 INFO Epoch: [100/1000][139/140] Time 0.432 (avg: 0.464) Loss 0.012745 (avg: 0.011439) lr 1.458000e-03
2022-02-22 11:14:35,393 INFO testing...
2022-02-22 11:14:45,240 INFO {'aAcc': 0.9756999999999999, 'mIoU': 0.6152000000000001, 'mAcc': 0.9688, 'mFscore': 0.6969, 'mPrecision': 0.6285000000000001, 'mRecall': 0.9688, 'IoU.bg': 0.9754999999999999, 'IoU.pl': 0.2548, 'Acc.bg': 0.9758, 'Acc.pl': 0.9619, 'Fscore.bg': 0.9876, 'Fscore.pl': 0.40619999999999995, 'Precision.bg': 0.9997, 'Precision.pl': 0.25739999999999996, 'Recall.bg': 0.9758, 'Recall.pl': 0.9619}
2022-02-22 11:14:45,240 INFO {'IoU.pl': 0.2548, 'IoU.pl_epo': 100, 'Acc.pl': 0.9941, 'Acc.pl_epo': 3, 'Fscore.pl': 0.40619999999999995, 'Fscore.pl_epo': 100, 'Precision.pl': 0.25739999999999996, 'Precision.pl_epo': 100, 'Recall.pl': 0.9941, 'Recall.pl_epo': 3}
2022-02-22 11:14:45,475 INFO training...
2022-02-22 11:15:49,987 INFO Epoch: [101/1000][139/140] Time 0.432 (avg: 0.460) Loss 0.008331 (avg: 0.011860) lr 1.458000e-03
2022-02-22 11:15:49,987 INFO testing...
2022-02-22 11:15:59,777 INFO {'aAcc': 0.9665, 'mIoU': 0.5835, 'mAcc': 0.9745, 'mFscore': 0.6586, 'mPrecision': 0.6006, 'mRecall': 0.9745, 'IoU.bg': 0.9662000000000001, 'IoU.pl': 0.2007, 'Acc.bg': 0.9664, 'Acc.pl': 0.9826999999999999, 'Fscore.bg': 0.9828, 'Fscore.pl': 0.3343, 'Precision.bg': 0.9998, 'Precision.pl': 0.2014, 'Recall.bg': 0.9664, 'Recall.pl': 0.9826999999999999}
2022-02-22 11:15:59,777 INFO {'IoU.pl': 0.2548, 'IoU.pl_epo': 100, 'Acc.pl': 0.9941, 'Acc.pl_epo': 3, 'Fscore.pl': 0.40619999999999995, 'Fscore.pl_epo': 100, 'Precision.pl': 0.25739999999999996, 'Precision.pl_epo': 100, 'Recall.pl': 0.9941, 'Recall.pl_epo': 3}
2022-02-22 11:15:59,777 INFO training...
2022-02-22 11:17:05,294 INFO Epoch: [102/1000][139/140] Time 0.433 (avg: 0.467) Loss 0.026917 (avg: 0.012500) lr 1.458000e-03
2022-02-22 11:17:05,294 INFO testing...
2022-02-22 11:17:15,760 INFO {'aAcc': 0.9719, 'mIoU': 0.5924, 'mAcc': 0.9726, 'mFscore': 0.6685, 'mPrecision': 0.6071, 'mRecall': 0.9726, 'IoU.bg': 0.9717, 'IoU.pl': 0.2132, 'Acc.bg': 0.9719, 'Acc.pl': 0.9734, 'Fscore.bg': 0.9856, 'Fscore.pl': 0.3514, 'Precision.bg': 0.9998, 'Precision.pl': 0.2144, 'Recall.bg': 0.9719, 'Recall.pl': 0.9734}
2022-02-22 11:17:15,761 INFO {'IoU.pl': 0.2548, 'IoU.pl_epo': 100, 'Acc.pl': 0.9941, 'Acc.pl_epo': 3, 'Fscore.pl': 0.40619999999999995, 'Fscore.pl_epo': 100, 'Precision.pl': 0.25739999999999996, 'Precision.pl_epo': 100, 'Recall.pl': 0.9941, 'Recall.pl_epo': 3}
2022-02-22 11:17:15,761 INFO training...
2022-02-22 11:18:20,648 INFO Epoch: [103/1000][139/140] Time 0.430 (avg: 0.462) Loss 0.007357 (avg: 0.011138) lr 1.458000e-03
2022-02-22 11:18:20,648 INFO testing...
2022-02-22 11:18:31,858 INFO {'aAcc': 0.9727, 'mIoU': 0.6028, 'mAcc': 0.9754, 'mFscore': 0.6820999999999999, 'mPrecision': 0.6171, 'mRecall': 0.9754, 'IoU.bg': 0.9725, 'IoU.pl': 0.23309999999999997, 'Acc.bg': 0.9727, 'Acc.pl': 0.9781, 'Fscore.bg': 0.9861, 'Fscore.pl': 0.37810000000000005, 'Precision.bg': 0.9998, 'Precision.pl': 0.2343, 'Recall.bg': 0.9727, 'Recall.pl': 0.9781}
2022-02-22 11:18:31,859 INFO {'IoU.pl': 0.2548, 'IoU.pl_epo': 100, 'Acc.pl': 0.9941, 'Acc.pl_epo': 3, 'Fscore.pl': 0.40619999999999995, 'Fscore.pl_epo': 100, 'Precision.pl': 0.25739999999999996, 'Precision.pl_epo': 100, 'Recall.pl': 0.9941, 'Recall.pl_epo': 3}
2022-02-22 11:18:31,859 INFO training...
2022-02-22 11:19:36,910 INFO Epoch: [104/1000][139/140] Time 0.440 (avg: 0.463) Loss 0.017407 (avg: 0.012093) lr 1.458000e-03
2022-02-22 11:19:36,911 INFO testing...
2022-02-22 11:19:51,646 INFO {'aAcc': 0.9672, 'mIoU': 0.5919, 'mAcc': 0.9708, 'mFscore': 0.6698999999999999, 'mPrecision': 0.609, 'mRecall': 0.9708, 'IoU.bg': 0.9669, 'IoU.pl': 0.217, 'Acc.bg': 0.9671, 'Acc.pl': 0.9745, 'Fscore.bg': 0.9832, 'Fscore.pl': 0.3566, 'Precision.bg': 0.9998, 'Precision.pl': 0.2182, 'Recall.bg': 0.9671, 'Recall.pl': 0.9745}
2022-02-22 11:19:51,647 INFO {'IoU.pl': 0.2548, 'IoU.pl_epo': 100, 'Acc.pl': 0.9941, 'Acc.pl_epo': 3, 'Fscore.pl': 0.40619999999999995, 'Fscore.pl_epo': 100, 'Precision.pl': 0.25739999999999996, 'Precision.pl_epo': 100, 'Recall.pl': 0.9941, 'Recall.pl_epo': 3}
2022-02-22 11:19:51,647 INFO training...
2022-02-22 11:20:56,618 INFO Epoch: [105/1000][139/140] Time 0.432 (avg: 0.463) Loss 0.016912 (avg: 0.012360) lr 1.458000e-03
2022-02-22 11:20:56,618 INFO testing...
2022-02-22 11:21:06,250 INFO {'aAcc': 0.9702, 'mIoU': 0.5897, 'mAcc': 0.9761, 'mFscore': 0.6655, 'mPrecision': 0.605, 'mRecall': 0.9761, 'IoU.bg': 0.9699, 'IoU.pl': 0.2094, 'Acc.bg': 0.9701000000000001, 'Acc.pl': 0.9821, 'Fscore.bg': 0.9847, 'Fscore.pl': 0.34630000000000005, 'Precision.bg': 0.9998999999999999, 'Precision.pl': 0.2102, 'Recall.bg': 0.9701000000000001, 'Recall.pl': 0.9821}
2022-02-22 11:21:06,250 INFO {'IoU.pl': 0.2548, 'IoU.pl_epo': 100, 'Acc.pl': 0.9941, 'Acc.pl_epo': 3, 'Fscore.pl': 0.40619999999999995, 'Fscore.pl_epo': 100, 'Precision.pl': 0.25739999999999996, 'Precision.pl_epo': 100, 'Recall.pl': 0.9941, 'Recall.pl_epo': 3}
2022-02-22 11:21:06,250 INFO training...
