2022-03-08 21:21:34,021 INFO use amp
2022-03-08 21:21:34,022 INFO Called with args:
2022-03-08 21:21:34,022 INFO batch_size      | 4
2022-03-08 21:21:34,022 INFO opt             | adamw
2022-03-08 21:21:34,022 INFO model           | unet
2022-03-08 21:21:34,022 INFO lr              | 0.0002
2022-03-08 21:21:34,022 INFO momentum        | 0.9
2022-03-08 21:21:34,022 INFO weight_decay    | 0.01
2022-03-08 21:21:34,022 INFO stepsize        | 50
2022-03-08 21:21:34,022 INFO gamma           | 0.9
2022-03-08 21:21:34,022 INFO max_epoch       | 1000
2022-03-08 21:21:34,022 INFO iter_size       | 1
2022-03-08 21:21:34,022 INFO start_epoch     | 0
2022-03-08 21:21:34,022 INFO print_freq      | 500
2022-03-08 21:21:34,022 INFO gpu             | 0
2022-03-08 21:21:34,022 INFO resume          | None
2022-03-08 21:21:34,022 INFO pretrain        | None
2022-03-08 21:21:34,022 INFO save_dir        | results/UNET20220308_2121-bs-4-lr-0.0002-dataflag-grayscale-aug-False
2022-03-08 21:21:34,022 INFO dataset         | data
2022-03-08 21:21:34,022 INFO dataflag        | grayscale
2022-03-08 21:21:34,022 INFO amp             | O1
2022-03-08 21:21:34,023 INFO aug             | False
2022-03-08 21:21:34,023 INFO fuse_num        | None
2022-03-08 21:21:34,023 INFO short_cat       | None
2022-03-08 21:21:34,023 INFO scale           | True
2022-03-08 21:21:34,023 INFO augs            | ['flip']
2022-03-08 21:21:34,023 INFO training...
2022-03-08 21:26:23,985 INFO Epoch: [1/1000][280/281] Time 289.749 (avg: 145.629) Loss 0.042481 (avg: 0.023745) lr 2.000000e-04
2022-03-08 21:26:23,991 INFO testing...
2022-03-08 21:26:37,342 INFO {'aAcc': 0.8856999999999999, 'mIoU': 0.5081, 'mAcc': 0.8886, 'mFscore': 0.5861999999999999, 'mPrecision': 0.5661999999999999, 'mRecall': 0.8886, 'IoU.bg': 0.8837, 'IoU.pl': 0.1326, 'Acc.bg': 0.8856, 'Acc.pl': 0.8917, 'Fscore.bg': 0.9381999999999999, 'Fscore.pl': 0.23420000000000002, 'Precision.bg': 0.9976, 'Precision.pl': 0.1348, 'Recall.bg': 0.8856, 'Recall.pl': 0.8917}
2022-03-08 21:26:37,342 INFO {'IoU.pl': 0.1326, 'IoU.pl_epo': 1, 'Acc.pl': 0.8917, 'Acc.pl_epo': 1, 'Fscore.pl': 0.23420000000000002, 'Fscore.pl_epo': 1, 'Precision.pl': 0.1348, 'Precision.pl_epo': 1, 'Recall.pl': 0.8917, 'Recall.pl_epo': 1}
2022-03-08 21:26:37,798 INFO training...
2022-03-08 21:31:26,972 INFO Epoch: [2/1000][280/281] Time 288.983 (avg: 145.538) Loss 0.037636 (avg: 0.019656) lr 2.000000e-04
2022-03-08 21:31:26,978 INFO testing...
2022-03-08 21:31:41,164 INFO {'aAcc': 0.9340999999999999, 'mIoU': 0.5704, 'mAcc': 0.9083, 'mFscore': 0.6547, 'mPrecision': 0.6056, 'mRecall': 0.9083, 'IoU.bg': 0.9329999999999999, 'IoU.pl': 0.2078, 'Acc.bg': 0.9351999999999999, 'Acc.pl': 0.8815000000000001, 'Fscore.bg': 0.9653, 'Fscore.pl': 0.344, 'Precision.bg': 0.9975, 'Precision.pl': 0.2137, 'Recall.bg': 0.9351999999999999, 'Recall.pl': 0.8815000000000001}
2022-03-08 21:31:41,238 INFO {'IoU.pl': 0.2078, 'IoU.pl_epo': 2, 'Acc.pl': 0.8917, 'Acc.pl_epo': 1, 'Fscore.pl': 0.344, 'Fscore.pl_epo': 2, 'Precision.pl': 0.2137, 'Precision.pl_epo': 2, 'Recall.pl': 0.8917, 'Recall.pl_epo': 1}
2022-03-08 21:31:41,708 INFO training...
2022-03-08 21:36:34,983 INFO Epoch: [3/1000][280/281] Time 293.091 (avg: 147.519) Loss 0.014723 (avg: 0.017542) lr 2.000000e-04
2022-03-08 21:36:34,988 INFO testing...
2022-03-08 21:36:48,956 INFO {'aAcc': 0.8956000000000001, 'mIoU': 0.522, 'mAcc': 0.9187000000000001, 'mFscore': 0.6027, 'mPrecision': 0.5753, 'mRecall': 0.9187000000000001, 'IoU.bg': 0.8936, 'IoU.pl': 0.15039999999999998, 'Acc.bg': 0.8946999999999999, 'Acc.pl': 0.9428, 'Fscore.bg': 0.9438, 'Fscore.pl': 0.2615, 'Precision.bg': 0.9987, 'Precision.pl': 0.1518, 'Recall.bg': 0.8946999999999999, 'Recall.pl': 0.9428}
2022-03-08 21:36:48,957 INFO {'IoU.pl': 0.2078, 'IoU.pl_epo': 2, 'Acc.pl': 0.9428, 'Acc.pl_epo': 3, 'Fscore.pl': 0.344, 'Fscore.pl_epo': 2, 'Precision.pl': 0.2137, 'Precision.pl_epo': 2, 'Recall.pl': 0.9428, 'Recall.pl_epo': 3}
2022-03-08 21:36:49,427 INFO training...
2022-03-08 21:41:39,977 INFO Epoch: [4/1000][280/281] Time 290.369 (avg: 146.482) Loss 0.011654 (avg: 0.016470) lr 2.000000e-04
2022-03-08 21:41:39,983 INFO testing...
2022-03-08 21:41:52,558 INFO {'aAcc': 0.9525, 'mIoU': 0.6117, 'mAcc': 0.9286, 'mFscore': 0.7012999999999999, 'mPrecision': 0.6389, 'mRecall': 0.9286, 'IoU.bg': 0.9517, 'IoU.pl': 0.2717, 'Acc.bg': 0.9534999999999999, 'Acc.pl': 0.9037999999999999, 'Fscore.bg': 0.9752, 'Fscore.pl': 0.42729999999999996, 'Precision.bg': 0.998, 'Precision.pl': 0.2798, 'Recall.bg': 0.9534999999999999, 'Recall.pl': 0.9037999999999999}
2022-03-08 21:41:52,559 INFO {'IoU.pl': 0.2717, 'IoU.pl_epo': 4, 'Acc.pl': 0.9428, 'Acc.pl_epo': 3, 'Fscore.pl': 0.42729999999999996, 'Fscore.pl_epo': 4, 'Precision.pl': 0.2798, 'Precision.pl_epo': 4, 'Recall.pl': 0.9428, 'Recall.pl_epo': 3}
2022-03-08 21:41:53,127 INFO training...
2022-03-08 21:46:42,989 INFO Epoch: [5/1000][280/281] Time 289.681 (avg: 146.296) Loss 0.019930 (avg: 0.015239) lr 2.000000e-04
2022-03-08 21:46:42,997 INFO testing...
2022-03-08 21:46:54,151 INFO {'aAcc': 0.9208, 'mIoU': 0.5526, 'mAcc': 0.9216, 'mFscore': 0.6357, 'mPrecision': 0.5936, 'mRecall': 0.9216, 'IoU.bg': 0.9194, 'IoU.pl': 0.1859, 'Acc.bg': 0.9208, 'Acc.pl': 0.9223, 'Fscore.bg': 0.958, 'Fscore.pl': 0.3135, 'Precision.bg': 0.9983, 'Precision.pl': 0.1888, 'Recall.bg': 0.9208, 'Recall.pl': 0.9223}
2022-03-08 21:46:54,151 INFO {'IoU.pl': 0.2717, 'IoU.pl_epo': 4, 'Acc.pl': 0.9428, 'Acc.pl_epo': 3, 'Fscore.pl': 0.42729999999999996, 'Fscore.pl_epo': 4, 'Precision.pl': 0.2798, 'Precision.pl_epo': 4, 'Recall.pl': 0.9428, 'Recall.pl_epo': 3}
2022-03-08 21:46:54,151 INFO training...
2022-03-08 21:51:45,842 INFO Epoch: [6/1000][280/281] Time 291.522 (avg: 147.543) Loss 0.022248 (avg: 0.014422) lr 2.000000e-04
2022-03-08 21:51:45,848 INFO testing...
2022-03-08 21:51:58,755 INFO {'aAcc': 0.9455, 'mIoU': 0.5951, 'mAcc': 0.9259000000000001, 'mFscore': 0.6829999999999999, 'mPrecision': 0.6251, 'mRecall': 0.9259000000000001, 'IoU.bg': 0.9445, 'IoU.pl': 0.2457, 'Acc.bg': 0.9462999999999999, 'Acc.pl': 0.9055, 'Fscore.bg': 0.9715, 'Fscore.pl': 0.3945, 'Precision.bg': 0.998, 'Precision.pl': 0.2521, 'Recall.bg': 0.9462999999999999, 'Recall.pl': 0.9055}
2022-03-08 21:51:58,756 INFO {'IoU.pl': 0.2717, 'IoU.pl_epo': 4, 'Acc.pl': 0.9428, 'Acc.pl_epo': 3, 'Fscore.pl': 0.42729999999999996, 'Fscore.pl_epo': 4, 'Precision.pl': 0.2798, 'Precision.pl_epo': 4, 'Recall.pl': 0.9428, 'Recall.pl_epo': 3}
2022-03-08 21:51:58,756 INFO training...
2022-03-08 21:56:48,626 INFO Epoch: [7/1000][280/281] Time 289.660 (avg: 146.161) Loss 0.019865 (avg: 0.013682) lr 2.000000e-04
2022-03-08 21:56:48,633 INFO testing...
2022-03-08 21:57:00,047 INFO {'aAcc': 0.9586, 'mIoU': 0.6294, 'mAcc': 0.9346, 'mFscore': 0.7206, 'mPrecision': 0.6542, 'mRecall': 0.9346, 'IoU.bg': 0.9578, 'IoU.pl': 0.301, 'Acc.bg': 0.9595999999999999, 'Acc.pl': 0.9095, 'Fscore.bg': 0.9784999999999999, 'Fscore.pl': 0.46270000000000006, 'Precision.bg': 0.9981, 'Precision.pl': 0.3103, 'Recall.bg': 0.9595999999999999, 'Recall.pl': 0.9095}
2022-03-08 21:57:00,047 INFO {'IoU.pl': 0.301, 'IoU.pl_epo': 7, 'Acc.pl': 0.9428, 'Acc.pl_epo': 3, 'Fscore.pl': 0.46270000000000006, 'Fscore.pl_epo': 7, 'Precision.pl': 0.3103, 'Precision.pl_epo': 7, 'Recall.pl': 0.9428, 'Recall.pl_epo': 3}
2022-03-08 21:57:00,519 INFO training...
2022-03-08 22:01:51,048 INFO Epoch: [8/1000][280/281] Time 290.264 (avg: 146.060) Loss 0.008016 (avg: 0.012930) lr 2.000000e-04
2022-03-08 22:01:51,054 INFO testing...
2022-03-08 22:02:02,260 INFO {'aAcc': 0.9460999999999999, 'mIoU': 0.5999, 'mAcc': 0.9436, 'mFscore': 0.6889, 'mPrecision': 0.6289, 'mRecall': 0.9436, 'IoU.bg': 0.945, 'IoU.pl': 0.2548, 'Acc.bg': 0.9462, 'Acc.pl': 0.9411, 'Fscore.bg': 0.9717, 'Fscore.pl': 0.4061, 'Precision.bg': 0.9987999999999999, 'Precision.pl': 0.2589, 'Recall.bg': 0.9462, 'Recall.pl': 0.9411}
2022-03-08 22:02:02,260 INFO {'IoU.pl': 0.301, 'IoU.pl_epo': 7, 'Acc.pl': 0.9428, 'Acc.pl_epo': 3, 'Fscore.pl': 0.46270000000000006, 'Fscore.pl_epo': 7, 'Precision.pl': 0.3103, 'Precision.pl_epo': 7, 'Recall.pl': 0.9428, 'Recall.pl_epo': 3}
2022-03-08 22:02:02,260 INFO training...
2022-03-08 22:06:52,110 INFO Epoch: [9/1000][280/281] Time 289.645 (avg: 146.254) Loss 0.049061 (avg: 0.012363) lr 2.000000e-04
2022-03-08 22:06:52,117 INFO testing...
2022-03-08 22:07:06,959 INFO {'aAcc': 0.963, 'mIoU': 0.6408, 'mAcc': 0.9251, 'mFscore': 0.7323999999999999, 'mPrecision': 0.6653, 'mRecall': 0.9251, 'IoU.bg': 0.9623, 'IoU.pl': 0.31920000000000004, 'Acc.bg': 0.9645, 'Acc.pl': 0.8856999999999999, 'Fscore.bg': 0.9808, 'Fscore.pl': 0.484, 'Precision.bg': 0.9976, 'Precision.pl': 0.33299999999999996, 'Recall.bg': 0.9645, 'Recall.pl': 0.8856999999999999}
2022-03-08 22:07:06,960 INFO {'IoU.pl': 0.31920000000000004, 'IoU.pl_epo': 9, 'Acc.pl': 0.9428, 'Acc.pl_epo': 3, 'Fscore.pl': 0.484, 'Fscore.pl_epo': 9, 'Precision.pl': 0.33299999999999996, 'Precision.pl_epo': 9, 'Recall.pl': 0.9428, 'Recall.pl_epo': 3}
2022-03-08 22:07:07,587 INFO training...
2022-03-08 22:11:58,166 INFO Epoch: [10/1000][280/281] Time 290.381 (avg: 146.263) Loss 0.007849 (avg: 0.011755) lr 2.000000e-04
2022-03-08 22:11:58,173 INFO testing...
2022-03-08 22:12:10,257 INFO {'aAcc': 0.9537, 'mIoU': 0.618, 'mAcc': 0.9433, 'mFscore': 0.7086, 'mPrecision': 0.6439, 'mRecall': 0.9433, 'IoU.bg': 0.9529000000000001, 'IoU.pl': 0.2832, 'Acc.bg': 0.9542, 'Acc.pl': 0.9323999999999999, 'Fscore.bg': 0.9759, 'Fscore.pl': 0.4414, 'Precision.bg': 0.9986, 'Precision.pl': 0.2892, 'Recall.bg': 0.9542, 'Recall.pl': 0.9323999999999999}
2022-03-08 22:12:10,257 INFO {'IoU.pl': 0.31920000000000004, 'IoU.pl_epo': 9, 'Acc.pl': 0.9428, 'Acc.pl_epo': 3, 'Fscore.pl': 0.484, 'Fscore.pl_epo': 9, 'Precision.pl': 0.33299999999999996, 'Precision.pl_epo': 9, 'Recall.pl': 0.9428, 'Recall.pl_epo': 3}
2022-03-08 22:12:10,258 INFO training...
2022-03-08 22:17:00,079 INFO Epoch: [11/1000][280/281] Time 289.661 (avg: 145.927) Loss 0.014357 (avg: 0.011314) lr 2.000000e-04
2022-03-08 22:17:00,086 INFO testing...
2022-03-08 22:17:14,462 INFO {'aAcc': 0.9425, 'mIoU': 0.5916, 'mAcc': 0.9387000000000001, 'mFscore': 0.6796, 'mPrecision': 0.6222, 'mRecall': 0.9387000000000001, 'IoU.bg': 0.9415, 'IoU.pl': 0.24170000000000003, 'Acc.bg': 0.9427, 'Acc.pl': 0.9347, 'Fscore.bg': 0.9698, 'Fscore.pl': 0.3893, 'Precision.bg': 0.9986, 'Precision.pl': 0.2459, 'Recall.bg': 0.9427, 'Recall.pl': 0.9347}
2022-03-08 22:17:14,463 INFO {'IoU.pl': 0.31920000000000004, 'IoU.pl_epo': 9, 'Acc.pl': 0.9428, 'Acc.pl_epo': 3, 'Fscore.pl': 0.484, 'Fscore.pl_epo': 9, 'Precision.pl': 0.33299999999999996, 'Precision.pl_epo': 9, 'Recall.pl': 0.9428, 'Recall.pl_epo': 3}
2022-03-08 22:17:14,463 INFO training...
2022-03-08 22:22:04,318 INFO Epoch: [12/1000][280/281] Time 289.647 (avg: 147.005) Loss 0.018137 (avg: 0.010999) lr 2.000000e-04
2022-03-08 22:22:04,325 INFO testing...
2022-03-08 22:22:15,260 INFO {'aAcc': 0.958, 'mIoU': 0.6271, 'mAcc': 0.9314, 'mFscore': 0.718, 'mPrecision': 0.6523, 'mRecall': 0.9314, 'IoU.bg': 0.9573, 'IoU.pl': 0.2968, 'Acc.bg': 0.9591, 'Acc.pl': 0.9037000000000001, 'Fscore.bg': 0.9782, 'Fscore.pl': 0.4578, 'Precision.bg': 0.998, 'Precision.pl': 0.3065, 'Recall.bg': 0.9591, 'Recall.pl': 0.9037000000000001}
2022-03-08 22:22:15,260 INFO {'IoU.pl': 0.31920000000000004, 'IoU.pl_epo': 9, 'Acc.pl': 0.9428, 'Acc.pl_epo': 3, 'Fscore.pl': 0.484, 'Fscore.pl_epo': 9, 'Precision.pl': 0.33299999999999996, 'Precision.pl_epo': 9, 'Recall.pl': 0.9428, 'Recall.pl_epo': 3}
2022-03-08 22:22:15,260 INFO training...
2022-03-08 22:27:06,579 INFO Epoch: [13/1000][280/281] Time 291.146 (avg: 147.091) Loss 0.010144 (avg: 0.010533) lr 2.000000e-04
2022-03-08 22:27:06,588 INFO testing...
2022-03-08 22:27:19,154 INFO {'aAcc': 0.965, 'mIoU': 0.6501, 'mAcc': 0.9348000000000001, 'mFscore': 0.7423000000000001, 'mPrecision': 0.6731, 'mRecall': 0.9348000000000001, 'IoU.bg': 0.9643, 'IoU.pl': 0.3358, 'Acc.bg': 0.9662000000000001, 'Acc.pl': 0.9034, 'Fscore.bg': 0.9818000000000001, 'Fscore.pl': 0.5027, 'Precision.bg': 0.998, 'Precision.pl': 0.3483, 'Recall.bg': 0.9662000000000001, 'Recall.pl': 0.9034}
2022-03-08 22:27:19,154 INFO {'IoU.pl': 0.3358, 'IoU.pl_epo': 13, 'Acc.pl': 0.9428, 'Acc.pl_epo': 3, 'Fscore.pl': 0.5027, 'Fscore.pl_epo': 13, 'Precision.pl': 0.3483, 'Precision.pl_epo': 13, 'Recall.pl': 0.9428, 'Recall.pl_epo': 3}
2022-03-08 22:27:19,616 INFO training...
2022-03-08 22:32:09,534 INFO Epoch: [14/1000][280/281] Time 289.703 (avg: 146.462) Loss 0.010580 (avg: 0.010089) lr 2.000000e-04
2022-03-08 22:32:09,541 INFO testing...
2022-03-08 22:32:20,759 INFO {'aAcc': 0.9693, 'mIoU': 0.6647, 'mAcc': 0.9276000000000001, 'mFscore': 0.7570999999999999, 'mPrecision': 0.6881, 'mRecall': 0.9276000000000001, 'IoU.bg': 0.9687, 'IoU.pl': 0.3607, 'Acc.bg': 0.971, 'Acc.pl': 0.8842, 'Fscore.bg': 0.9841, 'Fscore.pl': 0.5302, 'Precision.bg': 0.9976, 'Precision.pl': 0.3786, 'Recall.bg': 0.971, 'Recall.pl': 0.8842}
2022-03-08 22:32:20,760 INFO {'IoU.pl': 0.3607, 'IoU.pl_epo': 14, 'Acc.pl': 0.9428, 'Acc.pl_epo': 3, 'Fscore.pl': 0.5302, 'Fscore.pl_epo': 14, 'Precision.pl': 0.3786, 'Precision.pl_epo': 14, 'Recall.pl': 0.9428, 'Recall.pl_epo': 3}
2022-03-08 22:32:21,342 INFO training...
2022-03-08 22:37:12,898 INFO Epoch: [15/1000][280/281] Time 291.369 (avg: 147.712) Loss 0.007714 (avg: 0.009840) lr 2.000000e-04
2022-03-08 22:37:12,905 INFO testing...
2022-03-08 22:37:24,749 INFO {'aAcc': 0.9595999999999999, 'mIoU': 0.6354, 'mAcc': 0.948, 'mFscore': 0.7273000000000001, 'mPrecision': 0.6587999999999999, 'mRecall': 0.948, 'IoU.bg': 0.9588, 'IoU.pl': 0.3121, 'Acc.bg': 0.96, 'Acc.pl': 0.9359000000000001, 'Fscore.bg': 0.9790000000000001, 'Fscore.pl': 0.4757, 'Precision.bg': 0.9987, 'Precision.pl': 0.3189, 'Recall.bg': 0.96, 'Recall.pl': 0.9359000000000001}
2022-03-08 22:37:24,749 INFO {'IoU.pl': 0.3607, 'IoU.pl_epo': 14, 'Acc.pl': 0.9428, 'Acc.pl_epo': 3, 'Fscore.pl': 0.5302, 'Fscore.pl_epo': 14, 'Precision.pl': 0.3786, 'Precision.pl_epo': 14, 'Recall.pl': 0.9428, 'Recall.pl_epo': 3}
2022-03-08 22:37:24,749 INFO training...
2022-03-08 22:42:16,695 INFO Epoch: [16/1000][280/281] Time 291.700 (avg: 147.260) Loss 0.008654 (avg: 0.009308) lr 2.000000e-04
2022-03-08 22:42:16,702 INFO testing...
2022-03-08 22:42:27,765 INFO {'aAcc': 0.9521999999999999, 'mIoU': 0.6157, 'mAcc': 0.9499, 'mFscore': 0.7062999999999999, 'mPrecision': 0.6416, 'mRecall': 0.9499, 'IoU.bg': 0.9512999999999999, 'IoU.pl': 0.28, 'Acc.bg': 0.9523, 'Acc.pl': 0.9476, 'Fscore.bg': 0.9751000000000001, 'Fscore.pl': 0.4375, 'Precision.bg': 0.9989, 'Precision.pl': 0.2844, 'Recall.bg': 0.9523, 'Recall.pl': 0.9476}
2022-03-08 22:42:27,839 INFO {'IoU.pl': 0.3607, 'IoU.pl_epo': 14, 'Acc.pl': 0.9476, 'Acc.pl_epo': 16, 'Fscore.pl': 0.5302, 'Fscore.pl_epo': 14, 'Precision.pl': 0.3786, 'Precision.pl_epo': 14, 'Recall.pl': 0.9476, 'Recall.pl_epo': 16}
2022-03-08 22:42:28,327 INFO training...
2022-03-08 22:47:20,159 INFO Epoch: [17/1000][280/281] Time 291.591 (avg: 146.883) Loss 0.028414 (avg: 0.009328) lr 2.000000e-04
2022-03-08 22:47:20,167 INFO testing...
2022-03-08 22:47:30,856 INFO {'aAcc': 0.9627, 'mIoU': 0.6442, 'mAcc': 0.9423, 'mFscore': 0.7364, 'mPrecision': 0.6670999999999999, 'mRecall': 0.9423, 'IoU.bg': 0.9620000000000001, 'IoU.pl': 0.3264, 'Acc.bg': 0.9636, 'Acc.pl': 0.9211, 'Fscore.bg': 0.9806999999999999, 'Fscore.pl': 0.4921, 'Precision.bg': 0.9984000000000001, 'Precision.pl': 0.3357, 'Recall.bg': 0.9636, 'Recall.pl': 0.9211}
2022-03-08 22:47:30,857 INFO {'IoU.pl': 0.3607, 'IoU.pl_epo': 14, 'Acc.pl': 0.9476, 'Acc.pl_epo': 16, 'Fscore.pl': 0.5302, 'Fscore.pl_epo': 14, 'Precision.pl': 0.3786, 'Precision.pl_epo': 14, 'Recall.pl': 0.9476, 'Recall.pl_epo': 16}
2022-03-08 22:47:30,863 INFO training...
2022-03-08 22:52:23,129 INFO Epoch: [18/1000][280/281] Time 291.999 (avg: 148.038) Loss 0.018927 (avg: 0.008947) lr 2.000000e-04
2022-03-08 22:52:23,136 INFO testing...
2022-03-08 22:52:34,658 INFO {'aAcc': 0.9445999999999999, 'mIoU': 0.597, 'mAcc': 0.9447, 'mFscore': 0.6858, 'mPrecision': 0.6265, 'mRecall': 0.9447, 'IoU.bg': 0.9434999999999999, 'IoU.pl': 0.2504, 'Acc.bg': 0.9445999999999999, 'Acc.pl': 0.9448000000000001, 'Fscore.bg': 0.9709, 'Fscore.pl': 0.4006, 'Precision.bg': 0.9987999999999999, 'Precision.pl': 0.25420000000000004, 'Recall.bg': 0.9445999999999999, 'Recall.pl': 0.9448000000000001}
2022-03-08 22:52:34,658 INFO {'IoU.pl': 0.3607, 'IoU.pl_epo': 14, 'Acc.pl': 0.9476, 'Acc.pl_epo': 16, 'Fscore.pl': 0.5302, 'Fscore.pl_epo': 14, 'Precision.pl': 0.3786, 'Precision.pl_epo': 14, 'Recall.pl': 0.9476, 'Recall.pl_epo': 16}
2022-03-08 22:52:34,658 INFO training...
2022-03-08 22:57:32,278 INFO Epoch: [19/1000][280/281] Time 297.420 (avg: 151.103) Loss 0.012569 (avg: 0.008616) lr 2.000000e-04
2022-03-08 22:57:32,283 INFO testing...
2022-03-08 22:57:43,947 INFO {'aAcc': 0.9538, 'mIoU': 0.617, 'mAcc': 0.9379000000000001, 'mFscore': 0.7073, 'mPrecision': 0.6431, 'mRecall': 0.9379000000000001, 'IoU.bg': 0.9529000000000001, 'IoU.pl': 0.281, 'Acc.bg': 0.9544, 'Acc.pl': 0.9214, 'Fscore.bg': 0.9759, 'Fscore.pl': 0.4388, 'Precision.bg': 0.9984000000000001, 'Precision.pl': 0.2879, 'Recall.bg': 0.9544, 'Recall.pl': 0.9214}
2022-03-08 22:57:43,947 INFO {'IoU.pl': 0.3607, 'IoU.pl_epo': 14, 'Acc.pl': 0.9476, 'Acc.pl_epo': 16, 'Fscore.pl': 0.5302, 'Fscore.pl_epo': 14, 'Precision.pl': 0.3786, 'Precision.pl_epo': 14, 'Recall.pl': 0.9476, 'Recall.pl_epo': 16}
2022-03-08 22:57:43,947 INFO training...
2022-03-08 23:02:39,752 INFO Epoch: [20/1000][280/281] Time 295.625 (avg: 150.554) Loss 0.007351 (avg: 0.008383) lr 2.000000e-04
2022-03-08 23:02:39,757 INFO testing...
2022-03-08 23:02:51,651 INFO {'aAcc': 0.9687, 'mIoU': 0.6679, 'mAcc': 0.9484999999999999, 'mFscore': 0.7606999999999999, 'mPrecision': 0.6884999999999999, 'mRecall': 0.9484999999999999, 'IoU.bg': 0.9681000000000001, 'IoU.pl': 0.3676, 'Acc.bg': 0.9695999999999999, 'Acc.pl': 0.9274, 'Fscore.bg': 0.9838, 'Fscore.pl': 0.5376, 'Precision.bg': 0.9984999999999999, 'Precision.pl': 0.3785, 'Recall.bg': 0.9695999999999999, 'Recall.pl': 0.9274}
2022-03-08 23:02:51,651 INFO {'IoU.pl': 0.3676, 'IoU.pl_epo': 20, 'Acc.pl': 0.9476, 'Acc.pl_epo': 16, 'Fscore.pl': 0.5376, 'Fscore.pl_epo': 20, 'Precision.pl': 0.3786, 'Precision.pl_epo': 14, 'Recall.pl': 0.9476, 'Recall.pl_epo': 16}
2022-03-08 23:02:52,114 INFO training...
2022-03-08 23:07:45,350 INFO Epoch: [21/1000][280/281] Time 293.081 (avg: 148.671) Loss 0.011615 (avg: 0.008001) lr 2.000000e-04
2022-03-08 23:07:45,355 INFO testing...
2022-03-08 23:07:57,760 INFO {'aAcc': 0.9654, 'mIoU': 0.6528, 'mAcc': 0.9387000000000001, 'mFscore': 0.7452, 'mPrecision': 0.6753, 'mRecall': 0.9387000000000001, 'IoU.bg': 0.9648, 'IoU.pl': 0.3407, 'Acc.bg': 0.9665, 'Acc.pl': 0.9107999999999999, 'Fscore.bg': 0.9821, 'Fscore.pl': 0.5082, 'Precision.bg': 0.9982, 'Precision.pl': 0.35240000000000005, 'Recall.bg': 0.9665, 'Recall.pl': 0.9107999999999999}
2022-03-08 23:07:57,838 INFO {'IoU.pl': 0.3676, 'IoU.pl_epo': 20, 'Acc.pl': 0.9476, 'Acc.pl_epo': 16, 'Fscore.pl': 0.5376, 'Fscore.pl_epo': 20, 'Precision.pl': 0.3786, 'Precision.pl_epo': 14, 'Recall.pl': 0.9476, 'Recall.pl_epo': 16}
2022-03-08 23:07:57,838 INFO training...
2022-03-08 23:12:48,427 INFO Epoch: [22/1000][280/281] Time 290.332 (avg: 146.120) Loss 0.019538 (avg: 0.007776) lr 2.000000e-04
2022-03-08 23:12:48,432 INFO testing...
2022-03-08 23:13:00,465 INFO {'aAcc': 0.9745, 'mIoU': 0.6926000000000001, 'mAcc': 0.9420999999999999, 'mFscore': 0.7848, 'mPrecision': 0.7136, 'mRecall': 0.9420999999999999, 'IoU.bg': 0.9740000000000001, 'IoU.pl': 0.41119999999999995, 'Acc.bg': 0.9758, 'Acc.pl': 0.9083, 'Fscore.bg': 0.9869, 'Fscore.pl': 0.5828, 'Precision.bg': 0.9981, 'Precision.pl': 0.429, 'Recall.bg': 0.9758, 'Recall.pl': 0.9083}
2022-03-08 23:13:00,466 INFO {'IoU.pl': 0.41119999999999995, 'IoU.pl_epo': 22, 'Acc.pl': 0.9476, 'Acc.pl_epo': 16, 'Fscore.pl': 0.5828, 'Fscore.pl_epo': 22, 'Precision.pl': 0.429, 'Precision.pl_epo': 22, 'Recall.pl': 0.9476, 'Recall.pl_epo': 16}
2022-03-08 23:13:01,001 INFO training...
2022-03-08 23:17:52,202 INFO Epoch: [23/1000][280/281] Time 290.973 (avg: 146.895) Loss 0.010300 (avg: 0.007648) lr 2.000000e-04
2022-03-08 23:17:52,210 INFO testing...
2022-03-08 23:18:03,742 INFO {'aAcc': 0.9670000000000001, 'mIoU': 0.6596, 'mAcc': 0.9434, 'mFscore': 0.7523000000000001, 'mPrecision': 0.6812999999999999, 'mRecall': 0.9434, 'IoU.bg': 0.9664, 'IoU.pl': 0.3529, 'Acc.bg': 0.9679000000000001, 'Acc.pl': 0.919, 'Fscore.bg': 0.9829000000000001, 'Fscore.pl': 0.5217, 'Precision.bg': 0.9983, 'Precision.pl': 0.3642, 'Recall.bg': 0.9679000000000001, 'Recall.pl': 0.919}
2022-03-08 23:18:03,743 INFO {'IoU.pl': 0.41119999999999995, 'IoU.pl_epo': 22, 'Acc.pl': 0.9476, 'Acc.pl_epo': 16, 'Fscore.pl': 0.5828, 'Fscore.pl_epo': 22, 'Precision.pl': 0.429, 'Precision.pl_epo': 22, 'Recall.pl': 0.9476, 'Recall.pl_epo': 16}
2022-03-08 23:18:03,744 INFO training...
2022-03-08 23:22:58,836 INFO Epoch: [24/1000][280/281] Time 294.919 (avg: 149.543) Loss 0.007269 (avg: 0.007369) lr 2.000000e-04
2022-03-08 23:22:58,842 INFO testing...
2022-03-08 23:23:10,655 INFO {'aAcc': 0.9682999999999999, 'mIoU': 0.6643000000000001, 'mAcc': 0.9406, 'mFscore': 0.757, 'mPrecision': 0.6859999999999999, 'mRecall': 0.9406, 'IoU.bg': 0.9678, 'IoU.pl': 0.3608, 'Acc.bg': 0.9695, 'Acc.pl': 0.9118, 'Fscore.bg': 0.9836, 'Fscore.pl': 0.5303, 'Precision.bg': 0.9982, 'Precision.pl': 0.3739, 'Recall.bg': 0.9695, 'Recall.pl': 0.9118}
2022-03-08 23:23:10,655 INFO {'IoU.pl': 0.41119999999999995, 'IoU.pl_epo': 22, 'Acc.pl': 0.9476, 'Acc.pl_epo': 16, 'Fscore.pl': 0.5828, 'Fscore.pl_epo': 22, 'Precision.pl': 0.429, 'Precision.pl_epo': 22, 'Recall.pl': 0.9476, 'Recall.pl_epo': 16}
2022-03-08 23:23:10,655 INFO training...
2022-03-08 23:28:02,956 INFO Epoch: [25/1000][280/281] Time 292.061 (avg: 147.604) Loss 0.011543 (avg: 0.007092) lr 2.000000e-04
2022-03-08 23:28:02,964 INFO testing...
2022-03-08 23:28:14,362 INFO {'aAcc': 0.9662999999999999, 'mIoU': 0.6583, 'mAcc': 0.9487000000000001, 'mFscore': 0.7509999999999999, 'mPrecision': 0.6795, 'mRecall': 0.9487000000000001, 'IoU.bg': 0.9656, 'IoU.pl': 0.35090000000000005, 'Acc.bg': 0.9670000000000001, 'Acc.pl': 0.9304000000000001, 'Fscore.bg': 0.9825, 'Fscore.pl': 0.5196000000000001, 'Precision.bg': 0.9986, 'Precision.pl': 0.3604, 'Recall.bg': 0.9670000000000001, 'Recall.pl': 0.9304000000000001}
2022-03-08 23:28:14,363 INFO {'IoU.pl': 0.41119999999999995, 'IoU.pl_epo': 22, 'Acc.pl': 0.9476, 'Acc.pl_epo': 16, 'Fscore.pl': 0.5828, 'Fscore.pl_epo': 22, 'Precision.pl': 0.429, 'Precision.pl_epo': 22, 'Recall.pl': 0.9476, 'Recall.pl_epo': 16}
2022-03-08 23:28:14,363 INFO training...
2022-03-08 23:33:06,002 INFO Epoch: [26/1000][280/281] Time 291.420 (avg: 147.638) Loss 0.001908 (avg: 0.006819) lr 2.000000e-04
2022-03-08 23:33:06,006 INFO testing...
2022-03-08 23:33:18,144 INFO {'aAcc': 0.9758, 'mIoU': 0.6990000000000001, 'mAcc': 0.94, 'mFscore': 0.7909, 'mPrecision': 0.7204, 'mRecall': 0.94, 'IoU.bg': 0.9754, 'IoU.pl': 0.4226, 'Acc.bg': 0.9773000000000001, 'Acc.pl': 0.9026000000000001, 'Fscore.bg': 0.9875, 'Fscore.pl': 0.5942000000000001, 'Precision.bg': 0.998, 'Precision.pl': 0.4428, 'Recall.bg': 0.9773000000000001, 'Recall.pl': 0.9026000000000001}
2022-03-08 23:33:18,145 INFO {'IoU.pl': 0.4226, 'IoU.pl_epo': 26, 'Acc.pl': 0.9476, 'Acc.pl_epo': 16, 'Fscore.pl': 0.5942000000000001, 'Fscore.pl_epo': 26, 'Precision.pl': 0.4428, 'Precision.pl_epo': 26, 'Recall.pl': 0.9476, 'Recall.pl_epo': 16}
2022-03-08 23:33:18,625 INFO training...
2022-03-08 23:38:11,548 INFO Epoch: [27/1000][280/281] Time 292.749 (avg: 147.908) Loss 0.018255 (avg: 0.006678) lr 2.000000e-04
2022-03-08 23:38:11,554 INFO testing...
2022-03-08 23:38:23,963 INFO {'aAcc': 0.9738, 'mIoU': 0.6892, 'mAcc': 0.9420999999999999, 'mFscore': 0.7815000000000001, 'mPrecision': 0.7101000000000001, 'mRecall': 0.9420999999999999, 'IoU.bg': 0.9732999999999999, 'IoU.pl': 0.405, 'Acc.bg': 0.9751000000000001, 'Acc.pl': 0.9091, 'Fscore.bg': 0.9865, 'Fscore.pl': 0.5765, 'Precision.bg': 0.9981, 'Precision.pl': 0.42210000000000003, 'Recall.bg': 0.9751000000000001, 'Recall.pl': 0.9091}
2022-03-08 23:38:23,963 INFO {'IoU.pl': 0.4226, 'IoU.pl_epo': 26, 'Acc.pl': 0.9476, 'Acc.pl_epo': 16, 'Fscore.pl': 0.5942000000000001, 'Fscore.pl_epo': 26, 'Precision.pl': 0.4428, 'Precision.pl_epo': 26, 'Recall.pl': 0.9476, 'Recall.pl_epo': 16}
2022-03-08 23:38:23,963 INFO training...
2022-03-08 23:43:16,478 INFO Epoch: [28/1000][280/281] Time 292.315 (avg: 147.409) Loss 0.009372 (avg: 0.006487) lr 2.000000e-04
2022-03-08 23:43:16,485 INFO testing...
2022-03-08 23:43:30,053 INFO {'aAcc': 0.9697, 'mIoU': 0.6712, 'mAcc': 0.9453, 'mFscore': 0.764, 'mPrecision': 0.6920999999999999, 'mRecall': 0.9453, 'IoU.bg': 0.9692000000000001, 'IoU.pl': 0.3732, 'Acc.bg': 0.9706999999999999, 'Acc.pl': 0.9198999999999999, 'Fscore.bg': 0.9843000000000001, 'Fscore.pl': 0.5436, 'Precision.bg': 0.9984000000000001, 'Precision.pl': 0.3858, 'Recall.bg': 0.9706999999999999, 'Recall.pl': 0.9198999999999999}
2022-03-08 23:43:30,054 INFO {'IoU.pl': 0.4226, 'IoU.pl_epo': 26, 'Acc.pl': 0.9476, 'Acc.pl_epo': 16, 'Fscore.pl': 0.5942000000000001, 'Fscore.pl_epo': 26, 'Precision.pl': 0.4428, 'Precision.pl_epo': 26, 'Recall.pl': 0.9476, 'Recall.pl_epo': 16}
2022-03-08 23:43:30,054 INFO training...
2022-03-08 23:48:21,560 INFO Epoch: [29/1000][280/281] Time 291.326 (avg: 147.040) Loss 0.013179 (avg: 0.006254) lr 2.000000e-04
2022-03-08 23:48:21,567 INFO testing...
2022-03-08 23:48:34,653 INFO {'aAcc': 0.9779000000000001, 'mIoU': 0.7098, 'mAcc': 0.9366, 'mFscore': 0.8009000000000001, 'mPrecision': 0.7322, 'mRecall': 0.9366, 'IoU.bg': 0.9775, 'IoU.pl': 0.4421, 'Acc.bg': 0.9795999999999999, 'Acc.pl': 0.8937, 'Fscore.bg': 0.9886, 'Fscore.pl': 0.6131, 'Precision.bg': 0.9978, 'Precision.pl': 0.46659999999999996, 'Recall.bg': 0.9795999999999999, 'Recall.pl': 0.8937}
2022-03-08 23:48:34,654 INFO {'IoU.pl': 0.4421, 'IoU.pl_epo': 29, 'Acc.pl': 0.9476, 'Acc.pl_epo': 16, 'Fscore.pl': 0.6131, 'Fscore.pl_epo': 29, 'Precision.pl': 0.46659999999999996, 'Precision.pl_epo': 29, 'Recall.pl': 0.9476, 'Recall.pl_epo': 16}
2022-03-08 23:48:35,153 INFO training...
2022-03-08 23:53:26,360 INFO Epoch: [30/1000][280/281] Time 291.003 (avg: 147.172) Loss 0.012453 (avg: 0.006211) lr 2.000000e-04
2022-03-08 23:53:26,368 INFO testing...
2022-03-08 23:53:37,558 INFO {'aAcc': 0.9734, 'mIoU': 0.6873, 'mAcc': 0.9425, 'mFscore': 0.7797, 'mPrecision': 0.7081999999999999, 'mRecall': 0.9425, 'IoU.bg': 0.9729000000000001, 'IoU.pl': 0.4017, 'Acc.bg': 0.9747, 'Acc.pl': 0.9103, 'Fscore.bg': 0.9863, 'Fscore.pl': 0.5732, 'Precision.bg': 0.9982, 'Precision.pl': 0.4183, 'Recall.bg': 0.9747, 'Recall.pl': 0.9103}
2022-03-08 23:53:37,558 INFO {'IoU.pl': 0.4421, 'IoU.pl_epo': 29, 'Acc.pl': 0.9476, 'Acc.pl_epo': 16, 'Fscore.pl': 0.6131, 'Fscore.pl_epo': 29, 'Precision.pl': 0.46659999999999996, 'Precision.pl_epo': 29, 'Recall.pl': 0.9476, 'Recall.pl_epo': 16}
2022-03-08 23:53:37,558 INFO training...
2022-03-08 23:58:27,792 INFO Epoch: [31/1000][280/281] Time 290.031 (avg: 146.545) Loss 0.010777 (avg: 0.005963) lr 2.000000e-04
2022-03-08 23:58:27,797 INFO testing...
2022-03-08 23:58:40,151 INFO {'aAcc': 0.9673999999999999, 'mIoU': 0.6592, 'mAcc': 0.9359999999999999, 'mFscore': 0.7517, 'mPrecision': 0.6817, 'mRecall': 0.9359999999999999, 'IoU.bg': 0.9668000000000001, 'IoU.pl': 0.3517, 'Acc.bg': 0.9686, 'Acc.pl': 0.9034, 'Fscore.bg': 0.9831, 'Fscore.pl': 0.5203, 'Precision.bg': 0.998, 'Precision.pl': 0.3654, 'Recall.bg': 0.9686, 'Recall.pl': 0.9034}
2022-03-08 23:58:40,151 INFO {'IoU.pl': 0.4421, 'IoU.pl_epo': 29, 'Acc.pl': 0.9476, 'Acc.pl_epo': 16, 'Fscore.pl': 0.6131, 'Fscore.pl_epo': 29, 'Precision.pl': 0.46659999999999996, 'Precision.pl_epo': 29, 'Recall.pl': 0.9476, 'Recall.pl_epo': 16}
2022-03-08 23:58:40,151 INFO training...
2022-03-09 00:03:32,912 INFO Epoch: [32/1000][280/281] Time 292.506 (avg: 147.333) Loss 0.010968 (avg: 0.005688) lr 2.000000e-04
2022-03-09 00:03:32,919 INFO testing...
2022-03-09 00:03:44,062 INFO {'aAcc': 0.9758, 'mIoU': 0.6993, 'mAcc': 0.9423, 'mFscore': 0.7912, 'mPrecision': 0.7203, 'mRecall': 0.9423, 'IoU.bg': 0.9753000000000001, 'IoU.pl': 0.42340000000000005, 'Acc.bg': 0.9771, 'Acc.pl': 0.9075, 'Fscore.bg': 0.9875, 'Fscore.pl': 0.5949, 'Precision.bg': 0.9981, 'Precision.pl': 0.4425, 'Recall.bg': 0.9771, 'Recall.pl': 0.9075}
2022-03-09 00:03:44,063 INFO {'IoU.pl': 0.4421, 'IoU.pl_epo': 29, 'Acc.pl': 0.9476, 'Acc.pl_epo': 16, 'Fscore.pl': 0.6131, 'Fscore.pl_epo': 29, 'Precision.pl': 0.46659999999999996, 'Precision.pl_epo': 29, 'Recall.pl': 0.9476, 'Recall.pl_epo': 16}
2022-03-09 00:03:44,063 INFO training...
2022-03-09 00:08:38,780 INFO Epoch: [33/1000][280/281] Time 294.553 (avg: 148.949) Loss 0.005481 (avg: 0.005701) lr 2.000000e-04
2022-03-09 00:08:38,786 INFO testing...
2022-03-09 00:08:49,353 INFO {'aAcc': 0.9742000000000001, 'mIoU': 0.691, 'mAcc': 0.9416, 'mFscore': 0.7833, 'mPrecision': 0.7120000000000001, 'mRecall': 0.9416, 'IoU.bg': 0.9737, 'IoU.pl': 0.4083, 'Acc.bg': 0.9754999999999999, 'Acc.pl': 0.9076000000000001, 'Fscore.bg': 0.9867, 'Fscore.pl': 0.5798, 'Precision.bg': 0.9981, 'Precision.pl': 0.426, 'Recall.bg': 0.9754999999999999, 'Recall.pl': 0.9076000000000001}
2022-03-09 00:08:49,353 INFO {'IoU.pl': 0.4421, 'IoU.pl_epo': 29, 'Acc.pl': 0.9476, 'Acc.pl_epo': 16, 'Fscore.pl': 0.6131, 'Fscore.pl_epo': 29, 'Precision.pl': 0.46659999999999996, 'Precision.pl_epo': 29, 'Recall.pl': 0.9476, 'Recall.pl_epo': 16}
2022-03-09 00:08:49,353 INFO training...
2022-03-09 00:13:40,723 INFO Epoch: [34/1000][280/281] Time 291.126 (avg: 146.783) Loss 0.015852 (avg: 0.005585) lr 2.000000e-04
2022-03-09 00:13:40,730 INFO testing...
2022-03-09 00:13:52,646 INFO {'aAcc': 0.9734, 'mIoU': 0.6876000000000001, 'mAcc': 0.9445, 'mFscore': 0.78, 'mPrecision': 0.7081000000000001, 'mRecall': 0.9445, 'IoU.bg': 0.9729000000000001, 'IoU.pl': 0.4023, 'Acc.bg': 0.9745, 'Acc.pl': 0.9146, 'Fscore.bg': 0.9863, 'Fscore.pl': 0.5738, 'Precision.bg': 0.9983, 'Precision.pl': 0.418, 'Recall.bg': 0.9745, 'Recall.pl': 0.9146}
2022-03-09 00:13:52,647 INFO {'IoU.pl': 0.4421, 'IoU.pl_epo': 29, 'Acc.pl': 0.9476, 'Acc.pl_epo': 16, 'Fscore.pl': 0.6131, 'Fscore.pl_epo': 29, 'Precision.pl': 0.46659999999999996, 'Precision.pl_epo': 29, 'Recall.pl': 0.9476, 'Recall.pl_epo': 16}
2022-03-09 00:13:52,647 INFO training...
2022-03-09 00:18:43,241 INFO Epoch: [35/1000][280/281] Time 290.444 (avg: 146.873) Loss 0.004851 (avg: 0.005292) lr 2.000000e-04
2022-03-09 00:18:43,247 INFO testing...
2022-03-09 00:18:55,945 INFO {'aAcc': 0.9736, 'mIoU': 0.6884999999999999, 'mAcc': 0.9437000000000001, 'mFscore': 0.7809, 'mPrecision': 0.7092, 'mRecall': 0.9437000000000001, 'IoU.bg': 0.9731000000000001, 'IoU.pl': 0.40399999999999997, 'Acc.bg': 0.9748, 'Acc.pl': 0.9126000000000001, 'Fscore.bg': 0.9864, 'Fscore.pl': 0.5754, 'Precision.bg': 0.9982, 'Precision.pl': 0.4202, 'Recall.bg': 0.9748, 'Recall.pl': 0.9126000000000001}
2022-03-09 00:18:55,946 INFO {'IoU.pl': 0.4421, 'IoU.pl_epo': 29, 'Acc.pl': 0.9476, 'Acc.pl_epo': 16, 'Fscore.pl': 0.6131, 'Fscore.pl_epo': 29, 'Precision.pl': 0.46659999999999996, 'Precision.pl_epo': 29, 'Recall.pl': 0.9476, 'Recall.pl_epo': 16}
2022-03-09 00:18:55,946 INFO training...
2022-03-09 00:23:48,167 INFO Epoch: [36/1000][280/281] Time 292.061 (avg: 147.743) Loss 0.003720 (avg: 0.005267) lr 2.000000e-04
2022-03-09 00:23:48,173 INFO testing...
2022-03-09 00:24:00,156 INFO {'aAcc': 0.9804999999999999, 'mIoU': 0.7269, 'mAcc': 0.9394, 'mFscore': 0.8164, 'mPrecision': 0.7494, 'mRecall': 0.9394, 'IoU.bg': 0.9801000000000001, 'IoU.pl': 0.4736, 'Acc.bg': 0.9821, 'Acc.pl': 0.8967, 'Fscore.bg': 0.99, 'Fscore.pl': 0.6428, 'Precision.bg': 0.9979, 'Precision.pl': 0.5009, 'Recall.bg': 0.9821, 'Recall.pl': 0.8967}
2022-03-09 00:24:00,156 INFO {'IoU.pl': 0.4736, 'IoU.pl_epo': 36, 'Acc.pl': 0.9476, 'Acc.pl_epo': 16, 'Fscore.pl': 0.6428, 'Fscore.pl_epo': 36, 'Precision.pl': 0.5009, 'Precision.pl_epo': 36, 'Recall.pl': 0.9476, 'Recall.pl_epo': 16}
2022-03-09 00:24:00,663 INFO training...
2022-03-09 00:28:52,658 INFO Epoch: [37/1000][280/281] Time 291.823 (avg: 147.776) Loss 0.007632 (avg: 0.005095) lr 2.000000e-04
2022-03-09 00:28:52,666 INFO testing...
2022-03-09 00:29:03,851 INFO {'aAcc': 0.9837, 'mIoU': 0.7501000000000001, 'mAcc': 0.9373, 'mFscore': 0.8365, 'mPrecision': 0.7751, 'mRecall': 0.9373, 'IoU.bg': 0.9834, 'IoU.pl': 0.5168, 'Acc.bg': 0.9856, 'Acc.pl': 0.889, 'Fscore.bg': 0.9915999999999999, 'Fscore.pl': 0.6814, 'Precision.bg': 0.9978, 'Precision.pl': 0.5525, 'Recall.bg': 0.9856, 'Recall.pl': 0.889}
2022-03-09 00:29:03,851 INFO {'IoU.pl': 0.5168, 'IoU.pl_epo': 37, 'Acc.pl': 0.9476, 'Acc.pl_epo': 16, 'Fscore.pl': 0.6814, 'Fscore.pl_epo': 37, 'Precision.pl': 0.5525, 'Precision.pl_epo': 37, 'Recall.pl': 0.9476, 'Recall.pl_epo': 16}
2022-03-09 00:29:04,344 INFO training...
2022-03-09 00:33:55,773 INFO Epoch: [38/1000][280/281] Time 291.256 (avg: 147.480) Loss 0.004191 (avg: 0.004906) lr 2.000000e-04
2022-03-09 00:33:55,781 INFO testing...
2022-03-09 00:34:06,850 INFO {'aAcc': 0.9752, 'mIoU': 0.6965, 'mAcc': 0.9434999999999999, 'mFscore': 0.7885, 'mPrecision': 0.7172, 'mRecall': 0.9434999999999999, 'IoU.bg': 0.9747, 'IoU.pl': 0.4182, 'Acc.bg': 0.9765, 'Acc.pl': 0.9105, 'Fscore.bg': 0.9872, 'Fscore.pl': 0.5898, 'Precision.bg': 0.9982, 'Precision.pl': 0.4362, 'Recall.bg': 0.9765, 'Recall.pl': 0.9105}
2022-03-09 00:34:06,851 INFO {'IoU.pl': 0.5168, 'IoU.pl_epo': 37, 'Acc.pl': 0.9476, 'Acc.pl_epo': 16, 'Fscore.pl': 0.6814, 'Fscore.pl_epo': 37, 'Precision.pl': 0.5525, 'Precision.pl_epo': 37, 'Recall.pl': 0.9476, 'Recall.pl_epo': 16}
2022-03-09 00:34:06,851 INFO training...
2022-03-09 00:38:56,667 INFO Epoch: [39/1000][280/281] Time 289.621 (avg: 146.222) Loss 0.005523 (avg: 0.004894) lr 2.000000e-04
2022-03-09 00:38:56,674 INFO testing...
2022-03-09 00:39:07,761 INFO {'aAcc': 0.9777, 'mIoU': 0.71, 'mAcc': 0.9414, 'mFscore': 0.8011, 'mPrecision': 0.7314, 'mRecall': 0.9414, 'IoU.bg': 0.9773000000000001, 'IoU.pl': 0.44270000000000004, 'Acc.bg': 0.9792000000000001, 'Acc.pl': 0.9035, 'Fscore.bg': 0.9884999999999999, 'Fscore.pl': 0.6138, 'Precision.bg': 0.998, 'Precision.pl': 0.4647, 'Recall.bg': 0.9792000000000001, 'Recall.pl': 0.9035}
2022-03-09 00:39:07,761 INFO {'IoU.pl': 0.5168, 'IoU.pl_epo': 37, 'Acc.pl': 0.9476, 'Acc.pl_epo': 16, 'Fscore.pl': 0.6814, 'Fscore.pl_epo': 37, 'Precision.pl': 0.5525, 'Precision.pl_epo': 37, 'Recall.pl': 0.9476, 'Recall.pl_epo': 16}
2022-03-09 00:39:07,761 INFO training...
2022-03-09 00:43:59,971 INFO Epoch: [40/1000][280/281] Time 292.044 (avg: 147.499) Loss 0.007874 (avg: 0.004715) lr 2.000000e-04
2022-03-09 00:43:59,978 INFO testing...
2022-03-09 00:44:11,962 INFO {'aAcc': 0.9788, 'mIoU': 0.7179000000000001, 'mAcc': 0.9468000000000001, 'mFscore': 0.8084, 'mPrecision': 0.7382, 'mRecall': 0.9468000000000001, 'IoU.bg': 0.9784, 'IoU.pl': 0.45740000000000003, 'Acc.bg': 0.9801000000000001, 'Acc.pl': 0.9135, 'Fscore.bg': 0.9891, 'Fscore.pl': 0.6277, 'Precision.bg': 0.9982, 'Precision.pl': 0.4781, 'Recall.bg': 0.9801000000000001, 'Recall.pl': 0.9135}
2022-03-09 00:44:11,963 INFO {'IoU.pl': 0.5168, 'IoU.pl_epo': 37, 'Acc.pl': 0.9476, 'Acc.pl_epo': 16, 'Fscore.pl': 0.6814, 'Fscore.pl_epo': 37, 'Precision.pl': 0.5525, 'Precision.pl_epo': 37, 'Recall.pl': 0.9476, 'Recall.pl_epo': 16}
2022-03-09 00:44:11,963 INFO training...
2022-03-09 00:49:03,848 INFO Epoch: [41/1000][280/281] Time 291.652 (avg: 147.450) Loss 0.002461 (avg: 0.004623) lr 2.000000e-04
2022-03-09 00:49:03,854 INFO testing...
2022-03-09 00:49:15,957 INFO {'aAcc': 0.9758, 'mIoU': 0.7020000000000001, 'mAcc': 0.9506999999999999, 'mFscore': 0.7938, 'mPrecision': 0.7212999999999999, 'mRecall': 0.9506999999999999, 'IoU.bg': 0.9754, 'IoU.pl': 0.42869999999999997, 'Acc.bg': 0.9769, 'Acc.pl': 0.9246, 'Fscore.bg': 0.9875, 'Fscore.pl': 0.6001, 'Precision.bg': 0.9984999999999999, 'Precision.pl': 0.44420000000000004, 'Recall.bg': 0.9769, 'Recall.pl': 0.9246}
2022-03-09 00:49:15,958 INFO {'IoU.pl': 0.5168, 'IoU.pl_epo': 37, 'Acc.pl': 0.9476, 'Acc.pl_epo': 16, 'Fscore.pl': 0.6814, 'Fscore.pl_epo': 37, 'Precision.pl': 0.5525, 'Precision.pl_epo': 37, 'Recall.pl': 0.9476, 'Recall.pl_epo': 16}
2022-03-09 00:49:15,958 INFO training...
2022-03-09 00:54:07,912 INFO Epoch: [42/1000][280/281] Time 291.753 (avg: 147.580) Loss 0.011863 (avg: 0.004621) lr 2.000000e-04
2022-03-09 00:54:07,917 INFO testing...
2022-03-09 00:54:19,760 INFO {'aAcc': 0.9769, 'mIoU': 0.706, 'mAcc': 0.9443, 'mFscore': 0.7975, 'mPrecision': 0.7265999999999999, 'mRecall': 0.9443, 'IoU.bg': 0.9765, 'IoU.pl': 0.43560000000000004, 'Acc.bg': 0.9782, 'Acc.pl': 0.9103, 'Fscore.bg': 0.9881, 'Fscore.pl': 0.6068, 'Precision.bg': 0.9982, 'Precision.pl': 0.4551, 'Recall.bg': 0.9782, 'Recall.pl': 0.9103}
2022-03-09 00:54:19,760 INFO {'IoU.pl': 0.5168, 'IoU.pl_epo': 37, 'Acc.pl': 0.9476, 'Acc.pl_epo': 16, 'Fscore.pl': 0.6814, 'Fscore.pl_epo': 37, 'Precision.pl': 0.5525, 'Precision.pl_epo': 37, 'Recall.pl': 0.9476, 'Recall.pl_epo': 16}
2022-03-09 00:54:19,760 INFO training...
2022-03-09 00:59:12,316 INFO Epoch: [43/1000][280/281] Time 292.269 (avg: 148.178) Loss 0.003424 (avg: 0.004589) lr 2.000000e-04
2022-03-09 00:59:12,322 INFO testing...
2022-03-09 00:59:23,958 INFO {'aAcc': 0.981, 'mIoU': 0.7288, 'mAcc': 0.9323999999999999, 'mFscore': 0.818, 'mPrecision': 0.7536, 'mRecall': 0.9323999999999999, 'IoU.bg': 0.9806999999999999, 'IoU.pl': 0.4769, 'Acc.bg': 0.983, 'Acc.pl': 0.8817, 'Fscore.bg': 0.9903, 'Fscore.pl': 0.6457999999999999, 'Precision.bg': 0.9976, 'Precision.pl': 0.5095000000000001, 'Recall.bg': 0.983, 'Recall.pl': 0.8817}
2022-03-09 00:59:23,958 INFO {'IoU.pl': 0.5168, 'IoU.pl_epo': 37, 'Acc.pl': 0.9476, 'Acc.pl_epo': 16, 'Fscore.pl': 0.6814, 'Fscore.pl_epo': 37, 'Precision.pl': 0.5525, 'Precision.pl_epo': 37, 'Recall.pl': 0.9476, 'Recall.pl_epo': 16}
2022-03-09 00:59:23,958 INFO training...
2022-03-09 01:04:13,643 INFO Epoch: [44/1000][280/281] Time 289.504 (avg: 146.738) Loss 0.004615 (avg: 0.004331) lr 2.000000e-04
2022-03-09 01:04:13,648 INFO testing...
2022-03-09 01:04:25,258 INFO {'aAcc': 0.9814, 'mIoU': 0.732, 'mAcc': 0.9351, 'mFscore': 0.8209000000000001, 'mPrecision': 0.7562000000000001, 'mRecall': 0.9351, 'IoU.bg': 0.9811, 'IoU.pl': 0.483, 'Acc.bg': 0.9833, 'Acc.pl': 0.887, 'Fscore.bg': 0.9904000000000001, 'Fscore.pl': 0.6514, 'Precision.bg': 0.9976999999999999, 'Precision.pl': 0.5146000000000001, 'Recall.bg': 0.9833, 'Recall.pl': 0.887}
2022-03-09 01:04:25,258 INFO {'IoU.pl': 0.5168, 'IoU.pl_epo': 37, 'Acc.pl': 0.9476, 'Acc.pl_epo': 16, 'Fscore.pl': 0.6814, 'Fscore.pl_epo': 37, 'Precision.pl': 0.5525, 'Precision.pl_epo': 37, 'Recall.pl': 0.9476, 'Recall.pl_epo': 16}
2022-03-09 01:04:25,258 INFO training...
2022-03-09 01:09:15,101 INFO Epoch: [45/1000][280/281] Time 289.605 (avg: 146.517) Loss 0.006462 (avg: 0.004368) lr 2.000000e-04
2022-03-09 01:09:15,107 INFO testing...
2022-03-09 01:09:27,051 INFO {'aAcc': 0.9729000000000001, 'mIoU': 0.6795, 'mAcc': 0.9236, 'mFscore': 0.7718, 'mPrecision': 0.7036, 'mRecall': 0.9236, 'IoU.bg': 0.9723999999999999, 'IoU.pl': 0.3865, 'Acc.bg': 0.9749, 'Acc.pl': 0.8724, 'Fscore.bg': 0.986, 'Fscore.pl': 0.5576, 'Precision.bg': 0.9974, 'Precision.pl': 0.4097, 'Recall.bg': 0.9749, 'Recall.pl': 0.8724}
2022-03-09 01:09:27,052 INFO {'IoU.pl': 0.5168, 'IoU.pl_epo': 37, 'Acc.pl': 0.9476, 'Acc.pl_epo': 16, 'Fscore.pl': 0.6814, 'Fscore.pl_epo': 37, 'Precision.pl': 0.5525, 'Precision.pl_epo': 37, 'Recall.pl': 0.9476, 'Recall.pl_epo': 16}
2022-03-09 01:09:27,052 INFO training...
2022-03-09 01:14:18,190 INFO Epoch: [46/1000][280/281] Time 290.934 (avg: 147.640) Loss 0.003078 (avg: 0.004331) lr 2.000000e-04
2022-03-09 01:14:18,197 INFO testing...
2022-03-09 01:14:28,739 INFO {'aAcc': 0.9765, 'mIoU': 0.7040000000000001, 'mAcc': 0.9443, 'mFscore': 0.7956, 'mPrecision': 0.7245999999999999, 'mRecall': 0.9443, 'IoU.bg': 0.9761, 'IoU.pl': 0.43189999999999995, 'Acc.bg': 0.9778, 'Acc.pl': 0.9107, 'Fscore.bg': 0.9879000000000001, 'Fscore.pl': 0.6033, 'Precision.bg': 0.9982, 'Precision.pl': 0.451, 'Recall.bg': 0.9778, 'Recall.pl': 0.9107}
2022-03-09 01:14:28,739 INFO {'IoU.pl': 0.5168, 'IoU.pl_epo': 37, 'Acc.pl': 0.9476, 'Acc.pl_epo': 16, 'Fscore.pl': 0.6814, 'Fscore.pl_epo': 37, 'Precision.pl': 0.5525, 'Precision.pl_epo': 37, 'Recall.pl': 0.9476, 'Recall.pl_epo': 16}
2022-03-09 01:14:28,739 INFO training...
2022-03-09 01:19:18,154 INFO Epoch: [47/1000][280/281] Time 289.252 (avg: 146.321) Loss 0.003912 (avg: 0.004397) lr 2.000000e-04
2022-03-09 01:19:18,161 INFO testing...
2022-03-09 01:19:29,540 INFO {'aAcc': 0.983, 'mIoU': 0.7426999999999999, 'mAcc': 0.9307, 'mFscore': 0.8301000000000001, 'mPrecision': 0.7693000000000001, 'mRecall': 0.9307, 'IoU.bg': 0.9826999999999999, 'IoU.pl': 0.5025999999999999, 'Acc.bg': 0.9851000000000001, 'Acc.pl': 0.8763, 'Fscore.bg': 0.9913, 'Fscore.pl': 0.669, 'Precision.bg': 0.9975, 'Precision.pl': 0.541, 'Recall.bg': 0.9851000000000001, 'Recall.pl': 0.8763}
2022-03-09 01:19:29,541 INFO {'IoU.pl': 0.5168, 'IoU.pl_epo': 37, 'Acc.pl': 0.9476, 'Acc.pl_epo': 16, 'Fscore.pl': 0.6814, 'Fscore.pl_epo': 37, 'Precision.pl': 0.5525, 'Precision.pl_epo': 37, 'Recall.pl': 0.9476, 'Recall.pl_epo': 16}
2022-03-09 01:19:29,541 INFO training...
2022-03-09 01:24:20,766 INFO Epoch: [48/1000][280/281] Time 291.022 (avg: 146.953) Loss 0.006274 (avg: 0.004000) lr 2.000000e-04
2022-03-09 01:24:20,771 INFO testing...
2022-03-09 01:24:32,539 INFO {'aAcc': 0.9791, 'mIoU': 0.7198, 'mAcc': 0.9462, 'mFscore': 0.8101, 'mPrecision': 0.7403, 'mRecall': 0.9462, 'IoU.bg': 0.9787, 'IoU.pl': 0.46090000000000003, 'Acc.bg': 0.9804, 'Acc.pl': 0.912, 'Fscore.bg': 0.9892, 'Fscore.pl': 0.631, 'Precision.bg': 0.9982, 'Precision.pl': 0.48229999999999995, 'Recall.bg': 0.9804, 'Recall.pl': 0.912}
2022-03-09 01:24:32,540 INFO {'IoU.pl': 0.5168, 'IoU.pl_epo': 37, 'Acc.pl': 0.9476, 'Acc.pl_epo': 16, 'Fscore.pl': 0.6814, 'Fscore.pl_epo': 37, 'Precision.pl': 0.5525, 'Precision.pl_epo': 37, 'Recall.pl': 0.9476, 'Recall.pl_epo': 16}
2022-03-09 01:24:32,540 INFO training...
2022-03-09 01:29:30,052 INFO Epoch: [49/1000][280/281] Time 297.335 (avg: 150.821) Loss 0.003050 (avg: 0.003923) lr 1.800000e-04
2022-03-09 01:29:30,058 INFO testing...
2022-03-09 01:29:41,349 INFO {'aAcc': 0.9793000000000001, 'mIoU': 0.7189, 'mAcc': 0.9381999999999999, 'mFscore': 0.8092, 'mPrecision': 0.7413, 'mRecall': 0.9381999999999999, 'IoU.bg': 0.9789, 'IoU.pl': 0.45890000000000003, 'Acc.bg': 0.981, 'Acc.pl': 0.8955, 'Fscore.bg': 0.9894, 'Fscore.pl': 0.6291, 'Precision.bg': 0.9979, 'Precision.pl': 0.48479999999999995, 'Recall.bg': 0.981, 'Recall.pl': 0.8955}
2022-03-09 01:29:41,349 INFO {'IoU.pl': 0.5168, 'IoU.pl_epo': 37, 'Acc.pl': 0.9476, 'Acc.pl_epo': 16, 'Fscore.pl': 0.6814, 'Fscore.pl_epo': 37, 'Precision.pl': 0.5525, 'Precision.pl_epo': 37, 'Recall.pl': 0.9476, 'Recall.pl_epo': 16}
2022-03-09 01:29:41,349 INFO training...
2022-03-09 01:34:31,056 INFO Epoch: [50/1000][280/281] Time 289.530 (avg: 146.501) Loss 0.009435 (avg: 0.003897) lr 1.800000e-04
2022-03-09 01:34:31,063 INFO testing...
2022-03-09 01:34:42,663 INFO {'aAcc': 0.9773999999999999, 'mIoU': 0.7111, 'mAcc': 0.9511, 'mFscore': 0.8023, 'mPrecision': 0.7303000000000001, 'mRecall': 0.9511, 'IoU.bg': 0.977, 'IoU.pl': 0.44530000000000003, 'Acc.bg': 0.9784999999999999, 'Acc.pl': 0.9238, 'Fscore.bg': 0.9884000000000001, 'Fscore.pl': 0.6162, 'Precision.bg': 0.9984000000000001, 'Precision.pl': 0.4622, 'Recall.bg': 0.9784999999999999, 'Recall.pl': 0.9238}
2022-03-09 01:34:42,664 INFO {'IoU.pl': 0.5168, 'IoU.pl_epo': 37, 'Acc.pl': 0.9476, 'Acc.pl_epo': 16, 'Fscore.pl': 0.6814, 'Fscore.pl_epo': 37, 'Precision.pl': 0.5525, 'Precision.pl_epo': 37, 'Recall.pl': 0.9476, 'Recall.pl_epo': 16}
2022-03-09 01:34:42,664 INFO training...
2022-03-09 01:39:42,418 INFO Epoch: [51/1000][280/281] Time 299.601 (avg: 152.476) Loss 0.003592 (avg: 0.003896) lr 1.800000e-04
2022-03-09 01:39:42,425 INFO testing...
2022-03-09 01:39:53,051 INFO {'aAcc': 0.9803000000000001, 'mIoU': 0.727, 'mAcc': 0.9437000000000001, 'mFscore': 0.8165, 'mPrecision': 0.7484000000000001, 'mRecall': 0.9437000000000001, 'IoU.bg': 0.9799, 'IoU.pl': 0.47409999999999997, 'Acc.bg': 0.9818000000000001, 'Acc.pl': 0.9057, 'Fscore.bg': 0.9899, 'Fscore.pl': 0.6431999999999999, 'Precision.bg': 0.9981, 'Precision.pl': 0.4987, 'Recall.bg': 0.9818000000000001, 'Recall.pl': 0.9057}
2022-03-09 01:39:53,052 INFO {'IoU.pl': 0.5168, 'IoU.pl_epo': 37, 'Acc.pl': 0.9476, 'Acc.pl_epo': 16, 'Fscore.pl': 0.6814, 'Fscore.pl_epo': 37, 'Precision.pl': 0.5525, 'Precision.pl_epo': 37, 'Recall.pl': 0.9476, 'Recall.pl_epo': 16}
2022-03-09 01:39:53,052 INFO training...
2022-03-09 01:44:44,371 INFO Epoch: [52/1000][280/281] Time 291.069 (avg: 147.235) Loss 0.002109 (avg: 0.003638) lr 1.800000e-04
2022-03-09 01:44:44,379 INFO testing...
2022-03-09 01:44:55,653 INFO {'aAcc': 0.9847, 'mIoU': 0.7584000000000001, 'mAcc': 0.9373, 'mFscore': 0.8434999999999999, 'mPrecision': 0.7843000000000001, 'mRecall': 0.9373, 'IoU.bg': 0.9843999999999999, 'IoU.pl': 0.5325, 'Acc.bg': 0.9867, 'Acc.pl': 0.888, 'Fscore.bg': 0.9922, 'Fscore.pl': 0.6949, 'Precision.bg': 0.9976999999999999, 'Precision.pl': 0.5708, 'Recall.bg': 0.9867, 'Recall.pl': 0.888}
2022-03-09 01:44:55,654 INFO {'IoU.pl': 0.5325, 'IoU.pl_epo': 52, 'Acc.pl': 0.9476, 'Acc.pl_epo': 16, 'Fscore.pl': 0.6949, 'Fscore.pl_epo': 52, 'Precision.pl': 0.5708, 'Precision.pl_epo': 52, 'Recall.pl': 0.9476, 'Recall.pl_epo': 16}
2022-03-09 01:44:56,139 INFO training...
2022-03-09 01:49:47,515 INFO Epoch: [53/1000][280/281] Time 291.220 (avg: 146.568) Loss 0.001918 (avg: 0.003550) lr 1.800000e-04
2022-03-09 01:49:47,521 INFO testing...
2022-03-09 01:49:58,163 INFO {'aAcc': 0.9814, 'mIoU': 0.7345, 'mAcc': 0.9431999999999999, 'mFscore': 0.8231, 'mPrecision': 0.7564, 'mRecall': 0.9431999999999999, 'IoU.bg': 0.9811, 'IoU.pl': 0.4879, 'Acc.bg': 0.983, 'Acc.pl': 0.9034, 'Fscore.bg': 0.9904000000000001, 'Fscore.pl': 0.6557999999999999, 'Precision.bg': 0.998, 'Precision.pl': 0.5146999999999999, 'Recall.bg': 0.983, 'Recall.pl': 0.9034}
2022-03-09 01:49:58,164 INFO {'IoU.pl': 0.5325, 'IoU.pl_epo': 52, 'Acc.pl': 0.9476, 'Acc.pl_epo': 16, 'Fscore.pl': 0.6949, 'Fscore.pl_epo': 52, 'Precision.pl': 0.5708, 'Precision.pl_epo': 52, 'Recall.pl': 0.9476, 'Recall.pl_epo': 16}
2022-03-09 01:49:58,164 INFO training...
2022-03-09 01:54:51,801 INFO Epoch: [54/1000][280/281] Time 293.428 (avg: 148.015) Loss 0.004134 (avg: 0.003602) lr 1.800000e-04
2022-03-09 01:54:51,807 INFO testing...
2022-03-09 01:55:02,553 INFO {'aAcc': 0.9831, 'mIoU': 0.7468, 'mAcc': 0.9418000000000001, 'mFscore': 0.8338, 'mPrecision': 0.77, 'mRecall': 0.9418000000000001, 'IoU.bg': 0.9828, 'IoU.pl': 0.5108, 'Acc.bg': 0.9848, 'Acc.pl': 0.8987999999999999, 'Fscore.bg': 0.9913, 'Fscore.pl': 0.6762, 'Precision.bg': 0.998, 'Precision.pl': 0.542, 'Recall.bg': 0.9848, 'Recall.pl': 0.8987999999999999}
2022-03-09 01:55:02,553 INFO {'IoU.pl': 0.5325, 'IoU.pl_epo': 52, 'Acc.pl': 0.9476, 'Acc.pl_epo': 16, 'Fscore.pl': 0.6949, 'Fscore.pl_epo': 52, 'Precision.pl': 0.5708, 'Precision.pl_epo': 52, 'Recall.pl': 0.9476, 'Recall.pl_epo': 16}
2022-03-09 01:55:02,553 INFO training...
2022-03-09 02:00:03,901 INFO Epoch: [55/1000][280/281] Time 301.115 (avg: 152.411) Loss 0.004488 (avg: 0.003501) lr 1.800000e-04
2022-03-09 02:00:03,907 INFO testing...
2022-03-09 02:00:15,040 INFO {'aAcc': 0.9803000000000001, 'mIoU': 0.7282, 'mAcc': 0.9473999999999999, 'mFscore': 0.8177, 'mPrecision': 0.7487, 'mRecall': 0.9473999999999999, 'IoU.bg': 0.98, 'IoU.pl': 0.4765, 'Acc.bg': 0.9817, 'Acc.pl': 0.9131, 'Fscore.bg': 0.9899, 'Fscore.pl': 0.6454000000000001, 'Precision.bg': 0.9982, 'Precision.pl': 0.4991, 'Recall.bg': 0.9817, 'Recall.pl': 0.9131}
2022-03-09 02:00:15,040 INFO {'IoU.pl': 0.5325, 'IoU.pl_epo': 52, 'Acc.pl': 0.9476, 'Acc.pl_epo': 16, 'Fscore.pl': 0.6949, 'Fscore.pl_epo': 52, 'Precision.pl': 0.5708, 'Precision.pl_epo': 52, 'Recall.pl': 0.9476, 'Recall.pl_epo': 16}
2022-03-09 02:00:15,040 INFO training...
2022-03-09 02:05:04,600 INFO Epoch: [56/1000][280/281] Time 289.347 (avg: 145.964) Loss 0.001649 (avg: 0.003624) lr 1.800000e-04
2022-03-09 02:05:04,607 INFO testing...
2022-03-09 02:05:17,553 INFO {'aAcc': 0.9841, 'mIoU': 0.7494, 'mAcc': 0.9244, 'mFscore': 0.8359000000000001, 'mPrecision': 0.7792, 'mRecall': 0.9244, 'IoU.bg': 0.9838, 'IoU.pl': 0.5151, 'Acc.bg': 0.9865, 'Acc.pl': 0.8623000000000001, 'Fscore.bg': 0.9918, 'Fscore.pl': 0.6799, 'Precision.bg': 0.9972, 'Precision.pl': 0.5611999999999999, 'Recall.bg': 0.9865, 'Recall.pl': 0.8623000000000001}
2022-03-09 02:05:17,553 INFO {'IoU.pl': 0.5325, 'IoU.pl_epo': 52, 'Acc.pl': 0.9476, 'Acc.pl_epo': 16, 'Fscore.pl': 0.6949, 'Fscore.pl_epo': 52, 'Precision.pl': 0.5708, 'Precision.pl_epo': 52, 'Recall.pl': 0.9476, 'Recall.pl_epo': 16}
2022-03-09 02:05:17,554 INFO training...
2022-03-09 02:10:07,364 INFO Epoch: [57/1000][280/281] Time 289.608 (avg: 146.479) Loss 0.004008 (avg: 0.003378) lr 1.800000e-04
2022-03-09 02:10:07,373 INFO testing...
2022-03-09 02:10:19,454 INFO {'aAcc': 0.9839, 'mIoU': 0.752, 'mAcc': 0.9376000000000001, 'mFscore': 0.8381000000000001, 'mPrecision': 0.777, 'mRecall': 0.9376000000000001, 'IoU.bg': 0.9836, 'IoU.pl': 0.5203, 'Acc.bg': 0.9858, 'Acc.pl': 0.8894, 'Fscore.bg': 0.9918, 'Fscore.pl': 0.6845, 'Precision.bg': 0.9978, 'Precision.pl': 0.5563, 'Recall.bg': 0.9858, 'Recall.pl': 0.8894}
2022-03-09 02:10:19,455 INFO {'IoU.pl': 0.5325, 'IoU.pl_epo': 52, 'Acc.pl': 0.9476, 'Acc.pl_epo': 16, 'Fscore.pl': 0.6949, 'Fscore.pl_epo': 52, 'Precision.pl': 0.5708, 'Precision.pl_epo': 52, 'Recall.pl': 0.9476, 'Recall.pl_epo': 16}
2022-03-09 02:10:19,455 INFO training...
2022-03-09 02:15:09,209 INFO Epoch: [58/1000][280/281] Time 289.561 (avg: 146.613) Loss 0.006009 (avg: 0.003455) lr 1.800000e-04
2022-03-09 02:15:09,217 INFO testing...
2022-03-09 02:15:21,458 INFO {'aAcc': 0.9841, 'mIoU': 0.755, 'mAcc': 0.9445999999999999, 'mFscore': 0.8406999999999999, 'mPrecision': 0.7778, 'mRecall': 0.9445999999999999, 'IoU.bg': 0.9838, 'IoU.pl': 0.5262, 'Acc.bg': 0.9856999999999999, 'Acc.pl': 0.9036, 'Fscore.bg': 0.9918, 'Fscore.pl': 0.6896, 'Precision.bg': 0.998, 'Precision.pl': 0.5575, 'Recall.bg': 0.9856999999999999, 'Recall.pl': 0.9036}
2022-03-09 02:15:21,458 INFO {'IoU.pl': 0.5325, 'IoU.pl_epo': 52, 'Acc.pl': 0.9476, 'Acc.pl_epo': 16, 'Fscore.pl': 0.6949, 'Fscore.pl_epo': 52, 'Precision.pl': 0.5708, 'Precision.pl_epo': 52, 'Recall.pl': 0.9476, 'Recall.pl_epo': 16}
2022-03-09 02:15:21,458 INFO training...
2022-03-09 02:20:12,122 INFO Epoch: [59/1000][280/281] Time 290.414 (avg: 146.697) Loss 0.004051 (avg: 0.003254) lr 1.800000e-04
2022-03-09 02:20:12,130 INFO testing...
2022-03-09 02:20:22,952 INFO {'aAcc': 0.983, 'mIoU': 0.7442, 'mAcc': 0.9355, 'mFscore': 0.8315, 'mPrecision': 0.7693000000000001, 'mRecall': 0.9355, 'IoU.bg': 0.9826999999999999, 'IoU.pl': 0.5057, 'Acc.bg': 0.985, 'Acc.pl': 0.8861, 'Fscore.bg': 0.9913, 'Fscore.pl': 0.6718000000000001, 'Precision.bg': 0.9976999999999999, 'Precision.pl': 0.5409, 'Recall.bg': 0.985, 'Recall.pl': 0.8861}
2022-03-09 02:20:22,952 INFO {'IoU.pl': 0.5325, 'IoU.pl_epo': 52, 'Acc.pl': 0.9476, 'Acc.pl_epo': 16, 'Fscore.pl': 0.6949, 'Fscore.pl_epo': 52, 'Precision.pl': 0.5708, 'Precision.pl_epo': 52, 'Recall.pl': 0.9476, 'Recall.pl_epo': 16}
2022-03-09 02:20:22,952 INFO training...
2022-03-09 02:25:12,591 INFO Epoch: [60/1000][280/281] Time 289.456 (avg: 146.670) Loss 0.003567 (avg: 0.003299) lr 1.800000e-04
2022-03-09 02:25:12,597 INFO testing...
2022-03-09 02:25:23,554 INFO {'aAcc': 0.983, 'mIoU': 0.746, 'mAcc': 0.9412999999999999, 'mFscore': 0.8331000000000001, 'mPrecision': 0.7693000000000001, 'mRecall': 0.9412999999999999, 'IoU.bg': 0.9826999999999999, 'IoU.pl': 0.5093, 'Acc.bg': 0.9848, 'Acc.pl': 0.8978, 'Fscore.bg': 0.9913, 'Fscore.pl': 0.6748999999999999, 'Precision.bg': 0.9979, 'Precision.pl': 0.5407, 'Recall.bg': 0.9848, 'Recall.pl': 0.8978}
2022-03-09 02:25:23,554 INFO {'IoU.pl': 0.5325, 'IoU.pl_epo': 52, 'Acc.pl': 0.9476, 'Acc.pl_epo': 16, 'Fscore.pl': 0.6949, 'Fscore.pl_epo': 52, 'Precision.pl': 0.5708, 'Precision.pl_epo': 52, 'Recall.pl': 0.9476, 'Recall.pl_epo': 16}
2022-03-09 02:25:23,554 INFO training...
2022-03-09 02:30:24,479 INFO Epoch: [61/1000][280/281] Time 300.735 (avg: 151.591) Loss 0.002321 (avg: 0.003208) lr 1.800000e-04
2022-03-09 02:30:24,488 INFO testing...
2022-03-09 02:30:35,460 INFO {'aAcc': 0.9849, 'mIoU': 0.7595000000000001, 'mAcc': 0.9359999999999999, 'mFscore': 0.8443999999999999, 'mPrecision': 0.7859999999999999, 'mRecall': 0.9359999999999999, 'IoU.bg': 0.9845999999999999, 'IoU.pl': 0.5344, 'Acc.bg': 0.9869, 'Acc.pl': 0.8851, 'Fscore.bg': 0.9923000000000001, 'Fscore.pl': 0.6966, 'Precision.bg': 0.9976999999999999, 'Precision.pl': 0.5743, 'Recall.bg': 0.9869, 'Recall.pl': 0.8851}
2022-03-09 02:30:35,461 INFO {'IoU.pl': 0.5344, 'IoU.pl_epo': 61, 'Acc.pl': 0.9476, 'Acc.pl_epo': 16, 'Fscore.pl': 0.6966, 'Fscore.pl_epo': 61, 'Precision.pl': 0.5743, 'Precision.pl_epo': 61, 'Recall.pl': 0.9476, 'Recall.pl_epo': 16}
2022-03-09 02:30:36,003 INFO training...
2022-03-09 02:35:46,459 INFO Epoch: [62/1000][280/281] Time 310.259 (avg: 157.532) Loss 0.004908 (avg: 0.003339) lr 1.800000e-04
2022-03-09 02:35:46,467 INFO testing...
2022-03-09 02:35:57,147 INFO {'aAcc': 0.9839, 'mIoU': 0.7544, 'mAcc': 0.9483, 'mFscore': 0.8403, 'mPrecision': 0.7759, 'mRecall': 0.9483, 'IoU.bg': 0.9836, 'IoU.pl': 0.5253, 'Acc.bg': 0.9853000000000001, 'Acc.pl': 0.9112, 'Fscore.bg': 0.9917, 'Fscore.pl': 0.6888, 'Precision.bg': 0.9982, 'Precision.pl': 0.5537, 'Recall.bg': 0.9853000000000001, 'Recall.pl': 0.9112}
2022-03-09 02:35:57,147 INFO {'IoU.pl': 0.5344, 'IoU.pl_epo': 61, 'Acc.pl': 0.9476, 'Acc.pl_epo': 16, 'Fscore.pl': 0.6966, 'Fscore.pl_epo': 61, 'Precision.pl': 0.5743, 'Precision.pl_epo': 61, 'Recall.pl': 0.9476, 'Recall.pl_epo': 16}
2022-03-09 02:35:57,147 INFO training...
2022-03-09 02:40:48,348 INFO Epoch: [63/1000][280/281] Time 291.014 (avg: 146.903) Loss 0.006056 (avg: 0.003138) lr 1.800000e-04
2022-03-09 02:40:48,353 INFO testing...
2022-03-09 02:40:59,448 INFO {'aAcc': 0.9837, 'mIoU': 0.7521, 'mAcc': 0.945, 'mFscore': 0.8382999999999999, 'mPrecision': 0.7746, 'mRecall': 0.945, 'IoU.bg': 0.9834, 'IoU.pl': 0.5209, 'Acc.bg': 0.9853000000000001, 'Acc.pl': 0.9048, 'Fscore.bg': 0.9915999999999999, 'Fscore.pl': 0.685, 'Precision.bg': 0.9981, 'Precision.pl': 0.5511, 'Recall.bg': 0.9853000000000001, 'Recall.pl': 0.9048}
2022-03-09 02:40:59,448 INFO {'IoU.pl': 0.5344, 'IoU.pl_epo': 61, 'Acc.pl': 0.9476, 'Acc.pl_epo': 16, 'Fscore.pl': 0.6966, 'Fscore.pl_epo': 61, 'Precision.pl': 0.5743, 'Precision.pl_epo': 61, 'Recall.pl': 0.9476, 'Recall.pl_epo': 16}
2022-03-09 02:40:59,448 INFO training...
2022-03-09 02:45:50,845 INFO Epoch: [64/1000][280/281] Time 291.228 (avg: 146.995) Loss 0.001218 (avg: 0.003040) lr 1.800000e-04
2022-03-09 02:45:50,851 INFO testing...
2022-03-09 02:46:01,554 INFO {'aAcc': 0.9849, 'mIoU': 0.7615000000000001, 'mAcc': 0.9433, 'mFscore': 0.8461, 'mPrecision': 0.7853, 'mRecall': 0.9433, 'IoU.bg': 0.9845999999999999, 'IoU.pl': 0.5383, 'Acc.bg': 0.9865999999999999, 'Acc.pl': 0.9001, 'Fscore.bg': 0.9922, 'Fscore.pl': 0.6999, 'Precision.bg': 0.998, 'Precision.pl': 0.5726, 'Recall.bg': 0.9865999999999999, 'Recall.pl': 0.9001}
2022-03-09 02:46:01,555 INFO {'IoU.pl': 0.5383, 'IoU.pl_epo': 64, 'Acc.pl': 0.9476, 'Acc.pl_epo': 16, 'Fscore.pl': 0.6999, 'Fscore.pl_epo': 64, 'Precision.pl': 0.5743, 'Precision.pl_epo': 61, 'Recall.pl': 0.9476, 'Recall.pl_epo': 16}
2022-03-09 02:46:01,985 INFO training...
2022-03-09 02:50:52,167 INFO Epoch: [65/1000][280/281] Time 289.995 (avg: 146.480) Loss 0.003437 (avg: 0.003251) lr 1.800000e-04
2022-03-09 02:50:52,174 INFO testing...
2022-03-09 02:51:04,461 INFO {'aAcc': 0.9853000000000001, 'mIoU': 0.7633, 'mAcc': 0.9356, 'mFscore': 0.8476, 'mPrecision': 0.7904000000000001, 'mRecall': 0.9356, 'IoU.bg': 0.9851000000000001, 'IoU.pl': 0.5416, 'Acc.bg': 0.9873999999999999, 'Acc.pl': 0.8839, 'Fscore.bg': 0.9925, 'Fscore.pl': 0.7026, 'Precision.bg': 0.9976999999999999, 'Precision.pl': 0.5831000000000001, 'Recall.bg': 0.9873999999999999, 'Recall.pl': 0.8839}
2022-03-09 02:51:04,461 INFO {'IoU.pl': 0.5416, 'IoU.pl_epo': 65, 'Acc.pl': 0.9476, 'Acc.pl_epo': 16, 'Fscore.pl': 0.7026, 'Fscore.pl_epo': 65, 'Precision.pl': 0.5831000000000001, 'Precision.pl_epo': 65, 'Recall.pl': 0.9476, 'Recall.pl_epo': 16}
2022-03-09 02:51:05,000 INFO training...
2022-03-09 02:55:54,969 INFO Epoch: [66/1000][280/281] Time 289.780 (avg: 146.722) Loss 0.001713 (avg: 0.003004) lr 1.800000e-04
2022-03-09 02:55:54,975 INFO testing...
2022-03-09 02:56:06,751 INFO {'aAcc': 0.9847, 'mIoU': 0.7585999999999999, 'mAcc': 0.9386, 'mFscore': 0.8436, 'mPrecision': 0.7839, 'mRecall': 0.9386, 'IoU.bg': 0.9843999999999999, 'IoU.pl': 0.5327000000000001, 'Acc.bg': 0.9865999999999999, 'Acc.pl': 0.8906999999999999, 'Fscore.bg': 0.9921, 'Fscore.pl': 0.6951, 'Precision.bg': 0.9978, 'Precision.pl': 0.57, 'Recall.bg': 0.9865999999999999, 'Recall.pl': 0.8906999999999999}
2022-03-09 02:56:06,751 INFO {'IoU.pl': 0.5416, 'IoU.pl_epo': 65, 'Acc.pl': 0.9476, 'Acc.pl_epo': 16, 'Fscore.pl': 0.7026, 'Fscore.pl_epo': 65, 'Precision.pl': 0.5831000000000001, 'Precision.pl_epo': 65, 'Recall.pl': 0.9476, 'Recall.pl_epo': 16}
2022-03-09 02:56:06,751 INFO training...
2022-03-09 03:00:57,184 INFO Epoch: [67/1000][280/281] Time 290.215 (avg: 146.572) Loss 0.008346 (avg: 0.002911) lr 1.800000e-04
2022-03-09 03:00:57,192 INFO testing...
2022-03-09 03:01:09,349 INFO {'aAcc': 0.9806, 'mIoU': 0.7265, 'mAcc': 0.9351, 'mFscore': 0.816, 'mPrecision': 0.7503, 'mRecall': 0.9351, 'IoU.bg': 0.9802, 'IoU.pl': 0.4727, 'Acc.bg': 0.9823999999999999, 'Acc.pl': 0.8876999999999999, 'Fscore.bg': 0.99, 'Fscore.pl': 0.642, 'Precision.bg': 0.9976999999999999, 'Precision.pl': 0.5028, 'Recall.bg': 0.9823999999999999, 'Recall.pl': 0.8876999999999999}
2022-03-09 03:01:09,349 INFO {'IoU.pl': 0.5416, 'IoU.pl_epo': 65, 'Acc.pl': 0.9476, 'Acc.pl_epo': 16, 'Fscore.pl': 0.7026, 'Fscore.pl_epo': 65, 'Precision.pl': 0.5831000000000001, 'Precision.pl_epo': 65, 'Recall.pl': 0.9476, 'Recall.pl_epo': 16}
2022-03-09 03:01:09,349 INFO training...
2022-03-09 03:05:59,622 INFO Epoch: [68/1000][280/281] Time 290.114 (avg: 146.745) Loss 0.000982 (avg: 0.003017) lr 1.800000e-04
2022-03-09 03:05:59,631 INFO testing...
2022-03-09 03:06:10,562 INFO {'aAcc': 0.9849, 'mIoU': 0.7618, 'mAcc': 0.9433, 'mFscore': 0.8462999999999999, 'mPrecision': 0.7856000000000001, 'mRecall': 0.9433, 'IoU.bg': 0.9845999999999999, 'IoU.pl': 0.5389, 'Acc.bg': 0.9865999999999999, 'Acc.pl': 0.9001, 'Fscore.bg': 0.9923000000000001, 'Fscore.pl': 0.7004, 'Precision.bg': 0.998, 'Precision.pl': 0.5732, 'Recall.bg': 0.9865999999999999, 'Recall.pl': 0.9001}
2022-03-09 03:06:10,562 INFO {'IoU.pl': 0.5416, 'IoU.pl_epo': 65, 'Acc.pl': 0.9476, 'Acc.pl_epo': 16, 'Fscore.pl': 0.7026, 'Fscore.pl_epo': 65, 'Precision.pl': 0.5831000000000001, 'Precision.pl_epo': 65, 'Recall.pl': 0.9476, 'Recall.pl_epo': 16}
2022-03-09 03:06:10,562 INFO training...
2022-03-09 03:11:00,514 INFO Epoch: [69/1000][280/281] Time 289.717 (avg: 146.103) Loss 0.004959 (avg: 0.002929) lr 1.800000e-04
2022-03-09 03:11:00,521 INFO testing...
2022-03-09 03:11:11,058 INFO {'aAcc': 0.9863, 'mIoU': 0.77, 'mAcc': 0.927, 'mFscore': 0.8529000000000001, 'mPrecision': 0.8017, 'mRecall': 0.927, 'IoU.bg': 0.9861, 'IoU.pl': 0.5538000000000001, 'Acc.bg': 0.9887999999999999, 'Acc.pl': 0.8652, 'Fscore.bg': 0.993, 'Fscore.pl': 0.7129000000000001, 'Precision.bg': 0.9973000000000001, 'Precision.pl': 0.6061, 'Recall.bg': 0.9887999999999999, 'Recall.pl': 0.8652}
2022-03-09 03:11:11,059 INFO {'IoU.pl': 0.5538000000000001, 'IoU.pl_epo': 69, 'Acc.pl': 0.9476, 'Acc.pl_epo': 16, 'Fscore.pl': 0.7129000000000001, 'Fscore.pl_epo': 69, 'Precision.pl': 0.6061, 'Precision.pl_epo': 69, 'Recall.pl': 0.9476, 'Recall.pl_epo': 16}
2022-03-09 03:11:11,539 INFO training...
2022-03-09 03:16:00,577 INFO Epoch: [70/1000][280/281] Time 288.876 (avg: 145.799) Loss 0.004483 (avg: 0.002886) lr 1.800000e-04
2022-03-09 03:16:00,584 INFO testing...
2022-03-09 03:16:11,853 INFO {'aAcc': 0.9864, 'mIoU': 0.7712, 'mAcc': 0.9299, 'mFscore': 0.8540000000000001, 'mPrecision': 0.8018000000000001, 'mRecall': 0.9299, 'IoU.bg': 0.9861, 'IoU.pl': 0.5563, 'Acc.bg': 0.9887, 'Acc.pl': 0.8712000000000001, 'Fscore.bg': 0.993, 'Fscore.pl': 0.7149, 'Precision.bg': 0.9974, 'Precision.pl': 0.6062, 'Recall.bg': 0.9887, 'Recall.pl': 0.8712000000000001}
2022-03-09 03:16:11,853 INFO {'IoU.pl': 0.5563, 'IoU.pl_epo': 70, 'Acc.pl': 0.9476, 'Acc.pl_epo': 16, 'Fscore.pl': 0.7149, 'Fscore.pl_epo': 70, 'Precision.pl': 0.6062, 'Precision.pl_epo': 70, 'Recall.pl': 0.9476, 'Recall.pl_epo': 16}
2022-03-09 03:16:12,407 INFO training...
