2022-03-17 14:33:47,893 INFO use amp
2022-03-17 14:33:47,893 INFO Called with args:
2022-03-17 14:33:47,893 INFO batch_size      | 4
2022-03-17 14:33:47,893 INFO opt             | adamw
2022-03-17 14:33:47,893 INFO model           | unet
2022-03-17 14:33:47,893 INFO lr              | 0.0002
2022-03-17 14:33:47,893 INFO momentum        | 0.9
2022-03-17 14:33:47,894 INFO weight_decay    | 0.01
2022-03-17 14:33:47,894 INFO stepsize        | 50
2022-03-17 14:33:47,894 INFO gamma           | 0.9
2022-03-17 14:33:47,894 INFO max_epoch       | 1000
2022-03-17 14:33:47,894 INFO iter_size       | 1
2022-03-17 14:33:47,894 INFO start_epoch     | 0
2022-03-17 14:33:47,894 INFO print_freq      | 500
2022-03-17 14:33:47,894 INFO gpu             | 0
2022-03-17 14:33:47,894 INFO resume          | None
2022-03-17 14:33:47,894 INFO pretrain        | None
2022-03-17 14:33:47,894 INFO save_dir        | results/UNET20220317_1433-bs-4-lr-0.0002-dataflag-color-aug-False
2022-03-17 14:33:47,894 INFO dataset         | None
2022-03-17 14:33:47,894 INFO dataflag        | color
2022-03-17 14:33:47,894 INFO amp             | O1
2022-03-17 14:33:47,894 INFO aug             | False
2022-03-17 14:33:47,894 INFO fuse_num        | None
2022-03-17 14:33:47,894 INFO short_cat       | None
2022-03-17 14:33:47,894 INFO scale           | False
2022-03-17 14:33:47,894 INFO augs            | ['flip']
2022-03-17 14:33:47,894 INFO LRLP            | True
2022-03-17 14:33:47,894 INFO msg             | 归一化到0-1,不减均值,不除方差
2022-03-17 14:33:47,894 INFO norm            | True
2022-03-17 14:33:47,894 INFO is_photo_distor | False
2022-03-17 14:33:47,894 INFO norm_mode       | 2
2022-03-17 14:33:47,894 INFO training...
2022-03-17 14:36:00,704 INFO Epoch: [1/1000][280/281] Time 132.651 (avg: 67.080) Loss 0.015245 (avg: 0.013555) lr 2.000000e-04
2022-03-17 14:36:00,712 INFO testing...
2022-03-17 14:36:05,727 INFO {'aAcc': 0.9511, 'mIoU': 0.6054999999999999, 'mAcc': 0.9162, 'mFscore': 0.6940000000000001, 'mPrecision': 0.6339, 'mRecall': 0.9162, 'IoU.bg': 0.9501999999999999, 'IoU.pl': 0.2607, 'Acc.bg': 0.9525, 'Acc.pl': 0.88, 'Fscore.bg': 0.9745, 'Fscore.pl': 0.41359999999999997, 'Precision.bg': 0.9975, 'Precision.pl': 0.2703, 'Recall.bg': 0.9525, 'Recall.pl': 0.88}
2022-03-17 14:36:05,727 INFO {'IoU.pl': 0.2607, 'IoU.pl_epo': 1, 'Acc.pl': 0.88, 'Acc.pl_epo': 1, 'Fscore.pl': 0.41359999999999997, 'Fscore.pl_epo': 1, 'Precision.pl': 0.2703, 'Precision.pl_epo': 1, 'Recall.pl': 0.88, 'Recall.pl_epo': 1}
2022-03-17 14:36:06,252 INFO training...
2022-03-17 14:38:18,960 INFO Epoch: [2/1000][280/281] Time 132.527 (avg: 67.039) Loss 0.010856 (avg: 0.008587) lr 2.000000e-04
2022-03-17 14:38:18,974 INFO testing...
2022-03-17 14:38:23,704 INFO {'aAcc': 0.9236, 'mIoU': 0.5579999999999999, 'mAcc': 0.9304000000000001, 'mFscore': 0.6420999999999999, 'mPrecision': 0.5975, 'mRecall': 0.9304000000000001, 'IoU.bg': 0.9220999999999999, 'IoU.pl': 0.1938, 'Acc.bg': 0.9233, 'Acc.pl': 0.9375, 'Fscore.bg': 0.9595, 'Fscore.pl': 0.3247, 'Precision.bg': 0.9986, 'Precision.pl': 0.1963, 'Recall.bg': 0.9233, 'Recall.pl': 0.9375}
2022-03-17 14:38:23,704 INFO {'IoU.pl': 0.2607, 'IoU.pl_epo': 1, 'Acc.pl': 0.9375, 'Acc.pl_epo': 2, 'Fscore.pl': 0.41359999999999997, 'Fscore.pl_epo': 1, 'Precision.pl': 0.2703, 'Precision.pl_epo': 1, 'Recall.pl': 0.9375, 'Recall.pl_epo': 2}
2022-03-17 14:38:24,257 INFO training...
2022-03-17 14:40:36,927 INFO Epoch: [3/1000][280/281] Time 132.481 (avg: 67.045) Loss 0.043060 (avg: 0.007477) lr 2.000000e-04
2022-03-17 14:40:36,939 INFO testing...
2022-03-17 14:40:41,640 INFO {'aAcc': 0.9486, 'mIoU': 0.6038, 'mAcc': 0.935, 'mFscore': 0.6928, 'mPrecision': 0.6321, 'mRecall': 0.935, 'IoU.bg': 0.9476, 'IoU.pl': 0.25989999999999996, 'Acc.bg': 0.9490999999999999, 'Acc.pl': 0.9209, 'Fscore.bg': 0.9731000000000001, 'Fscore.pl': 0.4125, 'Precision.bg': 0.9983, 'Precision.pl': 0.2658, 'Recall.bg': 0.9490999999999999, 'Recall.pl': 0.9209}
2022-03-17 14:40:41,640 INFO {'IoU.pl': 0.2607, 'IoU.pl_epo': 1, 'Acc.pl': 0.9375, 'Acc.pl_epo': 2, 'Fscore.pl': 0.41359999999999997, 'Fscore.pl_epo': 1, 'Precision.pl': 0.2703, 'Precision.pl_epo': 1, 'Recall.pl': 0.9375, 'Recall.pl_epo': 2}
2022-03-17 14:40:41,641 INFO training...
2022-03-17 14:42:55,478 INFO Epoch: [4/1000][280/281] Time 133.676 (avg: 67.657) Loss 0.007180 (avg: 0.007007) lr 2.000000e-04
2022-03-17 14:42:55,491 INFO testing...
2022-03-17 14:43:00,165 INFO {'aAcc': 0.9466, 'mIoU': 0.6004999999999999, 'mAcc': 0.941, 'mFscore': 0.6895, 'mPrecision': 0.6294, 'mRecall': 0.941, 'IoU.bg': 0.9456, 'IoU.pl': 0.2555, 'Acc.bg': 0.9468000000000001, 'Acc.pl': 0.9353, 'Fscore.bg': 0.972, 'Fscore.pl': 0.40700000000000003, 'Precision.bg': 0.9986, 'Precision.pl': 0.2601, 'Recall.bg': 0.9468000000000001, 'Recall.pl': 0.9353}
2022-03-17 14:43:00,166 INFO {'IoU.pl': 0.2607, 'IoU.pl_epo': 1, 'Acc.pl': 0.9375, 'Acc.pl_epo': 2, 'Fscore.pl': 0.41359999999999997, 'Fscore.pl_epo': 1, 'Precision.pl': 0.2703, 'Precision.pl_epo': 1, 'Recall.pl': 0.9375, 'Recall.pl_epo': 2}
2022-03-17 14:43:00,166 INFO training...
2022-03-17 14:45:13,011 INFO Epoch: [5/1000][280/281] Time 132.671 (avg: 67.134) Loss 0.003998 (avg: 0.006291) lr 2.000000e-04
2022-03-17 14:45:13,023 INFO testing...
2022-03-17 14:45:17,674 INFO {'aAcc': 0.9497, 'mIoU': 0.608, 'mAcc': 0.9425, 'mFscore': 0.6977, 'mPrecision': 0.6354, 'mRecall': 0.9425, 'IoU.bg': 0.9488, 'IoU.pl': 0.2672, 'Acc.bg': 0.95, 'Acc.pl': 0.9349, 'Fscore.bg': 0.9737, 'Fscore.pl': 0.4217, 'Precision.bg': 0.9986, 'Precision.pl': 0.2722, 'Recall.bg': 0.95, 'Recall.pl': 0.9349}
2022-03-17 14:45:17,674 INFO {'IoU.pl': 0.2672, 'IoU.pl_epo': 5, 'Acc.pl': 0.9375, 'Acc.pl_epo': 2, 'Fscore.pl': 0.4217, 'Fscore.pl_epo': 5, 'Precision.pl': 0.2722, 'Precision.pl_epo': 5, 'Recall.pl': 0.9375, 'Recall.pl_epo': 2}
2022-03-17 14:45:18,197 INFO training...
2022-03-17 14:47:30,935 INFO Epoch: [6/1000][280/281] Time 132.561 (avg: 67.006) Loss 0.006034 (avg: 0.005989) lr 2.000000e-04
2022-03-17 14:47:30,947 INFO testing...
2022-03-17 14:47:35,740 INFO {'aAcc': 0.945, 'mIoU': 0.5992000000000001, 'mAcc': 0.9511, 'mFscore': 0.6884999999999999, 'mPrecision': 0.6283, 'mRecall': 0.9511, 'IoU.bg': 0.9440000000000001, 'IoU.pl': 0.2545, 'Acc.bg': 0.9448000000000001, 'Acc.pl': 0.9573, 'Fscore.bg': 0.9712000000000001, 'Fscore.pl': 0.4057, 'Precision.bg': 0.9991, 'Precision.pl': 0.25739999999999996, 'Recall.bg': 0.9448000000000001, 'Recall.pl': 0.9573}
2022-03-17 14:47:35,741 INFO {'IoU.pl': 0.2672, 'IoU.pl_epo': 5, 'Acc.pl': 0.9573, 'Acc.pl_epo': 6, 'Fscore.pl': 0.4217, 'Fscore.pl_epo': 5, 'Precision.pl': 0.2722, 'Precision.pl_epo': 5, 'Recall.pl': 0.9573, 'Recall.pl_epo': 6}
2022-03-17 14:47:36,242 INFO training...
2022-03-17 14:49:49,156 INFO Epoch: [7/1000][280/281] Time 132.752 (avg: 67.113) Loss 0.005753 (avg: 0.005665) lr 2.000000e-04
2022-03-17 14:49:49,169 INFO testing...
2022-03-17 14:49:53,909 INFO {'aAcc': 0.9451999999999999, 'mIoU': 0.5982999999999999, 'mAcc': 0.9444, 'mFscore': 0.6872, 'mPrecision': 0.6275999999999999, 'mRecall': 0.9444, 'IoU.bg': 0.9442, 'IoU.pl': 0.2525, 'Acc.bg': 0.9453, 'Acc.pl': 0.9436, 'Fscore.bg': 0.9712999999999999, 'Fscore.pl': 0.4031, 'Precision.bg': 0.9987999999999999, 'Precision.pl': 0.2563, 'Recall.bg': 0.9453, 'Recall.pl': 0.9436}
2022-03-17 14:49:53,909 INFO {'IoU.pl': 0.2672, 'IoU.pl_epo': 5, 'Acc.pl': 0.9573, 'Acc.pl_epo': 6, 'Fscore.pl': 0.4217, 'Fscore.pl_epo': 5, 'Precision.pl': 0.2722, 'Precision.pl_epo': 5, 'Recall.pl': 0.9573, 'Recall.pl_epo': 6}
2022-03-17 14:49:53,909 INFO training...
2022-03-17 14:52:07,290 INFO Epoch: [8/1000][280/281] Time 133.200 (avg: 67.411) Loss 0.004320 (avg: 0.005534) lr 2.000000e-04
2022-03-17 14:52:07,302 INFO testing...
2022-03-17 14:52:11,992 INFO {'aAcc': 0.9629000000000001, 'mIoU': 0.6474, 'mAcc': 0.9533, 'mFscore': 0.74, 'mPrecision': 0.6690999999999999, 'mRecall': 0.9533, 'IoU.bg': 0.9621999999999999, 'IoU.pl': 0.3326, 'Acc.bg': 0.9632999999999999, 'Acc.pl': 0.9433, 'Fscore.bg': 0.9806999999999999, 'Fscore.pl': 0.49920000000000003, 'Precision.bg': 0.9987999999999999, 'Precision.pl': 0.3394, 'Recall.bg': 0.9632999999999999, 'Recall.pl': 0.9433}
2022-03-17 14:52:11,993 INFO {'IoU.pl': 0.3326, 'IoU.pl_epo': 8, 'Acc.pl': 0.9573, 'Acc.pl_epo': 6, 'Fscore.pl': 0.49920000000000003, 'Fscore.pl_epo': 8, 'Precision.pl': 0.3394, 'Precision.pl_epo': 8, 'Recall.pl': 0.9573, 'Recall.pl_epo': 6}
2022-03-17 14:52:12,530 INFO training...
2022-03-17 14:54:25,839 INFO Epoch: [9/1000][280/281] Time 133.156 (avg: 67.511) Loss 0.002613 (avg: 0.005138) lr 2.000000e-04
2022-03-17 14:54:25,848 INFO testing...
2022-03-17 14:54:30,478 INFO {'aAcc': 0.9545999999999999, 'mIoU': 0.6231, 'mAcc': 0.9553, 'mFscore': 0.7143999999999999, 'mPrecision': 0.6476999999999999, 'mRecall': 0.9553, 'IoU.bg': 0.9538, 'IoU.pl': 0.2923, 'Acc.bg': 0.9545999999999999, 'Acc.pl': 0.9561, 'Fscore.bg': 0.9763, 'Fscore.pl': 0.4524, 'Precision.bg': 0.9991, 'Precision.pl': 0.2963, 'Recall.bg': 0.9545999999999999, 'Recall.pl': 0.9561}
2022-03-17 14:54:30,479 INFO {'IoU.pl': 0.3326, 'IoU.pl_epo': 8, 'Acc.pl': 0.9573, 'Acc.pl_epo': 6, 'Fscore.pl': 0.49920000000000003, 'Fscore.pl_epo': 8, 'Precision.pl': 0.3394, 'Precision.pl_epo': 8, 'Recall.pl': 0.9573, 'Recall.pl_epo': 6}
2022-03-17 14:54:30,479 INFO training...
2022-03-17 14:56:43,920 INFO Epoch: [10/1000][280/281] Time 133.281 (avg: 67.447) Loss 0.004623 (avg: 0.004969) lr 2.000000e-04
2022-03-17 14:56:43,932 INFO testing...
2022-03-17 14:56:48,749 INFO {'aAcc': 0.9419, 'mIoU': 0.5938, 'mAcc': 0.9562, 'mFscore': 0.6827, 'mPrecision': 0.624, 'mRecall': 0.9562, 'IoU.bg': 0.9408, 'IoU.pl': 0.2468, 'Acc.bg': 0.9412999999999999, 'Acc.pl': 0.9711, 'Fscore.bg': 0.9695, 'Fscore.pl': 0.39590000000000003, 'Precision.bg': 0.9994, 'Precision.pl': 0.2486, 'Recall.bg': 0.9412999999999999, 'Recall.pl': 0.9711}
2022-03-17 14:56:48,749 INFO {'IoU.pl': 0.3326, 'IoU.pl_epo': 8, 'Acc.pl': 0.9711, 'Acc.pl_epo': 10, 'Fscore.pl': 0.49920000000000003, 'Fscore.pl_epo': 8, 'Precision.pl': 0.3394, 'Precision.pl_epo': 8, 'Recall.pl': 0.9711, 'Recall.pl_epo': 10}
2022-03-17 14:56:49,264 INFO training...
2022-03-17 14:59:02,740 INFO Epoch: [11/1000][280/281] Time 133.298 (avg: 67.433) Loss 0.005743 (avg: 0.004883) lr 2.000000e-04
2022-03-17 14:59:02,752 INFO testing...
2022-03-17 14:59:07,439 INFO {'aAcc': 0.9508, 'mIoU': 0.6135, 'mAcc': 0.9571, 'mFscore': 0.7042, 'mPrecision': 0.6396999999999999, 'mRecall': 0.9571, 'IoU.bg': 0.9498000000000001, 'IoU.pl': 0.2773, 'Acc.bg': 0.9505, 'Acc.pl': 0.9637, 'Fscore.bg': 0.9743, 'Fscore.pl': 0.43420000000000003, 'Precision.bg': 0.9992, 'Precision.pl': 0.2802, 'Recall.bg': 0.9505, 'Recall.pl': 0.9637}
2022-03-17 14:59:07,439 INFO {'IoU.pl': 0.3326, 'IoU.pl_epo': 8, 'Acc.pl': 0.9711, 'Acc.pl_epo': 10, 'Fscore.pl': 0.49920000000000003, 'Fscore.pl_epo': 8, 'Precision.pl': 0.3394, 'Precision.pl_epo': 8, 'Recall.pl': 0.9711, 'Recall.pl_epo': 10}
2022-03-17 14:59:07,440 INFO training...
2022-03-17 15:01:21,021 INFO Epoch: [12/1000][280/281] Time 133.417 (avg: 67.581) Loss 0.003307 (avg: 0.004832) lr 2.000000e-04
2022-03-17 15:01:21,030 INFO testing...
2022-03-17 15:01:25,783 INFO {'aAcc': 0.9440999999999999, 'mIoU': 0.598, 'mAcc': 0.9554, 'mFscore': 0.6873, 'mPrecision': 0.6273, 'mRecall': 0.9554, 'IoU.bg': 0.943, 'IoU.pl': 0.2531, 'Acc.bg': 0.9436, 'Acc.pl': 0.9672, 'Fscore.bg': 0.9706999999999999, 'Fscore.pl': 0.40399999999999997, 'Precision.bg': 0.9993000000000001, 'Precision.pl': 0.2553, 'Recall.bg': 0.9436, 'Recall.pl': 0.9672}
2022-03-17 15:01:25,784 INFO {'IoU.pl': 0.3326, 'IoU.pl_epo': 8, 'Acc.pl': 0.9711, 'Acc.pl_epo': 10, 'Fscore.pl': 0.49920000000000003, 'Fscore.pl_epo': 8, 'Precision.pl': 0.3394, 'Precision.pl_epo': 8, 'Recall.pl': 0.9711, 'Recall.pl_epo': 10}
2022-03-17 15:01:25,784 INFO training...
2022-03-17 15:03:38,246 INFO Epoch: [13/1000][280/281] Time 132.296 (avg: 67.048) Loss 0.002661 (avg: 0.004765) lr 2.000000e-04
2022-03-17 15:03:38,259 INFO testing...
2022-03-17 15:03:43,085 INFO {'aAcc': 0.9484999999999999, 'mIoU': 0.6092, 'mAcc': 0.9625, 'mFscore': 0.6997, 'mPrecision': 0.6361, 'mRecall': 0.9625, 'IoU.bg': 0.9475, 'IoU.pl': 0.271, 'Acc.bg': 0.9479000000000001, 'Acc.pl': 0.977, 'Fscore.bg': 0.973, 'Fscore.pl': 0.4264, 'Precision.bg': 0.9995, 'Precision.pl': 0.2727, 'Recall.bg': 0.9479000000000001, 'Recall.pl': 0.977}
2022-03-17 15:03:43,086 INFO {'IoU.pl': 0.3326, 'IoU.pl_epo': 8, 'Acc.pl': 0.977, 'Acc.pl_epo': 13, 'Fscore.pl': 0.49920000000000003, 'Fscore.pl_epo': 8, 'Precision.pl': 0.3394, 'Precision.pl_epo': 8, 'Recall.pl': 0.977, 'Recall.pl_epo': 13}
2022-03-17 15:03:43,587 INFO training...
2022-03-17 15:05:56,793 INFO Epoch: [14/1000][280/281] Time 133.054 (avg: 67.375) Loss 0.007713 (avg: 0.004465) lr 2.000000e-04
2022-03-17 15:05:56,800 INFO testing...
2022-03-17 15:06:01,684 INFO {'aAcc': 0.9682, 'mIoU': 0.6693000000000001, 'mAcc': 0.9623999999999999, 'mFscore': 0.7624, 'mPrecision': 0.6881999999999999, 'mRecall': 0.9623999999999999, 'IoU.bg': 0.9676, 'IoU.pl': 0.371, 'Acc.bg': 0.9684999999999999, 'Acc.pl': 0.9562999999999999, 'Fscore.bg': 0.9834999999999999, 'Fscore.pl': 0.5412, 'Precision.bg': 0.9991, 'Precision.pl': 0.3774, 'Recall.bg': 0.9684999999999999, 'Recall.pl': 0.9562999999999999}
2022-03-17 15:06:01,684 INFO {'IoU.pl': 0.371, 'IoU.pl_epo': 14, 'Acc.pl': 0.977, 'Acc.pl_epo': 13, 'Fscore.pl': 0.5412, 'Fscore.pl_epo': 14, 'Precision.pl': 0.3774, 'Precision.pl_epo': 14, 'Recall.pl': 0.977, 'Recall.pl_epo': 13}
2022-03-17 15:06:02,196 INFO training...
2022-03-17 15:08:15,127 INFO Epoch: [15/1000][280/281] Time 132.768 (avg: 67.424) Loss 0.002750 (avg: 0.004560) lr 2.000000e-04
2022-03-17 15:08:15,140 INFO testing...
2022-03-17 15:08:20,017 INFO {'aAcc': 0.9594, 'mIoU': 0.6381, 'mAcc': 0.9615, 'mFscore': 0.7304999999999999, 'mPrecision': 0.6604000000000001, 'mRecall': 0.9615, 'IoU.bg': 0.9586, 'IoU.pl': 0.3176, 'Acc.bg': 0.9593, 'Acc.pl': 0.9636, 'Fscore.bg': 0.9789, 'Fscore.pl': 0.48210000000000003, 'Precision.bg': 0.9992, 'Precision.pl': 0.3215, 'Recall.bg': 0.9593, 'Recall.pl': 0.9636}
2022-03-17 15:08:20,017 INFO {'IoU.pl': 0.371, 'IoU.pl_epo': 14, 'Acc.pl': 0.977, 'Acc.pl_epo': 13, 'Fscore.pl': 0.5412, 'Fscore.pl_epo': 14, 'Precision.pl': 0.3774, 'Precision.pl_epo': 14, 'Recall.pl': 0.977, 'Recall.pl_epo': 13}
2022-03-17 15:08:20,017 INFO training...
2022-03-17 15:10:33,187 INFO Epoch: [16/1000][280/281] Time 132.993 (avg: 67.521) Loss 0.004927 (avg: 0.004612) lr 2.000000e-04
2022-03-17 15:10:33,200 INFO testing...
2022-03-17 15:10:38,005 INFO {'aAcc': 0.9632, 'mIoU': 0.65, 'mAcc': 0.9605, 'mFscore': 0.7428, 'mPrecision': 0.6709, 'mRecall': 0.9605, 'IoU.bg': 0.9623999999999999, 'IoU.pl': 0.3375, 'Acc.bg': 0.9632999999999999, 'Acc.pl': 0.9577, 'Fscore.bg': 0.9809, 'Fscore.pl': 0.5047, 'Precision.bg': 0.9991, 'Precision.pl': 0.34259999999999996, 'Recall.bg': 0.9632999999999999, 'Recall.pl': 0.9577}
2022-03-17 15:10:38,006 INFO {'IoU.pl': 0.371, 'IoU.pl_epo': 14, 'Acc.pl': 0.977, 'Acc.pl_epo': 13, 'Fscore.pl': 0.5412, 'Fscore.pl_epo': 14, 'Precision.pl': 0.3774, 'Precision.pl_epo': 14, 'Recall.pl': 0.977, 'Recall.pl_epo': 13}
2022-03-17 15:10:38,006 INFO training...
2022-03-17 15:12:50,691 INFO Epoch: [17/1000][280/281] Time 132.523 (avg: 67.115) Loss 0.002182 (avg: 0.004365) lr 2.000000e-04
2022-03-17 15:12:50,696 INFO testing...
2022-03-17 15:12:55,427 INFO {'aAcc': 0.9645999999999999, 'mIoU': 0.6548999999999999, 'mAcc': 0.9594, 'mFscore': 0.7478, 'mPrecision': 0.6753, 'mRecall': 0.9594, 'IoU.bg': 0.9639, 'IoU.pl': 0.3458, 'Acc.bg': 0.9648, 'Acc.pl': 0.9540000000000001, 'Fscore.bg': 0.9815999999999999, 'Fscore.pl': 0.5139, 'Precision.bg': 0.9990000000000001, 'Precision.pl': 0.35159999999999997, 'Recall.bg': 0.9648, 'Recall.pl': 0.9540000000000001}
2022-03-17 15:12:55,428 INFO {'IoU.pl': 0.371, 'IoU.pl_epo': 14, 'Acc.pl': 0.977, 'Acc.pl_epo': 13, 'Fscore.pl': 0.5412, 'Fscore.pl_epo': 14, 'Precision.pl': 0.3774, 'Precision.pl_epo': 14, 'Recall.pl': 0.977, 'Recall.pl_epo': 13}
2022-03-17 15:12:55,428 INFO training...
2022-03-17 15:15:08,486 INFO Epoch: [18/1000][280/281] Time 132.881 (avg: 67.304) Loss 0.007679 (avg: 0.004056) lr 2.000000e-04
2022-03-17 15:15:08,498 INFO testing...
2022-03-17 15:15:13,265 INFO {'aAcc': 0.956, 'mIoU': 0.6275, 'mAcc': 0.9584, 'mFscore': 0.7192000000000001, 'mPrecision': 0.6514, 'mRecall': 0.9584, 'IoU.bg': 0.9551999999999999, 'IoU.pl': 0.2999, 'Acc.bg': 0.9559000000000001, 'Acc.pl': 0.9608, 'Fscore.bg': 0.9771, 'Fscore.pl': 0.46140000000000003, 'Precision.bg': 0.9992, 'Precision.pl': 0.3036, 'Recall.bg': 0.9559000000000001, 'Recall.pl': 0.9608}
2022-03-17 15:15:13,266 INFO {'IoU.pl': 0.371, 'IoU.pl_epo': 14, 'Acc.pl': 0.977, 'Acc.pl_epo': 13, 'Fscore.pl': 0.5412, 'Fscore.pl_epo': 14, 'Precision.pl': 0.3774, 'Precision.pl_epo': 14, 'Recall.pl': 0.977, 'Recall.pl_epo': 13}
2022-03-17 15:15:13,266 INFO training...
2022-03-17 15:17:26,168 INFO Epoch: [19/1000][280/281] Time 132.735 (avg: 67.170) Loss 0.006756 (avg: 0.004023) lr 2.000000e-04
2022-03-17 15:17:26,180 INFO testing...
2022-03-17 15:17:31,043 INFO {'aAcc': 0.9706999999999999, 'mIoU': 0.6793, 'mAcc': 0.9599, 'mFscore': 0.7722, 'mPrecision': 0.6979000000000001, 'mRecall': 0.9599, 'IoU.bg': 0.9702, 'IoU.pl': 0.3884, 'Acc.bg': 0.9712000000000001, 'Acc.pl': 0.9486, 'Fscore.bg': 0.9849, 'Fscore.pl': 0.5595, 'Precision.bg': 0.9989, 'Precision.pl': 0.3968, 'Recall.bg': 0.9712000000000001, 'Recall.pl': 0.9486}
2022-03-17 15:17:31,043 INFO {'IoU.pl': 0.3884, 'IoU.pl_epo': 19, 'Acc.pl': 0.977, 'Acc.pl_epo': 13, 'Fscore.pl': 0.5595, 'Fscore.pl_epo': 19, 'Precision.pl': 0.3968, 'Precision.pl_epo': 19, 'Recall.pl': 0.977, 'Recall.pl_epo': 13}
2022-03-17 15:17:31,564 INFO training...
2022-03-17 15:19:44,466 INFO Epoch: [20/1000][280/281] Time 132.719 (avg: 67.317) Loss 0.004402 (avg: 0.003816) lr 2.000000e-04
2022-03-17 15:19:44,479 INFO testing...
2022-03-17 15:19:49,263 INFO {'aAcc': 0.9573, 'mIoU': 0.6328, 'mAcc': 0.9664, 'mFscore': 0.725, 'mPrecision': 0.6555, 'mRecall': 0.9664, 'IoU.bg': 0.9564, 'IoU.pl': 0.30920000000000003, 'Acc.bg': 0.9569, 'Acc.pl': 0.9759, 'Fscore.bg': 0.9777, 'Fscore.pl': 0.47240000000000004, 'Precision.bg': 0.9995, 'Precision.pl': 0.3116, 'Recall.bg': 0.9569, 'Recall.pl': 0.9759}
2022-03-17 15:19:49,263 INFO {'IoU.pl': 0.3884, 'IoU.pl_epo': 19, 'Acc.pl': 0.977, 'Acc.pl_epo': 13, 'Fscore.pl': 0.5595, 'Fscore.pl_epo': 19, 'Precision.pl': 0.3968, 'Precision.pl_epo': 19, 'Recall.pl': 0.977, 'Recall.pl_epo': 13}
2022-03-17 15:19:49,263 INFO training...
2022-03-17 15:22:01,309 INFO Epoch: [21/1000][280/281] Time 131.882 (avg: 66.832) Loss 0.002088 (avg: 0.003873) lr 2.000000e-04
2022-03-17 15:22:01,317 INFO testing...
2022-03-17 15:22:06,157 INFO {'aAcc': 0.9688, 'mIoU': 0.6728000000000001, 'mAcc': 0.9662000000000001, 'mFscore': 0.7659, 'mPrecision': 0.691, 'mRecall': 0.9662000000000001, 'IoU.bg': 0.9682, 'IoU.pl': 0.37729999999999997, 'Acc.bg': 0.9689, 'Acc.pl': 0.9634999999999999, 'Fscore.bg': 0.9839, 'Fscore.pl': 0.5478999999999999, 'Precision.bg': 0.9992, 'Precision.pl': 0.38280000000000003, 'Recall.bg': 0.9689, 'Recall.pl': 0.9634999999999999}
2022-03-17 15:22:06,157 INFO {'IoU.pl': 0.3884, 'IoU.pl_epo': 19, 'Acc.pl': 0.977, 'Acc.pl_epo': 13, 'Fscore.pl': 0.5595, 'Fscore.pl_epo': 19, 'Precision.pl': 0.3968, 'Precision.pl_epo': 19, 'Recall.pl': 0.977, 'Recall.pl_epo': 13}
2022-03-17 15:22:06,157 INFO training...
2022-03-17 15:24:18,737 INFO Epoch: [22/1000][280/281] Time 132.423 (avg: 67.158) Loss 0.003375 (avg: 0.003701) lr 2.000000e-04
2022-03-17 15:24:18,743 INFO testing...
2022-03-17 15:24:23,719 INFO {'aAcc': 0.9595, 'mIoU': 0.6368, 'mAcc': 0.9544, 'mFscore': 0.7289, 'mPrecision': 0.6596, 'mRecall': 0.9544, 'IoU.bg': 0.9588, 'IoU.pl': 0.31489999999999996, 'Acc.bg': 0.9597, 'Acc.pl': 0.9490999999999999, 'Fscore.bg': 0.9789, 'Fscore.pl': 0.4789, 'Precision.bg': 0.9989, 'Precision.pl': 0.32030000000000003, 'Recall.bg': 0.9597, 'Recall.pl': 0.9490999999999999}
2022-03-17 15:24:23,720 INFO {'IoU.pl': 0.3884, 'IoU.pl_epo': 19, 'Acc.pl': 0.977, 'Acc.pl_epo': 13, 'Fscore.pl': 0.5595, 'Fscore.pl_epo': 19, 'Precision.pl': 0.3968, 'Precision.pl_epo': 19, 'Recall.pl': 0.977, 'Recall.pl_epo': 13}
2022-03-17 15:24:23,720 INFO training...
2022-03-17 15:26:36,942 INFO Epoch: [23/1000][280/281] Time 133.049 (avg: 67.524) Loss 0.003952 (avg: nan) lr 2.000000e-04
2022-03-17 15:26:36,947 INFO testing...
2022-03-17 15:26:41,874 INFO {'aAcc': 0.9804, 'mIoU': 0.4902, 'mAcc': 0.5, 'mFscore': 0.9901000000000001, 'mPrecision': 0.9804, 'mRecall': 0.5, 'IoU.bg': 0.9804, 'IoU.pl': 0.0, 'Acc.bg': 1.0, 'Acc.pl': 0.0, 'Fscore.bg': 0.9901000000000001, 'Fscore.pl': nan, 'Precision.bg': 0.9804, 'Precision.pl': nan, 'Recall.bg': 1.0, 'Recall.pl': 0.0}
2022-03-17 15:26:41,874 INFO {'IoU.pl': 0.3884, 'IoU.pl_epo': 19, 'Acc.pl': 0.977, 'Acc.pl_epo': 13, 'Fscore.pl': 0.5595, 'Fscore.pl_epo': 19, 'Precision.pl': 0.3968, 'Precision.pl_epo': 19, 'Recall.pl': 0.977, 'Recall.pl_epo': 13}
2022-03-17 15:26:41,874 INFO training...
2022-03-17 15:28:54,338 INFO Epoch: [24/1000][280/281] Time 132.268 (avg: 67.059) Loss 0.004358 (avg: 0.004049) lr 2.000000e-04
2022-03-17 15:28:54,351 INFO testing...
2022-03-17 15:28:59,186 INFO {'aAcc': 0.9804, 'mIoU': 0.4902, 'mAcc': 0.5, 'mFscore': 0.9901000000000001, 'mPrecision': 0.9804, 'mRecall': 0.5, 'IoU.bg': 0.9804, 'IoU.pl': 0.0, 'Acc.bg': 1.0, 'Acc.pl': 0.0, 'Fscore.bg': 0.9901000000000001, 'Fscore.pl': nan, 'Precision.bg': 0.9804, 'Precision.pl': nan, 'Recall.bg': 1.0, 'Recall.pl': 0.0}
2022-03-17 15:28:59,186 INFO {'IoU.pl': 0.3884, 'IoU.pl_epo': 19, 'Acc.pl': 0.977, 'Acc.pl_epo': 13, 'Fscore.pl': 0.5595, 'Fscore.pl_epo': 19, 'Precision.pl': 0.3968, 'Precision.pl_epo': 19, 'Recall.pl': 0.977, 'Recall.pl_epo': 13}
2022-03-17 15:28:59,186 INFO training...
2022-03-17 15:31:11,883 INFO Epoch: [25/1000][280/281] Time 132.522 (avg: 67.175) Loss 0.004072 (avg: 0.003569) lr 2.000000e-04
2022-03-17 15:31:11,894 INFO testing...
2022-03-17 15:31:16,758 INFO {'aAcc': 0.9804, 'mIoU': 0.4902, 'mAcc': 0.5, 'mFscore': 0.9901000000000001, 'mPrecision': 0.9804, 'mRecall': 0.5, 'IoU.bg': 0.9804, 'IoU.pl': 0.0, 'Acc.bg': 1.0, 'Acc.pl': 0.0, 'Fscore.bg': 0.9901000000000001, 'Fscore.pl': nan, 'Precision.bg': 0.9804, 'Precision.pl': nan, 'Recall.bg': 1.0, 'Recall.pl': 0.0}
2022-03-17 15:31:16,758 INFO {'IoU.pl': 0.3884, 'IoU.pl_epo': 19, 'Acc.pl': 0.977, 'Acc.pl_epo': 13, 'Fscore.pl': 0.5595, 'Fscore.pl_epo': 19, 'Precision.pl': 0.3968, 'Precision.pl_epo': 19, 'Recall.pl': 0.977, 'Recall.pl_epo': 13}
2022-03-17 15:31:16,759 INFO training...
2022-03-17 15:33:29,541 INFO Epoch: [26/1000][280/281] Time 132.623 (avg: 67.021) Loss 0.002149 (avg: 0.003751) lr 2.000000e-04
2022-03-17 15:33:29,554 INFO testing...
2022-03-17 15:33:34,289 INFO {'aAcc': 0.9804, 'mIoU': 0.4902, 'mAcc': 0.5, 'mFscore': 0.9901000000000001, 'mPrecision': 0.9804, 'mRecall': 0.5, 'IoU.bg': 0.9804, 'IoU.pl': 0.0, 'Acc.bg': 1.0, 'Acc.pl': 0.0, 'Fscore.bg': 0.9901000000000001, 'Fscore.pl': nan, 'Precision.bg': 0.9804, 'Precision.pl': nan, 'Recall.bg': 1.0, 'Recall.pl': 0.0}
2022-03-17 15:33:34,289 INFO {'IoU.pl': 0.3884, 'IoU.pl_epo': 19, 'Acc.pl': 0.977, 'Acc.pl_epo': 13, 'Fscore.pl': 0.5595, 'Fscore.pl_epo': 19, 'Precision.pl': 0.3968, 'Precision.pl_epo': 19, 'Recall.pl': 0.977, 'Recall.pl_epo': 13}
2022-03-17 15:33:34,289 INFO training...
2022-03-17 15:35:47,398 INFO Epoch: [27/1000][280/281] Time 132.923 (avg: 67.300) Loss 0.002111 (avg: 0.003398) lr 2.000000e-04
2022-03-17 15:35:47,410 INFO testing...
2022-03-17 15:35:52,115 INFO {'aAcc': 0.9804, 'mIoU': 0.4902, 'mAcc': 0.5, 'mFscore': 0.9901000000000001, 'mPrecision': 0.9804, 'mRecall': 0.5, 'IoU.bg': 0.9804, 'IoU.pl': 0.0, 'Acc.bg': 1.0, 'Acc.pl': 0.0, 'Fscore.bg': 0.9901000000000001, 'Fscore.pl': nan, 'Precision.bg': 0.9804, 'Precision.pl': nan, 'Recall.bg': 1.0, 'Recall.pl': 0.0}
2022-03-17 15:35:52,115 INFO {'IoU.pl': 0.3884, 'IoU.pl_epo': 19, 'Acc.pl': 0.977, 'Acc.pl_epo': 13, 'Fscore.pl': 0.5595, 'Fscore.pl_epo': 19, 'Precision.pl': 0.3968, 'Precision.pl_epo': 19, 'Recall.pl': 0.977, 'Recall.pl_epo': 13}
2022-03-17 15:35:52,115 INFO training...
2022-03-17 15:38:04,253 INFO Epoch: [28/1000][280/281] Time 131.956 (avg: 66.877) Loss 0.006760 (avg: 0.003395) lr 2.000000e-04
2022-03-17 15:38:04,260 INFO testing...
2022-03-17 15:38:09,093 INFO {'aAcc': 0.9804, 'mIoU': 0.4902, 'mAcc': 0.5, 'mFscore': 0.9901000000000001, 'mPrecision': 0.9804, 'mRecall': 0.5, 'IoU.bg': 0.9804, 'IoU.pl': 0.0, 'Acc.bg': 1.0, 'Acc.pl': 0.0, 'Fscore.bg': 0.9901000000000001, 'Fscore.pl': nan, 'Precision.bg': 0.9804, 'Precision.pl': nan, 'Recall.bg': 1.0, 'Recall.pl': 0.0}
2022-03-17 15:38:09,094 INFO {'IoU.pl': 0.3884, 'IoU.pl_epo': 19, 'Acc.pl': 0.977, 'Acc.pl_epo': 13, 'Fscore.pl': 0.5595, 'Fscore.pl_epo': 19, 'Precision.pl': 0.3968, 'Precision.pl_epo': 19, 'Recall.pl': 0.977, 'Recall.pl_epo': 13}
2022-03-17 15:38:09,094 INFO training...
2022-03-17 15:40:21,039 INFO Epoch: [29/1000][280/281] Time 131.776 (avg: 66.707) Loss 0.003668 (avg: 0.003702) lr 2.000000e-04
2022-03-17 15:40:21,044 INFO testing...
2022-03-17 15:40:25,852 INFO {'aAcc': 0.9804, 'mIoU': 0.4902, 'mAcc': 0.5, 'mFscore': 0.9901000000000001, 'mPrecision': 0.9804, 'mRecall': 0.5, 'IoU.bg': 0.9804, 'IoU.pl': 0.0, 'Acc.bg': 1.0, 'Acc.pl': 0.0, 'Fscore.bg': 0.9901000000000001, 'Fscore.pl': nan, 'Precision.bg': 0.9804, 'Precision.pl': nan, 'Recall.bg': 1.0, 'Recall.pl': 0.0}
2022-03-17 15:40:25,852 INFO {'IoU.pl': 0.3884, 'IoU.pl_epo': 19, 'Acc.pl': 0.977, 'Acc.pl_epo': 13, 'Fscore.pl': 0.5595, 'Fscore.pl_epo': 19, 'Precision.pl': 0.3968, 'Precision.pl_epo': 19, 'Recall.pl': 0.977, 'Recall.pl_epo': 13}
2022-03-17 15:40:25,852 INFO training...
2022-03-17 15:42:37,295 INFO Epoch: [30/1000][280/281] Time 131.256 (avg: 66.437) Loss 0.003653 (avg: 0.003351) lr 2.000000e-04
2022-03-17 15:42:37,307 INFO testing...
2022-03-17 15:42:42,111 INFO {'aAcc': 0.9804, 'mIoU': 0.4902, 'mAcc': 0.5, 'mFscore': 0.9901000000000001, 'mPrecision': 0.9804, 'mRecall': 0.5, 'IoU.bg': 0.9804, 'IoU.pl': 0.0, 'Acc.bg': 1.0, 'Acc.pl': 0.0, 'Fscore.bg': 0.9901000000000001, 'Fscore.pl': nan, 'Precision.bg': 0.9804, 'Precision.pl': nan, 'Recall.bg': 1.0, 'Recall.pl': 0.0}
2022-03-17 15:42:42,111 INFO {'IoU.pl': 0.3884, 'IoU.pl_epo': 19, 'Acc.pl': 0.977, 'Acc.pl_epo': 13, 'Fscore.pl': 0.5595, 'Fscore.pl_epo': 19, 'Precision.pl': 0.3968, 'Precision.pl_epo': 19, 'Recall.pl': 0.977, 'Recall.pl_epo': 13}
2022-03-17 15:42:42,111 INFO training...
2022-03-17 15:44:54,463 INFO Epoch: [31/1000][280/281] Time 132.159 (avg: 67.084) Loss 0.002014 (avg: 0.003295) lr 1.800000e-04
2022-03-17 15:44:54,477 INFO testing...
2022-03-17 15:44:59,349 INFO {'aAcc': 0.9804, 'mIoU': 0.4902, 'mAcc': 0.5, 'mFscore': 0.9901000000000001, 'mPrecision': 0.9804, 'mRecall': 0.5, 'IoU.bg': 0.9804, 'IoU.pl': 0.0, 'Acc.bg': 1.0, 'Acc.pl': 0.0, 'Fscore.bg': 0.9901000000000001, 'Fscore.pl': nan, 'Precision.bg': 0.9804, 'Precision.pl': nan, 'Recall.bg': 1.0, 'Recall.pl': 0.0}
2022-03-17 15:44:59,350 INFO {'IoU.pl': 0.3884, 'IoU.pl_epo': 19, 'Acc.pl': 0.977, 'Acc.pl_epo': 13, 'Fscore.pl': 0.5595, 'Fscore.pl_epo': 19, 'Precision.pl': 0.3968, 'Precision.pl_epo': 19, 'Recall.pl': 0.977, 'Recall.pl_epo': 13}
2022-03-17 15:44:59,351 INFO training...
2022-03-17 15:47:11,323 INFO Epoch: [32/1000][280/281] Time 131.778 (avg: 66.845) Loss 0.001467 (avg: 0.002962) lr 1.800000e-04
2022-03-17 15:47:11,337 INFO testing...
2022-03-17 15:47:16,129 INFO {'aAcc': 0.9804, 'mIoU': 0.4902, 'mAcc': 0.5, 'mFscore': 0.9901000000000001, 'mPrecision': 0.9804, 'mRecall': 0.5, 'IoU.bg': 0.9804, 'IoU.pl': 0.0, 'Acc.bg': 1.0, 'Acc.pl': 0.0, 'Fscore.bg': 0.9901000000000001, 'Fscore.pl': nan, 'Precision.bg': 0.9804, 'Precision.pl': nan, 'Recall.bg': 1.0, 'Recall.pl': 0.0}
2022-03-17 15:47:16,130 INFO {'IoU.pl': 0.3884, 'IoU.pl_epo': 19, 'Acc.pl': 0.977, 'Acc.pl_epo': 13, 'Fscore.pl': 0.5595, 'Fscore.pl_epo': 19, 'Precision.pl': 0.3968, 'Precision.pl_epo': 19, 'Recall.pl': 0.977, 'Recall.pl_epo': 13}
2022-03-17 15:47:16,130 INFO training...
2022-03-17 15:49:28,162 INFO Epoch: [33/1000][280/281] Time 131.843 (avg: 66.894) Loss 0.001222 (avg: 0.003045) lr 1.800000e-04
2022-03-17 15:49:28,175 INFO testing...
2022-03-17 15:49:32,900 INFO {'aAcc': 0.9804, 'mIoU': 0.4902, 'mAcc': 0.5, 'mFscore': 0.9901000000000001, 'mPrecision': 0.9804, 'mRecall': 0.5, 'IoU.bg': 0.9804, 'IoU.pl': 0.0, 'Acc.bg': 1.0, 'Acc.pl': 0.0, 'Fscore.bg': 0.9901000000000001, 'Fscore.pl': nan, 'Precision.bg': 0.9804, 'Precision.pl': nan, 'Recall.bg': 1.0, 'Recall.pl': 0.0}
2022-03-17 15:49:32,901 INFO {'IoU.pl': 0.3884, 'IoU.pl_epo': 19, 'Acc.pl': 0.977, 'Acc.pl_epo': 13, 'Fscore.pl': 0.5595, 'Fscore.pl_epo': 19, 'Precision.pl': 0.3968, 'Precision.pl_epo': 19, 'Recall.pl': 0.977, 'Recall.pl_epo': 13}
2022-03-17 15:49:32,901 INFO training...
2022-03-17 15:51:44,759 INFO Epoch: [34/1000][280/281] Time 131.678 (avg: 66.651) Loss 0.001572 (avg: 0.002989) lr 1.800000e-04
2022-03-17 15:51:44,772 INFO testing...
2022-03-17 15:51:49,643 INFO {'aAcc': 0.9804, 'mIoU': 0.4902, 'mAcc': 0.5, 'mFscore': 0.9901000000000001, 'mPrecision': 0.9804, 'mRecall': 0.5, 'IoU.bg': 0.9804, 'IoU.pl': 0.0, 'Acc.bg': 1.0, 'Acc.pl': 0.0, 'Fscore.bg': 0.9901000000000001, 'Fscore.pl': nan, 'Precision.bg': 0.9804, 'Precision.pl': nan, 'Recall.bg': 1.0, 'Recall.pl': 0.0}
2022-03-17 15:51:49,644 INFO {'IoU.pl': 0.3884, 'IoU.pl_epo': 19, 'Acc.pl': 0.977, 'Acc.pl_epo': 13, 'Fscore.pl': 0.5595, 'Fscore.pl_epo': 19, 'Precision.pl': 0.3968, 'Precision.pl_epo': 19, 'Recall.pl': 0.977, 'Recall.pl_epo': 13}
2022-03-17 15:51:49,644 INFO training...
2022-03-17 15:54:02,158 INFO Epoch: [35/1000][280/281] Time 132.339 (avg: 67.053) Loss 0.003467 (avg: 0.003045) lr 1.800000e-04
2022-03-17 15:54:02,162 INFO testing...
2022-03-17 15:54:07,184 INFO {'aAcc': 0.9804, 'mIoU': 0.4902, 'mAcc': 0.5, 'mFscore': 0.9901000000000001, 'mPrecision': 0.9804, 'mRecall': 0.5, 'IoU.bg': 0.9804, 'IoU.pl': 0.0, 'Acc.bg': 1.0, 'Acc.pl': 0.0, 'Fscore.bg': 0.9901000000000001, 'Fscore.pl': nan, 'Precision.bg': 0.9804, 'Precision.pl': nan, 'Recall.bg': 1.0, 'Recall.pl': 0.0}
2022-03-17 15:54:07,184 INFO {'IoU.pl': 0.3884, 'IoU.pl_epo': 19, 'Acc.pl': 0.977, 'Acc.pl_epo': 13, 'Fscore.pl': 0.5595, 'Fscore.pl_epo': 19, 'Precision.pl': 0.3968, 'Precision.pl_epo': 19, 'Recall.pl': 0.977, 'Recall.pl_epo': 13}
2022-03-17 15:54:07,185 INFO training...
2022-03-17 15:56:19,913 INFO Epoch: [36/1000][280/281] Time 132.546 (avg: 67.098) Loss 0.001766 (avg: 0.002934) lr 1.800000e-04
2022-03-17 15:56:19,920 INFO testing...
2022-03-17 15:56:24,982 INFO {'aAcc': 0.9804, 'mIoU': 0.4902, 'mAcc': 0.5, 'mFscore': 0.9901000000000001, 'mPrecision': 0.9804, 'mRecall': 0.5, 'IoU.bg': 0.9804, 'IoU.pl': 0.0, 'Acc.bg': 1.0, 'Acc.pl': 0.0, 'Fscore.bg': 0.9901000000000001, 'Fscore.pl': nan, 'Precision.bg': 0.9804, 'Precision.pl': nan, 'Recall.bg': 1.0, 'Recall.pl': 0.0}
2022-03-17 15:56:24,982 INFO {'IoU.pl': 0.3884, 'IoU.pl_epo': 19, 'Acc.pl': 0.977, 'Acc.pl_epo': 13, 'Fscore.pl': 0.5595, 'Fscore.pl_epo': 19, 'Precision.pl': 0.3968, 'Precision.pl_epo': 19, 'Recall.pl': 0.977, 'Recall.pl_epo': 13}
2022-03-17 15:56:24,983 INFO training...
2022-03-17 15:58:37,415 INFO Epoch: [37/1000][280/281] Time 132.259 (avg: 67.203) Loss 0.002206 (avg: 0.002753) lr 1.800000e-04
2022-03-17 15:58:37,427 INFO testing...
2022-03-17 15:58:42,398 INFO {'aAcc': 0.9804, 'mIoU': 0.4902, 'mAcc': 0.5, 'mFscore': 0.9901000000000001, 'mPrecision': 0.9804, 'mRecall': 0.5, 'IoU.bg': 0.9804, 'IoU.pl': 0.0, 'Acc.bg': 1.0, 'Acc.pl': 0.0, 'Fscore.bg': 0.9901000000000001, 'Fscore.pl': nan, 'Precision.bg': 0.9804, 'Precision.pl': nan, 'Recall.bg': 1.0, 'Recall.pl': 0.0}
2022-03-17 15:58:42,399 INFO {'IoU.pl': 0.3884, 'IoU.pl_epo': 19, 'Acc.pl': 0.977, 'Acc.pl_epo': 13, 'Fscore.pl': 0.5595, 'Fscore.pl_epo': 19, 'Precision.pl': 0.3968, 'Precision.pl_epo': 19, 'Recall.pl': 0.977, 'Recall.pl_epo': 13}
2022-03-17 15:58:42,399 INFO training...
2022-03-17 16:00:55,374 INFO Epoch: [38/1000][280/281] Time 132.833 (avg: 67.206) Loss 0.003184 (avg: 0.002696) lr 1.800000e-04
2022-03-17 16:00:55,386 INFO testing...
2022-03-17 16:01:00,182 INFO {'aAcc': 0.9804, 'mIoU': 0.4902, 'mAcc': 0.5, 'mFscore': 0.9901000000000001, 'mPrecision': 0.9804, 'mRecall': 0.5, 'IoU.bg': 0.9804, 'IoU.pl': 0.0, 'Acc.bg': 1.0, 'Acc.pl': 0.0, 'Fscore.bg': 0.9901000000000001, 'Fscore.pl': nan, 'Precision.bg': 0.9804, 'Precision.pl': nan, 'Recall.bg': 1.0, 'Recall.pl': 0.0}
2022-03-17 16:01:00,182 INFO {'IoU.pl': 0.3884, 'IoU.pl_epo': 19, 'Acc.pl': 0.977, 'Acc.pl_epo': 13, 'Fscore.pl': 0.5595, 'Fscore.pl_epo': 19, 'Precision.pl': 0.3968, 'Precision.pl_epo': 19, 'Recall.pl': 0.977, 'Recall.pl_epo': 13}
2022-03-17 16:01:00,183 INFO training...
