2022-01-19 18:35:47,938 INFO Called with args:
2022-01-19 18:35:47,938 INFO batch_size      | 8
2022-01-19 18:35:47,938 INFO lr              | 0.003125
2022-01-19 18:35:47,938 INFO momentum        | 0.9
2022-01-19 18:35:47,939 INFO weight_decay    | 0.0002
2022-01-19 18:35:47,939 INFO stepsize        | 25
2022-01-19 18:35:47,939 INFO gamma           | 0.5
2022-01-19 18:35:47,939 INFO max_epoch       | 1000
2022-01-19 18:35:47,939 INFO iter_size       | 1
2022-01-19 18:35:47,939 INFO start_epoch     | 0
2022-01-19 18:35:47,939 INFO print_freq      | 500
2022-01-19 18:35:47,939 INFO gpu             | 0
2022-01-19 18:35:47,939 INFO resume          | None
2022-01-19 18:35:47,939 INFO save_dir        | results/RCF20220119_1835-bs8-lr0.1
2022-01-19 18:35:47,939 INFO dataset         | data
2022-01-19 18:35:55,637 INFO Performing initial testing...
2022-01-19 18:37:01,043 INFO Epoch: [1/1000][139/140] Time 0.445 (avg: 0.466) Loss 153298.500000 (avg: 181980.091546) lr 3.125000e-03
2022-01-19 18:37:20,727 INFO {'aAcc': 0.919, 'mIoU': 0.547, 'mAcc': 0.924, 'mFscore': 0.6285000000000001, 'mPrecision': 0.5887, 'mRecall': 0.924, 'IoU.bg': 0.9176000000000001, 'IoU.pl': 0.1765, 'Acc.bg': 0.9188, 'Acc.pl': 0.9292, 'Fscore.bg': 0.9570000000000001, 'Fscore.pl': 0.3, 'Precision.bg': 0.9984999999999999, 'Precision.pl': 0.1789, 'Recall.bg': 0.9188, 'Recall.pl': 0.9292}
2022-01-19 18:37:20,727 INFO {'IoU.pl': 0.1765, 'IoU.pl_epo': 1, 'Acc.pl': 0.9292, 'Acc.pl_epo': 1, 'Fscore.pl': 0.3, 'Fscore.pl_epo': 1, 'Precision.pl': 0.1789, 'Precision.pl_epo': 1, 'Recall.pl': 0.9292, 'Recall.pl_epo': 1}
2022-01-19 18:37:20,969 INFO Performing initial testing...
2022-01-19 18:38:26,586 INFO Epoch: [2/1000][139/140] Time 0.435 (avg: 0.467) Loss 164533.562500 (avg: 143450.184989) lr 3.125000e-03
2022-01-19 18:38:43,748 INFO {'aAcc': 0.9335, 'mIoU': 0.569, 'mAcc': 0.9279000000000001, 'mFscore': 0.6531, 'mPrecision': 0.6039, 'mRecall': 0.9279000000000001, 'IoU.bg': 0.9323, 'IoU.pl': 0.2057, 'Acc.bg': 0.9337000000000001, 'Acc.pl': 0.9220999999999999, 'Fscore.bg': 0.965, 'Fscore.pl': 0.34119999999999995, 'Precision.bg': 0.9984000000000001, 'Precision.pl': 0.20929999999999999, 'Recall.bg': 0.9337000000000001, 'Recall.pl': 0.9220999999999999}
2022-01-19 18:38:43,749 INFO {'IoU.pl': 0.2057, 'IoU.pl_epo': 2, 'Acc.pl': 0.9292, 'Acc.pl_epo': 1, 'Fscore.pl': 0.34119999999999995, 'Fscore.pl_epo': 2, 'Precision.pl': 0.20929999999999999, 'Precision.pl_epo': 2, 'Recall.pl': 0.9292, 'Recall.pl_epo': 1}
2022-01-19 18:38:44,052 INFO Performing initial testing...
2022-01-19 18:39:49,723 INFO Epoch: [3/1000][139/140] Time 0.437 (avg: 0.468) Loss 78113.859375 (avg: 129001.208482) lr 3.125000e-03
2022-01-19 18:40:14,351 INFO {'aAcc': 0.9479000000000001, 'mIoU': 0.5982999999999999, 'mAcc': 0.938, 'mFscore': 0.6862, 'mPrecision': 0.6265999999999999, 'mRecall': 0.938, 'IoU.bg': 0.9470000000000001, 'IoU.pl': 0.24969999999999998, 'Acc.bg': 0.9483, 'Acc.pl': 0.9278, 'Fscore.bg': 0.9728, 'Fscore.pl': 0.3996, 'Precision.bg': 0.9986, 'Precision.pl': 0.2546, 'Recall.bg': 0.9483, 'Recall.pl': 0.9278}
2022-01-19 18:40:14,352 INFO {'IoU.pl': 0.24969999999999998, 'IoU.pl_epo': 3, 'Acc.pl': 0.9292, 'Acc.pl_epo': 1, 'Fscore.pl': 0.3996, 'Fscore.pl_epo': 3, 'Precision.pl': 0.2546, 'Precision.pl_epo': 3, 'Recall.pl': 0.9292, 'Recall.pl_epo': 1}
2022-01-19 18:40:14,677 INFO Performing initial testing...
2022-01-19 18:41:20,023 INFO Epoch: [4/1000][139/140] Time 0.438 (avg: 0.466) Loss 120749.898438 (avg: 124195.319448) lr 3.125000e-03
2022-01-19 18:41:44,324 INFO {'aAcc': 0.9327, 'mIoU': 0.5698, 'mAcc': 0.9399, 'mFscore': 0.6545000000000001, 'mPrecision': 0.6048, 'mRecall': 0.9399, 'IoU.bg': 0.9315000000000001, 'IoU.pl': 0.2082, 'Acc.bg': 0.9323999999999999, 'Acc.pl': 0.9473999999999999, 'Fscore.bg': 0.9645, 'Fscore.pl': 0.3446, 'Precision.bg': 0.9989, 'Precision.pl': 0.21059999999999998, 'Recall.bg': 0.9323999999999999, 'Recall.pl': 0.9473999999999999}
2022-01-19 18:41:44,325 INFO {'IoU.pl': 0.24969999999999998, 'IoU.pl_epo': 3, 'Acc.pl': 0.9473999999999999, 'Acc.pl_epo': 4, 'Fscore.pl': 0.3996, 'Fscore.pl_epo': 3, 'Precision.pl': 0.2546, 'Precision.pl_epo': 3, 'Recall.pl': 0.9473999999999999, 'Recall.pl_epo': 4}
2022-01-19 18:41:44,570 INFO Performing initial testing...
2022-01-19 18:42:50,196 INFO Epoch: [5/1000][139/140] Time 0.438 (avg: 0.467) Loss 131841.093750 (avg: 119658.079576) lr 3.125000e-03
2022-01-19 18:43:09,227 INFO {'aAcc': 0.9478, 'mIoU': 0.5988, 'mAcc': 0.9420000000000001, 'mFscore': 0.6868000000000001, 'mPrecision': 0.6269, 'mRecall': 0.9420000000000001, 'IoU.bg': 0.9468000000000001, 'IoU.pl': 0.2507, 'Acc.bg': 0.948, 'Acc.pl': 0.9359999999999999, 'Fscore.bg': 0.9727, 'Fscore.pl': 0.40090000000000003, 'Precision.bg': 0.9987, 'Precision.pl': 0.2551, 'Recall.bg': 0.948, 'Recall.pl': 0.9359999999999999}
2022-01-19 18:43:09,228 INFO {'IoU.pl': 0.2507, 'IoU.pl_epo': 5, 'Acc.pl': 0.9473999999999999, 'Acc.pl_epo': 4, 'Fscore.pl': 0.40090000000000003, 'Fscore.pl_epo': 5, 'Precision.pl': 0.2551, 'Precision.pl_epo': 5, 'Recall.pl': 0.9473999999999999, 'Recall.pl_epo': 4}
2022-01-19 18:43:09,462 INFO Performing initial testing...
2022-01-19 18:44:15,089 INFO Epoch: [6/1000][139/140] Time 0.436 (avg: 0.468) Loss 91813.859375 (avg: 112236.025558) lr 3.125000e-03
2022-01-19 18:44:33,139 INFO {'aAcc': 0.9062, 'mIoU': 0.5316, 'mAcc': 0.9262999999999999, 'mFscore': 0.6119, 'mPrecision': 0.5795, 'mRecall': 0.9262999999999999, 'IoU.bg': 0.9045000000000001, 'IoU.pl': 0.15869999999999998, 'Acc.bg': 0.9055, 'Acc.pl': 0.9472, 'Fscore.bg': 0.9499, 'Fscore.pl': 0.27399999999999997, 'Precision.bg': 0.9989, 'Precision.pl': 0.16010000000000002, 'Recall.bg': 0.9055, 'Recall.pl': 0.9472}
2022-01-19 18:44:33,211 INFO {'IoU.pl': 0.2507, 'IoU.pl_epo': 5, 'Acc.pl': 0.9473999999999999, 'Acc.pl_epo': 4, 'Fscore.pl': 0.40090000000000003, 'Fscore.pl_epo': 5, 'Precision.pl': 0.2551, 'Precision.pl_epo': 5, 'Recall.pl': 0.9473999999999999, 'Recall.pl_epo': 4}
2022-01-19 18:44:33,211 INFO Performing initial testing...
2022-01-19 18:45:38,701 INFO Epoch: [7/1000][139/140] Time 0.436 (avg: 0.467) Loss 91471.843750 (avg: 113034.515765) lr 3.125000e-03
2022-01-19 18:45:58,041 INFO {'aAcc': 0.9428, 'mIoU': 0.5892000000000001, 'mAcc': 0.9458, 'mFscore': 0.6762999999999999, 'mPrecision': 0.6193, 'mRecall': 0.9458, 'IoU.bg': 0.9418000000000001, 'IoU.pl': 0.2366, 'Acc.bg': 0.9427, 'Acc.pl': 0.9489, 'Fscore.bg': 0.97, 'Fscore.pl': 0.3826, 'Precision.bg': 0.9990000000000001, 'Precision.pl': 0.2396, 'Recall.bg': 0.9427, 'Recall.pl': 0.9489}
2022-01-19 18:45:58,041 INFO {'IoU.pl': 0.2507, 'IoU.pl_epo': 5, 'Acc.pl': 0.9489, 'Acc.pl_epo': 7, 'Fscore.pl': 0.40090000000000003, 'Fscore.pl_epo': 5, 'Precision.pl': 0.2551, 'Precision.pl_epo': 5, 'Recall.pl': 0.9489, 'Recall.pl_epo': 7}
2022-01-19 18:45:58,229 INFO Performing initial testing...
2022-01-19 18:47:03,549 INFO Epoch: [8/1000][139/140] Time 0.437 (avg: 0.465) Loss 122847.343750 (avg: 107944.965485) lr 3.125000e-03
2022-01-19 18:47:22,617 INFO {'aAcc': 0.9397, 'mIoU': 0.5831000000000001, 'mAcc': 0.9457, 'mFscore': 0.6696, 'mPrecision': 0.6146, 'mRecall': 0.9457, 'IoU.bg': 0.9386, 'IoU.pl': 0.22760000000000002, 'Acc.bg': 0.9394, 'Acc.pl': 0.9520000000000001, 'Fscore.bg': 0.9682999999999999, 'Fscore.pl': 0.37079999999999996, 'Precision.bg': 0.9990000000000001, 'Precision.pl': 0.2303, 'Recall.bg': 0.9394, 'Recall.pl': 0.9520000000000001}
2022-01-19 18:47:22,619 INFO {'IoU.pl': 0.2507, 'IoU.pl_epo': 5, 'Acc.pl': 0.9520000000000001, 'Acc.pl_epo': 8, 'Fscore.pl': 0.40090000000000003, 'Fscore.pl_epo': 5, 'Precision.pl': 0.2551, 'Precision.pl_epo': 5, 'Recall.pl': 0.9520000000000001, 'Recall.pl_epo': 8}
2022-01-19 18:47:22,862 INFO Performing initial testing...
2022-01-19 18:48:28,407 INFO Epoch: [9/1000][139/140] Time 0.441 (avg: 0.467) Loss 60543.691406 (avg: 103770.347349) lr 3.125000e-03
2022-01-19 18:48:48,626 INFO {'aAcc': 0.9587, 'mIoU': 0.6289, 'mAcc': 0.9537, 'mFscore': 0.72, 'mPrecision': 0.652, 'mRecall': 0.9537, 'IoU.bg': 0.9579000000000001, 'IoU.pl': 0.3, 'Acc.bg': 0.9588, 'Acc.pl': 0.9484999999999999, 'Fscore.bg': 0.9784999999999999, 'Fscore.pl': 0.46149999999999997, 'Precision.bg': 0.9990000000000001, 'Precision.pl': 0.3049, 'Recall.bg': 0.9588, 'Recall.pl': 0.9484999999999999}
2022-01-19 18:48:48,627 INFO {'IoU.pl': 0.3, 'IoU.pl_epo': 9, 'Acc.pl': 0.9520000000000001, 'Acc.pl_epo': 8, 'Fscore.pl': 0.46149999999999997, 'Fscore.pl_epo': 9, 'Precision.pl': 0.3049, 'Precision.pl_epo': 9, 'Recall.pl': 0.9520000000000001, 'Recall.pl_epo': 8}
2022-01-19 18:48:48,858 INFO Performing initial testing...
2022-01-19 18:49:54,790 INFO Epoch: [10/1000][139/140] Time 0.437 (avg: 0.470) Loss 93187.046875 (avg: 101786.442355) lr 3.125000e-03
2022-01-19 18:50:15,719 INFO {'aAcc': 0.9465, 'mIoU': 0.5958, 'mAcc': 0.9407, 'mFscore': 0.6835, 'mPrecision': 0.6245, 'mRecall': 0.9407, 'IoU.bg': 0.9456, 'IoU.pl': 0.24609999999999999, 'Acc.bg': 0.9467, 'Acc.pl': 0.9346, 'Fscore.bg': 0.972, 'Fscore.pl': 0.39490000000000003, 'Precision.bg': 0.9987, 'Precision.pl': 0.2504, 'Recall.bg': 0.9467, 'Recall.pl': 0.9346}
2022-01-19 18:50:15,720 INFO {'IoU.pl': 0.3, 'IoU.pl_epo': 9, 'Acc.pl': 0.9520000000000001, 'Acc.pl_epo': 8, 'Fscore.pl': 0.46149999999999997, 'Fscore.pl_epo': 9, 'Precision.pl': 0.3049, 'Precision.pl_epo': 9, 'Recall.pl': 0.9520000000000001, 'Recall.pl_epo': 8}
2022-01-19 18:50:15,721 INFO Performing initial testing...
2022-01-19 18:51:21,432 INFO Epoch: [11/1000][139/140] Time 0.432 (avg: 0.468) Loss 97872.734375 (avg: 106063.943862) lr 3.125000e-03
2022-01-19 18:51:39,128 INFO {'aAcc': 0.9503, 'mIoU': 0.6073, 'mAcc': 0.9555, 'mFscore': 0.6966, 'mPrecision': 0.6335999999999999, 'mRecall': 0.9555, 'IoU.bg': 0.9494, 'IoU.pl': 0.2652, 'Acc.bg': 0.9501000000000001, 'Acc.pl': 0.9608, 'Fscore.bg': 0.9740000000000001, 'Fscore.pl': 0.4192, 'Precision.bg': 0.9992, 'Precision.pl': 0.2681, 'Recall.bg': 0.9501000000000001, 'Recall.pl': 0.9608}
2022-01-19 18:51:39,129 INFO {'IoU.pl': 0.3, 'IoU.pl_epo': 9, 'Acc.pl': 0.9608, 'Acc.pl_epo': 11, 'Fscore.pl': 0.46149999999999997, 'Fscore.pl_epo': 9, 'Precision.pl': 0.3049, 'Precision.pl_epo': 9, 'Recall.pl': 0.9608, 'Recall.pl_epo': 11}
2022-01-19 18:51:39,359 INFO Performing initial testing...
2022-01-19 18:52:45,038 INFO Epoch: [12/1000][139/140] Time 0.435 (avg: 0.468) Loss 71010.398438 (avg: 101126.460770) lr 3.125000e-03
2022-01-19 18:53:01,425 INFO {'aAcc': 0.9334, 'mIoU': 0.5728, 'mAcc': 0.9499, 'mFscore': 0.6583, 'mPrecision': 0.6071, 'mRecall': 0.9499, 'IoU.bg': 0.9322, 'IoU.pl': 0.2133, 'Acc.bg': 0.9328, 'Acc.pl': 0.9670000000000001, 'Fscore.bg': 0.9649, 'Fscore.pl': 0.3517, 'Precision.bg': 0.9993000000000001, 'Precision.pl': 0.21489999999999998, 'Recall.bg': 0.9328, 'Recall.pl': 0.9670000000000001}
2022-01-19 18:53:01,427 INFO {'IoU.pl': 0.3, 'IoU.pl_epo': 9, 'Acc.pl': 0.9670000000000001, 'Acc.pl_epo': 12, 'Fscore.pl': 0.46149999999999997, 'Fscore.pl_epo': 9, 'Precision.pl': 0.3049, 'Precision.pl_epo': 9, 'Recall.pl': 0.9670000000000001, 'Recall.pl_epo': 12}
2022-01-19 18:53:01,606 INFO Performing initial testing...
2022-01-19 18:54:07,593 INFO Epoch: [13/1000][139/140] Time 0.434 (avg: 0.470) Loss 110595.507812 (avg: 99516.872238) lr 3.125000e-03
2022-01-19 18:54:22,228 INFO {'aAcc': 0.9504, 'mIoU': 0.607, 'mAcc': 0.9529000000000001, 'mFscore': 0.6962, 'mPrecision': 0.6335000000000001, 'mRecall': 0.9529000000000001, 'IoU.bg': 0.9495, 'IoU.pl': 0.2645, 'Acc.bg': 0.9503, 'Acc.pl': 0.9556, 'Fscore.bg': 0.9741, 'Fscore.pl': 0.41840000000000005, 'Precision.bg': 0.9991, 'Precision.pl': 0.26780000000000004, 'Recall.bg': 0.9503, 'Recall.pl': 0.9556}
2022-01-19 18:54:22,230 INFO {'IoU.pl': 0.3, 'IoU.pl_epo': 9, 'Acc.pl': 0.9670000000000001, 'Acc.pl_epo': 12, 'Fscore.pl': 0.46149999999999997, 'Fscore.pl_epo': 9, 'Precision.pl': 0.3049, 'Precision.pl_epo': 9, 'Recall.pl': 0.9670000000000001, 'Recall.pl_epo': 12}
2022-01-19 18:54:22,231 INFO Performing initial testing...
2022-01-19 18:55:27,688 INFO Epoch: [14/1000][139/140] Time 0.435 (avg: 0.466) Loss 108608.875000 (avg: 97418.166518) lr 3.125000e-03
2022-01-19 18:55:47,530 INFO {'aAcc': 0.9227, 'mIoU': 0.5548, 'mAcc': 0.9415, 'mFscore': 0.638, 'mPrecision': 0.5945, 'mRecall': 0.9415, 'IoU.bg': 0.9213, 'IoU.pl': 0.1884, 'Acc.bg': 0.9218999999999999, 'Acc.pl': 0.961, 'Fscore.bg': 0.9590000000000001, 'Fscore.pl': 0.3171, 'Precision.bg': 0.9992, 'Precision.pl': 0.18989999999999999, 'Recall.bg': 0.9218999999999999, 'Recall.pl': 0.961}
2022-01-19 18:55:47,531 INFO {'IoU.pl': 0.3, 'IoU.pl_epo': 9, 'Acc.pl': 0.9670000000000001, 'Acc.pl_epo': 12, 'Fscore.pl': 0.46149999999999997, 'Fscore.pl_epo': 9, 'Precision.pl': 0.3049, 'Precision.pl_epo': 9, 'Recall.pl': 0.9670000000000001, 'Recall.pl_epo': 12}
2022-01-19 18:55:47,531 INFO Performing initial testing...
2022-01-19 18:56:53,342 INFO Epoch: [15/1000][139/140] Time 0.435 (avg: 0.469) Loss 86301.828125 (avg: 93865.631975) lr 3.125000e-03
2022-01-19 18:57:10,419 INFO {'aAcc': 0.9556999999999999, 'mIoU': 0.6209, 'mAcc': 0.9553, 'mFscore': 0.7114, 'mPrecision': 0.645, 'mRecall': 0.9553, 'IoU.bg': 0.9549, 'IoU.pl': 0.2869, 'Acc.bg': 0.9556999999999999, 'Acc.pl': 0.9549, 'Fscore.bg': 0.9769, 'Fscore.pl': 0.4459, 'Precision.bg': 0.9991, 'Precision.pl': 0.2909, 'Recall.bg': 0.9556999999999999, 'Recall.pl': 0.9549}
2022-01-19 18:57:10,420 INFO {'IoU.pl': 0.3, 'IoU.pl_epo': 9, 'Acc.pl': 0.9670000000000001, 'Acc.pl_epo': 12, 'Fscore.pl': 0.46149999999999997, 'Fscore.pl_epo': 9, 'Precision.pl': 0.3049, 'Precision.pl_epo': 9, 'Recall.pl': 0.9670000000000001, 'Recall.pl_epo': 12}
2022-01-19 18:57:10,420 INFO Performing initial testing...
2022-01-19 18:58:15,786 INFO Epoch: [16/1000][139/140] Time 0.439 (avg: 0.466) Loss 188148.953125 (avg: 88056.476228) lr 3.125000e-03
2022-01-19 18:58:39,433 INFO {'aAcc': 0.9381999999999999, 'mIoU': 0.5804, 'mAcc': 0.9456, 'mFscore': 0.6665000000000001, 'mPrecision': 0.6126, 'mRecall': 0.9456, 'IoU.bg': 0.9370999999999999, 'IoU.pl': 0.2236, 'Acc.bg': 0.9379000000000001, 'Acc.pl': 0.9531999999999999, 'Fscore.bg': 0.9675, 'Fscore.pl': 0.3655, 'Precision.bg': 0.9991, 'Precision.pl': 0.2261, 'Recall.bg': 0.9379000000000001, 'Recall.pl': 0.9531999999999999}
2022-01-19 18:58:39,433 INFO {'IoU.pl': 0.3, 'IoU.pl_epo': 9, 'Acc.pl': 0.9670000000000001, 'Acc.pl_epo': 12, 'Fscore.pl': 0.46149999999999997, 'Fscore.pl_epo': 9, 'Precision.pl': 0.3049, 'Precision.pl_epo': 9, 'Recall.pl': 0.9670000000000001, 'Recall.pl_epo': 12}
2022-01-19 18:58:39,434 INFO Performing initial testing...
2022-01-19 18:59:45,202 INFO Epoch: [17/1000][139/140] Time 0.437 (avg: 0.468) Loss 116090.296875 (avg: 93873.012081) lr 3.125000e-03
2022-01-19 19:00:02,126 INFO {'aAcc': 0.9505, 'mIoU': 0.6065999999999999, 'mAcc': 0.9497, 'mFscore': 0.6956, 'mPrecision': 0.6332, 'mRecall': 0.9497, 'IoU.bg': 0.9495999999999999, 'IoU.pl': 0.2635, 'Acc.bg': 0.9505, 'Acc.pl': 0.9489, 'Fscore.bg': 0.9741, 'Fscore.pl': 0.4171, 'Precision.bg': 0.9990000000000001, 'Precision.pl': 0.2673, 'Recall.bg': 0.9505, 'Recall.pl': 0.9489}
2022-01-19 19:00:02,129 INFO {'IoU.pl': 0.3, 'IoU.pl_epo': 9, 'Acc.pl': 0.9670000000000001, 'Acc.pl_epo': 12, 'Fscore.pl': 0.46149999999999997, 'Fscore.pl_epo': 9, 'Precision.pl': 0.3049, 'Precision.pl_epo': 9, 'Recall.pl': 0.9670000000000001, 'Recall.pl_epo': 12}
2022-01-19 19:00:02,129 INFO Performing initial testing...
2022-01-19 19:01:07,727 INFO Epoch: [18/1000][139/140] Time 0.435 (avg: 0.467) Loss 82119.296875 (avg: 88584.929381) lr 3.125000e-03
2022-01-19 19:01:25,425 INFO {'aAcc': 0.9401, 'mIoU': 0.5847, 'mAcc': 0.9499, 'mFscore': 0.6715000000000001, 'mPrecision': 0.6159, 'mRecall': 0.9499, 'IoU.bg': 0.9390000000000001, 'IoU.pl': 0.2304, 'Acc.bg': 0.9397, 'Acc.pl': 0.9601000000000001, 'Fscore.bg': 0.9684999999999999, 'Fscore.pl': 0.37450000000000006, 'Precision.bg': 0.9992, 'Precision.pl': 0.23260000000000003, 'Recall.bg': 0.9397, 'Recall.pl': 0.9601000000000001}
2022-01-19 19:01:25,426 INFO {'IoU.pl': 0.3, 'IoU.pl_epo': 9, 'Acc.pl': 0.9670000000000001, 'Acc.pl_epo': 12, 'Fscore.pl': 0.46149999999999997, 'Fscore.pl_epo': 9, 'Precision.pl': 0.3049, 'Precision.pl_epo': 9, 'Recall.pl': 0.9670000000000001, 'Recall.pl_epo': 12}
2022-01-19 19:01:25,426 INFO Performing initial testing...
2022-01-19 19:02:31,014 INFO Epoch: [19/1000][139/140] Time 0.435 (avg: 0.467) Loss 54537.468750 (avg: 89093.873326) lr 3.125000e-03
2022-01-19 19:02:49,327 INFO {'aAcc': 0.9567, 'mIoU': 0.6239, 'mAcc': 0.9561, 'mFscore': 0.7147, 'mPrecision': 0.6475, 'mRecall': 0.9561, 'IoU.bg': 0.9559000000000001, 'IoU.pl': 0.292, 'Acc.bg': 0.9567, 'Acc.pl': 0.9555, 'Fscore.bg': 0.9775, 'Fscore.pl': 0.452, 'Precision.bg': 0.9991, 'Precision.pl': 0.29600000000000004, 'Recall.bg': 0.9567, 'Recall.pl': 0.9555}
2022-01-19 19:02:49,327 INFO {'IoU.pl': 0.3, 'IoU.pl_epo': 9, 'Acc.pl': 0.9670000000000001, 'Acc.pl_epo': 12, 'Fscore.pl': 0.46149999999999997, 'Fscore.pl_epo': 9, 'Precision.pl': 0.3049, 'Precision.pl_epo': 9, 'Recall.pl': 0.9670000000000001, 'Recall.pl_epo': 12}
2022-01-19 19:02:49,328 INFO Performing initial testing...
2022-01-19 19:03:55,183 INFO Epoch: [20/1000][139/140] Time 0.435 (avg: 0.469) Loss 66467.125000 (avg: 84632.440123) lr 3.125000e-03
2022-01-19 19:04:10,440 INFO {'aAcc': 0.9428, 'mIoU': 0.5901, 'mAcc': 0.9504, 'mFscore': 0.6776000000000001, 'mPrecision': 0.6201, 'mRecall': 0.9504, 'IoU.bg': 0.9418000000000001, 'IoU.pl': 0.23850000000000002, 'Acc.bg': 0.9426000000000001, 'Acc.pl': 0.9581999999999999, 'Fscore.bg': 0.97, 'Fscore.pl': 0.3851, 'Precision.bg': 0.9992, 'Precision.pl': 0.24100000000000002, 'Recall.bg': 0.9426000000000001, 'Recall.pl': 0.9581999999999999}
2022-01-19 19:04:10,441 INFO {'IoU.pl': 0.3, 'IoU.pl_epo': 9, 'Acc.pl': 0.9670000000000001, 'Acc.pl_epo': 12, 'Fscore.pl': 0.46149999999999997, 'Fscore.pl_epo': 9, 'Precision.pl': 0.3049, 'Precision.pl_epo': 9, 'Recall.pl': 0.9670000000000001, 'Recall.pl_epo': 12}
2022-01-19 19:04:10,441 INFO Performing initial testing...
2022-01-19 19:05:16,300 INFO Epoch: [21/1000][139/140] Time 0.437 (avg: 0.469) Loss 96573.789062 (avg: 90519.802985) lr 3.125000e-03
2022-01-19 19:05:32,713 INFO {'aAcc': 0.9438, 'mIoU': 0.5911, 'mAcc': 0.9451999999999999, 'mFscore': 0.6785, 'mPrecision': 0.6208, 'mRecall': 0.9451999999999999, 'IoU.bg': 0.9428, 'IoU.pl': 0.2395, 'Acc.bg': 0.9438, 'Acc.pl': 0.9465, 'Fscore.bg': 0.9706, 'Fscore.pl': 0.3864, 'Precision.bg': 0.9989, 'Precision.pl': 0.2427, 'Recall.bg': 0.9438, 'Recall.pl': 0.9465}
2022-01-19 19:05:32,721 INFO {'IoU.pl': 0.3, 'IoU.pl_epo': 9, 'Acc.pl': 0.9670000000000001, 'Acc.pl_epo': 12, 'Fscore.pl': 0.46149999999999997, 'Fscore.pl_epo': 9, 'Precision.pl': 0.3049, 'Precision.pl_epo': 9, 'Recall.pl': 0.9670000000000001, 'Recall.pl_epo': 12}
2022-01-19 19:05:32,723 INFO Performing initial testing...
2022-01-19 19:06:38,169 INFO Epoch: [22/1000][139/140] Time 0.435 (avg: 0.466) Loss 99487.742188 (avg: 87514.958789) lr 3.125000e-03
2022-01-19 19:06:56,445 INFO {'aAcc': 0.9537, 'mIoU': 0.6161, 'mAcc': 0.9575, 'mFscore': 0.7062999999999999, 'mPrecision': 0.6409, 'mRecall': 0.9575, 'IoU.bg': 0.9528, 'IoU.pl': 0.27940000000000004, 'Acc.bg': 0.9534999999999999, 'Acc.pl': 0.9614, 'Fscore.bg': 0.9758, 'Fscore.pl': 0.4368, 'Precision.bg': 0.9992, 'Precision.pl': 0.2826, 'Recall.bg': 0.9534999999999999, 'Recall.pl': 0.9614}
2022-01-19 19:06:56,445 INFO {'IoU.pl': 0.3, 'IoU.pl_epo': 9, 'Acc.pl': 0.9670000000000001, 'Acc.pl_epo': 12, 'Fscore.pl': 0.46149999999999997, 'Fscore.pl_epo': 9, 'Precision.pl': 0.3049, 'Precision.pl_epo': 9, 'Recall.pl': 0.9670000000000001, 'Recall.pl_epo': 12}
2022-01-19 19:06:56,446 INFO Performing initial testing...
2022-01-19 19:08:02,149 INFO Epoch: [23/1000][139/140] Time 0.431 (avg: 0.468) Loss 60178.144531 (avg: 81368.072600) lr 3.125000e-03
2022-01-19 19:08:16,621 INFO {'aAcc': 0.9625, 'mIoU': 0.6422, 'mAcc': 0.9599, 'mFscore': 0.7342, 'mPrecision': 0.6631999999999999, 'mRecall': 0.9599, 'IoU.bg': 0.9618000000000001, 'IoU.pl': 0.3226, 'Acc.bg': 0.9626, 'Acc.pl': 0.9571999999999999, 'Fscore.bg': 0.9804999999999999, 'Fscore.pl': 0.4878, 'Precision.bg': 0.9992, 'Precision.pl': 0.3273, 'Recall.bg': 0.9626, 'Recall.pl': 0.9571999999999999}
2022-01-19 19:08:16,622 INFO {'IoU.pl': 0.3226, 'IoU.pl_epo': 23, 'Acc.pl': 0.9670000000000001, 'Acc.pl_epo': 12, 'Fscore.pl': 0.4878, 'Fscore.pl_epo': 23, 'Precision.pl': 0.3273, 'Precision.pl_epo': 23, 'Recall.pl': 0.9670000000000001, 'Recall.pl_epo': 12}
2022-01-19 19:08:16,863 INFO Performing initial testing...
2022-01-19 19:09:22,529 INFO Epoch: [24/1000][139/140] Time 0.435 (avg: 0.468) Loss 60326.496094 (avg: 80281.866099) lr 3.125000e-03
2022-01-19 19:09:39,418 INFO {'aAcc': 0.9553, 'mIoU': 0.6206, 'mAcc': 0.9586, 'mFscore': 0.7112, 'mPrecision': 0.6446, 'mRecall': 0.9586, 'IoU.bg': 0.9545, 'IoU.pl': 0.2867, 'Acc.bg': 0.9551999999999999, 'Acc.pl': 0.9621, 'Fscore.bg': 0.9767, 'Fscore.pl': 0.4456, 'Precision.bg': 0.9992, 'Precision.pl': 0.29, 'Recall.bg': 0.9551999999999999, 'Recall.pl': 0.9621}
2022-01-19 19:09:39,419 INFO {'IoU.pl': 0.3226, 'IoU.pl_epo': 23, 'Acc.pl': 0.9670000000000001, 'Acc.pl_epo': 12, 'Fscore.pl': 0.4878, 'Fscore.pl_epo': 23, 'Precision.pl': 0.3273, 'Precision.pl_epo': 23, 'Recall.pl': 0.9670000000000001, 'Recall.pl_epo': 12}
2022-01-19 19:09:39,419 INFO Performing initial testing...
2022-01-19 19:10:44,993 INFO Epoch: [25/1000][139/140] Time 0.435 (avg: 0.467) Loss 101006.078125 (avg: 86337.251981) lr 3.125000e-03
2022-01-19 19:11:07,841 INFO {'aAcc': 0.9359000000000001, 'mIoU': 0.5734, 'mAcc': 0.9301, 'mFscore': 0.6581, 'mPrecision': 0.6072, 'mRecall': 0.9301, 'IoU.bg': 0.9347, 'IoU.pl': 0.2121, 'Acc.bg': 0.9361, 'Acc.pl': 0.9240999999999999, 'Fscore.bg': 0.9662999999999999, 'Fscore.pl': 0.35, 'Precision.bg': 0.9984999999999999, 'Precision.pl': 0.2159, 'Recall.bg': 0.9361, 'Recall.pl': 0.9240999999999999}
2022-01-19 19:11:07,842 INFO {'IoU.pl': 0.3226, 'IoU.pl_epo': 23, 'Acc.pl': 0.9670000000000001, 'Acc.pl_epo': 12, 'Fscore.pl': 0.4878, 'Fscore.pl_epo': 23, 'Precision.pl': 0.3273, 'Precision.pl_epo': 23, 'Recall.pl': 0.9670000000000001, 'Recall.pl_epo': 12}
2022-01-19 19:11:07,842 INFO Performing initial testing...
2022-01-19 19:12:13,031 INFO Epoch: [26/1000][139/140] Time 0.448 (avg: 0.464) Loss 80793.507812 (avg: 80560.586663) lr 1.562500e-03
2022-01-19 19:12:30,931 INFO {'aAcc': 0.9605, 'mIoU': 0.6358, 'mAcc': 0.9597, 'mFscore': 0.7275, 'mPrecision': 0.6576000000000001, 'mRecall': 0.9597, 'IoU.bg': 0.9598, 'IoU.pl': 0.3119, 'Acc.bg': 0.9605, 'Acc.pl': 0.9589, 'Fscore.bg': 0.9795, 'Fscore.pl': 0.4754, 'Precision.bg': 0.9992, 'Precision.pl': 0.3161, 'Recall.bg': 0.9605, 'Recall.pl': 0.9589}
2022-01-19 19:12:30,932 INFO {'IoU.pl': 0.3226, 'IoU.pl_epo': 23, 'Acc.pl': 0.9670000000000001, 'Acc.pl_epo': 12, 'Fscore.pl': 0.4878, 'Fscore.pl_epo': 23, 'Precision.pl': 0.3273, 'Precision.pl_epo': 23, 'Recall.pl': 0.9670000000000001, 'Recall.pl_epo': 12}
2022-01-19 19:12:30,932 INFO Performing initial testing...
2022-01-19 19:13:36,856 INFO Epoch: [27/1000][139/140] Time 0.442 (avg: 0.469) Loss 67222.656250 (avg: 74915.098717) lr 1.562500e-03
2022-01-19 19:13:52,651 INFO {'aAcc': 0.9632, 'mIoU': 0.6456999999999999, 'mAcc': 0.9638, 'mFscore': 0.738, 'mPrecision': 0.6661, 'mRecall': 0.9638, 'IoU.bg': 0.9626, 'IoU.pl': 0.3289, 'Acc.bg': 0.9632, 'Acc.pl': 0.9643999999999999, 'Fscore.bg': 0.9809, 'Fscore.pl': 0.495, 'Precision.bg': 0.9993000000000001, 'Precision.pl': 0.33299999999999996, 'Recall.bg': 0.9632, 'Recall.pl': 0.9643999999999999}
2022-01-19 19:13:52,651 INFO {'IoU.pl': 0.3289, 'IoU.pl_epo': 27, 'Acc.pl': 0.9670000000000001, 'Acc.pl_epo': 12, 'Fscore.pl': 0.495, 'Fscore.pl_epo': 27, 'Precision.pl': 0.33299999999999996, 'Precision.pl_epo': 27, 'Recall.pl': 0.9670000000000001, 'Recall.pl_epo': 12}
2022-01-19 19:13:52,954 INFO Performing initial testing...
2022-01-19 19:14:58,663 INFO Epoch: [28/1000][139/140] Time 0.432 (avg: 0.468) Loss 92731.281250 (avg: 74399.068150) lr 1.562500e-03
2022-01-19 19:15:15,520 INFO {'aAcc': 0.9637, 'mIoU': 0.6464, 'mAcc': 0.9601000000000001, 'mFscore': 0.7386, 'mPrecision': 0.667, 'mRecall': 0.9601000000000001, 'IoU.bg': 0.963, 'IoU.pl': 0.3298, 'Acc.bg': 0.9638, 'Acc.pl': 0.9562999999999999, 'Fscore.bg': 0.9812000000000001, 'Fscore.pl': 0.496, 'Precision.bg': 0.9991, 'Precision.pl': 0.33490000000000003, 'Recall.bg': 0.9638, 'Recall.pl': 0.9562999999999999}
2022-01-19 19:15:15,521 INFO {'IoU.pl': 0.3298, 'IoU.pl_epo': 28, 'Acc.pl': 0.9670000000000001, 'Acc.pl_epo': 12, 'Fscore.pl': 0.496, 'Fscore.pl_epo': 28, 'Precision.pl': 0.33490000000000003, 'Precision.pl_epo': 28, 'Recall.pl': 0.9670000000000001, 'Recall.pl_epo': 12}
2022-01-19 19:15:15,799 INFO Performing initial testing...
2022-01-19 19:16:21,335 INFO Epoch: [29/1000][139/140] Time 0.441 (avg: 0.467) Loss 83972.671875 (avg: 71708.300921) lr 1.562500e-03
2022-01-19 19:16:39,619 INFO {'aAcc': 0.9687, 'mIoU': 0.6653, 'mAcc': 0.9611, 'mFscore': 0.758, 'mPrecision': 0.6840999999999999, 'mRecall': 0.9611, 'IoU.bg': 0.9681000000000001, 'IoU.pl': 0.3625, 'Acc.bg': 0.9690000000000001, 'Acc.pl': 0.9531999999999999, 'Fscore.bg': 0.9838, 'Fscore.pl': 0.5321, 'Precision.bg': 0.9991, 'Precision.pl': 0.3691, 'Recall.bg': 0.9690000000000001, 'Recall.pl': 0.9531999999999999}
2022-01-19 19:16:39,620 INFO {'IoU.pl': 0.3625, 'IoU.pl_epo': 29, 'Acc.pl': 0.9670000000000001, 'Acc.pl_epo': 12, 'Fscore.pl': 0.5321, 'Fscore.pl_epo': 29, 'Precision.pl': 0.3691, 'Precision.pl_epo': 29, 'Recall.pl': 0.9670000000000001, 'Recall.pl_epo': 12}
2022-01-19 19:16:39,857 INFO Performing initial testing...
2022-01-19 19:17:45,286 INFO Epoch: [30/1000][139/140] Time 0.436 (avg: 0.466) Loss 84341.171875 (avg: 77479.013616) lr 1.562500e-03
2022-01-19 19:18:02,224 INFO {'aAcc': 0.96, 'mIoU': 0.6352, 'mAcc': 0.9631000000000001, 'mFscore': 0.7268000000000001, 'mPrecision': 0.6568999999999999, 'mRecall': 0.9631000000000001, 'IoU.bg': 0.9593, 'IoU.pl': 0.311, 'Acc.bg': 0.9599, 'Acc.pl': 0.9662999999999999, 'Fscore.bg': 0.9792000000000001, 'Fscore.pl': 0.47450000000000003, 'Precision.bg': 0.9993000000000001, 'Precision.pl': 0.3144, 'Recall.bg': 0.9599, 'Recall.pl': 0.9662999999999999}
2022-01-19 19:18:02,225 INFO {'IoU.pl': 0.3625, 'IoU.pl_epo': 29, 'Acc.pl': 0.9670000000000001, 'Acc.pl_epo': 12, 'Fscore.pl': 0.5321, 'Fscore.pl_epo': 29, 'Precision.pl': 0.3691, 'Precision.pl_epo': 29, 'Recall.pl': 0.9670000000000001, 'Recall.pl_epo': 12}
2022-01-19 19:18:02,225 INFO Performing initial testing...
2022-01-19 19:19:07,789 INFO Epoch: [31/1000][139/140] Time 0.437 (avg: 0.467) Loss 73694.898438 (avg: 71860.073186) lr 1.562500e-03
2022-01-19 19:19:27,414 INFO {'aAcc': 0.9654, 'mIoU': 0.6527, 'mAcc': 0.9618000000000001, 'mFscore': 0.7451000000000001, 'mPrecision': 0.6725, 'mRecall': 0.9618000000000001, 'IoU.bg': 0.9647, 'IoU.pl': 0.3406, 'Acc.bg': 0.9655, 'Acc.pl': 0.958, 'Fscore.bg': 0.982, 'Fscore.pl': 0.5081, 'Precision.bg': 0.9992, 'Precision.pl': 0.3457, 'Recall.bg': 0.9655, 'Recall.pl': 0.958}
2022-01-19 19:19:27,415 INFO {'IoU.pl': 0.3625, 'IoU.pl_epo': 29, 'Acc.pl': 0.9670000000000001, 'Acc.pl_epo': 12, 'Fscore.pl': 0.5321, 'Fscore.pl_epo': 29, 'Precision.pl': 0.3691, 'Precision.pl_epo': 29, 'Recall.pl': 0.9670000000000001, 'Recall.pl_epo': 12}
2022-01-19 19:19:27,416 INFO Performing initial testing...
2022-01-19 19:20:32,913 INFO Epoch: [32/1000][139/140] Time 0.443 (avg: 0.467) Loss 90836.265625 (avg: 70168.388337) lr 1.562500e-03
2022-01-19 19:20:47,744 INFO {'aAcc': 0.9671, 'mIoU': 0.6589, 'mAcc': 0.9606, 'mFscore': 0.7514, 'mPrecision': 0.6781999999999999, 'mRecall': 0.9606, 'IoU.bg': 0.9665, 'IoU.pl': 0.35119999999999996, 'Acc.bg': 0.9673, 'Acc.pl': 0.9539, 'Fscore.bg': 0.983, 'Fscore.pl': 0.5199, 'Precision.bg': 0.9991, 'Precision.pl': 0.35729999999999995, 'Recall.bg': 0.9673, 'Recall.pl': 0.9539}
2022-01-19 19:20:47,744 INFO {'IoU.pl': 0.3625, 'IoU.pl_epo': 29, 'Acc.pl': 0.9670000000000001, 'Acc.pl_epo': 12, 'Fscore.pl': 0.5321, 'Fscore.pl_epo': 29, 'Precision.pl': 0.3691, 'Precision.pl_epo': 29, 'Recall.pl': 0.9670000000000001, 'Recall.pl_epo': 12}
2022-01-19 19:20:47,745 INFO Performing initial testing...
2022-01-19 19:21:53,399 INFO Epoch: [33/1000][139/140] Time 0.437 (avg: 0.468) Loss 63176.820312 (avg: 70097.208008) lr 1.562500e-03
2022-01-19 19:22:10,232 INFO {'aAcc': 0.9621, 'mIoU': 0.6423000000000001, 'mAcc': 0.9648, 'mFscore': 0.7343999999999999, 'mPrecision': 0.6629999999999999, 'mRecall': 0.9648, 'IoU.bg': 0.9614, 'IoU.pl': 0.3231, 'Acc.bg': 0.9620000000000001, 'Acc.pl': 0.9675, 'Fscore.bg': 0.9803000000000001, 'Fscore.pl': 0.48840000000000006, 'Precision.bg': 0.9994, 'Precision.pl': 0.3267, 'Recall.bg': 0.9620000000000001, 'Recall.pl': 0.9675}
2022-01-19 19:22:10,233 INFO {'IoU.pl': 0.3625, 'IoU.pl_epo': 29, 'Acc.pl': 0.9675, 'Acc.pl_epo': 33, 'Fscore.pl': 0.5321, 'Fscore.pl_epo': 29, 'Precision.pl': 0.3691, 'Precision.pl_epo': 29, 'Recall.pl': 0.9675, 'Recall.pl_epo': 33}
2022-01-19 19:22:10,481 INFO Performing initial testing...
2022-01-19 19:23:15,552 INFO Epoch: [34/1000][139/140] Time 0.432 (avg: 0.464) Loss 54146.003906 (avg: 76793.965765) lr 1.562500e-03
2022-01-19 19:23:32,918 INFO {'aAcc': 0.9554, 'mIoU': 0.6214, 'mAcc': 0.9616, 'mFscore': 0.7121999999999999, 'mPrecision': 0.6452, 'mRecall': 0.9616, 'IoU.bg': 0.9545, 'IoU.pl': 0.2883, 'Acc.bg': 0.9551000000000001, 'Acc.pl': 0.9681000000000001, 'Fscore.bg': 0.9767, 'Fscore.pl': 0.4476, 'Precision.bg': 0.9994, 'Precision.pl': 0.29109999999999997, 'Recall.bg': 0.9551000000000001, 'Recall.pl': 0.9681000000000001}
2022-01-19 19:23:32,919 INFO {'IoU.pl': 0.3625, 'IoU.pl_epo': 29, 'Acc.pl': 0.9681000000000001, 'Acc.pl_epo': 34, 'Fscore.pl': 0.5321, 'Fscore.pl_epo': 29, 'Precision.pl': 0.3691, 'Precision.pl_epo': 29, 'Recall.pl': 0.9681000000000001, 'Recall.pl_epo': 34}
2022-01-19 19:23:33,173 INFO Performing initial testing...
2022-01-19 19:24:39,118 INFO Epoch: [35/1000][139/140] Time 0.440 (avg: 0.470) Loss 91948.125000 (avg: 72939.340597) lr 1.562500e-03
2022-01-19 19:24:56,430 INFO {'aAcc': 0.97, 'mIoU': 0.6709, 'mAcc': 0.9621, 'mFscore': 0.7636, 'mPrecision': 0.6890999999999999, 'mRecall': 0.9621, 'IoU.bg': 0.9693999999999999, 'IoU.pl': 0.37229999999999996, 'Acc.bg': 0.9703, 'Acc.pl': 0.9539, 'Fscore.bg': 0.9845, 'Fscore.pl': 0.5426, 'Precision.bg': 0.9991, 'Precision.pl': 0.37920000000000004, 'Recall.bg': 0.9703, 'Recall.pl': 0.9539}
2022-01-19 19:24:56,431 INFO {'IoU.pl': 0.37229999999999996, 'IoU.pl_epo': 35, 'Acc.pl': 0.9681000000000001, 'Acc.pl_epo': 34, 'Fscore.pl': 0.5426, 'Fscore.pl_epo': 35, 'Precision.pl': 0.37920000000000004, 'Precision.pl_epo': 35, 'Recall.pl': 0.9681000000000001, 'Recall.pl_epo': 34}
2022-01-19 19:24:56,665 INFO Performing initial testing...
2022-01-19 19:26:02,257 INFO Epoch: [36/1000][139/140] Time 0.433 (avg: 0.467) Loss 52636.097656 (avg: 68924.153739) lr 1.562500e-03
2022-01-19 19:26:22,734 INFO {'aAcc': 0.9706, 'mIoU': 0.672, 'mAcc': 0.9562999999999999, 'mFscore': 0.7646, 'mPrecision': 0.6909000000000001, 'mRecall': 0.9562999999999999, 'IoU.bg': 0.97, 'IoU.pl': 0.374, 'Acc.bg': 0.9711, 'Acc.pl': 0.9414, 'Fscore.bg': 0.9848, 'Fscore.pl': 0.5444, 'Precision.bg': 0.9989, 'Precision.pl': 0.38299999999999995, 'Recall.bg': 0.9711, 'Recall.pl': 0.9414}
2022-01-19 19:26:22,734 INFO {'IoU.pl': 0.374, 'IoU.pl_epo': 36, 'Acc.pl': 0.9681000000000001, 'Acc.pl_epo': 34, 'Fscore.pl': 0.5444, 'Fscore.pl_epo': 36, 'Precision.pl': 0.38299999999999995, 'Precision.pl_epo': 36, 'Recall.pl': 0.9681000000000001, 'Recall.pl_epo': 34}
2022-01-19 19:26:23,038 INFO Performing initial testing...
2022-01-19 19:27:28,590 INFO Epoch: [37/1000][139/140] Time 0.437 (avg: 0.467) Loss 83643.007812 (avg: 67606.836928) lr 1.562500e-03
2022-01-19 19:27:48,321 INFO {'aAcc': 0.9704999999999999, 'mIoU': 0.6722, 'mAcc': 0.9576, 'mFscore': 0.7648, 'mPrecision': 0.6908, 'mRecall': 0.9576, 'IoU.bg': 0.97, 'IoU.pl': 0.3743, 'Acc.bg': 0.971, 'Acc.pl': 0.9442, 'Fscore.bg': 0.9848, 'Fscore.pl': 0.5447, 'Precision.bg': 0.9989, 'Precision.pl': 0.38280000000000003, 'Recall.bg': 0.971, 'Recall.pl': 0.9442}
2022-01-19 19:27:48,322 INFO {'IoU.pl': 0.3743, 'IoU.pl_epo': 37, 'Acc.pl': 0.9681000000000001, 'Acc.pl_epo': 34, 'Fscore.pl': 0.5447, 'Fscore.pl_epo': 37, 'Precision.pl': 0.38299999999999995, 'Precision.pl_epo': 36, 'Recall.pl': 0.9681000000000001, 'Recall.pl_epo': 34}
2022-01-19 19:27:48,559 INFO Performing initial testing...
2022-01-19 19:28:53,901 INFO Epoch: [38/1000][139/140] Time 0.441 (avg: 0.466) Loss 71637.281250 (avg: 66374.187737) lr 1.562500e-03
2022-01-19 19:29:10,732 INFO {'aAcc': 0.9693, 'mIoU': 0.6683, 'mAcc': 0.9636, 'mFscore': 0.7609999999999999, 'mPrecision': 0.6866, 'mRecall': 0.9636, 'IoU.bg': 0.9687, 'IoU.pl': 0.3679, 'Acc.bg': 0.9695, 'Acc.pl': 0.9577, 'Fscore.bg': 0.9841, 'Fscore.pl': 0.5379, 'Precision.bg': 0.9992, 'Precision.pl': 0.374, 'Recall.bg': 0.9695, 'Recall.pl': 0.9577}
2022-01-19 19:29:10,732 INFO {'IoU.pl': 0.3743, 'IoU.pl_epo': 37, 'Acc.pl': 0.9681000000000001, 'Acc.pl_epo': 34, 'Fscore.pl': 0.5447, 'Fscore.pl_epo': 37, 'Precision.pl': 0.38299999999999995, 'Precision.pl_epo': 36, 'Recall.pl': 0.9681000000000001, 'Recall.pl_epo': 34}
2022-01-19 19:29:10,733 INFO Performing initial testing...
2022-01-19 19:30:16,136 INFO Epoch: [39/1000][139/140] Time 0.433 (avg: 0.466) Loss 67236.632812 (avg: 66495.496666) lr 1.562500e-03
2022-01-19 19:30:31,323 INFO {'aAcc': 0.9670000000000001, 'mIoU': 0.6589, 'mAcc': 0.9620000000000001, 'mFscore': 0.7514, 'mPrecision': 0.6781, 'mRecall': 0.9620000000000001, 'IoU.bg': 0.9664, 'IoU.pl': 0.3513, 'Acc.bg': 0.9672, 'Acc.pl': 0.9568000000000001, 'Fscore.bg': 0.9829000000000001, 'Fscore.pl': 0.52, 'Precision.bg': 0.9992, 'Precision.pl': 0.35700000000000004, 'Recall.bg': 0.9672, 'Recall.pl': 0.9568000000000001}
2022-01-19 19:30:31,324 INFO {'IoU.pl': 0.3743, 'IoU.pl_epo': 37, 'Acc.pl': 0.9681000000000001, 'Acc.pl_epo': 34, 'Fscore.pl': 0.5447, 'Fscore.pl_epo': 37, 'Precision.pl': 0.38299999999999995, 'Precision.pl_epo': 36, 'Recall.pl': 0.9681000000000001, 'Recall.pl_epo': 34}
2022-01-19 19:30:31,325 INFO Performing initial testing...
2022-01-19 19:31:36,839 INFO Epoch: [40/1000][139/140] Time 0.432 (avg: 0.467) Loss 90534.398438 (avg: 66244.127372) lr 1.562500e-03
2022-01-19 19:31:52,031 INFO {'aAcc': 0.9738, 'mIoU': 0.6870999999999999, 'mAcc': 0.9573, 'mFscore': 0.7794, 'mPrecision': 0.7051000000000001, 'mRecall': 0.9573, 'IoU.bg': 0.9732999999999999, 'IoU.pl': 0.40090000000000003, 'Acc.bg': 0.9743999999999999, 'Acc.pl': 0.9401999999999999, 'Fscore.bg': 0.9865, 'Fscore.pl': 0.5724, 'Precision.bg': 0.9987999999999999, 'Precision.pl': 0.4114, 'Recall.bg': 0.9743999999999999, 'Recall.pl': 0.9401999999999999}
2022-01-19 19:31:52,031 INFO {'IoU.pl': 0.40090000000000003, 'IoU.pl_epo': 40, 'Acc.pl': 0.9681000000000001, 'Acc.pl_epo': 34, 'Fscore.pl': 0.5724, 'Fscore.pl_epo': 40, 'Precision.pl': 0.4114, 'Precision.pl_epo': 40, 'Recall.pl': 0.9681000000000001, 'Recall.pl_epo': 34}
2022-01-19 19:31:52,293 INFO Performing initial testing...
2022-01-19 19:32:57,871 INFO Epoch: [41/1000][139/140] Time 0.435 (avg: 0.467) Loss 47244.250000 (avg: 66251.249679) lr 1.562500e-03
2022-01-19 19:33:15,134 INFO {'aAcc': 0.9667, 'mIoU': 0.6585, 'mAcc': 0.9648, 'mFscore': 0.7511, 'mPrecision': 0.6775, 'mRecall': 0.9648, 'IoU.bg': 0.9661, 'IoU.pl': 0.3508, 'Acc.bg': 0.9668000000000001, 'Acc.pl': 0.9627, 'Fscore.bg': 0.9828, 'Fscore.pl': 0.5194, 'Precision.bg': 0.9993000000000001, 'Precision.pl': 0.3557, 'Recall.bg': 0.9668000000000001, 'Recall.pl': 0.9627}
2022-01-19 19:33:15,135 INFO {'IoU.pl': 0.40090000000000003, 'IoU.pl_epo': 40, 'Acc.pl': 0.9681000000000001, 'Acc.pl_epo': 34, 'Fscore.pl': 0.5724, 'Fscore.pl_epo': 40, 'Precision.pl': 0.4114, 'Precision.pl_epo': 40, 'Recall.pl': 0.9681000000000001, 'Recall.pl_epo': 34}
2022-01-19 19:33:15,135 INFO Performing initial testing...
2022-01-19 19:34:20,682 INFO Epoch: [42/1000][139/140] Time 0.434 (avg: 0.467) Loss 55601.144531 (avg: 65280.606403) lr 1.562500e-03
2022-01-19 19:34:34,242 INFO {'aAcc': 0.9734999999999999, 'mIoU': 0.6862999999999999, 'mAcc': 0.9589, 'mFscore': 0.7787000000000001, 'mPrecision': 0.7041, 'mRecall': 0.9589, 'IoU.bg': 0.973, 'IoU.pl': 0.3996, 'Acc.bg': 0.9741, 'Acc.pl': 0.9438, 'Fscore.bg': 0.9863, 'Fscore.pl': 0.5710000000000001, 'Precision.bg': 0.9989, 'Precision.pl': 0.4093, 'Recall.bg': 0.9741, 'Recall.pl': 0.9438}
2022-01-19 19:34:34,242 INFO {'IoU.pl': 0.40090000000000003, 'IoU.pl_epo': 40, 'Acc.pl': 0.9681000000000001, 'Acc.pl_epo': 34, 'Fscore.pl': 0.5724, 'Fscore.pl_epo': 40, 'Precision.pl': 0.4114, 'Precision.pl_epo': 40, 'Recall.pl': 0.9681000000000001, 'Recall.pl_epo': 34}
2022-01-19 19:34:34,242 INFO Performing initial testing...
2022-01-19 19:35:39,619 INFO Epoch: [43/1000][139/140] Time 0.433 (avg: 0.466) Loss 45651.121094 (avg: 65793.193011) lr 1.562500e-03
2022-01-19 19:35:54,622 INFO {'aAcc': 0.9671, 'mIoU': 0.6593000000000001, 'mAcc': 0.9621999999999999, 'mFscore': 0.7519, 'mPrecision': 0.6785, 'mRecall': 0.9621999999999999, 'IoU.bg': 0.9665, 'IoU.pl': 0.3521, 'Acc.bg': 0.9673, 'Acc.pl': 0.9571999999999999, 'Fscore.bg': 0.983, 'Fscore.pl': 0.5209, 'Precision.bg': 0.9992, 'Precision.pl': 0.3578, 'Recall.bg': 0.9673, 'Recall.pl': 0.9571999999999999}
2022-01-19 19:35:54,622 INFO {'IoU.pl': 0.40090000000000003, 'IoU.pl_epo': 40, 'Acc.pl': 0.9681000000000001, 'Acc.pl_epo': 34, 'Fscore.pl': 0.5724, 'Fscore.pl_epo': 40, 'Precision.pl': 0.4114, 'Precision.pl_epo': 40, 'Recall.pl': 0.9681000000000001, 'Recall.pl_epo': 34}
2022-01-19 19:35:54,622 INFO Performing initial testing...
2022-01-19 19:37:00,202 INFO Epoch: [44/1000][139/140] Time 0.433 (avg: 0.467) Loss 108482.804688 (avg: 66978.857115) lr 1.562500e-03
2022-01-19 19:37:15,235 INFO {'aAcc': 0.9673, 'mIoU': 0.6601, 'mAcc': 0.9616, 'mFscore': 0.7526999999999999, 'mPrecision': 0.6792, 'mRecall': 0.9616, 'IoU.bg': 0.9667, 'IoU.pl': 0.35340000000000005, 'Acc.bg': 0.9676, 'Acc.pl': 0.9556999999999999, 'Fscore.bg': 0.9831, 'Fscore.pl': 0.5222, 'Precision.bg': 0.9991, 'Precision.pl': 0.3593, 'Recall.bg': 0.9676, 'Recall.pl': 0.9556999999999999}
2022-01-19 19:37:15,236 INFO {'IoU.pl': 0.40090000000000003, 'IoU.pl_epo': 40, 'Acc.pl': 0.9681000000000001, 'Acc.pl_epo': 34, 'Fscore.pl': 0.5724, 'Fscore.pl_epo': 40, 'Precision.pl': 0.4114, 'Precision.pl_epo': 40, 'Recall.pl': 0.9681000000000001, 'Recall.pl_epo': 34}
2022-01-19 19:37:15,236 INFO Performing initial testing...
2022-01-19 19:38:20,925 INFO Epoch: [45/1000][139/140] Time 0.436 (avg: 0.468) Loss 73960.859375 (avg: 64486.744169) lr 1.562500e-03
2022-01-19 19:38:37,126 INFO {'aAcc': 0.9699, 'mIoU': 0.6709, 'mAcc': 0.9638, 'mFscore': 0.7636, 'mPrecision': 0.6890000000000001, 'mRecall': 0.9638, 'IoU.bg': 0.9693, 'IoU.pl': 0.3725, 'Acc.bg': 0.9701000000000001, 'Acc.pl': 0.9573999999999999, 'Fscore.bg': 0.9843999999999999, 'Fscore.pl': 0.5428000000000001, 'Precision.bg': 0.9992, 'Precision.pl': 0.3788, 'Recall.bg': 0.9701000000000001, 'Recall.pl': 0.9573999999999999}
2022-01-19 19:38:37,127 INFO {'IoU.pl': 0.40090000000000003, 'IoU.pl_epo': 40, 'Acc.pl': 0.9681000000000001, 'Acc.pl_epo': 34, 'Fscore.pl': 0.5724, 'Fscore.pl_epo': 40, 'Precision.pl': 0.4114, 'Precision.pl_epo': 40, 'Recall.pl': 0.9681000000000001, 'Recall.pl_epo': 34}
2022-01-19 19:38:37,127 INFO Performing initial testing...
2022-01-19 19:39:42,386 INFO Epoch: [46/1000][139/140] Time 0.435 (avg: 0.465) Loss 133155.343750 (avg: 71897.135463) lr 1.562500e-03
2022-01-19 19:39:57,336 INFO {'aAcc': 0.9691, 'mIoU': 0.6673, 'mAcc': 0.9618000000000001, 'mFscore': 0.76, 'mPrecision': 0.6859000000000001, 'mRecall': 0.9618000000000001, 'IoU.bg': 0.9686, 'IoU.pl': 0.3661, 'Acc.bg': 0.9693999999999999, 'Acc.pl': 0.9541, 'Fscore.bg': 0.9840000000000001, 'Fscore.pl': 0.5359, 'Precision.bg': 0.9991, 'Precision.pl': 0.3726, 'Recall.bg': 0.9693999999999999, 'Recall.pl': 0.9541}
2022-01-19 19:39:57,337 INFO {'IoU.pl': 0.40090000000000003, 'IoU.pl_epo': 40, 'Acc.pl': 0.9681000000000001, 'Acc.pl_epo': 34, 'Fscore.pl': 0.5724, 'Fscore.pl_epo': 40, 'Precision.pl': 0.4114, 'Precision.pl_epo': 40, 'Recall.pl': 0.9681000000000001, 'Recall.pl_epo': 34}
2022-01-19 19:39:57,337 INFO Performing initial testing...
2022-01-19 19:41:02,850 INFO Epoch: [47/1000][139/140] Time 0.434 (avg: 0.467) Loss 51809.148438 (avg: 67038.233664) lr 1.562500e-03
2022-01-19 19:41:21,733 INFO {'aAcc': 0.9701000000000001, 'mIoU': 0.6718000000000001, 'mAcc': 0.9634, 'mFscore': 0.7645000000000001, 'mPrecision': 0.6899, 'mRecall': 0.9634, 'IoU.bg': 0.9695999999999999, 'IoU.pl': 0.3741, 'Acc.bg': 0.9704, 'Acc.pl': 0.9562999999999999, 'Fscore.bg': 0.9845, 'Fscore.pl': 0.5445, 'Precision.bg': 0.9991, 'Precision.pl': 0.38060000000000005, 'Recall.bg': 0.9704, 'Recall.pl': 0.9562999999999999}
2022-01-19 19:41:21,734 INFO {'IoU.pl': 0.40090000000000003, 'IoU.pl_epo': 40, 'Acc.pl': 0.9681000000000001, 'Acc.pl_epo': 34, 'Fscore.pl': 0.5724, 'Fscore.pl_epo': 40, 'Precision.pl': 0.4114, 'Precision.pl_epo': 40, 'Recall.pl': 0.9681000000000001, 'Recall.pl_epo': 34}
2022-01-19 19:41:21,734 INFO Performing initial testing...
2022-01-19 19:42:27,866 INFO Epoch: [48/1000][139/140] Time 0.433 (avg: 0.471) Loss 107574.906250 (avg: 63676.524972) lr 1.562500e-03
2022-01-19 19:42:50,019 INFO {'aAcc': 0.9675, 'mIoU': 0.6593000000000001, 'mAcc': 0.9553, 'mFscore': 0.7517, 'mPrecision': 0.6790999999999999, 'mRecall': 0.9553, 'IoU.bg': 0.9670000000000001, 'IoU.pl': 0.35159999999999997, 'Acc.bg': 0.968, 'Acc.pl': 0.9425, 'Fscore.bg': 0.9832, 'Fscore.pl': 0.5203, 'Precision.bg': 0.9989, 'Precision.pl': 0.3593, 'Recall.bg': 0.968, 'Recall.pl': 0.9425}
2022-01-19 19:42:50,021 INFO {'IoU.pl': 0.40090000000000003, 'IoU.pl_epo': 40, 'Acc.pl': 0.9681000000000001, 'Acc.pl_epo': 34, 'Fscore.pl': 0.5724, 'Fscore.pl_epo': 40, 'Precision.pl': 0.4114, 'Precision.pl_epo': 40, 'Recall.pl': 0.9681000000000001, 'Recall.pl_epo': 34}
2022-01-19 19:42:50,021 INFO Performing initial testing...
2022-01-19 19:43:55,685 INFO Epoch: [49/1000][139/140] Time 0.436 (avg: 0.468) Loss 70789.859375 (avg: 67611.773214) lr 1.562500e-03
2022-01-19 19:44:14,125 INFO {'aAcc': 0.9706999999999999, 'mIoU': 0.6726000000000001, 'mAcc': 0.9551999999999999, 'mFscore': 0.7651, 'mPrecision': 0.6915, 'mRecall': 0.9551999999999999, 'IoU.bg': 0.9702, 'IoU.pl': 0.3749, 'Acc.bg': 0.9714, 'Acc.pl': 0.9390999999999999, 'Fscore.bg': 0.9849, 'Fscore.pl': 0.5453, 'Precision.bg': 0.9987999999999999, 'Precision.pl': 0.38420000000000004, 'Recall.bg': 0.9714, 'Recall.pl': 0.9390999999999999}
2022-01-19 19:44:14,126 INFO {'IoU.pl': 0.40090000000000003, 'IoU.pl_epo': 40, 'Acc.pl': 0.9681000000000001, 'Acc.pl_epo': 34, 'Fscore.pl': 0.5724, 'Fscore.pl_epo': 40, 'Precision.pl': 0.4114, 'Precision.pl_epo': 40, 'Recall.pl': 0.9681000000000001, 'Recall.pl_epo': 34}
2022-01-19 19:44:14,126 INFO Performing initial testing...
2022-01-19 19:45:20,079 INFO Epoch: [50/1000][139/140] Time 0.439 (avg: 0.470) Loss 72263.382812 (avg: 66209.564160) lr 1.562500e-03
2022-01-19 19:45:36,833 INFO {'aAcc': 0.9722, 'mIoU': 0.6807, 'mAcc': 0.9620000000000001, 'mFscore': 0.7731999999999999, 'mPrecision': 0.6983, 'mRecall': 0.9620000000000001, 'IoU.bg': 0.9717, 'IoU.pl': 0.3897, 'Acc.bg': 0.9726, 'Acc.pl': 0.9514, 'Fscore.bg': 0.9856, 'Fscore.pl': 0.5609000000000001, 'Precision.bg': 0.9990000000000001, 'Precision.pl': 0.39759999999999995, 'Recall.bg': 0.9726, 'Recall.pl': 0.9514}
2022-01-19 19:45:36,834 INFO {'IoU.pl': 0.40090000000000003, 'IoU.pl_epo': 40, 'Acc.pl': 0.9681000000000001, 'Acc.pl_epo': 34, 'Fscore.pl': 0.5724, 'Fscore.pl_epo': 40, 'Precision.pl': 0.4114, 'Precision.pl_epo': 40, 'Recall.pl': 0.9681000000000001, 'Recall.pl_epo': 34}
2022-01-19 19:45:36,834 INFO Performing initial testing...
2022-01-19 19:46:42,637 INFO Epoch: [51/1000][139/140] Time 0.449 (avg: 0.469) Loss 35641.277344 (avg: 60876.696512) lr 7.812500e-04
2022-01-19 19:47:00,130 INFO {'aAcc': 0.975, 'mIoU': 0.6940000000000001, 'mAcc': 0.9589, 'mFscore': 0.7861, 'mPrecision': 0.7115, 'mRecall': 0.9589, 'IoU.bg': 0.9745999999999999, 'IoU.pl': 0.41340000000000005, 'Acc.bg': 0.9756999999999999, 'Acc.pl': 0.9422, 'Fscore.bg': 0.9871, 'Fscore.pl': 0.585, 'Precision.bg': 0.9989, 'Precision.pl': 0.4242, 'Recall.bg': 0.9756999999999999, 'Recall.pl': 0.9422}
2022-01-19 19:47:00,132 INFO {'IoU.pl': 0.41340000000000005, 'IoU.pl_epo': 51, 'Acc.pl': 0.9681000000000001, 'Acc.pl_epo': 34, 'Fscore.pl': 0.585, 'Fscore.pl_epo': 51, 'Precision.pl': 0.4242, 'Precision.pl_epo': 51, 'Recall.pl': 0.9681000000000001, 'Recall.pl_epo': 34}
2022-01-19 19:47:00,389 INFO Performing initial testing...
2022-01-19 19:48:06,256 INFO Epoch: [52/1000][139/140] Time 0.433 (avg: 0.469) Loss 61442.121094 (avg: 59874.687305) lr 7.812500e-04
2022-01-19 19:48:30,128 INFO {'aAcc': 0.9731000000000001, 'mIoU': 0.6844, 'mAcc': 0.9586, 'mFscore': 0.7768, 'mPrecision': 0.7023, 'mRecall': 0.9586, 'IoU.bg': 0.9726, 'IoU.pl': 0.3961, 'Acc.bg': 0.9737, 'Acc.pl': 0.9434999999999999, 'Fscore.bg': 0.9861, 'Fscore.pl': 0.5674, 'Precision.bg': 0.9989, 'Precision.pl': 0.4057, 'Recall.bg': 0.9737, 'Recall.pl': 0.9434999999999999}
2022-01-19 19:48:30,129 INFO {'IoU.pl': 0.41340000000000005, 'IoU.pl_epo': 51, 'Acc.pl': 0.9681000000000001, 'Acc.pl_epo': 34, 'Fscore.pl': 0.585, 'Fscore.pl_epo': 51, 'Precision.pl': 0.4242, 'Precision.pl_epo': 51, 'Recall.pl': 0.9681000000000001, 'Recall.pl_epo': 34}
2022-01-19 19:48:30,129 INFO Performing initial testing...
2022-01-19 19:49:35,675 INFO Epoch: [53/1000][139/140] Time 0.433 (avg: 0.467) Loss 60358.527344 (avg: 59441.994155) lr 7.812500e-04
2022-01-19 19:49:59,822 INFO {'aAcc': 0.975, 'mIoU': 0.6934999999999999, 'mAcc': 0.9569, 'mFscore': 0.7855, 'mPrecision': 0.7112999999999999, 'mRecall': 0.9569, 'IoU.bg': 0.9745999999999999, 'IoU.pl': 0.41240000000000004, 'Acc.bg': 0.9756999999999999, 'Acc.pl': 0.9381, 'Fscore.bg': 0.9871, 'Fscore.pl': 0.5839, 'Precision.bg': 0.9987999999999999, 'Precision.pl': 0.4239, 'Recall.bg': 0.9756999999999999, 'Recall.pl': 0.9381}
2022-01-19 19:49:59,822 INFO {'IoU.pl': 0.41340000000000005, 'IoU.pl_epo': 51, 'Acc.pl': 0.9681000000000001, 'Acc.pl_epo': 34, 'Fscore.pl': 0.585, 'Fscore.pl_epo': 51, 'Precision.pl': 0.4242, 'Precision.pl_epo': 51, 'Recall.pl': 0.9681000000000001, 'Recall.pl_epo': 34}
2022-01-19 19:49:59,823 INFO Performing initial testing...
2022-01-19 19:51:05,801 INFO Epoch: [54/1000][139/140] Time 0.443 (avg: 0.470) Loss 43367.695312 (avg: 58599.377804) lr 7.812500e-04
2022-01-19 19:51:23,914 INFO {'aAcc': 0.9756999999999999, 'mIoU': 0.6977, 'mAcc': 0.9588, 'mFscore': 0.7896, 'mPrecision': 0.7152, 'mRecall': 0.9588, 'IoU.bg': 0.9753000000000001, 'IoU.pl': 0.4202, 'Acc.bg': 0.9764, 'Acc.pl': 0.9412, 'Fscore.bg': 0.9875, 'Fscore.pl': 0.5917, 'Precision.bg': 0.9989, 'Precision.pl': 0.4315, 'Recall.bg': 0.9764, 'Recall.pl': 0.9412}
2022-01-19 19:51:23,917 INFO {'IoU.pl': 0.4202, 'IoU.pl_epo': 54, 'Acc.pl': 0.9681000000000001, 'Acc.pl_epo': 34, 'Fscore.pl': 0.5917, 'Fscore.pl_epo': 54, 'Precision.pl': 0.4315, 'Precision.pl_epo': 54, 'Recall.pl': 0.9681000000000001, 'Recall.pl_epo': 34}
2022-01-19 19:51:24,146 INFO Performing initial testing...
2022-01-19 19:52:29,496 INFO Epoch: [55/1000][139/140] Time 0.436 (avg: 0.466) Loss 49100.250000 (avg: 58397.306194) lr 7.812500e-04
2022-01-19 19:52:59,342 INFO {'aAcc': 0.9756999999999999, 'mIoU': 0.6970999999999999, 'mAcc': 0.9565, 'mFscore': 0.789, 'mPrecision': 0.715, 'mRecall': 0.9565, 'IoU.bg': 0.9753000000000001, 'IoU.pl': 0.419, 'Acc.bg': 0.9765, 'Acc.pl': 0.9366, 'Fscore.bg': 0.9875, 'Fscore.pl': 0.5905, 'Precision.bg': 0.9987999999999999, 'Precision.pl': 0.43119999999999997, 'Recall.bg': 0.9765, 'Recall.pl': 0.9366}
2022-01-19 19:52:59,343 INFO {'IoU.pl': 0.4202, 'IoU.pl_epo': 54, 'Acc.pl': 0.9681000000000001, 'Acc.pl_epo': 34, 'Fscore.pl': 0.5917, 'Fscore.pl_epo': 54, 'Precision.pl': 0.4315, 'Precision.pl_epo': 54, 'Recall.pl': 0.9681000000000001, 'Recall.pl_epo': 34}
2022-01-19 19:52:59,343 INFO Performing initial testing...
2022-01-19 19:54:05,144 INFO Epoch: [56/1000][139/140] Time 0.441 (avg: 0.469) Loss 37051.796875 (avg: 58349.749261) lr 7.812500e-04
2022-01-19 19:54:21,026 INFO {'aAcc': 0.9756999999999999, 'mIoU': 0.6978, 'mAcc': 0.9606, 'mFscore': 0.7897, 'mPrecision': 0.7149, 'mRecall': 0.9606, 'IoU.bg': 0.9752, 'IoU.pl': 0.4203, 'Acc.bg': 0.9762000000000001, 'Acc.pl': 0.9449, 'Fscore.bg': 0.9875, 'Fscore.pl': 0.5918, 'Precision.bg': 0.9989, 'Precision.pl': 0.43090000000000006, 'Recall.bg': 0.9762000000000001, 'Recall.pl': 0.9449}
2022-01-19 19:54:21,027 INFO {'IoU.pl': 0.4203, 'IoU.pl_epo': 56, 'Acc.pl': 0.9681000000000001, 'Acc.pl_epo': 34, 'Fscore.pl': 0.5918, 'Fscore.pl_epo': 56, 'Precision.pl': 0.4315, 'Precision.pl_epo': 54, 'Recall.pl': 0.9681000000000001, 'Recall.pl_epo': 34}
2022-01-19 19:54:21,240 INFO Performing initial testing...
2022-01-19 19:55:26,698 INFO Epoch: [57/1000][139/140] Time 0.437 (avg: 0.466) Loss 57522.125000 (avg: 58276.746847) lr 7.812500e-04
2022-01-19 19:55:46,120 INFO {'aAcc': 0.976, 'mIoU': 0.6984, 'mAcc': 0.9549, 'mFscore': 0.7902, 'mPrecision': 0.7165, 'mRecall': 0.9549, 'IoU.bg': 0.9756, 'IoU.pl': 0.4211, 'Acc.bg': 0.9769, 'Acc.pl': 0.9328, 'Fscore.bg': 0.9876999999999999, 'Fscore.pl': 0.5927, 'Precision.bg': 0.9987, 'Precision.pl': 0.4343, 'Recall.bg': 0.9769, 'Recall.pl': 0.9328}
2022-01-19 19:55:46,121 INFO {'IoU.pl': 0.4211, 'IoU.pl_epo': 57, 'Acc.pl': 0.9681000000000001, 'Acc.pl_epo': 34, 'Fscore.pl': 0.5927, 'Fscore.pl_epo': 57, 'Precision.pl': 0.4343, 'Precision.pl_epo': 57, 'Recall.pl': 0.9681000000000001, 'Recall.pl_epo': 34}
2022-01-19 19:55:46,357 INFO Performing initial testing...
2022-01-19 19:56:51,872 INFO Epoch: [58/1000][139/140] Time 0.436 (avg: 0.467) Loss 37512.390625 (avg: 57859.888337) lr 7.812500e-04
2022-01-19 19:57:04,921 INFO {'aAcc': 0.9743999999999999, 'mIoU': 0.691, 'mAcc': 0.9603, 'mFscore': 0.7831999999999999, 'mPrecision': 0.7084, 'mRecall': 0.9603, 'IoU.bg': 0.9739, 'IoU.pl': 0.4081, 'Acc.bg': 0.9749, 'Acc.pl': 0.9456, 'Fscore.bg': 0.9868000000000001, 'Fscore.pl': 0.5796, 'Precision.bg': 0.9989, 'Precision.pl': 0.4179, 'Recall.bg': 0.9749, 'Recall.pl': 0.9456}
2022-01-19 19:57:04,922 INFO {'IoU.pl': 0.4211, 'IoU.pl_epo': 57, 'Acc.pl': 0.9681000000000001, 'Acc.pl_epo': 34, 'Fscore.pl': 0.5927, 'Fscore.pl_epo': 57, 'Precision.pl': 0.4343, 'Precision.pl_epo': 57, 'Recall.pl': 0.9681000000000001, 'Recall.pl_epo': 34}
2022-01-19 19:57:04,923 INFO Performing initial testing...
2022-01-19 19:58:10,419 INFO Epoch: [59/1000][139/140] Time 0.439 (avg: 0.467) Loss 146674.109375 (avg: 57557.677567) lr 7.812500e-04
2022-01-19 19:58:24,529 INFO {'aAcc': 0.9765999999999999, 'mIoU': 0.7023, 'mAcc': 0.9573999999999999, 'mFscore': 0.7939, 'mPrecision': 0.7199, 'mRecall': 0.9573999999999999, 'IoU.bg': 0.9762000000000001, 'IoU.pl': 0.4285, 'Acc.bg': 0.9773999999999999, 'Acc.pl': 0.9375, 'Fscore.bg': 0.988, 'Fscore.pl': 0.5999, 'Precision.bg': 0.9987999999999999, 'Precision.pl': 0.4411, 'Recall.bg': 0.9773999999999999, 'Recall.pl': 0.9375}
2022-01-19 19:58:24,529 INFO {'IoU.pl': 0.4285, 'IoU.pl_epo': 59, 'Acc.pl': 0.9681000000000001, 'Acc.pl_epo': 34, 'Fscore.pl': 0.5999, 'Fscore.pl_epo': 59, 'Precision.pl': 0.4411, 'Precision.pl_epo': 59, 'Recall.pl': 0.9681000000000001, 'Recall.pl_epo': 34}
2022-01-19 19:58:24,769 INFO Performing initial testing...
2022-01-19 19:59:30,087 INFO Epoch: [60/1000][139/140] Time 0.445 (avg: 0.466) Loss 48813.875000 (avg: 57445.737612) lr 7.812500e-04
2022-01-19 19:59:45,515 INFO {'aAcc': 0.9762000000000001, 'mIoU': 0.6997, 'mAcc': 0.9559000000000001, 'mFscore': 0.7914, 'mPrecision': 0.7176, 'mRecall': 0.9559000000000001, 'IoU.bg': 0.9758, 'IoU.pl': 0.4236, 'Acc.bg': 0.977, 'Acc.pl': 0.9348000000000001, 'Fscore.bg': 0.9878, 'Fscore.pl': 0.5951, 'Precision.bg': 0.9987, 'Precision.pl': 0.4365, 'Recall.bg': 0.977, 'Recall.pl': 0.9348000000000001}
2022-01-19 19:59:45,516 INFO {'IoU.pl': 0.4285, 'IoU.pl_epo': 59, 'Acc.pl': 0.9681000000000001, 'Acc.pl_epo': 34, 'Fscore.pl': 0.5999, 'Fscore.pl_epo': 59, 'Precision.pl': 0.4411, 'Precision.pl_epo': 59, 'Recall.pl': 0.9681000000000001, 'Recall.pl_epo': 34}
2022-01-19 19:59:45,517 INFO Performing initial testing...
2022-01-19 20:00:50,784 INFO Epoch: [61/1000][139/140] Time 0.438 (avg: 0.465) Loss 63447.308594 (avg: 57032.800865) lr 7.812500e-04
2022-01-19 20:01:02,436 INFO {'aAcc': 0.9775, 'mIoU': 0.7075, 'mAcc': 0.9582999999999999, 'mFscore': 0.7987000000000001, 'mPrecision': 0.7248, 'mRecall': 0.9582999999999999, 'IoU.bg': 0.9771, 'IoU.pl': 0.4379, 'Acc.bg': 0.9782, 'Acc.pl': 0.9384999999999999, 'Fscore.bg': 0.9884000000000001, 'Fscore.pl': 0.6091, 'Precision.bg': 0.9987999999999999, 'Precision.pl': 0.4508, 'Recall.bg': 0.9782, 'Recall.pl': 0.9384999999999999}
2022-01-19 20:01:02,437 INFO {'IoU.pl': 0.4379, 'IoU.pl_epo': 61, 'Acc.pl': 0.9681000000000001, 'Acc.pl_epo': 34, 'Fscore.pl': 0.6091, 'Fscore.pl_epo': 61, 'Precision.pl': 0.4508, 'Precision.pl_epo': 61, 'Recall.pl': 0.9681000000000001, 'Recall.pl_epo': 34}
2022-01-19 20:01:02,705 INFO Performing initial testing...
2022-01-19 20:02:08,194 INFO Epoch: [62/1000][139/140] Time 0.429 (avg: 0.467) Loss 71836.429688 (avg: 57175.055915) lr 7.812500e-04
2022-01-19 20:02:24,924 INFO {'aAcc': 0.9765, 'mIoU': 0.7021, 'mAcc': 0.9584, 'mFscore': 0.7937000000000001, 'mPrecision': 0.7195, 'mRecall': 0.9584, 'IoU.bg': 0.9761, 'IoU.pl': 0.428, 'Acc.bg': 0.9772, 'Acc.pl': 0.9395, 'Fscore.bg': 0.9879000000000001, 'Fscore.pl': 0.5993999999999999, 'Precision.bg': 0.9987999999999999, 'Precision.pl': 0.4401, 'Recall.bg': 0.9772, 'Recall.pl': 0.9395}
2022-01-19 20:02:24,926 INFO {'IoU.pl': 0.4379, 'IoU.pl_epo': 61, 'Acc.pl': 0.9681000000000001, 'Acc.pl_epo': 34, 'Fscore.pl': 0.6091, 'Fscore.pl_epo': 61, 'Precision.pl': 0.4508, 'Precision.pl_epo': 61, 'Recall.pl': 0.9681000000000001, 'Recall.pl_epo': 34}
2022-01-19 20:02:24,926 INFO Performing initial testing...
2022-01-19 20:03:30,280 INFO Epoch: [63/1000][139/140] Time 0.438 (avg: 0.466) Loss 74488.375000 (avg: 57787.949177) lr 7.812500e-04
2022-01-19 20:03:45,733 INFO {'aAcc': 0.9739, 'mIoU': 0.6886, 'mAcc': 0.9605, 'mFscore': 0.7809, 'mPrecision': 0.7061, 'mRecall': 0.9605, 'IoU.bg': 0.9734, 'IoU.pl': 0.40380000000000005, 'Acc.bg': 0.9743999999999999, 'Acc.pl': 0.9466, 'Fscore.bg': 0.9865, 'Fscore.pl': 0.5753, 'Precision.bg': 0.9990000000000001, 'Precision.pl': 0.4132, 'Recall.bg': 0.9743999999999999, 'Recall.pl': 0.9466}
2022-01-19 20:03:45,733 INFO {'IoU.pl': 0.4379, 'IoU.pl_epo': 61, 'Acc.pl': 0.9681000000000001, 'Acc.pl_epo': 34, 'Fscore.pl': 0.6091, 'Fscore.pl_epo': 61, 'Precision.pl': 0.4508, 'Precision.pl_epo': 61, 'Recall.pl': 0.9681000000000001, 'Recall.pl_epo': 34}
2022-01-19 20:03:45,733 INFO Performing initial testing...
2022-01-19 20:04:51,322 INFO Epoch: [64/1000][139/140] Time 0.433 (avg: 0.467) Loss 73231.468750 (avg: 57827.054590) lr 7.812500e-04
2022-01-19 20:05:05,630 INFO {'aAcc': 0.9756, 'mIoU': 0.6966, 'mAcc': 0.9568000000000001, 'mFscore': 0.7885, 'mPrecision': 0.7143999999999999, 'mRecall': 0.9568000000000001, 'IoU.bg': 0.9752, 'IoU.pl': 0.418, 'Acc.bg': 0.9763, 'Acc.pl': 0.9373, 'Fscore.bg': 0.9873999999999999, 'Fscore.pl': 0.5895, 'Precision.bg': 0.9987999999999999, 'Precision.pl': 0.43, 'Recall.bg': 0.9763, 'Recall.pl': 0.9373}
2022-01-19 20:05:05,632 INFO {'IoU.pl': 0.4379, 'IoU.pl_epo': 61, 'Acc.pl': 0.9681000000000001, 'Acc.pl_epo': 34, 'Fscore.pl': 0.6091, 'Fscore.pl_epo': 61, 'Precision.pl': 0.4508, 'Precision.pl_epo': 61, 'Recall.pl': 0.9681000000000001, 'Recall.pl_epo': 34}
2022-01-19 20:05:05,632 INFO Performing initial testing...
2022-01-19 20:06:11,052 INFO Epoch: [65/1000][139/140] Time 0.434 (avg: 0.466) Loss 114376.398438 (avg: 56968.359138) lr 7.812500e-04
2022-01-19 20:06:24,724 INFO {'aAcc': 0.9776, 'mIoU': 0.7070000000000001, 'mAcc': 0.9555, 'mFscore': 0.7983, 'mPrecision': 0.7249, 'mRecall': 0.9555, 'IoU.bg': 0.9772, 'IoU.pl': 0.43689999999999996, 'Acc.bg': 0.9784, 'Acc.pl': 0.9325, 'Fscore.bg': 0.9884000000000001, 'Fscore.pl': 0.6081, 'Precision.bg': 0.9987, 'Precision.pl': 0.4512, 'Recall.bg': 0.9784, 'Recall.pl': 0.9325}
2022-01-19 20:06:24,724 INFO {'IoU.pl': 0.4379, 'IoU.pl_epo': 61, 'Acc.pl': 0.9681000000000001, 'Acc.pl_epo': 34, 'Fscore.pl': 0.6091, 'Fscore.pl_epo': 61, 'Precision.pl': 0.4512, 'Precision.pl_epo': 65, 'Recall.pl': 0.9681000000000001, 'Recall.pl_epo': 34}
2022-01-19 20:06:24,948 INFO Performing initial testing...
2022-01-19 20:07:30,225 INFO Epoch: [66/1000][139/140] Time 0.433 (avg: 0.465) Loss 58918.460938 (avg: 57370.116936) lr 7.812500e-04
2022-01-19 20:07:43,629 INFO {'aAcc': 0.978, 'mIoU': 0.7092, 'mAcc': 0.9545, 'mFscore': 0.8001999999999999, 'mPrecision': 0.7272, 'mRecall': 0.9545, 'IoU.bg': 0.9776, 'IoU.pl': 0.4407, 'Acc.bg': 0.9789, 'Acc.pl': 0.9301, 'Fscore.bg': 0.9887, 'Fscore.pl': 0.6118, 'Precision.bg': 0.9986, 'Precision.pl': 0.4559, 'Recall.bg': 0.9789, 'Recall.pl': 0.9301}
2022-01-19 20:07:43,630 INFO {'IoU.pl': 0.4407, 'IoU.pl_epo': 66, 'Acc.pl': 0.9681000000000001, 'Acc.pl_epo': 34, 'Fscore.pl': 0.6118, 'Fscore.pl_epo': 66, 'Precision.pl': 0.4559, 'Precision.pl_epo': 66, 'Recall.pl': 0.9681000000000001, 'Recall.pl_epo': 34}
2022-01-19 20:07:43,867 INFO Performing initial testing...
2022-01-19 20:08:48,894 INFO Epoch: [67/1000][139/140] Time 0.434 (avg: 0.464) Loss 88279.054688 (avg: 56179.690611) lr 7.812500e-04
2022-01-19 20:09:01,129 INFO {'aAcc': 0.9781, 'mIoU': 0.7097, 'mAcc': 0.9531000000000001, 'mFscore': 0.8007, 'mPrecision': 0.7281, 'mRecall': 0.9531000000000001, 'IoU.bg': 0.9777, 'IoU.pl': 0.4416, 'Acc.bg': 0.9791, 'Acc.pl': 0.9272, 'Fscore.bg': 0.9887, 'Fscore.pl': 0.6127, 'Precision.bg': 0.9986, 'Precision.pl': 0.4575, 'Recall.bg': 0.9791, 'Recall.pl': 0.9272}
2022-01-19 20:09:01,130 INFO {'IoU.pl': 0.4416, 'IoU.pl_epo': 67, 'Acc.pl': 0.9681000000000001, 'Acc.pl_epo': 34, 'Fscore.pl': 0.6127, 'Fscore.pl_epo': 67, 'Precision.pl': 0.4575, 'Precision.pl_epo': 67, 'Recall.pl': 0.9681000000000001, 'Recall.pl_epo': 34}
2022-01-19 20:09:01,382 INFO Performing initial testing...
2022-01-19 20:10:06,593 INFO Epoch: [68/1000][139/140] Time 0.432 (avg: 0.465) Loss 45808.257812 (avg: 55678.118039) lr 7.812500e-04
2022-01-19 20:10:25,127 INFO {'aAcc': 0.9795, 'mIoU': 0.7184, 'mAcc': 0.9537, 'mFscore': 0.8087000000000001, 'mPrecision': 0.7367, 'mRecall': 0.9537, 'IoU.bg': 0.9791, 'IoU.pl': 0.4576, 'Acc.bg': 0.9804999999999999, 'Acc.pl': 0.9269, 'Fscore.bg': 0.9895, 'Fscore.pl': 0.6279, 'Precision.bg': 0.9986, 'Precision.pl': 0.47479999999999994, 'Recall.bg': 0.9804999999999999, 'Recall.pl': 0.9269}
2022-01-19 20:10:25,127 INFO {'IoU.pl': 0.4576, 'IoU.pl_epo': 68, 'Acc.pl': 0.9681000000000001, 'Acc.pl_epo': 34, 'Fscore.pl': 0.6279, 'Fscore.pl_epo': 68, 'Precision.pl': 0.47479999999999994, 'Precision.pl_epo': 68, 'Recall.pl': 0.9681000000000001, 'Recall.pl_epo': 34}
2022-01-19 20:10:25,351 INFO Performing initial testing...
2022-01-19 20:11:30,084 INFO Epoch: [69/1000][139/140] Time 0.434 (avg: 0.461) Loss 51414.117188 (avg: 55907.844099) lr 7.812500e-04
2022-01-19 20:11:47,811 INFO {'aAcc': 0.9754, 'mIoU': 0.6954, 'mAcc': 0.9566, 'mFscore': 0.7874, 'mPrecision': 0.7132999999999999, 'mRecall': 0.9566, 'IoU.bg': 0.975, 'IoU.pl': 0.4158, 'Acc.bg': 0.9761, 'Acc.pl': 0.9370999999999999, 'Fscore.bg': 0.9873000000000001, 'Fscore.pl': 0.5874, 'Precision.bg': 0.9987999999999999, 'Precision.pl': 0.4278, 'Recall.bg': 0.9761, 'Recall.pl': 0.9370999999999999}
2022-01-19 20:11:47,812 INFO {'IoU.pl': 0.4576, 'IoU.pl_epo': 68, 'Acc.pl': 0.9681000000000001, 'Acc.pl_epo': 34, 'Fscore.pl': 0.6279, 'Fscore.pl_epo': 68, 'Precision.pl': 0.47479999999999994, 'Precision.pl_epo': 68, 'Recall.pl': 0.9681000000000001, 'Recall.pl_epo': 34}
2022-01-19 20:11:47,813 INFO Performing initial testing...
2022-01-19 20:12:53,479 INFO Epoch: [70/1000][139/140] Time 0.436 (avg: 0.468) Loss 49075.070312 (avg: 55629.853167) lr 7.812500e-04
2022-01-19 20:13:07,132 INFO {'aAcc': 0.9773999999999999, 'mIoU': 0.7062, 'mAcc': 0.9556999999999999, 'mFscore': 0.7975, 'mPrecision': 0.7240000000000001, 'mRecall': 0.9556999999999999, 'IoU.bg': 0.977, 'IoU.pl': 0.4354, 'Acc.bg': 0.9782, 'Acc.pl': 0.9331999999999999, 'Fscore.bg': 0.9884000000000001, 'Fscore.pl': 0.6065999999999999, 'Precision.bg': 0.9987, 'Precision.pl': 0.44939999999999997, 'Recall.bg': 0.9782, 'Recall.pl': 0.9331999999999999}
2022-01-19 20:13:07,132 INFO {'IoU.pl': 0.4576, 'IoU.pl_epo': 68, 'Acc.pl': 0.9681000000000001, 'Acc.pl_epo': 34, 'Fscore.pl': 0.6279, 'Fscore.pl_epo': 68, 'Precision.pl': 0.47479999999999994, 'Precision.pl_epo': 68, 'Recall.pl': 0.9681000000000001, 'Recall.pl_epo': 34}
2022-01-19 20:13:07,132 INFO Performing initial testing...
2022-01-19 20:14:12,698 INFO Epoch: [71/1000][139/140] Time 0.434 (avg: 0.467) Loss 65133.898438 (avg: 55858.199247) lr 7.812500e-04
2022-01-19 20:14:28,215 INFO {'aAcc': 0.9781, 'mIoU': 0.7105, 'mAcc': 0.9561, 'mFscore': 0.8015000000000001, 'mPrecision': 0.7283, 'mRecall': 0.9561, 'IoU.bg': 0.9777, 'IoU.pl': 0.44329999999999997, 'Acc.bg': 0.9790000000000001, 'Acc.pl': 0.9333, 'Fscore.bg': 0.9887, 'Fscore.pl': 0.6143, 'Precision.bg': 0.9987, 'Precision.pl': 0.4578, 'Recall.bg': 0.9790000000000001, 'Recall.pl': 0.9333}
2022-01-19 20:14:28,217 INFO {'IoU.pl': 0.4576, 'IoU.pl_epo': 68, 'Acc.pl': 0.9681000000000001, 'Acc.pl_epo': 34, 'Fscore.pl': 0.6279, 'Fscore.pl_epo': 68, 'Precision.pl': 0.47479999999999994, 'Precision.pl_epo': 68, 'Recall.pl': 0.9681000000000001, 'Recall.pl_epo': 34}
2022-01-19 20:14:28,218 INFO Performing initial testing...
2022-01-19 20:15:33,525 INFO Epoch: [72/1000][139/140] Time 0.434 (avg: 0.465) Loss 36696.964844 (avg: 55915.269085) lr 7.812500e-04
2022-01-19 20:15:47,239 INFO {'aAcc': 0.9787, 'mIoU': 0.7142000000000001, 'mAcc': 0.9554, 'mFscore': 0.8049, 'mPrecision': 0.7321, 'mRecall': 0.9554, 'IoU.bg': 0.9784, 'IoU.pl': 0.4501, 'Acc.bg': 0.9797, 'Acc.pl': 0.9312, 'Fscore.bg': 0.9891, 'Fscore.pl': 0.6208, 'Precision.bg': 0.9987, 'Precision.pl': 0.4656, 'Recall.bg': 0.9797, 'Recall.pl': 0.9312}
2022-01-19 20:15:47,311 INFO {'IoU.pl': 0.4576, 'IoU.pl_epo': 68, 'Acc.pl': 0.9681000000000001, 'Acc.pl_epo': 34, 'Fscore.pl': 0.6279, 'Fscore.pl_epo': 68, 'Precision.pl': 0.47479999999999994, 'Precision.pl_epo': 68, 'Recall.pl': 0.9681000000000001, 'Recall.pl_epo': 34}
2022-01-19 20:15:47,311 INFO Performing initial testing...
2022-01-19 20:16:52,749 INFO Epoch: [73/1000][139/140] Time 0.436 (avg: 0.466) Loss 46679.285156 (avg: 54975.054395) lr 7.812500e-04
2022-01-19 20:17:05,513 INFO {'aAcc': 0.9792000000000001, 'mIoU': 0.7155, 'mAcc': 0.9505, 'mFscore': 0.8061, 'mPrecision': 0.7345, 'mRecall': 0.9505, 'IoU.bg': 0.9788, 'IoU.pl': 0.4522, 'Acc.bg': 0.9803000000000001, 'Acc.pl': 0.9207, 'Fscore.bg': 0.9893000000000001, 'Fscore.pl': 0.6228, 'Precision.bg': 0.9984999999999999, 'Precision.pl': 0.4706, 'Recall.bg': 0.9803000000000001, 'Recall.pl': 0.9207}
2022-01-19 20:17:05,514 INFO {'IoU.pl': 0.4576, 'IoU.pl_epo': 68, 'Acc.pl': 0.9681000000000001, 'Acc.pl_epo': 34, 'Fscore.pl': 0.6279, 'Fscore.pl_epo': 68, 'Precision.pl': 0.47479999999999994, 'Precision.pl_epo': 68, 'Recall.pl': 0.9681000000000001, 'Recall.pl_epo': 34}
2022-01-19 20:17:05,515 INFO Performing initial testing...
2022-01-19 20:18:10,921 INFO Epoch: [74/1000][139/140] Time 0.436 (avg: 0.466) Loss 58524.953125 (avg: 54861.998005) lr 7.812500e-04
2022-01-19 20:18:24,427 INFO {'aAcc': 0.9769, 'mIoU': 0.7038, 'mAcc': 0.9584999999999999, 'mFscore': 0.7953, 'mPrecision': 0.7212000000000001, 'mRecall': 0.9584999999999999, 'IoU.bg': 0.9764, 'IoU.pl': 0.43119999999999997, 'Acc.bg': 0.9776, 'Acc.pl': 0.9395, 'Fscore.bg': 0.9881, 'Fscore.pl': 0.6026, 'Precision.bg': 0.9987999999999999, 'Precision.pl': 0.4436, 'Recall.bg': 0.9776, 'Recall.pl': 0.9395}
2022-01-19 20:18:24,428 INFO {'IoU.pl': 0.4576, 'IoU.pl_epo': 68, 'Acc.pl': 0.9681000000000001, 'Acc.pl_epo': 34, 'Fscore.pl': 0.6279, 'Fscore.pl_epo': 68, 'Precision.pl': 0.47479999999999994, 'Precision.pl_epo': 68, 'Recall.pl': 0.9681000000000001, 'Recall.pl_epo': 34}
2022-01-19 20:18:24,428 INFO Performing initial testing...
2022-01-19 20:19:29,812 INFO Epoch: [75/1000][139/140] Time 0.430 (avg: 0.466) Loss 56874.042969 (avg: 55133.827330) lr 7.812500e-04
2022-01-19 20:19:43,931 INFO {'aAcc': 0.9768000000000001, 'mIoU': 0.7025, 'mAcc': 0.9536, 'mFscore': 0.794, 'mPrecision': 0.7208, 'mRecall': 0.9536, 'IoU.bg': 0.9764, 'IoU.pl': 0.4285, 'Acc.bg': 0.9777, 'Acc.pl': 0.9295, 'Fscore.bg': 0.9881, 'Fscore.pl': 0.5999, 'Precision.bg': 0.9986, 'Precision.pl': 0.4429, 'Recall.bg': 0.9777, 'Recall.pl': 0.9295}
2022-01-19 20:19:43,931 INFO {'IoU.pl': 0.4576, 'IoU.pl_epo': 68, 'Acc.pl': 0.9681000000000001, 'Acc.pl_epo': 34, 'Fscore.pl': 0.6279, 'Fscore.pl_epo': 68, 'Precision.pl': 0.47479999999999994, 'Precision.pl_epo': 68, 'Recall.pl': 0.9681000000000001, 'Recall.pl_epo': 34}
2022-01-19 20:19:43,931 INFO Performing initial testing...
2022-01-19 20:20:49,409 INFO Epoch: [76/1000][139/140] Time 0.433 (avg: 0.467) Loss 64485.390625 (avg: 53734.347433) lr 3.906250e-04
2022-01-19 20:21:03,439 INFO {'aAcc': 0.9791, 'mIoU': 0.7149, 'mAcc': 0.9504, 'mFscore': 0.8055, 'mPrecision': 0.7340000000000001, 'mRecall': 0.9504, 'IoU.bg': 0.9787, 'IoU.pl': 0.4512, 'Acc.bg': 0.9802, 'Acc.pl': 0.9206, 'Fscore.bg': 0.9892, 'Fscore.pl': 0.6218, 'Precision.bg': 0.9984999999999999, 'Precision.pl': 0.4694, 'Recall.bg': 0.9802, 'Recall.pl': 0.9206}
2022-01-19 20:21:03,440 INFO {'IoU.pl': 0.4576, 'IoU.pl_epo': 68, 'Acc.pl': 0.9681000000000001, 'Acc.pl_epo': 34, 'Fscore.pl': 0.6279, 'Fscore.pl_epo': 68, 'Precision.pl': 0.47479999999999994, 'Precision.pl_epo': 68, 'Recall.pl': 0.9681000000000001, 'Recall.pl_epo': 34}
2022-01-19 20:21:03,440 INFO Performing initial testing...
2022-01-19 20:22:08,601 INFO Epoch: [77/1000][139/140] Time 0.437 (avg: 0.464) Loss 39986.179688 (avg: 52879.053251) lr 3.906250e-04
2022-01-19 20:22:22,616 INFO {'aAcc': 0.9793000000000001, 'mIoU': 0.7161, 'mAcc': 0.9508, 'mFscore': 0.8066, 'mPrecision': 0.7351000000000001, 'mRecall': 0.9508, 'IoU.bg': 0.9789, 'IoU.pl': 0.4534, 'Acc.bg': 0.9804, 'Acc.pl': 0.9212, 'Fscore.bg': 0.9893000000000001, 'Fscore.pl': 0.6239, 'Precision.bg': 0.9984999999999999, 'Precision.pl': 0.4717, 'Recall.bg': 0.9804, 'Recall.pl': 0.9212}
2022-01-19 20:22:22,617 INFO {'IoU.pl': 0.4576, 'IoU.pl_epo': 68, 'Acc.pl': 0.9681000000000001, 'Acc.pl_epo': 34, 'Fscore.pl': 0.6279, 'Fscore.pl_epo': 68, 'Precision.pl': 0.47479999999999994, 'Precision.pl_epo': 68, 'Recall.pl': 0.9681000000000001, 'Recall.pl_epo': 34}
2022-01-19 20:22:22,617 INFO Performing initial testing...
2022-01-19 20:23:28,097 INFO Epoch: [78/1000][139/140] Time 0.435 (avg: 0.466) Loss 46115.062500 (avg: 53119.817759) lr 3.906250e-04
2022-01-19 20:23:41,127 INFO {'aAcc': 0.9803000000000001, 'mIoU': 0.7223999999999999, 'mAcc': 0.9484999999999999, 'mFscore': 0.8122, 'mPrecision': 0.742, 'mRecall': 0.9484999999999999, 'IoU.bg': 0.98, 'IoU.pl': 0.4648, 'Acc.bg': 0.9815, 'Acc.pl': 0.9154000000000001, 'Fscore.bg': 0.9899, 'Fscore.pl': 0.6346, 'Precision.bg': 0.9984000000000001, 'Precision.pl': 0.48560000000000003, 'Recall.bg': 0.9815, 'Recall.pl': 0.9154000000000001}
2022-01-19 20:23:41,128 INFO {'IoU.pl': 0.4648, 'IoU.pl_epo': 78, 'Acc.pl': 0.9681000000000001, 'Acc.pl_epo': 34, 'Fscore.pl': 0.6346, 'Fscore.pl_epo': 78, 'Precision.pl': 0.48560000000000003, 'Precision.pl_epo': 78, 'Recall.pl': 0.9681000000000001, 'Recall.pl_epo': 34}
2022-01-19 20:23:41,406 INFO Performing initial testing...
2022-01-19 20:24:46,988 INFO Epoch: [79/1000][139/140] Time 0.435 (avg: 0.467) Loss 42609.390625 (avg: 52850.660407) lr 3.906250e-04
2022-01-19 20:25:01,323 INFO {'aAcc': 0.9798, 'mIoU': 0.7195, 'mAcc': 0.9506999999999999, 'mFscore': 0.8097, 'mPrecision': 0.7384999999999999, 'mRecall': 0.9506999999999999, 'IoU.bg': 0.9793999999999999, 'IoU.pl': 0.4596, 'Acc.bg': 0.9809, 'Acc.pl': 0.9205, 'Fscore.bg': 0.9895999999999999, 'Fscore.pl': 0.6297999999999999, 'Precision.bg': 0.9984999999999999, 'Precision.pl': 0.47859999999999997, 'Recall.bg': 0.9809, 'Recall.pl': 0.9205}
2022-01-19 20:25:01,324 INFO {'IoU.pl': 0.4648, 'IoU.pl_epo': 78, 'Acc.pl': 0.9681000000000001, 'Acc.pl_epo': 34, 'Fscore.pl': 0.6346, 'Fscore.pl_epo': 78, 'Precision.pl': 0.48560000000000003, 'Precision.pl_epo': 78, 'Recall.pl': 0.9681000000000001, 'Recall.pl_epo': 34}
2022-01-19 20:25:01,324 INFO Performing initial testing...
2022-01-19 20:26:06,778 INFO Epoch: [80/1000][139/140] Time 0.440 (avg: 0.466) Loss 51949.554688 (avg: 52668.826576) lr 3.906250e-04
2022-01-19 20:26:26,920 INFO {'aAcc': 0.9801000000000001, 'mIoU': 0.7215, 'mAcc': 0.9508, 'mFscore': 0.8115000000000001, 'mPrecision': 0.7406, 'mRecall': 0.9508, 'IoU.bg': 0.9797, 'IoU.pl': 0.4633, 'Acc.bg': 0.9812000000000001, 'Acc.pl': 0.9203, 'Fscore.bg': 0.9898, 'Fscore.pl': 0.6332, 'Precision.bg': 0.9984999999999999, 'Precision.pl': 0.4826, 'Recall.bg': 0.9812000000000001, 'Recall.pl': 0.9203}
2022-01-19 20:26:26,921 INFO {'IoU.pl': 0.4648, 'IoU.pl_epo': 78, 'Acc.pl': 0.9681000000000001, 'Acc.pl_epo': 34, 'Fscore.pl': 0.6346, 'Fscore.pl_epo': 78, 'Precision.pl': 0.48560000000000003, 'Precision.pl_epo': 78, 'Recall.pl': 0.9681000000000001, 'Recall.pl_epo': 34}
2022-01-19 20:26:26,921 INFO Performing initial testing...
2022-01-19 20:27:32,329 INFO Epoch: [81/1000][139/140] Time 0.434 (avg: 0.466) Loss 95968.531250 (avg: 52688.202720) lr 3.906250e-04
2022-01-19 20:27:49,520 INFO {'aAcc': 0.9795999999999999, 'mIoU': 0.7184, 'mAcc': 0.9501000000000001, 'mFscore': 0.8087000000000001, 'mPrecision': 0.7376, 'mRecall': 0.9501000000000001, 'IoU.bg': 0.9793000000000001, 'IoU.pl': 0.4576, 'Acc.bg': 0.9808, 'Acc.pl': 0.9194, 'Fscore.bg': 0.9895, 'Fscore.pl': 0.6279, 'Precision.bg': 0.9984000000000001, 'Precision.pl': 0.4767, 'Recall.bg': 0.9808, 'Recall.pl': 0.9194}
2022-01-19 20:27:49,521 INFO {'IoU.pl': 0.4648, 'IoU.pl_epo': 78, 'Acc.pl': 0.9681000000000001, 'Acc.pl_epo': 34, 'Fscore.pl': 0.6346, 'Fscore.pl_epo': 78, 'Precision.pl': 0.48560000000000003, 'Precision.pl_epo': 78, 'Recall.pl': 0.9681000000000001, 'Recall.pl_epo': 34}
2022-01-19 20:27:49,522 INFO Performing initial testing...
2022-01-19 20:28:54,973 INFO Epoch: [82/1000][139/140] Time 0.434 (avg: 0.466) Loss 62342.929688 (avg: 52557.836328) lr 3.906250e-04
2022-01-19 20:29:14,719 INFO {'aAcc': 0.9812000000000001, 'mIoU': 0.7284999999999999, 'mAcc': 0.9473, 'mFscore': 0.8177, 'mPrecision': 0.7486, 'mRecall': 0.9473, 'IoU.bg': 0.9809, 'IoU.pl': 0.47600000000000003, 'Acc.bg': 0.9826, 'Acc.pl': 0.912, 'Fscore.bg': 0.9904000000000001, 'Fscore.pl': 0.645, 'Precision.bg': 0.9983, 'Precision.pl': 0.4989, 'Recall.bg': 0.9826, 'Recall.pl': 0.912}
2022-01-19 20:29:14,720 INFO {'IoU.pl': 0.47600000000000003, 'IoU.pl_epo': 82, 'Acc.pl': 0.9681000000000001, 'Acc.pl_epo': 34, 'Fscore.pl': 0.645, 'Fscore.pl_epo': 82, 'Precision.pl': 0.4989, 'Precision.pl_epo': 82, 'Recall.pl': 0.9681000000000001, 'Recall.pl_epo': 34}
2022-01-19 20:29:14,946 INFO Performing initial testing...
2022-01-19 20:30:20,316 INFO Epoch: [83/1000][139/140] Time 0.437 (avg: 0.466) Loss 45477.726562 (avg: 52281.423912) lr 3.906250e-04
2022-01-19 20:30:33,636 INFO {'aAcc': 0.9806, 'mIoU': 0.7243999999999999, 'mAcc': 0.9487000000000001, 'mFscore': 0.8140999999999999, 'mPrecision': 0.7441, 'mRecall': 0.9487000000000001, 'IoU.bg': 0.9803000000000001, 'IoU.pl': 0.4686, 'Acc.bg': 0.9818000000000001, 'Acc.pl': 0.9155, 'Fscore.bg': 0.99, 'Fscore.pl': 0.6381, 'Precision.bg': 0.9984000000000001, 'Precision.pl': 0.48979999999999996, 'Recall.bg': 0.9818000000000001, 'Recall.pl': 0.9155}
2022-01-19 20:30:33,636 INFO {'IoU.pl': 0.47600000000000003, 'IoU.pl_epo': 82, 'Acc.pl': 0.9681000000000001, 'Acc.pl_epo': 34, 'Fscore.pl': 0.645, 'Fscore.pl_epo': 82, 'Precision.pl': 0.4989, 'Precision.pl_epo': 82, 'Recall.pl': 0.9681000000000001, 'Recall.pl_epo': 34}
2022-01-19 20:30:33,637 INFO Performing initial testing...
2022-01-19 20:31:39,031 INFO Epoch: [84/1000][139/140] Time 0.430 (avg: 0.466) Loss 60897.269531 (avg: 52220.616434) lr 3.906250e-04
2022-01-19 20:31:54,242 INFO {'aAcc': 0.9806999999999999, 'mIoU': 0.7242000000000001, 'mAcc': 0.9465, 'mFscore': 0.8138, 'mPrecision': 0.7444, 'mRecall': 0.9465, 'IoU.bg': 0.9803000000000001, 'IoU.pl': 0.46799999999999997, 'Acc.bg': 0.982, 'Acc.pl': 0.9109999999999999, 'Fscore.bg': 0.9901000000000001, 'Fscore.pl': 0.6376, 'Precision.bg': 0.9983, 'Precision.pl': 0.4904, 'Recall.bg': 0.982, 'Recall.pl': 0.9109999999999999}
2022-01-19 20:31:54,242 INFO {'IoU.pl': 0.47600000000000003, 'IoU.pl_epo': 82, 'Acc.pl': 0.9681000000000001, 'Acc.pl_epo': 34, 'Fscore.pl': 0.645, 'Fscore.pl_epo': 82, 'Precision.pl': 0.4989, 'Precision.pl_epo': 82, 'Recall.pl': 0.9681000000000001, 'Recall.pl_epo': 34}
2022-01-19 20:31:54,242 INFO Performing initial testing...
2022-01-19 20:32:59,910 INFO Epoch: [85/1000][139/140] Time 0.435 (avg: 0.468) Loss 44167.199219 (avg: 52773.738797) lr 3.906250e-04
2022-01-19 20:33:13,616 INFO {'aAcc': 0.9806999999999999, 'mIoU': 0.7241, 'mAcc': 0.9453, 'mFscore': 0.8137000000000001, 'mPrecision': 0.7445999999999999, 'mRecall': 0.9453, 'IoU.bg': 0.9804, 'IoU.pl': 0.4678, 'Acc.bg': 0.9821, 'Acc.pl': 0.9086, 'Fscore.bg': 0.9901000000000001, 'Fscore.pl': 0.6374, 'Precision.bg': 0.9982, 'Precision.pl': 0.49090000000000006, 'Recall.bg': 0.9821, 'Recall.pl': 0.9086}
2022-01-19 20:33:13,618 INFO {'IoU.pl': 0.47600000000000003, 'IoU.pl_epo': 82, 'Acc.pl': 0.9681000000000001, 'Acc.pl_epo': 34, 'Fscore.pl': 0.645, 'Fscore.pl_epo': 82, 'Precision.pl': 0.4989, 'Precision.pl_epo': 82, 'Recall.pl': 0.9681000000000001, 'Recall.pl_epo': 34}
2022-01-19 20:33:13,618 INFO Performing initial testing...
2022-01-19 20:34:19,183 INFO Epoch: [86/1000][139/140] Time 0.434 (avg: 0.467) Loss 65170.457031 (avg: 52401.344461) lr 3.906250e-04
2022-01-19 20:34:32,530 INFO {'aAcc': 0.98, 'mIoU': 0.7204999999999999, 'mAcc': 0.9494, 'mFscore': 0.8106, 'mPrecision': 0.7399, 'mRecall': 0.9494, 'IoU.bg': 0.9795999999999999, 'IoU.pl': 0.46140000000000003, 'Acc.bg': 0.9812000000000001, 'Acc.pl': 0.9176000000000001, 'Fscore.bg': 0.9897, 'Fscore.pl': 0.6314, 'Precision.bg': 0.9984000000000001, 'Precision.pl': 0.4813, 'Recall.bg': 0.9812000000000001, 'Recall.pl': 0.9176000000000001}
2022-01-19 20:34:32,531 INFO {'IoU.pl': 0.47600000000000003, 'IoU.pl_epo': 82, 'Acc.pl': 0.9681000000000001, 'Acc.pl_epo': 34, 'Fscore.pl': 0.645, 'Fscore.pl_epo': 82, 'Precision.pl': 0.4989, 'Precision.pl_epo': 82, 'Recall.pl': 0.9681000000000001, 'Recall.pl_epo': 34}
2022-01-19 20:34:32,531 INFO Performing initial testing...
2022-01-19 20:35:38,015 INFO Epoch: [87/1000][139/140] Time 0.437 (avg: 0.467) Loss 51982.378906 (avg: 52810.187891) lr 3.906250e-04
2022-01-19 20:35:57,515 INFO {'aAcc': 0.9804999999999999, 'mIoU': 0.7232, 'mAcc': 0.9476, 'mFscore': 0.813, 'mPrecision': 0.7431, 'mRecall': 0.9476, 'IoU.bg': 0.9801000000000001, 'IoU.pl': 0.46630000000000005, 'Acc.bg': 0.9817, 'Acc.pl': 0.9135, 'Fscore.bg': 0.99, 'Fscore.pl': 0.636, 'Precision.bg': 0.9983, 'Precision.pl': 0.4878, 'Recall.bg': 0.9817, 'Recall.pl': 0.9135}
2022-01-19 20:35:57,515 INFO {'IoU.pl': 0.47600000000000003, 'IoU.pl_epo': 82, 'Acc.pl': 0.9681000000000001, 'Acc.pl_epo': 34, 'Fscore.pl': 0.645, 'Fscore.pl_epo': 82, 'Precision.pl': 0.4989, 'Precision.pl_epo': 82, 'Recall.pl': 0.9681000000000001, 'Recall.pl_epo': 34}
2022-01-19 20:35:57,515 INFO Performing initial testing...
2022-01-19 20:37:02,860 INFO Epoch: [88/1000][139/140] Time 0.436 (avg: 0.466) Loss 61192.160156 (avg: 51843.729171) lr 3.906250e-04
2022-01-19 20:37:16,522 INFO {'aAcc': 0.9806, 'mIoU': 0.7245, 'mAcc': 0.9501999999999999, 'mFscore': 0.8142, 'mPrecision': 0.7437999999999999, 'mRecall': 0.9501999999999999, 'IoU.bg': 0.9802, 'IoU.pl': 0.4689, 'Acc.bg': 0.9817, 'Acc.pl': 0.9187000000000001, 'Fscore.bg': 0.99, 'Fscore.pl': 0.6384000000000001, 'Precision.bg': 0.9984000000000001, 'Precision.pl': 0.4892, 'Recall.bg': 0.9817, 'Recall.pl': 0.9187000000000001}
2022-01-19 20:37:16,523 INFO {'IoU.pl': 0.47600000000000003, 'IoU.pl_epo': 82, 'Acc.pl': 0.9681000000000001, 'Acc.pl_epo': 34, 'Fscore.pl': 0.645, 'Fscore.pl_epo': 82, 'Precision.pl': 0.4989, 'Precision.pl_epo': 82, 'Recall.pl': 0.9681000000000001, 'Recall.pl_epo': 34}
2022-01-19 20:37:16,524 INFO Performing initial testing...
2022-01-19 20:38:21,554 INFO Epoch: [89/1000][139/140] Time 0.434 (avg: 0.463) Loss 64840.390625 (avg: 52122.946973) lr 3.906250e-04
2022-01-19 20:38:35,624 INFO {'aAcc': 0.9795999999999999, 'mIoU': 0.7186, 'mAcc': 0.9525, 'mFscore': 0.8089, 'mPrecision': 0.7372, 'mRecall': 0.9525, 'IoU.bg': 0.9792000000000001, 'IoU.pl': 0.45799999999999996, 'Acc.bg': 0.9806, 'Acc.pl': 0.9244, 'Fscore.bg': 0.9895, 'Fscore.pl': 0.6282, 'Precision.bg': 0.9984999999999999, 'Precision.pl': 0.4758, 'Recall.bg': 0.9806, 'Recall.pl': 0.9244}
2022-01-19 20:38:35,624 INFO {'IoU.pl': 0.47600000000000003, 'IoU.pl_epo': 82, 'Acc.pl': 0.9681000000000001, 'Acc.pl_epo': 34, 'Fscore.pl': 0.645, 'Fscore.pl_epo': 82, 'Precision.pl': 0.4989, 'Precision.pl_epo': 82, 'Recall.pl': 0.9681000000000001, 'Recall.pl_epo': 34}
2022-01-19 20:38:35,624 INFO Performing initial testing...
2022-01-19 20:39:40,801 INFO Epoch: [90/1000][139/140] Time 0.440 (avg: 0.464) Loss 59671.917969 (avg: 51743.232506) lr 3.906250e-04
2022-01-19 20:39:59,230 INFO {'aAcc': 0.9806, 'mIoU': 0.7239, 'mAcc': 0.9459000000000001, 'mFscore': 0.8136, 'mPrecision': 0.7442, 'mRecall': 0.9459000000000001, 'IoU.bg': 0.9803000000000001, 'IoU.pl': 0.46740000000000004, 'Acc.bg': 0.982, 'Acc.pl': 0.9098, 'Fscore.bg': 0.9901000000000001, 'Fscore.pl': 0.6371, 'Precision.bg': 0.9983, 'Precision.pl': 0.4901, 'Recall.bg': 0.982, 'Recall.pl': 0.9098}
2022-01-19 20:39:59,231 INFO {'IoU.pl': 0.47600000000000003, 'IoU.pl_epo': 82, 'Acc.pl': 0.9681000000000001, 'Acc.pl_epo': 34, 'Fscore.pl': 0.645, 'Fscore.pl_epo': 82, 'Precision.pl': 0.4989, 'Precision.pl_epo': 82, 'Recall.pl': 0.9681000000000001, 'Recall.pl_epo': 34}
2022-01-19 20:39:59,231 INFO Performing initial testing...
2022-01-19 20:41:04,479 INFO Epoch: [91/1000][139/140] Time 0.434 (avg: 0.465) Loss 29215.525391 (avg: 51454.383357) lr 3.906250e-04
2022-01-19 20:41:17,719 INFO {'aAcc': 0.9808, 'mIoU': 0.7263, 'mAcc': 0.9505, 'mFscore': 0.8158, 'mPrecision': 0.7456, 'mRecall': 0.9505, 'IoU.bg': 0.9804999999999999, 'IoU.pl': 0.4722, 'Acc.bg': 0.982, 'Acc.pl': 0.919, 'Fscore.bg': 0.9901000000000001, 'Fscore.pl': 0.6415000000000001, 'Precision.bg': 0.9984000000000001, 'Precision.pl': 0.4927, 'Recall.bg': 0.982, 'Recall.pl': 0.919}
2022-01-19 20:41:17,720 INFO {'IoU.pl': 0.47600000000000003, 'IoU.pl_epo': 82, 'Acc.pl': 0.9681000000000001, 'Acc.pl_epo': 34, 'Fscore.pl': 0.645, 'Fscore.pl_epo': 82, 'Precision.pl': 0.4989, 'Precision.pl_epo': 82, 'Recall.pl': 0.9681000000000001, 'Recall.pl_epo': 34}
2022-01-19 20:41:17,721 INFO Performing initial testing...
2022-01-19 20:42:22,991 INFO Epoch: [92/1000][139/140] Time 0.433 (avg: 0.465) Loss 54108.812500 (avg: 51841.530357) lr 3.906250e-04
2022-01-19 20:42:37,138 INFO {'aAcc': 0.9812000000000001, 'mIoU': 0.728, 'mAcc': 0.9473999999999999, 'mFscore': 0.8173, 'mPrecision': 0.7481, 'mRecall': 0.9473999999999999, 'IoU.bg': 0.9808, 'IoU.pl': 0.47509999999999997, 'Acc.bg': 0.9825, 'Acc.pl': 0.9123, 'Fscore.bg': 0.9903, 'Fscore.pl': 0.6442, 'Precision.bg': 0.9983, 'Precision.pl': 0.4979, 'Recall.bg': 0.9825, 'Recall.pl': 0.9123}
2022-01-19 20:42:37,138 INFO {'IoU.pl': 0.47600000000000003, 'IoU.pl_epo': 82, 'Acc.pl': 0.9681000000000001, 'Acc.pl_epo': 34, 'Fscore.pl': 0.645, 'Fscore.pl_epo': 82, 'Precision.pl': 0.4989, 'Precision.pl_epo': 82, 'Recall.pl': 0.9681000000000001, 'Recall.pl_epo': 34}
2022-01-19 20:42:37,138 INFO Performing initial testing...
2022-01-19 20:43:42,424 INFO Epoch: [93/1000][139/140] Time 0.439 (avg: 0.465) Loss 42851.601562 (avg: 51585.309528) lr 3.906250e-04
2022-01-19 20:43:57,023 INFO {'aAcc': 0.9809, 'mIoU': 0.7254, 'mAcc': 0.9445, 'mFscore': 0.8149, 'mPrecision': 0.7461, 'mRecall': 0.9445, 'IoU.bg': 0.9806, 'IoU.pl': 0.47009999999999996, 'Acc.bg': 0.9823000000000001, 'Acc.pl': 0.9067000000000001, 'Fscore.bg': 0.9902, 'Fscore.pl': 0.6396000000000001, 'Precision.bg': 0.9982, 'Precision.pl': 0.494, 'Recall.bg': 0.9823000000000001, 'Recall.pl': 0.9067000000000001}
2022-01-19 20:43:57,023 INFO {'IoU.pl': 0.47600000000000003, 'IoU.pl_epo': 82, 'Acc.pl': 0.9681000000000001, 'Acc.pl_epo': 34, 'Fscore.pl': 0.645, 'Fscore.pl_epo': 82, 'Precision.pl': 0.4989, 'Precision.pl_epo': 82, 'Recall.pl': 0.9681000000000001, 'Recall.pl_epo': 34}
2022-01-19 20:43:57,024 INFO Performing initial testing...
2022-01-19 20:45:02,923 INFO Epoch: [94/1000][139/140] Time 0.441 (avg: 0.469) Loss 61305.917969 (avg: 51314.355511) lr 3.906250e-04
2022-01-19 20:45:24,011 INFO {'aAcc': 0.9821, 'mIoU': 0.733, 'mAcc': 0.9419, 'mFscore': 0.8216, 'mPrecision': 0.7548999999999999, 'mRecall': 0.9419, 'IoU.bg': 0.9818000000000001, 'IoU.pl': 0.4841, 'Acc.bg': 0.9836, 'Acc.pl': 0.9001, 'Fscore.bg': 0.9908, 'Fscore.pl': 0.6524, 'Precision.bg': 0.9981, 'Precision.pl': 0.5117, 'Recall.bg': 0.9836, 'Recall.pl': 0.9001}
2022-01-19 20:45:24,013 INFO {'IoU.pl': 0.4841, 'IoU.pl_epo': 94, 'Acc.pl': 0.9681000000000001, 'Acc.pl_epo': 34, 'Fscore.pl': 0.6524, 'Fscore.pl_epo': 94, 'Precision.pl': 0.5117, 'Precision.pl_epo': 94, 'Recall.pl': 0.9681000000000001, 'Recall.pl_epo': 34}
2022-01-19 20:45:24,292 INFO Performing initial testing...
2022-01-19 20:46:30,040 INFO Epoch: [95/1000][139/140] Time 0.433 (avg: 0.468) Loss 56855.835938 (avg: 51183.412095) lr 3.906250e-04
2022-01-19 20:46:46,736 INFO {'aAcc': 0.9814, 'mIoU': 0.7288, 'mAcc': 0.9439, 'mFscore': 0.8179000000000001, 'mPrecision': 0.7498999999999999, 'mRecall': 0.9439, 'IoU.bg': 0.9811, 'IoU.pl': 0.4765, 'Acc.bg': 0.9829000000000001, 'Acc.pl': 0.9048, 'Fscore.bg': 0.9904999999999999, 'Fscore.pl': 0.6454000000000001, 'Precision.bg': 0.9982, 'Precision.pl': 0.5015999999999999, 'Recall.bg': 0.9829000000000001, 'Recall.pl': 0.9048}
2022-01-19 20:46:46,736 INFO {'IoU.pl': 0.4841, 'IoU.pl_epo': 94, 'Acc.pl': 0.9681000000000001, 'Acc.pl_epo': 34, 'Fscore.pl': 0.6524, 'Fscore.pl_epo': 94, 'Precision.pl': 0.5117, 'Precision.pl_epo': 94, 'Recall.pl': 0.9681000000000001, 'Recall.pl_epo': 34}
2022-01-19 20:46:46,736 INFO Performing initial testing...
2022-01-19 20:47:52,107 INFO Epoch: [96/1000][139/140] Time 0.434 (avg: 0.466) Loss 38245.363281 (avg: 51171.875851) lr 3.906250e-04
2022-01-19 20:48:07,040 INFO {'aAcc': 0.9822, 'mIoU': 0.7345999999999999, 'mAcc': 0.9440000000000001, 'mFscore': 0.8231, 'mPrecision': 0.7559999999999999, 'mRecall': 0.9440000000000001, 'IoU.bg': 0.9819, 'IoU.pl': 0.48729999999999996, 'Acc.bg': 0.9837, 'Acc.pl': 0.9043000000000001, 'Fscore.bg': 0.9909, 'Fscore.pl': 0.6553, 'Precision.bg': 0.9982, 'Precision.pl': 0.5138, 'Recall.bg': 0.9837, 'Recall.pl': 0.9043000000000001}
2022-01-19 20:48:07,041 INFO {'IoU.pl': 0.48729999999999996, 'IoU.pl_epo': 96, 'Acc.pl': 0.9681000000000001, 'Acc.pl_epo': 34, 'Fscore.pl': 0.6553, 'Fscore.pl_epo': 96, 'Precision.pl': 0.5138, 'Precision.pl_epo': 96, 'Recall.pl': 0.9681000000000001, 'Recall.pl_epo': 34}
2022-01-19 20:48:07,306 INFO Performing initial testing...
2022-01-19 20:49:12,709 INFO Epoch: [97/1000][139/140] Time 0.433 (avg: 0.466) Loss 113504.945312 (avg: 51017.075307) lr 3.906250e-04
2022-01-19 20:49:29,815 INFO {'aAcc': 0.9806999999999999, 'mIoU': 0.7259, 'mAcc': 0.9529000000000001, 'mFscore': 0.8155, 'mPrecision': 0.7445, 'mRecall': 0.9529000000000001, 'IoU.bg': 0.9803000000000001, 'IoU.pl': 0.4715, 'Acc.bg': 0.9817, 'Acc.pl': 0.924, 'Fscore.bg': 0.9901000000000001, 'Fscore.pl': 0.6408, 'Precision.bg': 0.9984999999999999, 'Precision.pl': 0.4905, 'Recall.bg': 0.9817, 'Recall.pl': 0.924}
2022-01-19 20:49:29,816 INFO {'IoU.pl': 0.48729999999999996, 'IoU.pl_epo': 96, 'Acc.pl': 0.9681000000000001, 'Acc.pl_epo': 34, 'Fscore.pl': 0.6553, 'Fscore.pl_epo': 96, 'Precision.pl': 0.5138, 'Precision.pl_epo': 96, 'Recall.pl': 0.9681000000000001, 'Recall.pl_epo': 34}
2022-01-19 20:49:29,816 INFO Performing initial testing...
2022-01-19 20:50:35,053 INFO Epoch: [98/1000][139/140] Time 0.435 (avg: 0.465) Loss 51543.292969 (avg: 51422.671498) lr 3.906250e-04
2022-01-19 20:50:52,039 INFO {'aAcc': 0.9815999999999999, 'mIoU': 0.7286, 'mAcc': 0.9393, 'mFscore': 0.8177, 'mPrecision': 0.7509999999999999, 'mRecall': 0.9393, 'IoU.bg': 0.9813, 'IoU.pl': 0.47590000000000005, 'Acc.bg': 0.9832, 'Acc.pl': 0.8953, 'Fscore.bg': 0.9904999999999999, 'Fscore.pl': 0.6448999999999999, 'Precision.bg': 0.998, 'Precision.pl': 0.504, 'Recall.bg': 0.9832, 'Recall.pl': 0.8953}
2022-01-19 20:50:52,039 INFO {'IoU.pl': 0.48729999999999996, 'IoU.pl_epo': 96, 'Acc.pl': 0.9681000000000001, 'Acc.pl_epo': 34, 'Fscore.pl': 0.6553, 'Fscore.pl_epo': 96, 'Precision.pl': 0.5138, 'Precision.pl_epo': 96, 'Recall.pl': 0.9681000000000001, 'Recall.pl_epo': 34}
2022-01-19 20:50:52,039 INFO Performing initial testing...
2022-01-19 20:51:57,274 INFO Epoch: [99/1000][139/140] Time 0.433 (avg: 0.465) Loss 50728.933594 (avg: 51044.530706) lr 3.906250e-04
2022-01-19 20:52:15,545 INFO {'aAcc': 0.9815999999999999, 'mIoU': 0.7293999999999999, 'mAcc': 0.9416, 'mFscore': 0.8184, 'mPrecision': 0.7511, 'mRecall': 0.9416, 'IoU.bg': 0.9813, 'IoU.pl': 0.47740000000000005, 'Acc.bg': 0.9832, 'Acc.pl': 0.9, 'Fscore.bg': 0.9906, 'Fscore.pl': 0.6463, 'Precision.bg': 0.9981, 'Precision.pl': 0.5042, 'Recall.bg': 0.9832, 'Recall.pl': 0.9}
2022-01-19 20:52:15,545 INFO {'IoU.pl': 0.48729999999999996, 'IoU.pl_epo': 96, 'Acc.pl': 0.9681000000000001, 'Acc.pl_epo': 34, 'Fscore.pl': 0.6553, 'Fscore.pl_epo': 96, 'Precision.pl': 0.5138, 'Precision.pl_epo': 96, 'Recall.pl': 0.9681000000000001, 'Recall.pl_epo': 34}
2022-01-19 20:52:15,545 INFO Performing initial testing...
2022-01-19 20:53:20,968 INFO Epoch: [100/1000][139/140] Time 0.442 (avg: 0.466) Loss 62085.441406 (avg: 50929.800474) lr 3.906250e-04
2022-01-19 20:53:38,132 INFO {'aAcc': 0.9826, 'mIoU': 0.7369, 'mAcc': 0.9418000000000001, 'mFscore': 0.8251000000000001, 'mPrecision': 0.7591, 'mRecall': 0.9418000000000001, 'IoU.bg': 0.9823000000000001, 'IoU.pl': 0.4915, 'Acc.bg': 0.9842, 'Acc.pl': 0.8994, 'Fscore.bg': 0.9911, 'Fscore.pl': 0.659, 'Precision.bg': 0.9981, 'Precision.pl': 0.5201, 'Recall.bg': 0.9842, 'Recall.pl': 0.8994}
2022-01-19 20:53:38,132 INFO {'IoU.pl': 0.4915, 'IoU.pl_epo': 100, 'Acc.pl': 0.9681000000000001, 'Acc.pl_epo': 34, 'Fscore.pl': 0.659, 'Fscore.pl_epo': 100, 'Precision.pl': 0.5201, 'Precision.pl_epo': 100, 'Recall.pl': 0.9681000000000001, 'Recall.pl_epo': 34}
2022-01-19 20:53:38,322 INFO Performing initial testing...
2022-01-19 20:54:43,815 INFO Epoch: [101/1000][139/140] Time 0.435 (avg: 0.466) Loss 67619.390625 (avg: 50157.503195) lr 1.953125e-04
2022-01-19 20:54:58,428 INFO {'aAcc': 0.9825, 'mIoU': 0.7356, 'mAcc': 0.9404, 'mFscore': 0.8239, 'mPrecision': 0.7581, 'mRecall': 0.9404, 'IoU.bg': 0.9822, 'IoU.pl': 0.4889, 'Acc.bg': 0.9841, 'Acc.pl': 0.8967, 'Fscore.bg': 0.991, 'Fscore.pl': 0.6568, 'Precision.bg': 0.998, 'Precision.pl': 0.5181, 'Recall.bg': 0.9841, 'Recall.pl': 0.8967}
2022-01-19 20:54:58,429 INFO {'IoU.pl': 0.4915, 'IoU.pl_epo': 100, 'Acc.pl': 0.9681000000000001, 'Acc.pl_epo': 34, 'Fscore.pl': 0.659, 'Fscore.pl_epo': 100, 'Precision.pl': 0.5201, 'Precision.pl_epo': 100, 'Recall.pl': 0.9681000000000001, 'Recall.pl_epo': 34}
2022-01-19 20:54:58,429 INFO Performing initial testing...
