2022-03-07 20:38:14,630 INFO use amp
2022-03-07 20:38:14,630 INFO Called with args:
2022-03-07 20:38:14,630 INFO batch_size      | 4
2022-03-07 20:38:14,630 INFO opt             | adamw
2022-03-07 20:38:14,630 INFO model           | unet
2022-03-07 20:38:14,630 INFO lr              | 0.0002
2022-03-07 20:38:14,630 INFO momentum        | 0.9
2022-03-07 20:38:14,630 INFO weight_decay    | 0.01
2022-03-07 20:38:14,630 INFO stepsize        | 50
2022-03-07 20:38:14,630 INFO gamma           | 0.9
2022-03-07 20:38:14,630 INFO max_epoch       | 1000
2022-03-07 20:38:14,630 INFO iter_size       | 1
2022-03-07 20:38:14,630 INFO start_epoch     | 0
2022-03-07 20:38:14,630 INFO print_freq      | 500
2022-03-07 20:38:14,631 INFO gpu             | 0
2022-03-07 20:38:14,631 INFO resume          | None
2022-03-07 20:38:14,631 INFO pretrain        | None
2022-03-07 20:38:14,631 INFO save_dir        | results/UNET20220307_2038-bs-4-lr-0.0002-dataflag-grayscale-aug-False
2022-03-07 20:38:14,631 INFO dataset         | data
2022-03-07 20:38:14,631 INFO dataflag        | grayscale
2022-03-07 20:38:14,631 INFO amp             | O1
2022-03-07 20:38:14,631 INFO aug             | False
2022-03-07 20:38:14,631 INFO fuse_num        | None
2022-03-07 20:38:14,631 INFO short_cat       | None
2022-03-07 20:38:14,631 INFO scale           | True
2022-03-07 20:38:14,631 INFO training...
2022-03-07 20:41:32,821 INFO Epoch: [1/1000][280/281] Time 0.355 (avg: 0.352) Loss 0.007554 (avg: 0.014187) lr 2.000000e-04
2022-03-07 20:41:32,822 INFO testing...
2022-03-07 20:41:39,105 INFO {'aAcc': 0.9192, 'mIoU': 0.545, 'mAcc': 0.889, 'mFscore': 0.6255, 'mPrecision': 0.5871, 'mRecall': 0.889, 'IoU.bg': 0.9178000000000001, 'IoU.pl': 0.1722, 'Acc.bg': 0.9205, 'Acc.pl': 0.8575, 'Fscore.bg': 0.9571999999999999, 'Fscore.pl': 0.2939, 'Precision.bg': 0.9969, 'Precision.pl': 0.1773, 'Recall.bg': 0.9205, 'Recall.pl': 0.8575}
2022-03-07 20:41:39,105 INFO {'IoU.pl': 0.1722, 'IoU.pl_epo': 1, 'Acc.pl': 0.8575, 'Acc.pl_epo': 1, 'Fscore.pl': 0.2939, 'Fscore.pl_epo': 1, 'Precision.pl': 0.1773, 'Precision.pl_epo': 1, 'Recall.pl': 0.8575, 'Recall.pl_epo': 1}
2022-03-07 20:41:39,626 INFO training...
2022-03-07 20:44:56,400 INFO Epoch: [2/1000][280/281] Time 0.188 (avg: 0.350) Loss 0.010868 (avg: 0.010240) lr 2.000000e-04
2022-03-07 20:44:56,401 INFO testing...
2022-03-07 20:45:02,584 INFO {'aAcc': 0.9037000000000001, 'mIoU': 0.5312, 'mAcc': 0.9212, 'mFscore': 0.6125, 'mPrecision': 0.5804, 'mRecall': 0.9212, 'IoU.bg': 0.9018999999999999, 'IoU.pl': 0.1605, 'Acc.bg': 0.903, 'Acc.pl': 0.9395, 'Fscore.bg': 0.9484, 'Fscore.pl': 0.2766, 'Precision.bg': 0.9987, 'Precision.pl': 0.16219999999999998, 'Recall.bg': 0.903, 'Recall.pl': 0.9395}
2022-03-07 20:45:02,585 INFO {'IoU.pl': 0.1722, 'IoU.pl_epo': 1, 'Acc.pl': 0.9395, 'Acc.pl_epo': 2, 'Fscore.pl': 0.2939, 'Fscore.pl_epo': 1, 'Precision.pl': 0.1773, 'Precision.pl_epo': 1, 'Recall.pl': 0.9395, 'Recall.pl_epo': 2}
2022-03-07 20:45:03,088 INFO training...
2022-03-07 20:48:21,344 INFO Epoch: [3/1000][280/281] Time 0.100 (avg: 0.353) Loss 0.015451 (avg: 0.009111) lr 2.000000e-04
2022-03-07 20:48:21,344 INFO testing...
2022-03-07 20:48:27,531 INFO {'aAcc': 0.9326000000000001, 'mIoU': 0.5702, 'mAcc': 0.9211, 'mFscore': 0.6551, 'mPrecision': 0.6058, 'mRecall': 0.9211, 'IoU.bg': 0.9312999999999999, 'IoU.pl': 0.209, 'Acc.bg': 0.9329999999999999, 'Acc.pl': 0.9091, 'Fscore.bg': 0.9645, 'Fscore.pl': 0.3458, 'Precision.bg': 0.9981, 'Precision.pl': 0.21350000000000002, 'Recall.bg': 0.9329999999999999, 'Recall.pl': 0.9091}
2022-03-07 20:48:27,531 INFO {'IoU.pl': 0.209, 'IoU.pl_epo': 3, 'Acc.pl': 0.9395, 'Acc.pl_epo': 2, 'Fscore.pl': 0.3458, 'Fscore.pl_epo': 3, 'Precision.pl': 0.21350000000000002, 'Precision.pl_epo': 3, 'Recall.pl': 0.9395, 'Recall.pl_epo': 2}
2022-03-07 20:48:28,019 INFO training...
2022-03-07 20:51:45,060 INFO Epoch: [4/1000][280/281] Time 0.192 (avg: 0.350) Loss 0.009921 (avg: 0.008609) lr 2.000000e-04
2022-03-07 20:51:45,061 INFO testing...
2022-03-07 20:51:51,154 INFO {'aAcc': 0.94, 'mIoU': 0.5846, 'mAcc': 0.9283, 'mFscore': 0.6715000000000001, 'mPrecision': 0.6168, 'mRecall': 0.9283, 'IoU.bg': 0.9389, 'IoU.pl': 0.2304, 'Acc.bg': 0.9405, 'Acc.pl': 0.9161, 'Fscore.bg': 0.9684999999999999, 'Fscore.pl': 0.37450000000000006, 'Precision.bg': 0.9982, 'Precision.pl': 0.2353, 'Recall.bg': 0.9405, 'Recall.pl': 0.9161}
2022-03-07 20:51:51,155 INFO {'IoU.pl': 0.2304, 'IoU.pl_epo': 4, 'Acc.pl': 0.9395, 'Acc.pl_epo': 2, 'Fscore.pl': 0.37450000000000006, 'Fscore.pl_epo': 4, 'Precision.pl': 0.2353, 'Precision.pl_epo': 4, 'Recall.pl': 0.9395, 'Recall.pl_epo': 2}
2022-03-07 20:51:51,651 INFO training...
2022-03-07 20:55:09,043 INFO Epoch: [5/1000][280/281] Time 0.113 (avg: 0.351) Loss 0.004952 (avg: 0.008260) lr 2.000000e-04
2022-03-07 20:55:09,043 INFO testing...
2022-03-07 20:55:15,187 INFO {'aAcc': 0.9423999999999999, 'mIoU': 0.5912, 'mAcc': 0.9376000000000001, 'mFscore': 0.6790999999999999, 'mPrecision': 0.6219, 'mRecall': 0.9376000000000001, 'IoU.bg': 0.9414, 'IoU.pl': 0.24100000000000002, 'Acc.bg': 0.9426000000000001, 'Acc.pl': 0.9326000000000001, 'Fscore.bg': 0.9698, 'Fscore.pl': 0.3884, 'Precision.bg': 0.9986, 'Precision.pl': 0.24530000000000002, 'Recall.bg': 0.9426000000000001, 'Recall.pl': 0.9326000000000001}
2022-03-07 20:55:15,188 INFO {'IoU.pl': 0.24100000000000002, 'IoU.pl_epo': 5, 'Acc.pl': 0.9395, 'Acc.pl_epo': 2, 'Fscore.pl': 0.3884, 'Fscore.pl_epo': 5, 'Precision.pl': 0.24530000000000002, 'Precision.pl_epo': 5, 'Recall.pl': 0.9395, 'Recall.pl_epo': 2}
2022-03-07 20:55:15,667 INFO training...
2022-03-07 20:58:34,862 INFO Epoch: [6/1000][280/281] Time 0.222 (avg: 0.354) Loss 0.006679 (avg: 0.007674) lr 2.000000e-04
2022-03-07 20:58:34,863 INFO testing...
2022-03-07 20:58:41,140 INFO {'aAcc': 0.9414, 'mIoU': 0.5896, 'mAcc': 0.9403, 'mFscore': 0.6775, 'mPrecision': 0.6207, 'mRecall': 0.9403, 'IoU.bg': 0.9403, 'IoU.pl': 0.2389, 'Acc.bg': 0.9414, 'Acc.pl': 0.9392, 'Fscore.bg': 0.9692000000000001, 'Fscore.pl': 0.3857, 'Precision.bg': 0.9987, 'Precision.pl': 0.2427, 'Recall.bg': 0.9414, 'Recall.pl': 0.9392}
2022-03-07 20:58:41,140 INFO {'IoU.pl': 0.24100000000000002, 'IoU.pl_epo': 5, 'Acc.pl': 0.9395, 'Acc.pl_epo': 2, 'Fscore.pl': 0.3884, 'Fscore.pl_epo': 5, 'Precision.pl': 0.24530000000000002, 'Precision.pl_epo': 5, 'Recall.pl': 0.9395, 'Recall.pl_epo': 2}
2022-03-07 20:58:41,141 INFO training...
