2022-03-10 21:30:38,650 INFO use amp
2022-03-10 21:30:38,650 INFO Called with args:
2022-03-10 21:30:38,650 INFO batch_size      | 4
2022-03-10 21:30:38,650 INFO opt             | adamw
2022-03-10 21:30:38,650 INFO model           | hrnet_ocr
2022-03-10 21:30:38,650 INFO lr              | 0.0002
2022-03-10 21:30:38,650 INFO momentum        | 0.9
2022-03-10 21:30:38,650 INFO weight_decay    | 0.01
2022-03-10 21:30:38,651 INFO stepsize        | 50
2022-03-10 21:30:38,651 INFO gamma           | 0.9
2022-03-10 21:30:38,651 INFO max_epoch       | 1000
2022-03-10 21:30:38,651 INFO iter_size       | 1
2022-03-10 21:30:38,651 INFO start_epoch     | 0
2022-03-10 21:30:38,651 INFO print_freq      | 500
2022-03-10 21:30:38,651 INFO gpu             | 0
2022-03-10 21:30:38,651 INFO resume          | None
2022-03-10 21:30:38,651 INFO pretrain        | None
2022-03-10 21:30:38,651 INFO save_dir        | results/HRNET_OCR20220310_2130-bs-4-lr-0.0002-dataflag-color-aug-False
2022-03-10 21:30:38,651 INFO dataset         | data
2022-03-10 21:30:38,651 INFO dataflag        | color
2022-03-10 21:30:38,651 INFO amp             | O1
2022-03-10 21:30:38,651 INFO aug             | False
2022-03-10 21:30:38,651 INFO fuse_num        | 5
2022-03-10 21:30:38,651 INFO short_cat       | 2
2022-03-10 21:30:38,651 INFO scale           | True
2022-03-10 21:30:38,651 INFO augs            | []
2022-03-10 21:30:38,651 INFO LRLP            | False
2022-03-10 21:30:38,651 INFO cfg             | other_models/hr_models/seg_hrnet_ocr_w48_trainval_512x1024_sgd_lr1e-2_wd5e-4_bs_12_epoch484.yaml
2022-03-10 21:30:38,651 INFO training...
