2022-02-23 12:14:12,755 INFO Called with args:
2022-02-23 12:14:12,755 INFO batch_size      | 4
2022-02-23 12:14:12,755 INFO opt             | adamw
2022-02-23 12:14:12,755 INFO model           | rcf
2022-02-23 12:14:12,755 INFO lr              | 0.002
2022-02-23 12:14:12,755 INFO momentum        | 0.9
2022-02-23 12:14:12,755 INFO weight_decay    | 0.01
2022-02-23 12:14:12,755 INFO stepsize        | 50
2022-02-23 12:14:12,755 INFO gamma           | 0.9
2022-02-23 12:14:12,755 INFO max_epoch       | 1000
2022-02-23 12:14:12,756 INFO iter_size       | 1
2022-02-23 12:14:12,756 INFO start_epoch     | 0
2022-02-23 12:14:12,756 INFO print_freq      | 500
2022-02-23 12:14:12,756 INFO gpu             | 0
2022-02-23 12:14:12,756 INFO resume          | None
2022-02-23 12:14:12,756 INFO save_dir        | results/RCF20220223_1214-bs-4-lr-0.002-iter_size-1-opt-adamw
2022-02-23 12:14:12,756 INFO dataset         | data
2022-02-23 12:14:12,756 INFO dataflag        | grayscale
2022-02-23 12:14:12,756 INFO amp             | O1
2022-02-23 12:14:17,772 INFO use amp
2022-02-23 12:14:17,773 INFO training...
2022-02-23 12:15:36,917 INFO Epoch: [1/1000][280/281] Time 0.275 (avg: 0.281) Loss 0.072393 (avg: 0.089871) lr 2.000000e-03
2022-02-23 12:15:36,918 INFO testing...
2022-02-23 12:15:48,356 INFO {'aAcc': 0.9351, 'mIoU': 0.5739, 'mAcc': 0.9181999999999999, 'mFscore': 0.6591, 'mPrecision': 0.6085, 'mRecall': 0.9181999999999999, 'IoU.bg': 0.934, 'IoU.pl': 0.2139, 'Acc.bg': 0.9358, 'Acc.pl': 0.9005, 'Fscore.bg': 0.9658, 'Fscore.pl': 0.35240000000000005, 'Precision.bg': 0.9979, 'Precision.pl': 0.21899999999999997, 'Recall.bg': 0.9358, 'Recall.pl': 0.9005}
2022-02-23 12:15:48,357 INFO {'IoU.pl': 0.2139, 'IoU.pl_epo': 1, 'Acc.pl': 0.9005, 'Acc.pl_epo': 1, 'Fscore.pl': 0.35240000000000005, 'Fscore.pl_epo': 1, 'Precision.pl': 0.21899999999999997, 'Precision.pl_epo': 1, 'Recall.pl': 0.9005, 'Recall.pl_epo': 1}
2022-02-23 12:15:48,630 INFO training...
2022-02-23 12:17:07,480 INFO Epoch: [2/1000][280/281] Time 0.270 (avg: 0.280) Loss 0.051360 (avg: 0.070192) lr 2.000000e-03
2022-02-23 12:17:07,480 INFO testing...
2022-02-23 12:17:20,457 INFO {'aAcc': 0.9484, 'mIoU': 0.5998, 'mAcc': 0.9189, 'mFscore': 0.6879000000000001, 'mPrecision': 0.629, 'mRecall': 0.9189, 'IoU.bg': 0.9473999999999999, 'IoU.pl': 0.2521, 'Acc.bg': 0.9495999999999999, 'Acc.pl': 0.8883, 'Fscore.bg': 0.973, 'Fscore.pl': 0.40270000000000006, 'Precision.bg': 0.9976999999999999, 'Precision.pl': 0.26039999999999996, 'Recall.bg': 0.9495999999999999, 'Recall.pl': 0.8883}
2022-02-23 12:17:20,457 INFO {'IoU.pl': 0.2521, 'IoU.pl_epo': 2, 'Acc.pl': 0.9005, 'Acc.pl_epo': 1, 'Fscore.pl': 0.40270000000000006, 'Fscore.pl_epo': 2, 'Precision.pl': 0.26039999999999996, 'Precision.pl_epo': 2, 'Recall.pl': 0.9005, 'Recall.pl_epo': 1}
2022-02-23 12:17:20,680 INFO training...
2022-02-23 12:18:39,876 INFO Epoch: [3/1000][280/281] Time 0.274 (avg: 0.281) Loss 0.041347 (avg: 0.066237) lr 2.000000e-03
2022-02-23 12:18:39,876 INFO testing...
2022-02-23 12:18:50,949 INFO {'aAcc': 0.9368000000000001, 'mIoU': 0.5797, 'mAcc': 0.9338, 'mFscore': 0.6663, 'mPrecision': 0.6131, 'mRecall': 0.9338, 'IoU.bg': 0.9356, 'IoU.pl': 0.22390000000000002, 'Acc.bg': 0.9369, 'Acc.pl': 0.9307, 'Fscore.bg': 0.9667, 'Fscore.pl': 0.36579999999999996, 'Precision.bg': 0.9984999999999999, 'Precision.pl': 0.22760000000000002, 'Recall.bg': 0.9369, 'Recall.pl': 0.9307}
2022-02-23 12:18:50,949 INFO {'IoU.pl': 0.2521, 'IoU.pl_epo': 2, 'Acc.pl': 0.9307, 'Acc.pl_epo': 3, 'Fscore.pl': 0.40270000000000006, 'Fscore.pl_epo': 2, 'Precision.pl': 0.26039999999999996, 'Precision.pl_epo': 2, 'Recall.pl': 0.9307, 'Recall.pl_epo': 3}
2022-02-23 12:18:51,181 INFO training...
2022-02-23 12:20:10,019 INFO Epoch: [4/1000][280/281] Time 0.270 (avg: 0.280) Loss 0.056643 (avg: 0.061466) lr 2.000000e-03
2022-02-23 12:20:10,019 INFO testing...
2022-02-23 12:20:21,964 INFO {'aAcc': 0.9417, 'mIoU': 0.5869, 'mAcc': 0.9238, 'mFscore': 0.6738, 'mPrecision': 0.6185, 'mRecall': 0.9238, 'IoU.bg': 0.9406, 'IoU.pl': 0.23329999999999998, 'Acc.bg': 0.9423999999999999, 'Acc.pl': 0.9052, 'Fscore.bg': 0.9693999999999999, 'Fscore.pl': 0.37829999999999997, 'Precision.bg': 0.998, 'Precision.pl': 0.2391, 'Recall.bg': 0.9423999999999999, 'Recall.pl': 0.9052}
2022-02-23 12:20:21,964 INFO {'IoU.pl': 0.2521, 'IoU.pl_epo': 2, 'Acc.pl': 0.9307, 'Acc.pl_epo': 3, 'Fscore.pl': 0.40270000000000006, 'Fscore.pl_epo': 2, 'Precision.pl': 0.26039999999999996, 'Precision.pl_epo': 2, 'Recall.pl': 0.9307, 'Recall.pl_epo': 3}
2022-02-23 12:20:21,964 INFO training...
2022-02-23 12:21:41,008 INFO Epoch: [5/1000][280/281] Time 0.270 (avg: 0.280) Loss 0.053262 (avg: 0.061775) lr 2.000000e-03
2022-02-23 12:21:41,009 INFO testing...
2022-02-23 12:21:53,761 INFO {'aAcc': 0.9606, 'mIoU': 0.6347999999999999, 'mAcc': 0.9323, 'mFscore': 0.7262000000000001, 'mPrecision': 0.6592, 'mRecall': 0.9323, 'IoU.bg': 0.9598, 'IoU.pl': 0.3097, 'Acc.bg': 0.9617, 'Acc.pl': 0.903, 'Fscore.bg': 0.9795, 'Fscore.pl': 0.473, 'Precision.bg': 0.998, 'Precision.pl': 0.3204, 'Recall.bg': 0.9617, 'Recall.pl': 0.903}
2022-02-23 12:21:53,761 INFO {'IoU.pl': 0.3097, 'IoU.pl_epo': 5, 'Acc.pl': 0.9307, 'Acc.pl_epo': 3, 'Fscore.pl': 0.473, 'Fscore.pl_epo': 5, 'Precision.pl': 0.3204, 'Precision.pl_epo': 5, 'Recall.pl': 0.9307, 'Recall.pl_epo': 3}
2022-02-23 12:21:54,065 INFO training...
2022-02-23 12:23:12,798 INFO Epoch: [6/1000][280/281] Time 0.271 (avg: 0.279) Loss 0.048186 (avg: 0.056831) lr 2.000000e-03
2022-02-23 12:23:12,799 INFO testing...
2022-02-23 12:23:24,749 INFO {'aAcc': 0.96, 'mIoU': 0.6341, 'mAcc': 0.937, 'mFscore': 0.7256, 'mPrecision': 0.6583, 'mRecall': 0.937, 'IoU.bg': 0.9592, 'IoU.pl': 0.3089, 'Acc.bg': 0.9609000000000001, 'Acc.pl': 0.9129999999999999, 'Fscore.bg': 0.9792000000000001, 'Fscore.pl': 0.47200000000000003, 'Precision.bg': 0.9982, 'Precision.pl': 0.31829999999999997, 'Recall.bg': 0.9609000000000001, 'Recall.pl': 0.9129999999999999}
2022-02-23 12:23:24,750 INFO {'IoU.pl': 0.3097, 'IoU.pl_epo': 5, 'Acc.pl': 0.9307, 'Acc.pl_epo': 3, 'Fscore.pl': 0.473, 'Fscore.pl_epo': 5, 'Precision.pl': 0.3204, 'Precision.pl_epo': 5, 'Recall.pl': 0.9307, 'Recall.pl_epo': 3}
2022-02-23 12:23:24,750 INFO training...
2022-02-23 12:24:55,912 INFO Epoch: [7/1000][280/281] Time 0.269 (avg: 0.324) Loss 0.070658 (avg: 0.054757) lr 2.000000e-03
2022-02-23 12:24:55,913 INFO testing...
2022-02-23 12:25:09,657 INFO {'aAcc': 0.953, 'mIoU': 0.6158, 'mAcc': 0.9420999999999999, 'mFscore': 0.7062, 'mPrecision': 0.642, 'mRecall': 0.9420999999999999, 'IoU.bg': 0.9521, 'IoU.pl': 0.27949999999999997, 'Acc.bg': 0.9534, 'Acc.pl': 0.9308, 'Fscore.bg': 0.9754999999999999, 'Fscore.pl': 0.43689999999999996, 'Precision.bg': 0.9986, 'Precision.pl': 0.2854, 'Recall.bg': 0.9534, 'Recall.pl': 0.9308}
2022-02-23 12:25:09,657 INFO {'IoU.pl': 0.3097, 'IoU.pl_epo': 5, 'Acc.pl': 0.9308, 'Acc.pl_epo': 7, 'Fscore.pl': 0.473, 'Fscore.pl_epo': 5, 'Precision.pl': 0.3204, 'Precision.pl_epo': 5, 'Recall.pl': 0.9308, 'Recall.pl_epo': 7}
2022-02-23 12:25:09,880 INFO training...
2022-02-23 12:26:28,991 INFO Epoch: [8/1000][280/281] Time 0.270 (avg: 0.281) Loss 0.043745 (avg: 0.054705) lr 2.000000e-03
2022-02-23 12:26:28,992 INFO testing...
2022-02-23 12:26:43,153 INFO {'aAcc': 0.9472, 'mIoU': 0.6027, 'mAcc': 0.9451999999999999, 'mFscore': 0.6920000000000001, 'mPrecision': 0.6311, 'mRecall': 0.9451999999999999, 'IoU.bg': 0.9462, 'IoU.pl': 0.25920000000000004, 'Acc.bg': 0.9472, 'Acc.pl': 0.9431999999999999, 'Fscore.bg': 0.9723, 'Fscore.pl': 0.4117, 'Precision.bg': 0.9987999999999999, 'Precision.pl': 0.2633, 'Recall.bg': 0.9472, 'Recall.pl': 0.9431999999999999}
2022-02-23 12:26:43,153 INFO {'IoU.pl': 0.3097, 'IoU.pl_epo': 5, 'Acc.pl': 0.9431999999999999, 'Acc.pl_epo': 8, 'Fscore.pl': 0.473, 'Fscore.pl_epo': 5, 'Precision.pl': 0.3204, 'Precision.pl_epo': 5, 'Recall.pl': 0.9431999999999999, 'Recall.pl_epo': 8}
2022-02-23 12:26:43,374 INFO training...
2022-02-23 12:28:01,978 INFO Epoch: [9/1000][280/281] Time 0.272 (avg: 0.279) Loss 0.037504 (avg: 0.052886) lr 2.000000e-03
2022-02-23 12:28:01,979 INFO testing...
2022-02-23 12:28:14,367 INFO {'aAcc': 0.9586, 'mIoU': 0.6303, 'mAcc': 0.9384999999999999, 'mFscore': 0.7216, 'mPrecision': 0.6547, 'mRecall': 0.9384999999999999, 'IoU.bg': 0.9578, 'IoU.pl': 0.30269999999999997, 'Acc.bg': 0.9594, 'Acc.pl': 0.9176000000000001, 'Fscore.bg': 0.9784999999999999, 'Fscore.pl': 0.4647, 'Precision.bg': 0.9983, 'Precision.pl': 0.31120000000000003, 'Recall.bg': 0.9594, 'Recall.pl': 0.9176000000000001}
2022-02-23 12:28:14,439 INFO {'IoU.pl': 0.3097, 'IoU.pl_epo': 5, 'Acc.pl': 0.9431999999999999, 'Acc.pl_epo': 8, 'Fscore.pl': 0.473, 'Fscore.pl_epo': 5, 'Precision.pl': 0.3204, 'Precision.pl_epo': 5, 'Recall.pl': 0.9431999999999999, 'Recall.pl_epo': 8}
2022-02-23 12:28:14,439 INFO training...
2022-02-23 12:29:36,535 INFO Epoch: [10/1000][280/281] Time 0.270 (avg: 0.291) Loss 0.074645 (avg: 0.051067) lr 2.000000e-03
2022-02-23 12:29:36,536 INFO testing...
2022-02-23 12:29:51,164 INFO {'aAcc': 0.9457, 'mIoU': 0.6002000000000001, 'mAcc': 0.9483, 'mFscore': 0.6894, 'mPrecision': 0.629, 'mRecall': 0.9483, 'IoU.bg': 0.9447, 'IoU.pl': 0.2557, 'Acc.bg': 0.9456, 'Acc.pl': 0.951, 'Fscore.bg': 0.9716, 'Fscore.pl': 0.4072, 'Precision.bg': 0.9990000000000001, 'Precision.pl': 0.2591, 'Recall.bg': 0.9456, 'Recall.pl': 0.951}
2022-02-23 12:29:51,238 INFO {'IoU.pl': 0.3097, 'IoU.pl_epo': 5, 'Acc.pl': 0.951, 'Acc.pl_epo': 10, 'Fscore.pl': 0.473, 'Fscore.pl_epo': 5, 'Precision.pl': 0.3204, 'Precision.pl_epo': 5, 'Recall.pl': 0.951, 'Recall.pl_epo': 10}
2022-02-23 12:29:51,467 INFO training...
2022-02-23 12:31:12,556 INFO Epoch: [11/1000][280/281] Time 0.271 (avg: 0.288) Loss 0.055237 (avg: 0.050644) lr 2.000000e-03
2022-02-23 12:31:12,557 INFO testing...
2022-02-23 12:31:24,164 INFO {'aAcc': 0.9636, 'mIoU': 0.6463, 'mAcc': 0.9387000000000001, 'mFscore': 0.7384999999999999, 'mPrecision': 0.6693000000000001, 'mRecall': 0.9387000000000001, 'IoU.bg': 0.963, 'IoU.pl': 0.3297, 'Acc.bg': 0.9645999999999999, 'Acc.pl': 0.9128000000000001, 'Fscore.bg': 0.9811, 'Fscore.pl': 0.4959, 'Precision.bg': 0.9982, 'Precision.pl': 0.3404, 'Recall.bg': 0.9645999999999999, 'Recall.pl': 0.9128000000000001}
2022-02-23 12:31:24,164 INFO {'IoU.pl': 0.3297, 'IoU.pl_epo': 11, 'Acc.pl': 0.951, 'Acc.pl_epo': 10, 'Fscore.pl': 0.4959, 'Fscore.pl_epo': 11, 'Precision.pl': 0.3404, 'Precision.pl_epo': 11, 'Recall.pl': 0.951, 'Recall.pl_epo': 10}
2022-02-23 12:31:24,402 INFO training...
2022-02-23 12:32:43,254 INFO Epoch: [12/1000][280/281] Time 0.271 (avg: 0.280) Loss 0.034859 (avg: 0.050094) lr 2.000000e-03
2022-02-23 12:32:43,256 INFO testing...
2022-02-23 12:32:56,442 INFO {'aAcc': 0.9594, 'mIoU': 0.636, 'mAcc': 0.9520000000000001, 'mFscore': 0.728, 'mPrecision': 0.659, 'mRecall': 0.9520000000000001, 'IoU.bg': 0.9587, 'IoU.pl': 0.31329999999999997, 'Acc.bg': 0.9597, 'Acc.pl': 0.9442, 'Fscore.bg': 0.9789, 'Fscore.pl': 0.4771, 'Precision.bg': 0.9987999999999999, 'Precision.pl': 0.31920000000000004, 'Recall.bg': 0.9597, 'Recall.pl': 0.9442}
2022-02-23 12:32:56,443 INFO {'IoU.pl': 0.3297, 'IoU.pl_epo': 11, 'Acc.pl': 0.951, 'Acc.pl_epo': 10, 'Fscore.pl': 0.4959, 'Fscore.pl_epo': 11, 'Precision.pl': 0.3404, 'Precision.pl_epo': 11, 'Recall.pl': 0.951, 'Recall.pl_epo': 10}
2022-02-23 12:32:56,443 INFO training...
2022-02-23 12:34:15,441 INFO Epoch: [13/1000][280/281] Time 0.271 (avg: 0.280) Loss 0.056855 (avg: 0.048067) lr 2.000000e-03
2022-02-23 12:34:15,442 INFO testing...
2022-02-23 12:34:26,764 INFO {'aAcc': 0.9562, 'mIoU': 0.6258, 'mAcc': 0.9490999999999999, 'mFscore': 0.7172, 'mPrecision': 0.6503, 'mRecall': 0.9490999999999999, 'IoU.bg': 0.9553, 'IoU.pl': 0.2963, 'Acc.bg': 0.9564, 'Acc.pl': 0.9418000000000001, 'Fscore.bg': 0.9772, 'Fscore.pl': 0.4572, 'Precision.bg': 0.9987999999999999, 'Precision.pl': 0.3018, 'Recall.bg': 0.9564, 'Recall.pl': 0.9418000000000001}
2022-02-23 12:34:26,838 INFO {'IoU.pl': 0.3297, 'IoU.pl_epo': 11, 'Acc.pl': 0.951, 'Acc.pl_epo': 10, 'Fscore.pl': 0.4959, 'Fscore.pl_epo': 11, 'Precision.pl': 0.3404, 'Precision.pl_epo': 11, 'Recall.pl': 0.951, 'Recall.pl_epo': 10}
2022-02-23 12:34:26,839 INFO training...
2022-02-23 12:35:46,227 INFO Epoch: [14/1000][280/281] Time 0.271 (avg: 0.282) Loss 0.051292 (avg: 0.047705) lr 2.000000e-03
2022-02-23 12:35:46,228 INFO testing...
2022-02-23 12:36:00,062 INFO {'aAcc': 0.9636, 'mIoU': 0.6476000000000001, 'mAcc': 0.9445999999999999, 'mFscore': 0.74, 'mPrecision': 0.67, 'mRecall': 0.9445999999999999, 'IoU.bg': 0.9629000000000001, 'IoU.pl': 0.33240000000000003, 'Acc.bg': 0.9643999999999999, 'Acc.pl': 0.9248999999999999, 'Fscore.bg': 0.9811, 'Fscore.pl': 0.4989, 'Precision.bg': 0.9984000000000001, 'Precision.pl': 0.34159999999999996, 'Recall.bg': 0.9643999999999999, 'Recall.pl': 0.9248999999999999}
2022-02-23 12:36:00,062 INFO {'IoU.pl': 0.33240000000000003, 'IoU.pl_epo': 14, 'Acc.pl': 0.951, 'Acc.pl_epo': 10, 'Fscore.pl': 0.4989, 'Fscore.pl_epo': 14, 'Precision.pl': 0.34159999999999996, 'Precision.pl_epo': 14, 'Recall.pl': 0.951, 'Recall.pl_epo': 10}
2022-02-23 12:36:00,317 INFO training...
2022-02-23 12:37:28,795 INFO Epoch: [15/1000][280/281] Time 0.269 (avg: 0.314) Loss 0.054867 (avg: 0.047448) lr 2.000000e-03
2022-02-23 12:37:28,796 INFO testing...
2022-02-23 12:37:39,668 INFO {'aAcc': 0.9614, 'mIoU': 0.6408, 'mAcc': 0.9459000000000001, 'mFscore': 0.7329000000000001, 'mPrecision': 0.6637000000000001, 'mRecall': 0.9459000000000001, 'IoU.bg': 0.9606999999999999, 'IoU.pl': 0.3208, 'Acc.bg': 0.9621, 'Acc.pl': 0.9298000000000001, 'Fscore.bg': 0.98, 'Fscore.pl': 0.4858, 'Precision.bg': 0.9984999999999999, 'Precision.pl': 0.32880000000000004, 'Recall.bg': 0.9621, 'Recall.pl': 0.9298000000000001}
2022-02-23 12:37:39,739 INFO {'IoU.pl': 0.33240000000000003, 'IoU.pl_epo': 14, 'Acc.pl': 0.951, 'Acc.pl_epo': 10, 'Fscore.pl': 0.4989, 'Fscore.pl_epo': 14, 'Precision.pl': 0.34159999999999996, 'Precision.pl_epo': 14, 'Recall.pl': 0.951, 'Recall.pl_epo': 10}
2022-02-23 12:37:39,739 INFO training...
2022-02-23 12:38:59,192 INFO Epoch: [16/1000][280/281] Time 0.271 (avg: 0.282) Loss 0.048784 (avg: 0.048491) lr 2.000000e-03
2022-02-23 12:38:59,192 INFO testing...
2022-02-23 12:39:09,764 INFO {'aAcc': 0.9611, 'mIoU': 0.6408, 'mAcc': 0.9501999999999999, 'mFscore': 0.733, 'mPrecision': 0.6634, 'mRecall': 0.9501999999999999, 'IoU.bg': 0.9604, 'IoU.pl': 0.3212, 'Acc.bg': 0.9616, 'Acc.pl': 0.9388, 'Fscore.bg': 0.9798, 'Fscore.pl': 0.48619999999999997, 'Precision.bg': 0.9987, 'Precision.pl': 0.32799999999999996, 'Recall.bg': 0.9616, 'Recall.pl': 0.9388}
2022-02-23 12:39:09,839 INFO {'IoU.pl': 0.33240000000000003, 'IoU.pl_epo': 14, 'Acc.pl': 0.951, 'Acc.pl_epo': 10, 'Fscore.pl': 0.4989, 'Fscore.pl_epo': 14, 'Precision.pl': 0.34159999999999996, 'Precision.pl_epo': 14, 'Recall.pl': 0.951, 'Recall.pl_epo': 10}
2022-02-23 12:39:09,839 INFO training...
2022-02-23 12:40:29,277 INFO Epoch: [17/1000][280/281] Time 0.271 (avg: 0.282) Loss 0.044718 (avg: 0.046316) lr 2.000000e-03
2022-02-23 12:40:29,278 INFO testing...
2022-02-23 12:40:42,967 INFO {'aAcc': 0.9606999999999999, 'mIoU': 0.6386, 'mAcc': 0.9464, 'mFscore': 0.7306, 'mPrecision': 0.6617000000000001, 'mRecall': 0.9464, 'IoU.bg': 0.96, 'IoU.pl': 0.3173, 'Acc.bg': 0.9612999999999999, 'Acc.pl': 0.9314, 'Fscore.bg': 0.9795999999999999, 'Fscore.pl': 0.4817, 'Precision.bg': 0.9986, 'Precision.pl': 0.3248, 'Recall.bg': 0.9612999999999999, 'Recall.pl': 0.9314}
2022-02-23 12:40:42,967 INFO {'IoU.pl': 0.33240000000000003, 'IoU.pl_epo': 14, 'Acc.pl': 0.951, 'Acc.pl_epo': 10, 'Fscore.pl': 0.4989, 'Fscore.pl_epo': 14, 'Precision.pl': 0.34159999999999996, 'Precision.pl_epo': 14, 'Recall.pl': 0.951, 'Recall.pl_epo': 10}
2022-02-23 12:40:42,967 INFO training...
2022-02-23 12:42:03,337 INFO Epoch: [18/1000][280/281] Time 0.271 (avg: 0.285) Loss 0.049025 (avg: 0.044570) lr 2.000000e-03
2022-02-23 12:42:03,339 INFO testing...
2022-02-23 12:42:14,570 INFO {'aAcc': 0.9571999999999999, 'mIoU': 0.6302, 'mAcc': 0.9553, 'mFscore': 0.7219, 'mPrecision': 0.6537999999999999, 'mRecall': 0.9553, 'IoU.bg': 0.9564, 'IoU.pl': 0.3039, 'Acc.bg': 0.9573, 'Acc.pl': 0.9533, 'Fscore.bg': 0.9777, 'Fscore.pl': 0.46619999999999995, 'Precision.bg': 0.9990000000000001, 'Precision.pl': 0.3085, 'Recall.bg': 0.9573, 'Recall.pl': 0.9533}
2022-02-23 12:42:14,570 INFO {'IoU.pl': 0.33240000000000003, 'IoU.pl_epo': 14, 'Acc.pl': 0.9533, 'Acc.pl_epo': 18, 'Fscore.pl': 0.4989, 'Fscore.pl_epo': 14, 'Precision.pl': 0.34159999999999996, 'Precision.pl_epo': 14, 'Recall.pl': 0.9533, 'Recall.pl_epo': 18}
2022-02-23 12:42:14,870 INFO training...
2022-02-23 12:43:33,466 INFO Epoch: [19/1000][280/281] Time 0.267 (avg: 0.279) Loss 0.040960 (avg: 0.044471) lr 2.000000e-03
2022-02-23 12:43:33,466 INFO testing...
2022-02-23 12:43:44,156 INFO {'aAcc': 0.9588, 'mIoU': 0.6325, 'mAcc': 0.9455, 'mFscore': 0.7242000000000001, 'mPrecision': 0.6563, 'mRecall': 0.9455, 'IoU.bg': 0.958, 'IoU.pl': 0.307, 'Acc.bg': 0.9593, 'Acc.pl': 0.9316, 'Fscore.bg': 0.9786, 'Fscore.pl': 0.4698, 'Precision.bg': 0.9986, 'Precision.pl': 0.3141, 'Recall.bg': 0.9593, 'Recall.pl': 0.9316}
2022-02-23 12:43:44,156 INFO {'IoU.pl': 0.33240000000000003, 'IoU.pl_epo': 14, 'Acc.pl': 0.9533, 'Acc.pl_epo': 18, 'Fscore.pl': 0.4989, 'Fscore.pl_epo': 14, 'Precision.pl': 0.34159999999999996, 'Precision.pl_epo': 14, 'Recall.pl': 0.9533, 'Recall.pl_epo': 18}
2022-02-23 12:43:44,156 INFO training...
2022-02-23 12:45:03,113 INFO Epoch: [20/1000][280/281] Time 0.271 (avg: 0.280) Loss 0.030997 (avg: 0.045801) lr 2.000000e-03
2022-02-23 12:45:03,114 INFO testing...
2022-02-23 12:45:14,254 INFO {'aAcc': 0.9551000000000001, 'mIoU': 0.6236999999999999, 'mAcc': 0.9528, 'mFscore': 0.715, 'mPrecision': 0.6483, 'mRecall': 0.9528, 'IoU.bg': 0.9542, 'IoU.pl': 0.2932, 'Acc.bg': 0.9551999999999999, 'Acc.pl': 0.9503, 'Fscore.bg': 0.9765999999999999, 'Fscore.pl': 0.4534, 'Precision.bg': 0.9990000000000001, 'Precision.pl': 0.2977, 'Recall.bg': 0.9551999999999999, 'Recall.pl': 0.9503}
2022-02-23 12:45:14,254 INFO {'IoU.pl': 0.33240000000000003, 'IoU.pl_epo': 14, 'Acc.pl': 0.9533, 'Acc.pl_epo': 18, 'Fscore.pl': 0.4989, 'Fscore.pl_epo': 14, 'Precision.pl': 0.34159999999999996, 'Precision.pl_epo': 14, 'Recall.pl': 0.9533, 'Recall.pl_epo': 18}
2022-02-23 12:45:14,254 INFO training...
2022-02-23 12:46:33,248 INFO Epoch: [21/1000][280/281] Time 0.270 (avg: 0.280) Loss 0.035538 (avg: 0.044663) lr 2.000000e-03
2022-02-23 12:46:33,249 INFO testing...
2022-02-23 12:46:48,650 INFO {'aAcc': 0.9671, 'mIoU': 0.6626000000000001, 'mAcc': 0.9533, 'mFscore': 0.7555, 'mPrecision': 0.6829999999999999, 'mRecall': 0.9533, 'IoU.bg': 0.9665, 'IoU.pl': 0.3588, 'Acc.bg': 0.9677, 'Acc.pl': 0.9390000000000001, 'Fscore.bg': 0.983, 'Fscore.pl': 0.5281, 'Precision.bg': 0.9987, 'Precision.pl': 0.3674, 'Recall.bg': 0.9677, 'Recall.pl': 0.9390000000000001}
2022-02-23 12:46:48,650 INFO {'IoU.pl': 0.3588, 'IoU.pl_epo': 21, 'Acc.pl': 0.9533, 'Acc.pl_epo': 18, 'Fscore.pl': 0.5281, 'Fscore.pl_epo': 21, 'Precision.pl': 0.3674, 'Precision.pl_epo': 21, 'Recall.pl': 0.9533, 'Recall.pl_epo': 18}
2022-02-23 12:46:48,814 INFO training...
2022-02-23 12:48:09,301 INFO Epoch: [22/1000][280/281] Time 0.271 (avg: 0.285) Loss 0.036441 (avg: 0.043259) lr 2.000000e-03
2022-02-23 12:48:09,302 INFO testing...
2022-02-23 12:48:23,258 INFO {'aAcc': 0.9625, 'mIoU': 0.6461, 'mAcc': 0.9537, 'mFscore': 0.7387, 'mPrecision': 0.6679, 'mRecall': 0.9537, 'IoU.bg': 0.9618000000000001, 'IoU.pl': 0.33049999999999996, 'Acc.bg': 0.9629000000000001, 'Acc.pl': 0.9445999999999999, 'Fscore.bg': 0.9804999999999999, 'Fscore.pl': 0.4968, 'Precision.bg': 0.9987999999999999, 'Precision.pl': 0.337, 'Recall.bg': 0.9629000000000001, 'Recall.pl': 0.9445999999999999}
2022-02-23 12:48:23,258 INFO {'IoU.pl': 0.3588, 'IoU.pl_epo': 21, 'Acc.pl': 0.9533, 'Acc.pl_epo': 18, 'Fscore.pl': 0.5281, 'Fscore.pl_epo': 21, 'Precision.pl': 0.3674, 'Precision.pl_epo': 21, 'Recall.pl': 0.9533, 'Recall.pl_epo': 18}
2022-02-23 12:48:23,258 INFO training...
2022-02-23 12:49:43,709 INFO Epoch: [23/1000][280/281] Time 0.270 (avg: 0.286) Loss 0.033647 (avg: 0.041941) lr 2.000000e-03
2022-02-23 12:49:43,710 INFO testing...
2022-02-23 12:49:54,463 INFO {'aAcc': 0.9706, 'mIoU': 0.6767, 'mAcc': 0.9511, 'mFscore': 0.7695000000000001, 'mPrecision': 0.6965, 'mRecall': 0.9511, 'IoU.bg': 0.9701000000000001, 'IoU.pl': 0.3832, 'Acc.bg': 0.9714, 'Acc.pl': 0.9307, 'Fscore.bg': 0.9848, 'Fscore.pl': 0.5540999999999999, 'Precision.bg': 0.9986, 'Precision.pl': 0.3945, 'Recall.bg': 0.9714, 'Recall.pl': 0.9307}
2022-02-23 12:49:54,463 INFO {'IoU.pl': 0.3832, 'IoU.pl_epo': 23, 'Acc.pl': 0.9533, 'Acc.pl_epo': 18, 'Fscore.pl': 0.5540999999999999, 'Fscore.pl_epo': 23, 'Precision.pl': 0.3945, 'Precision.pl_epo': 23, 'Recall.pl': 0.9533, 'Recall.pl_epo': 18}
2022-02-23 12:49:54,770 INFO training...
2022-02-23 12:51:14,213 INFO Epoch: [24/1000][280/281] Time 0.266 (avg: 0.282) Loss 0.055872 (avg: 0.041878) lr 2.000000e-03
2022-02-23 12:51:14,214 INFO testing...
2022-02-23 12:51:25,561 INFO {'aAcc': 0.9631000000000001, 'mIoU': 0.6487, 'mAcc': 0.9551000000000001, 'mFscore': 0.7413, 'mPrecision': 0.6701, 'mRecall': 0.9551000000000001, 'IoU.bg': 0.9625, 'IoU.pl': 0.33490000000000003, 'Acc.bg': 0.9634999999999999, 'Acc.pl': 0.9467, 'Fscore.bg': 0.9809, 'Fscore.pl': 0.5018, 'Precision.bg': 0.9989, 'Precision.pl': 0.34130000000000005, 'Recall.bg': 0.9634999999999999, 'Recall.pl': 0.9467}
2022-02-23 12:51:25,562 INFO {'IoU.pl': 0.3832, 'IoU.pl_epo': 23, 'Acc.pl': 0.9533, 'Acc.pl_epo': 18, 'Fscore.pl': 0.5540999999999999, 'Fscore.pl_epo': 23, 'Precision.pl': 0.3945, 'Precision.pl_epo': 23, 'Recall.pl': 0.9533, 'Recall.pl_epo': 18}
2022-02-23 12:51:25,562 INFO training...
2022-02-23 12:52:44,071 INFO Epoch: [25/1000][280/281] Time 0.270 (avg: 0.279) Loss 0.039279 (avg: 0.043195) lr 2.000000e-03
2022-02-23 12:52:44,071 INFO testing...
2022-02-23 12:52:54,863 INFO {'aAcc': 0.9659, 'mIoU': 0.6586, 'mAcc': 0.9558, 'mFscore': 0.7515000000000001, 'mPrecision': 0.6790999999999999, 'mRecall': 0.9558, 'IoU.bg': 0.9653, 'IoU.pl': 0.35200000000000004, 'Acc.bg': 0.9662999999999999, 'Acc.pl': 0.9451999999999999, 'Fscore.bg': 0.9823000000000001, 'Fscore.pl': 0.5207, 'Precision.bg': 0.9989, 'Precision.pl': 0.3593, 'Recall.bg': 0.9662999999999999, 'Recall.pl': 0.9451999999999999}
2022-02-23 12:52:54,864 INFO {'IoU.pl': 0.3832, 'IoU.pl_epo': 23, 'Acc.pl': 0.9533, 'Acc.pl_epo': 18, 'Fscore.pl': 0.5540999999999999, 'Fscore.pl_epo': 23, 'Precision.pl': 0.3945, 'Precision.pl_epo': 23, 'Recall.pl': 0.9533, 'Recall.pl_epo': 18}
2022-02-23 12:52:54,864 INFO training...
2022-02-23 12:54:22,967 INFO Epoch: [26/1000][280/281] Time 0.270 (avg: 0.313) Loss 0.026737 (avg: 0.043319) lr 2.000000e-03
2022-02-23 12:54:22,968 INFO testing...
2022-02-23 12:54:34,345 INFO {'aAcc': 0.9609000000000001, 'mIoU': 0.6426999999999999, 'mAcc': 0.9612, 'mFscore': 0.7353000000000001, 'mPrecision': 0.6644, 'mRecall': 0.9612, 'IoU.bg': 0.9601999999999999, 'IoU.pl': 0.32530000000000003, 'Acc.bg': 0.9609000000000001, 'Acc.pl': 0.9615, 'Fscore.bg': 0.9797, 'Fscore.pl': 0.49090000000000006, 'Precision.bg': 0.9992, 'Precision.pl': 0.3296, 'Recall.bg': 0.9609000000000001, 'Recall.pl': 0.9615}
2022-02-23 12:54:34,345 INFO {'IoU.pl': 0.3832, 'IoU.pl_epo': 23, 'Acc.pl': 0.9615, 'Acc.pl_epo': 26, 'Fscore.pl': 0.5540999999999999, 'Fscore.pl_epo': 23, 'Precision.pl': 0.3945, 'Precision.pl_epo': 23, 'Recall.pl': 0.9615, 'Recall.pl_epo': 26}
2022-02-23 12:54:34,567 INFO training...
2022-02-23 12:55:54,035 INFO Epoch: [27/1000][280/281] Time 0.270 (avg: 0.282) Loss 0.038715 (avg: 0.040973) lr 2.000000e-03
2022-02-23 12:55:54,036 INFO testing...
2022-02-23 12:56:04,858 INFO {'aAcc': 0.9595, 'mIoU': 0.6368, 'mAcc': 0.9553, 'mFscore': 0.7290000000000001, 'mPrecision': 0.6596, 'mRecall': 0.9553, 'IoU.bg': 0.9587, 'IoU.pl': 0.315, 'Acc.bg': 0.9595999999999999, 'Acc.pl': 0.9509000000000001, 'Fscore.bg': 0.9789, 'Fscore.pl': 0.47909999999999997, 'Precision.bg': 0.9990000000000001, 'Precision.pl': 0.32020000000000004, 'Recall.bg': 0.9595999999999999, 'Recall.pl': 0.9509000000000001}
2022-02-23 12:56:04,858 INFO {'IoU.pl': 0.3832, 'IoU.pl_epo': 23, 'Acc.pl': 0.9615, 'Acc.pl_epo': 26, 'Fscore.pl': 0.5540999999999999, 'Fscore.pl_epo': 23, 'Precision.pl': 0.3945, 'Precision.pl_epo': 23, 'Recall.pl': 0.9615, 'Recall.pl_epo': 26}
2022-02-23 12:56:04,858 INFO training...
2022-02-23 12:57:23,994 INFO Epoch: [28/1000][280/281] Time 0.271 (avg: 0.281) Loss 0.079789 (avg: 0.040967) lr 2.000000e-03
2022-02-23 12:57:23,994 INFO testing...
2022-02-23 12:57:35,061 INFO {'aAcc': 0.9715, 'mIoU': 0.6799, 'mAcc': 0.9493, 'mFscore': 0.7726999999999999, 'mPrecision': 0.6999, 'mRecall': 0.9493, 'IoU.bg': 0.9709, 'IoU.pl': 0.3889, 'Acc.bg': 0.9723999999999999, 'Acc.pl': 0.9262999999999999, 'Fscore.bg': 0.9853000000000001, 'Fscore.pl': 0.5600999999999999, 'Precision.bg': 0.9984999999999999, 'Precision.pl': 0.4014, 'Recall.bg': 0.9723999999999999, 'Recall.pl': 0.9262999999999999}
2022-02-23 12:57:35,061 INFO {'IoU.pl': 0.3889, 'IoU.pl_epo': 28, 'Acc.pl': 0.9615, 'Acc.pl_epo': 26, 'Fscore.pl': 0.5600999999999999, 'Fscore.pl_epo': 28, 'Precision.pl': 0.4014, 'Precision.pl_epo': 28, 'Recall.pl': 0.9615, 'Recall.pl_epo': 26}
2022-02-23 12:57:35,280 INFO training...
2022-02-23 12:59:02,354 INFO Epoch: [29/1000][280/281] Time 0.270 (avg: 0.309) Loss 0.027808 (avg: 0.040727) lr 2.000000e-03
2022-02-23 12:59:02,356 INFO testing...
2022-02-23 12:59:12,666 INFO {'aAcc': 0.97, 'mIoU': 0.6748999999999999, 'mAcc': 0.9551000000000001, 'mFscore': 0.7678, 'mPrecision': 0.6943, 'mRecall': 0.9551000000000001, 'IoU.bg': 0.9693999999999999, 'IoU.pl': 0.3803, 'Acc.bg': 0.9706, 'Acc.pl': 0.9395, 'Fscore.bg': 0.9845, 'Fscore.pl': 0.5511, 'Precision.bg': 0.9987999999999999, 'Precision.pl': 0.3899, 'Recall.bg': 0.9706, 'Recall.pl': 0.9395}
2022-02-23 12:59:12,666 INFO {'IoU.pl': 0.3889, 'IoU.pl_epo': 28, 'Acc.pl': 0.9615, 'Acc.pl_epo': 26, 'Fscore.pl': 0.5600999999999999, 'Fscore.pl_epo': 28, 'Precision.pl': 0.4014, 'Precision.pl_epo': 28, 'Recall.pl': 0.9615, 'Recall.pl_epo': 26}
2022-02-23 12:59:12,667 INFO training...
2022-02-23 13:00:33,330 INFO Epoch: [30/1000][280/281] Time 0.274 (avg: 0.286) Loss 0.045636 (avg: 0.039998) lr 2.000000e-03
2022-02-23 13:00:33,331 INFO testing...
2022-02-23 13:00:45,154 INFO {'aAcc': 0.9752, 'mIoU': 0.6997, 'mAcc': 0.9544, 'mFscore': 0.7916, 'mPrecision': 0.7182999999999999, 'mRecall': 0.9544, 'IoU.bg': 0.9748, 'IoU.pl': 0.42450000000000004, 'Acc.bg': 0.9761, 'Acc.pl': 0.9327, 'Fscore.bg': 0.9872, 'Fscore.pl': 0.596, 'Precision.bg': 0.9986, 'Precision.pl': 0.43799999999999994, 'Recall.bg': 0.9761, 'Recall.pl': 0.9327}
2022-02-23 13:00:45,154 INFO {'IoU.pl': 0.42450000000000004, 'IoU.pl_epo': 30, 'Acc.pl': 0.9615, 'Acc.pl_epo': 26, 'Fscore.pl': 0.596, 'Fscore.pl_epo': 30, 'Precision.pl': 0.43799999999999994, 'Precision.pl_epo': 30, 'Recall.pl': 0.9615, 'Recall.pl_epo': 26}
2022-02-23 13:00:45,378 INFO training...
2022-02-23 13:02:05,342 INFO Epoch: [31/1000][280/281] Time 0.270 (avg: 0.284) Loss 0.037915 (avg: 0.038633) lr 2.000000e-03
2022-02-23 13:02:05,344 INFO testing...
2022-02-23 13:02:18,259 INFO {'aAcc': 0.97, 'mIoU': 0.6743000000000001, 'mAcc': 0.9531999999999999, 'mFscore': 0.7672, 'mPrecision': 0.6940000000000001, 'mRecall': 0.9531999999999999, 'IoU.bg': 0.9693999999999999, 'IoU.pl': 0.37920000000000004, 'Acc.bg': 0.9706999999999999, 'Acc.pl': 0.9357, 'Fscore.bg': 0.9845, 'Fscore.pl': 0.5499, 'Precision.bg': 0.9987, 'Precision.pl': 0.3893, 'Recall.bg': 0.9706999999999999, 'Recall.pl': 0.9357}
2022-02-23 13:02:18,260 INFO {'IoU.pl': 0.42450000000000004, 'IoU.pl_epo': 30, 'Acc.pl': 0.9615, 'Acc.pl_epo': 26, 'Fscore.pl': 0.596, 'Fscore.pl_epo': 30, 'Precision.pl': 0.43799999999999994, 'Precision.pl_epo': 30, 'Recall.pl': 0.9615, 'Recall.pl_epo': 26}
2022-02-23 13:02:18,260 INFO training...
2022-02-23 13:04:55,426 INFO Epoch: [32/1000][280/281] Time 0.269 (avg: 0.559) Loss 0.035520 (avg: 0.041254) lr 2.000000e-03
2022-02-23 13:04:55,427 INFO testing...
2022-02-23 13:05:06,454 INFO {'aAcc': 0.9719, 'mIoU': 0.6836, 'mAcc': 0.9551999999999999, 'mFscore': 0.7763, 'mPrecision': 0.7026, 'mRecall': 0.9551999999999999, 'IoU.bg': 0.9714, 'IoU.pl': 0.3958, 'Acc.bg': 0.9726, 'Acc.pl': 0.9377, 'Fscore.bg': 0.9854999999999999, 'Fscore.pl': 0.5672, 'Precision.bg': 0.9987, 'Precision.pl': 0.4065, 'Recall.bg': 0.9726, 'Recall.pl': 0.9377}
2022-02-23 13:05:06,455 INFO {'IoU.pl': 0.42450000000000004, 'IoU.pl_epo': 30, 'Acc.pl': 0.9615, 'Acc.pl_epo': 26, 'Fscore.pl': 0.596, 'Fscore.pl_epo': 30, 'Precision.pl': 0.43799999999999994, 'Precision.pl_epo': 30, 'Recall.pl': 0.9615, 'Recall.pl_epo': 26}
2022-02-23 13:05:06,455 INFO training...
2022-02-23 13:07:23,971 INFO Epoch: [33/1000][280/281] Time 0.266 (avg: 0.489) Loss 0.049122 (avg: 0.039189) lr 2.000000e-03
2022-02-23 13:07:23,972 INFO testing...
2022-02-23 13:07:35,755 INFO {'aAcc': 0.9690000000000001, 'mIoU': 0.6711, 'mAcc': 0.9565, 'mFscore': 0.764, 'mPrecision': 0.6905, 'mRecall': 0.9565, 'IoU.bg': 0.9684, 'IoU.pl': 0.3737, 'Acc.bg': 0.9695, 'Acc.pl': 0.9436, 'Fscore.bg': 0.9840000000000001, 'Fscore.pl': 0.5440999999999999, 'Precision.bg': 0.9987999999999999, 'Precision.pl': 0.3822, 'Recall.bg': 0.9695, 'Recall.pl': 0.9436}
2022-02-23 13:07:35,756 INFO {'IoU.pl': 0.42450000000000004, 'IoU.pl_epo': 30, 'Acc.pl': 0.9615, 'Acc.pl_epo': 26, 'Fscore.pl': 0.596, 'Fscore.pl_epo': 30, 'Precision.pl': 0.43799999999999994, 'Precision.pl_epo': 30, 'Recall.pl': 0.9615, 'Recall.pl_epo': 26}
2022-02-23 13:07:35,756 INFO training...
2022-02-23 13:11:18,030 INFO Epoch: [34/1000][280/281] Time 0.267 (avg: 0.790) Loss 0.028734 (avg: 0.038156) lr 2.000000e-03
2022-02-23 13:11:18,031 INFO testing...
2022-02-23 13:11:28,255 INFO {'aAcc': 0.9741, 'mIoU': 0.6948000000000001, 'mAcc': 0.9571999999999999, 'mFscore': 0.7870999999999999, 'mPrecision': 0.7131000000000001, 'mRecall': 0.9571999999999999, 'IoU.bg': 0.9737, 'IoU.pl': 0.41590000000000005, 'Acc.bg': 0.9748, 'Acc.pl': 0.9397, 'Fscore.bg': 0.9867, 'Fscore.pl': 0.5875, 'Precision.bg': 0.9987999999999999, 'Precision.pl': 0.4274, 'Recall.bg': 0.9748, 'Recall.pl': 0.9397}
2022-02-23 13:11:28,256 INFO {'IoU.pl': 0.42450000000000004, 'IoU.pl_epo': 30, 'Acc.pl': 0.9615, 'Acc.pl_epo': 26, 'Fscore.pl': 0.596, 'Fscore.pl_epo': 30, 'Precision.pl': 0.43799999999999994, 'Precision.pl_epo': 30, 'Recall.pl': 0.9615, 'Recall.pl_epo': 26}
2022-02-23 13:11:28,256 INFO training...
2022-02-23 13:16:17,609 INFO Epoch: [35/1000][280/281] Time 0.268 (avg: 1.029) Loss 0.031775 (avg: 0.039327) lr 2.000000e-03
2022-02-23 13:16:17,610 INFO testing...
2022-02-23 13:16:27,654 INFO {'aAcc': 0.9719, 'mIoU': 0.6839, 'mAcc': 0.9567, 'mFscore': 0.7767000000000001, 'mPrecision': 0.7027, 'mRecall': 0.9567, 'IoU.bg': 0.9714, 'IoU.pl': 0.39649999999999996, 'Acc.bg': 0.9726, 'Acc.pl': 0.9408, 'Fscore.bg': 0.9854999999999999, 'Fscore.pl': 0.5678, 'Precision.bg': 0.9987999999999999, 'Precision.pl': 0.40659999999999996, 'Recall.bg': 0.9726, 'Recall.pl': 0.9408}
2022-02-23 13:16:27,654 INFO {'IoU.pl': 0.42450000000000004, 'IoU.pl_epo': 30, 'Acc.pl': 0.9615, 'Acc.pl_epo': 26, 'Fscore.pl': 0.596, 'Fscore.pl_epo': 30, 'Precision.pl': 0.43799999999999994, 'Precision.pl_epo': 30, 'Recall.pl': 0.9615, 'Recall.pl_epo': 26}
2022-02-23 13:16:27,654 INFO training...
2022-02-23 13:19:13,315 INFO Epoch: [36/1000][280/281] Time 0.270 (avg: 0.589) Loss 0.021764 (avg: 0.042144) lr 2.000000e-03
2022-02-23 13:19:13,316 INFO testing...
2022-02-23 13:19:23,659 INFO {'aAcc': 0.9673, 'mIoU': 0.6639, 'mAcc': 0.9561, 'mFscore': 0.7569, 'mPrecision': 0.6839, 'mRecall': 0.9561, 'IoU.bg': 0.9666, 'IoU.pl': 0.36119999999999997, 'Acc.bg': 0.9677, 'Acc.pl': 0.9444, 'Fscore.bg': 0.983, 'Fscore.pl': 0.5307, 'Precision.bg': 0.9989, 'Precision.pl': 0.369, 'Recall.bg': 0.9677, 'Recall.pl': 0.9444}
2022-02-23 13:19:23,660 INFO {'IoU.pl': 0.42450000000000004, 'IoU.pl_epo': 30, 'Acc.pl': 0.9615, 'Acc.pl_epo': 26, 'Fscore.pl': 0.596, 'Fscore.pl_epo': 30, 'Precision.pl': 0.43799999999999994, 'Precision.pl_epo': 30, 'Recall.pl': 0.9615, 'Recall.pl_epo': 26}
2022-02-23 13:19:23,660 INFO training...
2022-02-23 13:27:14,914 INFO Epoch: [37/1000][280/281] Time 0.267 (avg: 1.676) Loss 0.033217 (avg: 0.037519) lr 2.000000e-03
2022-02-23 13:27:14,914 INFO testing...
2022-02-23 13:27:25,250 INFO {'aAcc': 0.9678, 'mIoU': 0.6648000000000001, 'mAcc': 0.9511, 'mFscore': 0.7576, 'mPrecision': 0.6853, 'mRecall': 0.9511, 'IoU.bg': 0.9672, 'IoU.pl': 0.3624, 'Acc.bg': 0.9684999999999999, 'Acc.pl': 0.9337000000000001, 'Fscore.bg': 0.9833, 'Fscore.pl': 0.532, 'Precision.bg': 0.9986, 'Precision.pl': 0.37189999999999995, 'Recall.bg': 0.9684999999999999, 'Recall.pl': 0.9337000000000001}
2022-02-23 13:27:25,250 INFO {'IoU.pl': 0.42450000000000004, 'IoU.pl_epo': 30, 'Acc.pl': 0.9615, 'Acc.pl_epo': 26, 'Fscore.pl': 0.596, 'Fscore.pl_epo': 30, 'Precision.pl': 0.43799999999999994, 'Precision.pl_epo': 30, 'Recall.pl': 0.9615, 'Recall.pl_epo': 26}
2022-02-23 13:27:25,251 INFO training...
2022-02-23 13:30:06,774 INFO Epoch: [38/1000][280/281] Time 0.274 (avg: 0.574) Loss 0.060498 (avg: 0.038231) lr 2.000000e-03
2022-02-23 13:30:06,774 INFO testing...
2022-02-23 13:30:22,758 INFO {'aAcc': 0.9729000000000001, 'mIoU': 0.6886, 'mAcc': 0.9561, 'mFscore': 0.7811, 'mPrecision': 0.7071999999999999, 'mRecall': 0.9561, 'IoU.bg': 0.9723999999999999, 'IoU.pl': 0.4047, 'Acc.bg': 0.9736, 'Acc.pl': 0.9386, 'Fscore.bg': 0.986, 'Fscore.pl': 0.5761999999999999, 'Precision.bg': 0.9987, 'Precision.pl': 0.4157, 'Recall.bg': 0.9736, 'Recall.pl': 0.9386}
2022-02-23 13:30:22,759 INFO {'IoU.pl': 0.42450000000000004, 'IoU.pl_epo': 30, 'Acc.pl': 0.9615, 'Acc.pl_epo': 26, 'Fscore.pl': 0.596, 'Fscore.pl_epo': 30, 'Precision.pl': 0.43799999999999994, 'Precision.pl_epo': 30, 'Recall.pl': 0.9615, 'Recall.pl_epo': 26}
2022-02-23 13:30:22,759 INFO training...
2022-02-23 13:33:44,439 INFO Epoch: [39/1000][280/281] Time 0.275 (avg: 0.717) Loss 0.030803 (avg: 0.036544) lr 2.000000e-03
2022-02-23 13:33:44,440 INFO testing...
2022-02-23 13:33:56,058 INFO {'aAcc': 0.9758, 'mIoU': 0.6989, 'mAcc': 0.9412999999999999, 'mFscore': 0.7908, 'mPrecision': 0.7201000000000001, 'mRecall': 0.9412999999999999, 'IoU.bg': 0.9753000000000001, 'IoU.pl': 0.4226, 'Acc.bg': 0.9772, 'Acc.pl': 0.9053, 'Fscore.bg': 0.9875, 'Fscore.pl': 0.5941, 'Precision.bg': 0.9981, 'Precision.pl': 0.4421, 'Recall.bg': 0.9772, 'Recall.pl': 0.9053}
2022-02-23 13:33:56,059 INFO {'IoU.pl': 0.42450000000000004, 'IoU.pl_epo': 30, 'Acc.pl': 0.9615, 'Acc.pl_epo': 26, 'Fscore.pl': 0.596, 'Fscore.pl_epo': 30, 'Precision.pl': 0.4421, 'Precision.pl_epo': 39, 'Recall.pl': 0.9615, 'Recall.pl_epo': 26}
2022-02-23 13:33:56,352 INFO training...
2022-02-23 13:36:33,429 INFO Epoch: [40/1000][280/281] Time 0.269 (avg: 0.558) Loss 0.034390 (avg: 0.038751) lr 2.000000e-03
2022-02-23 13:36:33,430 INFO testing...
2022-02-23 13:36:45,447 INFO {'aAcc': 0.9764, 'mIoU': 0.703, 'mAcc': 0.9438, 'mFscore': 0.7946, 'mPrecision': 0.7237, 'mRecall': 0.9438, 'IoU.bg': 0.9759, 'IoU.pl': 0.43, 'Acc.bg': 0.9777, 'Acc.pl': 0.9098, 'Fscore.bg': 0.9878, 'Fscore.pl': 0.6014, 'Precision.bg': 0.9982, 'Precision.pl': 0.44920000000000004, 'Recall.bg': 0.9777, 'Recall.pl': 0.9098}
2022-02-23 13:36:45,448 INFO {'IoU.pl': 0.43, 'IoU.pl_epo': 40, 'Acc.pl': 0.9615, 'Acc.pl_epo': 26, 'Fscore.pl': 0.6014, 'Fscore.pl_epo': 40, 'Precision.pl': 0.44920000000000004, 'Precision.pl_epo': 40, 'Recall.pl': 0.9615, 'Recall.pl_epo': 26}
2022-02-23 13:36:45,671 INFO training...
2022-02-23 13:39:15,088 INFO Epoch: [41/1000][280/281] Time 0.268 (avg: 0.531) Loss 0.026131 (avg: 0.036530) lr 2.000000e-03
2022-02-23 13:39:15,089 INFO testing...
2022-02-23 13:39:25,856 INFO {'aAcc': 0.9673, 'mIoU': 0.6646, 'mAcc': 0.9587, 'mFscore': 0.7576, 'mPrecision': 0.6843, 'mRecall': 0.9587, 'IoU.bg': 0.9666, 'IoU.pl': 0.3625, 'Acc.bg': 0.9676, 'Acc.pl': 0.9497, 'Fscore.bg': 0.983, 'Fscore.pl': 0.5321, 'Precision.bg': 0.9990000000000001, 'Precision.pl': 0.3696, 'Recall.bg': 0.9676, 'Recall.pl': 0.9497}
2022-02-23 13:39:25,857 INFO {'IoU.pl': 0.43, 'IoU.pl_epo': 40, 'Acc.pl': 0.9615, 'Acc.pl_epo': 26, 'Fscore.pl': 0.6014, 'Fscore.pl_epo': 40, 'Precision.pl': 0.44920000000000004, 'Precision.pl_epo': 40, 'Recall.pl': 0.9615, 'Recall.pl_epo': 26}
2022-02-23 13:39:25,857 INFO training...
2022-02-23 13:40:45,463 INFO Epoch: [42/1000][280/281] Time 0.269 (avg: 0.282) Loss 0.037965 (avg: 0.036810) lr 2.000000e-03
2022-02-23 13:40:45,464 INFO testing...
2022-02-23 13:40:56,060 INFO {'aAcc': 0.9763, 'mIoU': 0.7064, 'mAcc': 0.9568000000000001, 'mFscore': 0.7979, 'mPrecision': 0.7243999999999999, 'mRecall': 0.9568000000000001, 'IoU.bg': 0.9759, 'IoU.pl': 0.4368, 'Acc.bg': 0.9771, 'Acc.pl': 0.9364, 'Fscore.bg': 0.9878, 'Fscore.pl': 0.6081, 'Precision.bg': 0.9987, 'Precision.pl': 0.45020000000000004, 'Recall.bg': 0.9771, 'Recall.pl': 0.9364}
2022-02-23 13:40:56,060 INFO {'IoU.pl': 0.4368, 'IoU.pl_epo': 42, 'Acc.pl': 0.9615, 'Acc.pl_epo': 26, 'Fscore.pl': 0.6081, 'Fscore.pl_epo': 42, 'Precision.pl': 0.45020000000000004, 'Precision.pl_epo': 42, 'Recall.pl': 0.9615, 'Recall.pl_epo': 26}
2022-02-23 13:40:56,411 INFO training...
2022-02-23 13:42:27,840 INFO Epoch: [43/1000][280/281] Time 0.269 (avg: 0.325) Loss 0.032923 (avg: 0.036070) lr 2.000000e-03
2022-02-23 13:42:27,840 INFO testing...
2022-02-23 13:42:38,356 INFO {'aAcc': 0.9637, 'mIoU': 0.6501, 'mAcc': 0.9537, 'mFscore': 0.7428, 'mPrecision': 0.6715000000000001, 'mRecall': 0.9537, 'IoU.bg': 0.963, 'IoU.pl': 0.3372, 'Acc.bg': 0.9641, 'Acc.pl': 0.9433, 'Fscore.bg': 0.9811, 'Fscore.pl': 0.5044, 'Precision.bg': 0.9987999999999999, 'Precision.pl': 0.3442, 'Recall.bg': 0.9641, 'Recall.pl': 0.9433}
2022-02-23 13:42:38,356 INFO {'IoU.pl': 0.4368, 'IoU.pl_epo': 42, 'Acc.pl': 0.9615, 'Acc.pl_epo': 26, 'Fscore.pl': 0.6081, 'Fscore.pl_epo': 42, 'Precision.pl': 0.45020000000000004, 'Precision.pl_epo': 42, 'Recall.pl': 0.9615, 'Recall.pl_epo': 26}
2022-02-23 13:42:38,357 INFO training...
2022-02-23 13:43:57,109 INFO Epoch: [44/1000][280/281] Time 0.269 (avg: 0.279) Loss 0.020998 (avg: 0.036398) lr 2.000000e-03
2022-02-23 13:43:57,111 INFO testing...
2022-02-23 13:44:08,962 INFO {'aAcc': 0.9752, 'mIoU': 0.6990000000000001, 'mAcc': 0.9527, 'mFscore': 0.7909999999999999, 'mPrecision': 0.718, 'mRecall': 0.9527, 'IoU.bg': 0.9747, 'IoU.pl': 0.4233, 'Acc.bg': 0.9761, 'Acc.pl': 0.9292, 'Fscore.bg': 0.9872, 'Fscore.pl': 0.5948, 'Precision.bg': 0.9986, 'Precision.pl': 0.4374, 'Recall.bg': 0.9761, 'Recall.pl': 0.9292}
2022-02-23 13:44:08,962 INFO {'IoU.pl': 0.4368, 'IoU.pl_epo': 42, 'Acc.pl': 0.9615, 'Acc.pl_epo': 26, 'Fscore.pl': 0.6081, 'Fscore.pl_epo': 42, 'Precision.pl': 0.45020000000000004, 'Precision.pl_epo': 42, 'Recall.pl': 0.9615, 'Recall.pl_epo': 26}
2022-02-23 13:44:08,962 INFO training...
2022-02-23 13:46:32,134 INFO Epoch: [45/1000][280/281] Time 0.269 (avg: 0.509) Loss 0.039453 (avg: 0.034446) lr 2.000000e-03
2022-02-23 13:46:32,135 INFO testing...
2022-02-23 13:46:44,643 INFO {'aAcc': 0.9726, 'mIoU': 0.6865000000000001, 'mAcc': 0.9540000000000001, 'mFscore': 0.7791, 'mPrecision': 0.7056, 'mRecall': 0.9540000000000001, 'IoU.bg': 0.9721, 'IoU.pl': 0.401, 'Acc.bg': 0.9734, 'Acc.pl': 0.9345, 'Fscore.bg': 0.9859, 'Fscore.pl': 0.5724, 'Precision.bg': 0.9987, 'Precision.pl': 0.41259999999999997, 'Recall.bg': 0.9734, 'Recall.pl': 0.9345}
2022-02-23 13:46:44,643 INFO {'IoU.pl': 0.4368, 'IoU.pl_epo': 42, 'Acc.pl': 0.9615, 'Acc.pl_epo': 26, 'Fscore.pl': 0.6081, 'Fscore.pl_epo': 42, 'Precision.pl': 0.45020000000000004, 'Precision.pl_epo': 42, 'Recall.pl': 0.9615, 'Recall.pl_epo': 26}
2022-02-23 13:46:44,644 INFO training...
2022-02-23 13:50:11,060 INFO Epoch: [46/1000][280/281] Time 0.268 (avg: 0.734) Loss 0.029172 (avg: 0.037403) lr 2.000000e-03
2022-02-23 13:50:11,061 INFO testing...
2022-02-23 13:50:21,859 INFO {'aAcc': 0.9671, 'mIoU': 0.6612, 'mAcc': 0.9473, 'mFscore': 0.754, 'mPrecision': 0.6823, 'mRecall': 0.9473, 'IoU.bg': 0.9665, 'IoU.pl': 0.35590000000000005, 'Acc.bg': 0.9679000000000001, 'Acc.pl': 0.9267, 'Fscore.bg': 0.983, 'Fscore.pl': 0.5249, 'Precision.bg': 0.9984999999999999, 'Precision.pl': 0.36619999999999997, 'Recall.bg': 0.9679000000000001, 'Recall.pl': 0.9267}
2022-02-23 13:50:21,859 INFO {'IoU.pl': 0.4368, 'IoU.pl_epo': 42, 'Acc.pl': 0.9615, 'Acc.pl_epo': 26, 'Fscore.pl': 0.6081, 'Fscore.pl_epo': 42, 'Precision.pl': 0.45020000000000004, 'Precision.pl_epo': 42, 'Recall.pl': 0.9615, 'Recall.pl_epo': 26}
2022-02-23 13:50:21,859 INFO training...
2022-02-23 13:53:15,249 INFO Epoch: [47/1000][280/281] Time 0.268 (avg: 0.616) Loss 0.043105 (avg: 0.038569) lr 2.000000e-03
2022-02-23 13:53:15,250 INFO testing...
2022-02-23 13:53:26,260 INFO {'aAcc': 0.9678, 'mIoU': 0.6648000000000001, 'mAcc': 0.9518000000000001, 'mFscore': 0.7576999999999999, 'mPrecision': 0.6851999999999999, 'mRecall': 0.9518000000000001, 'IoU.bg': 0.9672, 'IoU.pl': 0.3625, 'Acc.bg': 0.9684, 'Acc.pl': 0.9351999999999999, 'Fscore.bg': 0.9833, 'Fscore.pl': 0.5321, 'Precision.bg': 0.9987, 'Precision.pl': 0.3718, 'Recall.bg': 0.9684, 'Recall.pl': 0.9351999999999999}
2022-02-23 13:53:26,260 INFO {'IoU.pl': 0.4368, 'IoU.pl_epo': 42, 'Acc.pl': 0.9615, 'Acc.pl_epo': 26, 'Fscore.pl': 0.6081, 'Fscore.pl_epo': 42, 'Precision.pl': 0.45020000000000004, 'Precision.pl_epo': 42, 'Recall.pl': 0.9615, 'Recall.pl_epo': 26}
2022-02-23 13:53:26,260 INFO training...
2022-02-23 13:55:42,732 INFO Epoch: [48/1000][280/281] Time 0.268 (avg: 0.485) Loss 0.029986 (avg: 0.037099) lr 2.000000e-03
2022-02-23 13:55:42,732 INFO testing...
2022-02-23 13:55:53,838 INFO {'aAcc': 0.9753000000000001, 'mIoU': 0.7004, 'mAcc': 0.9556, 'mFscore': 0.7923, 'mPrecision': 0.7188, 'mRecall': 0.9556, 'IoU.bg': 0.9748, 'IoU.pl': 0.426, 'Acc.bg': 0.9761, 'Acc.pl': 0.9351, 'Fscore.bg': 0.9873000000000001, 'Fscore.pl': 0.5974, 'Precision.bg': 0.9987, 'Precision.pl': 0.4389, 'Recall.bg': 0.9761, 'Recall.pl': 0.9351}
2022-02-23 13:55:53,839 INFO {'IoU.pl': 0.4368, 'IoU.pl_epo': 42, 'Acc.pl': 0.9615, 'Acc.pl_epo': 26, 'Fscore.pl': 0.6081, 'Fscore.pl_epo': 42, 'Precision.pl': 0.45020000000000004, 'Precision.pl_epo': 42, 'Recall.pl': 0.9615, 'Recall.pl_epo': 26}
2022-02-23 13:55:53,840 INFO training...
2022-02-23 13:59:02,301 INFO Epoch: [49/1000][280/281] Time 0.268 (avg: 0.670) Loss 0.019792 (avg: 0.034368) lr 2.000000e-03
2022-02-23 13:59:02,302 INFO testing...
2022-02-23 13:59:13,741 INFO {'aAcc': 0.9749, 'mIoU': 0.6951999999999999, 'mAcc': 0.9436, 'mFscore': 0.7873, 'mPrecision': 0.7159, 'mRecall': 0.9436, 'IoU.bg': 0.9745, 'IoU.pl': 0.41600000000000004, 'Acc.bg': 0.9762000000000001, 'Acc.pl': 0.9109, 'Fscore.bg': 0.9871, 'Fscore.pl': 0.5876, 'Precision.bg': 0.9982, 'Precision.pl': 0.4336, 'Recall.bg': 0.9762000000000001, 'Recall.pl': 0.9109}
2022-02-23 13:59:13,742 INFO {'IoU.pl': 0.4368, 'IoU.pl_epo': 42, 'Acc.pl': 0.9615, 'Acc.pl_epo': 26, 'Fscore.pl': 0.6081, 'Fscore.pl_epo': 42, 'Precision.pl': 0.45020000000000004, 'Precision.pl_epo': 42, 'Recall.pl': 0.9615, 'Recall.pl_epo': 26}
2022-02-23 13:59:13,742 INFO training...
2022-02-23 14:02:29,528 INFO Epoch: [50/1000][280/281] Time 0.275 (avg: 0.696) Loss 0.045365 (avg: 0.033586) lr 2.000000e-03
2022-02-23 14:02:29,529 INFO testing...
2022-02-23 14:02:40,453 INFO {'aAcc': 0.9806999999999999, 'mIoU': 0.7298, 'mAcc': 0.9451999999999999, 'mFscore': 0.8190000000000001, 'mPrecision': 0.7509, 'mRecall': 0.9451999999999999, 'IoU.bg': 0.9803000000000001, 'IoU.pl': 0.4793, 'Acc.bg': 0.9821, 'Acc.pl': 0.9081999999999999, 'Fscore.bg': 0.9901000000000001, 'Fscore.pl': 0.648, 'Precision.bg': 0.9981, 'Precision.pl': 0.5036, 'Recall.bg': 0.9821, 'Recall.pl': 0.9081999999999999}
2022-02-23 14:02:40,453 INFO {'IoU.pl': 0.4793, 'IoU.pl_epo': 50, 'Acc.pl': 0.9615, 'Acc.pl_epo': 26, 'Fscore.pl': 0.648, 'Fscore.pl_epo': 50, 'Precision.pl': 0.5036, 'Precision.pl_epo': 50, 'Recall.pl': 0.9615, 'Recall.pl_epo': 26}
2022-02-23 14:02:40,718 INFO training...
2022-02-23 14:04:21,663 INFO Epoch: [51/1000][280/281] Time 0.268 (avg: 0.358) Loss 0.030176 (avg: 0.034106) lr 2.000000e-03
2022-02-23 14:04:21,664 INFO testing...
2022-02-23 14:04:32,264 INFO {'aAcc': 0.9740000000000001, 'mIoU': 0.693, 'mAcc': 0.9523, 'mFscore': 0.7853, 'mPrecision': 0.7121, 'mRecall': 0.9523, 'IoU.bg': 0.9736, 'IoU.pl': 0.41240000000000004, 'Acc.bg': 0.9749, 'Acc.pl': 0.9296, 'Fscore.bg': 0.9865999999999999, 'Fscore.pl': 0.5839, 'Precision.bg': 0.9986, 'Precision.pl': 0.4257, 'Recall.bg': 0.9749, 'Recall.pl': 0.9296}
2022-02-23 14:04:32,265 INFO {'IoU.pl': 0.4793, 'IoU.pl_epo': 50, 'Acc.pl': 0.9615, 'Acc.pl_epo': 26, 'Fscore.pl': 0.648, 'Fscore.pl_epo': 50, 'Precision.pl': 0.5036, 'Precision.pl_epo': 50, 'Recall.pl': 0.9615, 'Recall.pl_epo': 26}
2022-02-23 14:04:32,339 INFO training...
2022-02-23 14:07:06,955 INFO Epoch: [52/1000][280/281] Time 0.268 (avg: 0.549) Loss 0.068394 (avg: 0.036542) lr 2.000000e-03
2022-02-23 14:07:06,956 INFO testing...
2022-02-23 14:07:22,445 INFO {'aAcc': 0.9753000000000001, 'mIoU': 0.7004, 'mAcc': 0.9562, 'mFscore': 0.7923, 'mPrecision': 0.7187, 'mRecall': 0.9562, 'IoU.bg': 0.9748, 'IoU.pl': 0.426, 'Acc.bg': 0.976, 'Acc.pl': 0.9365000000000001, 'Fscore.bg': 0.9872, 'Fscore.pl': 0.5974, 'Precision.bg': 0.9987, 'Precision.pl': 0.4386, 'Recall.bg': 0.976, 'Recall.pl': 0.9365000000000001}
2022-02-23 14:07:22,446 INFO {'IoU.pl': 0.4793, 'IoU.pl_epo': 50, 'Acc.pl': 0.9615, 'Acc.pl_epo': 26, 'Fscore.pl': 0.648, 'Fscore.pl_epo': 50, 'Precision.pl': 0.5036, 'Precision.pl_epo': 50, 'Recall.pl': 0.9615, 'Recall.pl_epo': 26}
2022-02-23 14:07:22,446 INFO training...
2022-02-23 14:08:55,493 INFO Epoch: [53/1000][280/281] Time 0.270 (avg: 0.330) Loss 0.025554 (avg: 0.034336) lr 2.000000e-03
2022-02-23 14:08:55,494 INFO testing...
2022-02-23 14:09:06,660 INFO {'aAcc': 0.9661, 'mIoU': 0.6603, 'mAcc': 0.9603, 'mFscore': 0.7533, 'mPrecision': 0.6801999999999999, 'mRecall': 0.9603, 'IoU.bg': 0.9654, 'IoU.pl': 0.3553, 'Acc.bg': 0.9662999999999999, 'Acc.pl': 0.9544, 'Fscore.bg': 0.9823999999999999, 'Fscore.pl': 0.5243, 'Precision.bg': 0.9991, 'Precision.pl': 0.3614, 'Recall.bg': 0.9662999999999999, 'Recall.pl': 0.9544}
2022-02-23 14:09:06,660 INFO {'IoU.pl': 0.4793, 'IoU.pl_epo': 50, 'Acc.pl': 0.9615, 'Acc.pl_epo': 26, 'Fscore.pl': 0.648, 'Fscore.pl_epo': 50, 'Precision.pl': 0.5036, 'Precision.pl_epo': 50, 'Recall.pl': 0.9615, 'Recall.pl_epo': 26}
2022-02-23 14:09:06,660 INFO training...
2022-02-23 14:11:31,630 INFO Epoch: [54/1000][280/281] Time 0.270 (avg: 0.515) Loss 0.050389 (avg: 0.033921) lr 2.000000e-03
2022-02-23 14:11:31,631 INFO testing...
2022-02-23 14:11:43,151 INFO {'aAcc': 0.9772, 'mIoU': 0.7108, 'mAcc': 0.9541, 'mFscore': 0.802, 'mPrecision': 0.7293999999999999, 'mRecall': 0.9541, 'IoU.bg': 0.9768000000000001, 'IoU.pl': 0.4447, 'Acc.bg': 0.9782, 'Acc.pl': 0.9299, 'Fscore.bg': 0.9883, 'Fscore.pl': 0.6157, 'Precision.bg': 0.9986, 'Precision.pl': 0.46020000000000005, 'Recall.bg': 0.9782, 'Recall.pl': 0.9299}
2022-02-23 14:11:43,152 INFO {'IoU.pl': 0.4793, 'IoU.pl_epo': 50, 'Acc.pl': 0.9615, 'Acc.pl_epo': 26, 'Fscore.pl': 0.648, 'Fscore.pl_epo': 50, 'Precision.pl': 0.5036, 'Precision.pl_epo': 50, 'Recall.pl': 0.9615, 'Recall.pl_epo': 26}
2022-02-23 14:11:43,152 INFO training...
2022-02-23 14:14:25,378 INFO Epoch: [55/1000][280/281] Time 0.268 (avg: 0.577) Loss 0.046516 (avg: 0.033162) lr 2.000000e-03
2022-02-23 14:14:25,379 INFO testing...
2022-02-23 14:14:36,150 INFO {'aAcc': 0.9786, 'mIoU': 0.7191, 'mAcc': 0.9556, 'mFscore': 0.8096, 'mPrecision': 0.7373999999999999, 'mRecall': 0.9556, 'IoU.bg': 0.9782, 'IoU.pl': 0.46009999999999995, 'Acc.bg': 0.9795, 'Acc.pl': 0.9316, 'Fscore.bg': 0.9890000000000001, 'Fscore.pl': 0.6302, 'Precision.bg': 0.9986, 'Precision.pl': 0.47619999999999996, 'Recall.bg': 0.9795, 'Recall.pl': 0.9316}
2022-02-23 14:14:36,150 INFO {'IoU.pl': 0.4793, 'IoU.pl_epo': 50, 'Acc.pl': 0.9615, 'Acc.pl_epo': 26, 'Fscore.pl': 0.648, 'Fscore.pl_epo': 50, 'Precision.pl': 0.5036, 'Precision.pl_epo': 50, 'Recall.pl': 0.9615, 'Recall.pl_epo': 26}
2022-02-23 14:14:36,151 INFO training...
2022-02-23 14:16:27,072 INFO Epoch: [56/1000][280/281] Time 0.268 (avg: 0.394) Loss 0.039331 (avg: 0.033455) lr 2.000000e-03
2022-02-23 14:16:27,073 INFO testing...
2022-02-23 14:16:38,560 INFO {'aAcc': 0.9788, 'mIoU': 0.7182999999999999, 'mAcc': 0.9473, 'mFscore': 0.8087000000000001, 'mPrecision': 0.7384999999999999, 'mRecall': 0.9473, 'IoU.bg': 0.9784, 'IoU.pl': 0.4582, 'Acc.bg': 0.9801000000000001, 'Acc.pl': 0.9145, 'Fscore.bg': 0.9891, 'Fscore.pl': 0.6284000000000001, 'Precision.bg': 0.9983, 'Precision.pl': 0.47859999999999997, 'Recall.bg': 0.9801000000000001, 'Recall.pl': 0.9145}
2022-02-23 14:16:38,561 INFO {'IoU.pl': 0.4793, 'IoU.pl_epo': 50, 'Acc.pl': 0.9615, 'Acc.pl_epo': 26, 'Fscore.pl': 0.648, 'Fscore.pl_epo': 50, 'Precision.pl': 0.5036, 'Precision.pl_epo': 50, 'Recall.pl': 0.9615, 'Recall.pl_epo': 26}
2022-02-23 14:16:38,561 INFO training...
2022-02-23 14:19:19,635 INFO Epoch: [57/1000][280/281] Time 0.278 (avg: 0.573) Loss 0.018915 (avg: 0.033847) lr 2.000000e-03
2022-02-23 14:19:19,636 INFO testing...
2022-02-23 14:19:30,454 INFO {'aAcc': 0.9784, 'mIoU': 0.7161, 'mAcc': 0.9484, 'mFscore': 0.8068000000000001, 'mPrecision': 0.736, 'mRecall': 0.9484, 'IoU.bg': 0.978, 'IoU.pl': 0.4542, 'Acc.bg': 0.9795999999999999, 'Acc.pl': 0.9173, 'Fscore.bg': 0.9889, 'Fscore.pl': 0.6247, 'Precision.bg': 0.9983, 'Precision.pl': 0.4736, 'Recall.bg': 0.9795999999999999, 'Recall.pl': 0.9173}
2022-02-23 14:19:30,454 INFO {'IoU.pl': 0.4793, 'IoU.pl_epo': 50, 'Acc.pl': 0.9615, 'Acc.pl_epo': 26, 'Fscore.pl': 0.648, 'Fscore.pl_epo': 50, 'Precision.pl': 0.5036, 'Precision.pl_epo': 50, 'Recall.pl': 0.9615, 'Recall.pl_epo': 26}
2022-02-23 14:19:30,454 INFO training...
2022-02-23 14:22:26,925 INFO Epoch: [58/1000][280/281] Time 0.269 (avg: 0.627) Loss 0.040079 (avg: 0.033972) lr 2.000000e-03
2022-02-23 14:22:26,925 INFO testing...
2022-02-23 14:22:38,062 INFO {'aAcc': 0.9756, 'mIoU': 0.6999, 'mAcc': 0.9468000000000001, 'mFscore': 0.7918000000000001, 'mPrecision': 0.7199, 'mRecall': 0.9468000000000001, 'IoU.bg': 0.9752, 'IoU.pl': 0.42460000000000003, 'Acc.bg': 0.9768000000000001, 'Acc.pl': 0.9168999999999999, 'Fscore.bg': 0.9873999999999999, 'Fscore.pl': 0.5961, 'Precision.bg': 0.9983, 'Precision.pl': 0.4416, 'Recall.bg': 0.9768000000000001, 'Recall.pl': 0.9168999999999999}
2022-02-23 14:22:38,063 INFO {'IoU.pl': 0.4793, 'IoU.pl_epo': 50, 'Acc.pl': 0.9615, 'Acc.pl_epo': 26, 'Fscore.pl': 0.648, 'Fscore.pl_epo': 50, 'Precision.pl': 0.5036, 'Precision.pl_epo': 50, 'Recall.pl': 0.9615, 'Recall.pl_epo': 26}
2022-02-23 14:22:38,063 INFO training...
2022-02-23 14:25:27,730 INFO Epoch: [59/1000][280/281] Time 0.268 (avg: 0.603) Loss 0.024237 (avg: 0.032296) lr 2.000000e-03
2022-02-23 14:25:27,731 INFO testing...
2022-02-23 14:25:38,852 INFO {'aAcc': 0.9798, 'mIoU': 0.7256999999999999, 'mAcc': 0.9517, 'mFscore': 0.8154, 'mPrecision': 0.7448999999999999, 'mRecall': 0.9517, 'IoU.bg': 0.9793999999999999, 'IoU.pl': 0.47200000000000003, 'Acc.bg': 0.9809, 'Acc.pl': 0.9226000000000001, 'Fscore.bg': 0.9895999999999999, 'Fscore.pl': 0.6413, 'Precision.bg': 0.9984000000000001, 'Precision.pl': 0.4914, 'Recall.bg': 0.9809, 'Recall.pl': 0.9226000000000001}
2022-02-23 14:25:38,852 INFO {'IoU.pl': 0.4793, 'IoU.pl_epo': 50, 'Acc.pl': 0.9615, 'Acc.pl_epo': 26, 'Fscore.pl': 0.648, 'Fscore.pl_epo': 50, 'Precision.pl': 0.5036, 'Precision.pl_epo': 50, 'Recall.pl': 0.9615, 'Recall.pl_epo': 26}
2022-02-23 14:25:38,853 INFO training...
2022-02-23 14:27:34,047 INFO Epoch: [60/1000][280/281] Time 0.269 (avg: 0.409) Loss 0.024762 (avg: 0.032747) lr 2.000000e-03
2022-02-23 14:27:34,047 INFO testing...
2022-02-23 14:27:44,856 INFO {'aAcc': 0.9768000000000001, 'mIoU': 0.7095, 'mAcc': 0.9581999999999999, 'mFscore': 0.8008, 'mPrecision': 0.7272, 'mRecall': 0.9581999999999999, 'IoU.bg': 0.9764, 'IoU.pl': 0.4426, 'Acc.bg': 0.9776, 'Acc.pl': 0.9389, 'Fscore.bg': 0.9881, 'Fscore.pl': 0.6136, 'Precision.bg': 0.9987999999999999, 'Precision.pl': 0.4557, 'Recall.bg': 0.9776, 'Recall.pl': 0.9389}
2022-02-23 14:27:44,857 INFO {'IoU.pl': 0.4793, 'IoU.pl_epo': 50, 'Acc.pl': 0.9615, 'Acc.pl_epo': 26, 'Fscore.pl': 0.648, 'Fscore.pl_epo': 50, 'Precision.pl': 0.5036, 'Precision.pl_epo': 50, 'Recall.pl': 0.9615, 'Recall.pl_epo': 26}
2022-02-23 14:27:44,857 INFO training...
2022-02-23 14:29:09,270 INFO Epoch: [61/1000][280/281] Time 0.271 (avg: 0.300) Loss 0.035365 (avg: 0.032854) lr 2.000000e-03
2022-02-23 14:29:09,272 INFO testing...
2022-02-23 14:29:19,967 INFO {'aAcc': 0.9782, 'mIoU': 0.715, 'mAcc': 0.9497, 'mFscore': 0.8058, 'mPrecision': 0.7345999999999999, 'mRecall': 0.9497, 'IoU.bg': 0.9778, 'IoU.pl': 0.4523, 'Acc.bg': 0.9793000000000001, 'Acc.pl': 0.92, 'Fscore.bg': 0.9887999999999999, 'Fscore.pl': 0.6228, 'Precision.bg': 0.9984000000000001, 'Precision.pl': 0.4708, 'Recall.bg': 0.9793000000000001, 'Recall.pl': 0.92}
2022-02-23 14:29:19,967 INFO {'IoU.pl': 0.4793, 'IoU.pl_epo': 50, 'Acc.pl': 0.9615, 'Acc.pl_epo': 26, 'Fscore.pl': 0.648, 'Fscore.pl_epo': 50, 'Precision.pl': 0.5036, 'Precision.pl_epo': 50, 'Recall.pl': 0.9615, 'Recall.pl_epo': 26}
2022-02-23 14:29:19,967 INFO training...
2022-02-23 14:31:25,447 INFO Epoch: [62/1000][280/281] Time 0.265 (avg: 0.446) Loss 0.063468 (avg: 0.031839) lr 1.800000e-03
2022-02-23 14:31:25,448 INFO testing...
2022-02-23 14:31:36,660 INFO {'aAcc': 0.9783, 'mIoU': 0.7173999999999999, 'mAcc': 0.9548000000000001, 'mFscore': 0.8079999999999999, 'mPrecision': 0.7358, 'mRecall': 0.9548000000000001, 'IoU.bg': 0.9779000000000001, 'IoU.pl': 0.4569, 'Acc.bg': 0.9793000000000001, 'Acc.pl': 0.9304000000000001, 'Fscore.bg': 0.9887999999999999, 'Fscore.pl': 0.6272, 'Precision.bg': 0.9986, 'Precision.pl': 0.473, 'Recall.bg': 0.9793000000000001, 'Recall.pl': 0.9304000000000001}
2022-02-23 14:31:36,661 INFO {'IoU.pl': 0.4793, 'IoU.pl_epo': 50, 'Acc.pl': 0.9615, 'Acc.pl_epo': 26, 'Fscore.pl': 0.648, 'Fscore.pl_epo': 50, 'Precision.pl': 0.5036, 'Precision.pl_epo': 50, 'Recall.pl': 0.9615, 'Recall.pl_epo': 26}
2022-02-23 14:31:36,661 INFO training...
2022-02-23 14:33:31,249 INFO Epoch: [63/1000][280/281] Time 0.269 (avg: 0.407) Loss 0.044238 (avg: 0.031530) lr 1.800000e-03
2022-02-23 14:33:31,250 INFO testing...
2022-02-23 14:33:41,867 INFO {'aAcc': 0.9818000000000001, 'mIoU': 0.7383, 'mAcc': 0.9472, 'mFscore': 0.8265, 'mPrecision': 0.7592, 'mRecall': 0.9472, 'IoU.bg': 0.9815, 'IoU.pl': 0.49520000000000003, 'Acc.bg': 0.9832, 'Acc.pl': 0.9112, 'Fscore.bg': 0.9906, 'Fscore.pl': 0.6624, 'Precision.bg': 0.9982, 'Precision.pl': 0.5203, 'Recall.bg': 0.9832, 'Recall.pl': 0.9112}
2022-02-23 14:33:41,868 INFO {'IoU.pl': 0.49520000000000003, 'IoU.pl_epo': 63, 'Acc.pl': 0.9615, 'Acc.pl_epo': 26, 'Fscore.pl': 0.6624, 'Fscore.pl_epo': 63, 'Precision.pl': 0.5203, 'Precision.pl_epo': 63, 'Recall.pl': 0.9615, 'Recall.pl_epo': 26}
2022-02-23 14:33:42,153 INFO training...
2022-02-23 14:35:11,327 INFO Epoch: [64/1000][280/281] Time 0.266 (avg: 0.317) Loss 0.021080 (avg: 0.031300) lr 1.800000e-03
2022-02-23 14:35:11,328 INFO testing...
2022-02-23 14:35:21,961 INFO {'aAcc': 0.9783, 'mIoU': 0.7173999999999999, 'mAcc': 0.9554, 'mFscore': 0.8081, 'mPrecision': 0.7356999999999999, 'mRecall': 0.9554, 'IoU.bg': 0.9779000000000001, 'IoU.pl': 0.457, 'Acc.bg': 0.9792000000000001, 'Acc.pl': 0.9316, 'Fscore.bg': 0.9887999999999999, 'Fscore.pl': 0.6273, 'Precision.bg': 0.9986, 'Precision.pl': 0.4728, 'Recall.bg': 0.9792000000000001, 'Recall.pl': 0.9316}
2022-02-23 14:35:21,961 INFO {'IoU.pl': 0.49520000000000003, 'IoU.pl_epo': 63, 'Acc.pl': 0.9615, 'Acc.pl_epo': 26, 'Fscore.pl': 0.6624, 'Fscore.pl_epo': 63, 'Precision.pl': 0.5203, 'Precision.pl_epo': 63, 'Recall.pl': 0.9615, 'Recall.pl_epo': 26}
2022-02-23 14:35:21,962 INFO training...
2022-02-23 14:37:01,477 INFO Epoch: [65/1000][280/281] Time 0.268 (avg: 0.353) Loss 0.023055 (avg: 0.032376) lr 1.800000e-03
2022-02-23 14:37:01,479 INFO testing...
2022-02-23 14:37:12,451 INFO {'aAcc': 0.9765, 'mIoU': 0.7081000000000001, 'mAcc': 0.9593, 'mFscore': 0.7995, 'mPrecision': 0.7256, 'mRecall': 0.9593, 'IoU.bg': 0.9761, 'IoU.pl': 0.44, 'Acc.bg': 0.9772, 'Acc.pl': 0.9412999999999999, 'Fscore.bg': 0.9879000000000001, 'Fscore.pl': 0.6111, 'Precision.bg': 0.9987999999999999, 'Precision.pl': 0.4524, 'Recall.bg': 0.9772, 'Recall.pl': 0.9412999999999999}
2022-02-23 14:37:12,452 INFO {'IoU.pl': 0.49520000000000003, 'IoU.pl_epo': 63, 'Acc.pl': 0.9615, 'Acc.pl_epo': 26, 'Fscore.pl': 0.6624, 'Fscore.pl_epo': 63, 'Precision.pl': 0.5203, 'Precision.pl_epo': 63, 'Recall.pl': 0.9615, 'Recall.pl_epo': 26}
2022-02-23 14:37:12,452 INFO training...
2022-02-23 14:39:15,497 INFO Epoch: [66/1000][280/281] Time 0.263 (avg: 0.437) Loss 0.017222 (avg: 0.030916) lr 1.800000e-03
2022-02-23 14:39:15,498 INFO testing...
2022-02-23 14:39:26,661 INFO {'aAcc': 0.982, 'mIoU': 0.7395999999999999, 'mAcc': 0.9458, 'mFscore': 0.8276, 'mPrecision': 0.7609999999999999, 'mRecall': 0.9458, 'IoU.bg': 0.9817, 'IoU.pl': 0.4976, 'Acc.bg': 0.9834999999999999, 'Acc.pl': 0.9079999999999999, 'Fscore.bg': 0.9908, 'Fscore.pl': 0.6645, 'Precision.bg': 0.9981, 'Precision.pl': 0.524, 'Recall.bg': 0.9834999999999999, 'Recall.pl': 0.9079999999999999}
2022-02-23 14:39:26,661 INFO {'IoU.pl': 0.4976, 'IoU.pl_epo': 66, 'Acc.pl': 0.9615, 'Acc.pl_epo': 26, 'Fscore.pl': 0.6645, 'Fscore.pl_epo': 66, 'Precision.pl': 0.524, 'Precision.pl_epo': 66, 'Recall.pl': 0.9615, 'Recall.pl_epo': 26}
2022-02-23 14:39:26,889 INFO training...
2022-02-23 14:40:57,380 INFO Epoch: [67/1000][280/281] Time 0.270 (avg: 0.321) Loss 0.023175 (avg: 0.031083) lr 1.800000e-03
2022-02-23 14:40:57,381 INFO testing...
2022-02-23 14:41:07,848 INFO {'aAcc': 0.9804, 'mIoU': 0.7297, 'mAcc': 0.9503, 'mFscore': 0.8190000000000001, 'mPrecision': 0.7494, 'mRecall': 0.9503, 'IoU.bg': 0.9801000000000001, 'IoU.pl': 0.4793, 'Acc.bg': 0.9817, 'Acc.pl': 0.919, 'Fscore.bg': 0.9899, 'Fscore.pl': 0.648, 'Precision.bg': 0.9984000000000001, 'Precision.pl': 0.5004, 'Recall.bg': 0.9817, 'Recall.pl': 0.919}
2022-02-23 14:41:07,849 INFO {'IoU.pl': 0.4976, 'IoU.pl_epo': 66, 'Acc.pl': 0.9615, 'Acc.pl_epo': 26, 'Fscore.pl': 0.6645, 'Fscore.pl_epo': 66, 'Precision.pl': 0.524, 'Precision.pl_epo': 66, 'Recall.pl': 0.9615, 'Recall.pl_epo': 26}
2022-02-23 14:41:07,849 INFO training...
2022-02-23 14:42:32,004 INFO Epoch: [68/1000][280/281] Time 0.269 (avg: 0.299) Loss 0.019988 (avg: 0.031063) lr 1.800000e-03
2022-02-23 14:42:32,005 INFO testing...
2022-02-23 14:42:42,941 INFO {'aAcc': 0.9795999999999999, 'mIoU': 0.7253000000000001, 'mAcc': 0.9547, 'mFscore': 0.8151, 'mPrecision': 0.7437999999999999, 'mRecall': 0.9547, 'IoU.bg': 0.9792000000000001, 'IoU.pl': 0.4714, 'Acc.bg': 0.9806, 'Acc.pl': 0.9288, 'Fscore.bg': 0.9895, 'Fscore.pl': 0.6406999999999999, 'Precision.bg': 0.9986, 'Precision.pl': 0.489, 'Recall.bg': 0.9806, 'Recall.pl': 0.9288}
2022-02-23 14:42:42,942 INFO {'IoU.pl': 0.4976, 'IoU.pl_epo': 66, 'Acc.pl': 0.9615, 'Acc.pl_epo': 26, 'Fscore.pl': 0.6645, 'Fscore.pl_epo': 66, 'Precision.pl': 0.524, 'Precision.pl_epo': 66, 'Recall.pl': 0.9615, 'Recall.pl_epo': 26}
2022-02-23 14:42:42,942 INFO training...
2022-02-23 14:44:02,754 INFO Epoch: [69/1000][280/281] Time 0.269 (avg: 0.283) Loss 0.051985 (avg: 0.032081) lr 1.800000e-03
2022-02-23 14:44:02,755 INFO testing...
2022-02-23 14:44:13,553 INFO {'aAcc': 0.9792000000000001, 'mIoU': 0.7222, 'mAcc': 0.9523, 'mFscore': 0.8123, 'mPrecision': 0.7412000000000001, 'mRecall': 0.9523, 'IoU.bg': 0.9788, 'IoU.pl': 0.4656, 'Acc.bg': 0.9803000000000001, 'Acc.pl': 0.9244, 'Fscore.bg': 0.9893000000000001, 'Fscore.pl': 0.6354, 'Precision.bg': 0.9984999999999999, 'Precision.pl': 0.484, 'Recall.bg': 0.9803000000000001, 'Recall.pl': 0.9244}
2022-02-23 14:44:13,553 INFO {'IoU.pl': 0.4976, 'IoU.pl_epo': 66, 'Acc.pl': 0.9615, 'Acc.pl_epo': 26, 'Fscore.pl': 0.6645, 'Fscore.pl_epo': 66, 'Precision.pl': 0.524, 'Precision.pl_epo': 66, 'Recall.pl': 0.9615, 'Recall.pl_epo': 26}
2022-02-23 14:44:13,554 INFO training...
2022-02-23 14:45:34,962 INFO Epoch: [70/1000][280/281] Time 0.269 (avg: 0.289) Loss 0.030206 (avg: 0.030820) lr 1.800000e-03
2022-02-23 14:45:34,962 INFO testing...
2022-02-23 14:45:45,960 INFO {'aAcc': 0.981, 'mIoU': 0.7331, 'mAcc': 0.948, 'mFscore': 0.8219, 'mPrecision': 0.7535, 'mRecall': 0.948, 'IoU.bg': 0.9806999999999999, 'IoU.pl': 0.4855, 'Acc.bg': 0.9823999999999999, 'Acc.pl': 0.9137000000000001, 'Fscore.bg': 0.9902, 'Fscore.pl': 0.6537000000000001, 'Precision.bg': 0.9982, 'Precision.pl': 0.5088, 'Recall.bg': 0.9823999999999999, 'Recall.pl': 0.9137000000000001}
2022-02-23 14:45:46,039 INFO {'IoU.pl': 0.4976, 'IoU.pl_epo': 66, 'Acc.pl': 0.9615, 'Acc.pl_epo': 26, 'Fscore.pl': 0.6645, 'Fscore.pl_epo': 66, 'Precision.pl': 0.524, 'Precision.pl_epo': 66, 'Recall.pl': 0.9615, 'Recall.pl_epo': 26}
2022-02-23 14:45:46,039 INFO training...
2022-02-23 14:47:25,426 INFO Epoch: [71/1000][280/281] Time 0.269 (avg: 0.353) Loss 0.024855 (avg: 0.030173) lr 1.800000e-03
2022-02-23 14:47:25,428 INFO testing...
2022-02-23 14:47:36,260 INFO {'aAcc': 0.9821, 'mIoU': 0.7402, 'mAcc': 0.9468000000000001, 'mFscore': 0.8281000000000001, 'mPrecision': 0.7613, 'mRecall': 0.9468000000000001, 'IoU.bg': 0.9817, 'IoU.pl': 0.4987, 'Acc.bg': 0.9834999999999999, 'Acc.pl': 0.9101, 'Fscore.bg': 0.9908, 'Fscore.pl': 0.6655, 'Precision.bg': 0.9982, 'Precision.pl': 0.5245000000000001, 'Recall.bg': 0.9834999999999999, 'Recall.pl': 0.9101}
2022-02-23 14:47:36,260 INFO {'IoU.pl': 0.4987, 'IoU.pl_epo': 71, 'Acc.pl': 0.9615, 'Acc.pl_epo': 26, 'Fscore.pl': 0.6655, 'Fscore.pl_epo': 71, 'Precision.pl': 0.5245000000000001, 'Precision.pl_epo': 71, 'Recall.pl': 0.9615, 'Recall.pl_epo': 26}
2022-02-23 14:47:36,540 INFO training...
2022-02-23 14:49:13,301 INFO Epoch: [72/1000][280/281] Time 0.268 (avg: 0.344) Loss 0.035817 (avg: 0.030654) lr 1.800000e-03
2022-02-23 14:49:13,301 INFO testing...
2022-02-23 14:49:24,555 INFO {'aAcc': 0.9817, 'mIoU': 0.7368000000000001, 'mAcc': 0.9451, 'mFscore': 0.8251999999999999, 'mPrecision': 0.7583, 'mRecall': 0.9451, 'IoU.bg': 0.9813, 'IoU.pl': 0.49229999999999996, 'Acc.bg': 0.9832, 'Acc.pl': 0.907, 'Fscore.bg': 0.9906, 'Fscore.pl': 0.6597, 'Precision.bg': 0.9981, 'Precision.pl': 0.5184000000000001, 'Recall.bg': 0.9832, 'Recall.pl': 0.907}
2022-02-23 14:49:24,555 INFO {'IoU.pl': 0.4987, 'IoU.pl_epo': 71, 'Acc.pl': 0.9615, 'Acc.pl_epo': 26, 'Fscore.pl': 0.6655, 'Fscore.pl_epo': 71, 'Precision.pl': 0.5245000000000001, 'Precision.pl_epo': 71, 'Recall.pl': 0.9615, 'Recall.pl_epo': 26}
2022-02-23 14:49:24,555 INFO training...
2022-02-23 14:50:54,813 INFO Epoch: [73/1000][280/281] Time 0.271 (avg: 0.320) Loss 0.026847 (avg: 0.031042) lr 1.800000e-03
2022-02-23 14:50:54,814 INFO testing...
2022-02-23 14:51:06,252 INFO {'aAcc': 0.9806999999999999, 'mIoU': 0.7301000000000001, 'mAcc': 0.9462999999999999, 'mFscore': 0.8193, 'mPrecision': 0.7509, 'mRecall': 0.9462999999999999, 'IoU.bg': 0.9803000000000001, 'IoU.pl': 0.4799, 'Acc.bg': 0.9821, 'Acc.pl': 0.9105, 'Fscore.bg': 0.9901000000000001, 'Fscore.pl': 0.6486, 'Precision.bg': 0.9982, 'Precision.pl': 0.5036999999999999, 'Recall.bg': 0.9821, 'Recall.pl': 0.9105}
2022-02-23 14:51:06,252 INFO {'IoU.pl': 0.4987, 'IoU.pl_epo': 71, 'Acc.pl': 0.9615, 'Acc.pl_epo': 26, 'Fscore.pl': 0.6655, 'Fscore.pl_epo': 71, 'Precision.pl': 0.5245000000000001, 'Precision.pl_epo': 71, 'Recall.pl': 0.9615, 'Recall.pl_epo': 26}
2022-02-23 14:51:06,252 INFO training...
2022-02-23 14:52:49,390 INFO Epoch: [74/1000][280/281] Time 0.268 (avg: 0.366) Loss 0.014121 (avg: 0.035768) lr 1.800000e-03
2022-02-23 14:52:49,390 INFO testing...
2022-02-23 14:52:59,944 INFO {'aAcc': 0.981, 'mIoU': 0.7334999999999999, 'mAcc': 0.9497, 'mFscore': 0.8223, 'mPrecision': 0.7535, 'mRecall': 0.9497, 'IoU.bg': 0.9806999999999999, 'IoU.pl': 0.48619999999999997, 'Acc.bg': 0.9823000000000001, 'Acc.pl': 0.9170999999999999, 'Fscore.bg': 0.9902, 'Fscore.pl': 0.6543000000000001, 'Precision.bg': 0.9983, 'Precision.pl': 0.5085999999999999, 'Recall.bg': 0.9823000000000001, 'Recall.pl': 0.9170999999999999}
2022-02-23 14:52:59,945 INFO {'IoU.pl': 0.4987, 'IoU.pl_epo': 71, 'Acc.pl': 0.9615, 'Acc.pl_epo': 26, 'Fscore.pl': 0.6655, 'Fscore.pl_epo': 71, 'Precision.pl': 0.5245000000000001, 'Precision.pl_epo': 71, 'Recall.pl': 0.9615, 'Recall.pl_epo': 26}
2022-02-23 14:52:59,945 INFO training...
2022-02-23 14:54:20,250 INFO Epoch: [75/1000][280/281] Time 0.271 (avg: 0.285) Loss 0.028701 (avg: 0.031669) lr 1.800000e-03
2022-02-23 14:54:20,250 INFO testing...
2022-02-23 14:54:31,839 INFO {'aAcc': 0.9826, 'mIoU': 0.7439, 'mAcc': 0.9469, 'mFscore': 0.8312999999999999, 'mPrecision': 0.7652, 'mRecall': 0.9469, 'IoU.bg': 0.9822, 'IoU.pl': 0.5055, 'Acc.bg': 0.9840000000000001, 'Acc.pl': 0.9097, 'Fscore.bg': 0.991, 'Fscore.pl': 0.6715000000000001, 'Precision.bg': 0.9982, 'Precision.pl': 0.5322, 'Recall.bg': 0.9840000000000001, 'Recall.pl': 0.9097}
2022-02-23 14:54:31,840 INFO {'IoU.pl': 0.5055, 'IoU.pl_epo': 75, 'Acc.pl': 0.9615, 'Acc.pl_epo': 26, 'Fscore.pl': 0.6715000000000001, 'Fscore.pl_epo': 75, 'Precision.pl': 0.5322, 'Precision.pl_epo': 75, 'Recall.pl': 0.9615, 'Recall.pl_epo': 26}
2022-02-23 14:54:32,111 INFO training...
2022-02-23 14:55:53,282 INFO Epoch: [76/1000][280/281] Time 0.271 (avg: 0.288) Loss 0.019949 (avg: 0.031408) lr 1.800000e-03
2022-02-23 14:55:53,283 INFO testing...
2022-02-23 14:56:04,163 INFO {'aAcc': 0.9817, 'mIoU': 0.7373999999999999, 'mAcc': 0.9456, 'mFscore': 0.8256999999999999, 'mPrecision': 0.7587999999999999, 'mRecall': 0.9456, 'IoU.bg': 0.9814, 'IoU.pl': 0.4935, 'Acc.bg': 0.9832, 'Acc.pl': 0.9079999999999999, 'Fscore.bg': 0.9906, 'Fscore.pl': 0.6609, 'Precision.bg': 0.9981, 'Precision.pl': 0.5195000000000001, 'Recall.bg': 0.9832, 'Recall.pl': 0.9079999999999999}
2022-02-23 14:56:04,164 INFO {'IoU.pl': 0.5055, 'IoU.pl_epo': 75, 'Acc.pl': 0.9615, 'Acc.pl_epo': 26, 'Fscore.pl': 0.6715000000000001, 'Fscore.pl_epo': 75, 'Precision.pl': 0.5322, 'Precision.pl_epo': 75, 'Recall.pl': 0.9615, 'Recall.pl_epo': 26}
2022-02-23 14:56:04,164 INFO training...
2022-02-23 14:57:45,578 INFO Epoch: [77/1000][280/281] Time 0.265 (avg: 0.360) Loss 0.014942 (avg: 0.029829) lr 1.800000e-03
2022-02-23 14:57:45,578 INFO testing...
2022-02-23 14:57:57,659 INFO {'aAcc': 0.9806, 'mIoU': 0.7308, 'mAcc': 0.9489, 'mFscore': 0.8199, 'mPrecision': 0.7509, 'mRecall': 0.9489, 'IoU.bg': 0.9803000000000001, 'IoU.pl': 0.48119999999999996, 'Acc.bg': 0.9819, 'Acc.pl': 0.9159, 'Fscore.bg': 0.99, 'Fscore.pl': 0.6498, 'Precision.bg': 0.9983, 'Precision.pl': 0.5035000000000001, 'Recall.bg': 0.9819, 'Recall.pl': 0.9159}
2022-02-23 14:57:57,659 INFO {'IoU.pl': 0.5055, 'IoU.pl_epo': 75, 'Acc.pl': 0.9615, 'Acc.pl_epo': 26, 'Fscore.pl': 0.6715000000000001, 'Fscore.pl_epo': 75, 'Precision.pl': 0.5322, 'Precision.pl_epo': 75, 'Recall.pl': 0.9615, 'Recall.pl_epo': 26}
2022-02-23 14:57:57,659 INFO training...
2022-02-23 14:59:21,442 INFO Epoch: [78/1000][280/281] Time 0.270 (avg: 0.298) Loss 0.023076 (avg: 0.030292) lr 1.800000e-03
2022-02-23 14:59:21,443 INFO testing...
2022-02-23 14:59:32,166 INFO {'aAcc': 0.9823000000000001, 'mIoU': 0.7417, 'mAcc': 0.9457, 'mFscore': 0.8295, 'mPrecision': 0.7633, 'mRecall': 0.9457, 'IoU.bg': 0.982, 'IoU.pl': 0.5015, 'Acc.bg': 0.9838, 'Acc.pl': 0.9075, 'Fscore.bg': 0.9909, 'Fscore.pl': 0.6679999999999999, 'Precision.bg': 0.9981, 'Precision.pl': 0.5285, 'Recall.bg': 0.9838, 'Recall.pl': 0.9075}
2022-02-23 14:59:32,166 INFO {'IoU.pl': 0.5055, 'IoU.pl_epo': 75, 'Acc.pl': 0.9615, 'Acc.pl_epo': 26, 'Fscore.pl': 0.6715000000000001, 'Fscore.pl_epo': 75, 'Precision.pl': 0.5322, 'Precision.pl_epo': 75, 'Recall.pl': 0.9615, 'Recall.pl_epo': 26}
2022-02-23 14:59:32,166 INFO training...
2022-02-23 15:00:53,184 INFO Epoch: [79/1000][280/281] Time 0.269 (avg: 0.287) Loss 0.043448 (avg: 0.029590) lr 1.800000e-03
2022-02-23 15:00:53,185 INFO testing...
2022-02-23 15:01:03,766 INFO {'aAcc': 0.9826, 'mIoU': 0.7451000000000001, 'mAcc': 0.9508, 'mFscore': 0.8323, 'mPrecision': 0.7652, 'mRecall': 0.9508, 'IoU.bg': 0.9823000000000001, 'IoU.pl': 0.5079, 'Acc.bg': 0.9839, 'Acc.pl': 0.9177, 'Fscore.bg': 0.991, 'Fscore.pl': 0.6736, 'Precision.bg': 0.9983, 'Precision.pl': 0.5321, 'Recall.bg': 0.9839, 'Recall.pl': 0.9177}
2022-02-23 15:01:03,766 INFO {'IoU.pl': 0.5079, 'IoU.pl_epo': 79, 'Acc.pl': 0.9615, 'Acc.pl_epo': 26, 'Fscore.pl': 0.6736, 'Fscore.pl_epo': 79, 'Precision.pl': 0.5322, 'Precision.pl_epo': 75, 'Recall.pl': 0.9615, 'Recall.pl_epo': 26}
2022-02-23 15:01:03,990 INFO training...
2022-02-23 15:02:24,907 INFO Epoch: [80/1000][280/281] Time 0.269 (avg: 0.287) Loss 0.015290 (avg: 0.029788) lr 1.800000e-03
2022-02-23 15:02:24,908 INFO testing...
2022-02-23 15:02:35,452 INFO {'aAcc': 0.9781, 'mIoU': 0.7156999999999999, 'mAcc': 0.9533, 'mFscore': 0.8064, 'mPrecision': 0.7343999999999999, 'mRecall': 0.9533, 'IoU.bg': 0.9777, 'IoU.pl': 0.4537, 'Acc.bg': 0.9791, 'Acc.pl': 0.9275, 'Fscore.bg': 0.9887, 'Fscore.pl': 0.6242, 'Precision.bg': 0.9984999999999999, 'Precision.pl': 0.4703, 'Recall.bg': 0.9791, 'Recall.pl': 0.9275}
2022-02-23 15:02:35,453 INFO {'IoU.pl': 0.5079, 'IoU.pl_epo': 79, 'Acc.pl': 0.9615, 'Acc.pl_epo': 26, 'Fscore.pl': 0.6736, 'Fscore.pl_epo': 79, 'Precision.pl': 0.5322, 'Precision.pl_epo': 75, 'Recall.pl': 0.9615, 'Recall.pl_epo': 26}
2022-02-23 15:02:35,453 INFO training...
2022-02-23 15:04:02,010 INFO Epoch: [81/1000][280/281] Time 0.268 (avg: 0.307) Loss 0.022574 (avg: 0.029299) lr 1.800000e-03
2022-02-23 15:04:02,010 INFO testing...
2022-02-23 15:04:13,839 INFO {'aAcc': 0.9845, 'mIoU': 0.7569, 'mAcc': 0.9367, 'mFscore': 0.8422, 'mPrecision': 0.7827, 'mRecall': 0.9367, 'IoU.bg': 0.9843000000000001, 'IoU.pl': 0.5294, 'Acc.bg': 0.9865, 'Acc.pl': 0.8869, 'Fscore.bg': 0.9921, 'Fscore.pl': 0.6923, 'Precision.bg': 0.9976999999999999, 'Precision.pl': 0.5678, 'Recall.bg': 0.9865, 'Recall.pl': 0.8869}
2022-02-23 15:04:13,840 INFO {'IoU.pl': 0.5294, 'IoU.pl_epo': 81, 'Acc.pl': 0.9615, 'Acc.pl_epo': 26, 'Fscore.pl': 0.6923, 'Fscore.pl_epo': 81, 'Precision.pl': 0.5678, 'Precision.pl_epo': 81, 'Recall.pl': 0.9615, 'Recall.pl_epo': 26}
2022-02-23 15:04:14,080 INFO training...
2022-02-23 15:05:32,688 INFO Epoch: [82/1000][280/281] Time 0.271 (avg: 0.279) Loss 0.033520 (avg: 0.029035) lr 1.800000e-03
2022-02-23 15:05:32,689 INFO testing...
2022-02-23 15:05:43,462 INFO {'aAcc': 0.9806999999999999, 'mIoU': 0.7284, 'mAcc': 0.9401999999999999, 'mFscore': 0.8177, 'mPrecision': 0.7508, 'mRecall': 0.9401999999999999, 'IoU.bg': 0.9803000000000001, 'IoU.pl': 0.4765, 'Acc.bg': 0.9823000000000001, 'Acc.pl': 0.898, 'Fscore.bg': 0.9901000000000001, 'Fscore.pl': 0.6454000000000001, 'Precision.bg': 0.9979, 'Precision.pl': 0.5036999999999999, 'Recall.bg': 0.9823000000000001, 'Recall.pl': 0.898}
2022-02-23 15:05:43,462 INFO {'IoU.pl': 0.5294, 'IoU.pl_epo': 81, 'Acc.pl': 0.9615, 'Acc.pl_epo': 26, 'Fscore.pl': 0.6923, 'Fscore.pl_epo': 81, 'Precision.pl': 0.5678, 'Precision.pl_epo': 81, 'Recall.pl': 0.9615, 'Recall.pl_epo': 26}
2022-02-23 15:05:43,463 INFO training...
2022-02-23 15:07:04,305 INFO Epoch: [83/1000][280/281] Time 0.270 (avg: 0.287) Loss 0.041748 (avg: 0.030746) lr 1.800000e-03
2022-02-23 15:07:04,307 INFO testing...
2022-02-23 15:07:15,358 INFO {'aAcc': 0.9789, 'mIoU': 0.7173, 'mAcc': 0.9411, 'mFscore': 0.8078, 'mPrecision': 0.7390000000000001, 'mRecall': 0.9411, 'IoU.bg': 0.9784999999999999, 'IoU.pl': 0.4561, 'Acc.bg': 0.9804999999999999, 'Acc.pl': 0.9018, 'Fscore.bg': 0.9892, 'Fscore.pl': 0.6265, 'Precision.bg': 0.998, 'Precision.pl': 0.48, 'Recall.bg': 0.9804999999999999, 'Recall.pl': 0.9018}
2022-02-23 15:07:15,358 INFO {'IoU.pl': 0.5294, 'IoU.pl_epo': 81, 'Acc.pl': 0.9615, 'Acc.pl_epo': 26, 'Fscore.pl': 0.6923, 'Fscore.pl_epo': 81, 'Precision.pl': 0.5678, 'Precision.pl_epo': 81, 'Recall.pl': 0.9615, 'Recall.pl_epo': 26}
2022-02-23 15:07:15,358 INFO training...
2022-02-23 15:08:34,711 INFO Epoch: [84/1000][280/281] Time 0.270 (avg: 0.282) Loss 0.021270 (avg: 0.034700) lr 1.800000e-03
2022-02-23 15:08:34,713 INFO testing...
2022-02-23 15:08:45,365 INFO {'aAcc': 0.98, 'mIoU': 0.7259, 'mAcc': 0.9466, 'mFscore': 0.8156, 'mPrecision': 0.7465, 'mRecall': 0.9466, 'IoU.bg': 0.9797, 'IoU.pl': 0.4722, 'Acc.bg': 0.9814, 'Acc.pl': 0.9118999999999999, 'Fscore.bg': 0.9897, 'Fscore.pl': 0.6415000000000001, 'Precision.bg': 0.9982, 'Precision.pl': 0.4947, 'Recall.bg': 0.9814, 'Recall.pl': 0.9118999999999999}
2022-02-23 15:08:45,366 INFO {'IoU.pl': 0.5294, 'IoU.pl_epo': 81, 'Acc.pl': 0.9615, 'Acc.pl_epo': 26, 'Fscore.pl': 0.6923, 'Fscore.pl_epo': 81, 'Precision.pl': 0.5678, 'Precision.pl_epo': 81, 'Recall.pl': 0.9615, 'Recall.pl_epo': 26}
2022-02-23 15:08:45,366 INFO training...
2022-02-23 15:10:05,935 INFO Epoch: [85/1000][280/281] Time 0.269 (avg: 0.286) Loss 0.019830 (avg: 0.030461) lr 1.800000e-03
2022-02-23 15:10:05,936 INFO testing...
2022-02-23 15:10:16,555 INFO {'aAcc': 0.9813, 'mIoU': 0.7309, 'mAcc': 0.9337000000000001, 'mFscore': 0.8199, 'mPrecision': 0.7554000000000001, 'mRecall': 0.9337000000000001, 'IoU.bg': 0.981, 'IoU.pl': 0.4808, 'Acc.bg': 0.9832, 'Acc.pl': 0.8841, 'Fscore.bg': 0.9904000000000001, 'Fscore.pl': 0.6494, 'Precision.bg': 0.9976, 'Precision.pl': 0.5132, 'Recall.bg': 0.9832, 'Recall.pl': 0.8841}
2022-02-23 15:10:16,556 INFO {'IoU.pl': 0.5294, 'IoU.pl_epo': 81, 'Acc.pl': 0.9615, 'Acc.pl_epo': 26, 'Fscore.pl': 0.6923, 'Fscore.pl_epo': 81, 'Precision.pl': 0.5678, 'Precision.pl_epo': 81, 'Recall.pl': 0.9615, 'Recall.pl_epo': 26}
2022-02-23 15:10:16,556 INFO training...
2022-02-23 15:11:35,118 INFO Epoch: [86/1000][280/281] Time 0.269 (avg: 0.279) Loss 0.017176 (avg: 0.029661) lr 1.800000e-03
2022-02-23 15:11:35,118 INFO testing...
2022-02-23 15:11:45,662 INFO {'aAcc': 0.9831, 'mIoU': 0.7461, 'mAcc': 0.9397, 'mFscore': 0.8331000000000001, 'mPrecision': 0.7698999999999999, 'mRecall': 0.9397, 'IoU.bg': 0.9828, 'IoU.pl': 0.5094, 'Acc.bg': 0.9849, 'Acc.pl': 0.8945000000000001, 'Fscore.bg': 0.9913, 'Fscore.pl': 0.6748999999999999, 'Precision.bg': 0.9979, 'Precision.pl': 0.5418999999999999, 'Recall.bg': 0.9849, 'Recall.pl': 0.8945000000000001}
2022-02-23 15:11:45,663 INFO {'IoU.pl': 0.5294, 'IoU.pl_epo': 81, 'Acc.pl': 0.9615, 'Acc.pl_epo': 26, 'Fscore.pl': 0.6923, 'Fscore.pl_epo': 81, 'Precision.pl': 0.5678, 'Precision.pl_epo': 81, 'Recall.pl': 0.9615, 'Recall.pl_epo': 26}
2022-02-23 15:11:45,663 INFO training...
2022-02-23 15:13:07,060 INFO Epoch: [87/1000][280/281] Time 0.270 (avg: 0.289) Loss 0.013487 (avg: 0.028644) lr 1.800000e-03
2022-02-23 15:13:07,061 INFO testing...
2022-02-23 15:13:17,547 INFO {'aAcc': 0.9815999999999999, 'mIoU': 0.7364, 'mAcc': 0.9442, 'mFscore': 0.8248000000000001, 'mPrecision': 0.7581, 'mRecall': 0.9442, 'IoU.bg': 0.9813, 'IoU.pl': 0.4915, 'Acc.bg': 0.9832, 'Acc.pl': 0.9053, 'Fscore.bg': 0.9906, 'Fscore.pl': 0.6591, 'Precision.bg': 0.9981, 'Precision.pl': 0.5182, 'Recall.bg': 0.9832, 'Recall.pl': 0.9053}
2022-02-23 15:13:17,547 INFO {'IoU.pl': 0.5294, 'IoU.pl_epo': 81, 'Acc.pl': 0.9615, 'Acc.pl_epo': 26, 'Fscore.pl': 0.6923, 'Fscore.pl_epo': 81, 'Precision.pl': 0.5678, 'Precision.pl_epo': 81, 'Recall.pl': 0.9615, 'Recall.pl_epo': 26}
2022-02-23 15:13:17,547 INFO training...
2022-02-23 15:14:49,104 INFO Epoch: [88/1000][280/281] Time 0.265 (avg: 0.325) Loss 0.019258 (avg: 0.029064) lr 1.800000e-03
2022-02-23 15:14:49,105 INFO testing...
2022-02-23 15:14:59,552 INFO {'aAcc': 0.9829000000000001, 'mIoU': 0.7462000000000001, 'mAcc': 0.9448000000000001, 'mFscore': 0.8331999999999999, 'mPrecision': 0.7683, 'mRecall': 0.9448000000000001, 'IoU.bg': 0.9826, 'IoU.pl': 0.5097, 'Acc.bg': 0.9845, 'Acc.pl': 0.9051, 'Fscore.bg': 0.9912000000000001, 'Fscore.pl': 0.6751999999999999, 'Precision.bg': 0.9981, 'Precision.pl': 0.5385, 'Recall.bg': 0.9845, 'Recall.pl': 0.9051}
2022-02-23 15:14:59,552 INFO {'IoU.pl': 0.5294, 'IoU.pl_epo': 81, 'Acc.pl': 0.9615, 'Acc.pl_epo': 26, 'Fscore.pl': 0.6923, 'Fscore.pl_epo': 81, 'Precision.pl': 0.5678, 'Precision.pl_epo': 81, 'Recall.pl': 0.9615, 'Recall.pl_epo': 26}
2022-02-23 15:14:59,552 INFO training...
2022-02-23 15:16:24,678 INFO Epoch: [89/1000][280/281] Time 0.269 (avg: 0.302) Loss 0.033882 (avg: 0.029130) lr 1.800000e-03
2022-02-23 15:16:24,678 INFO testing...
2022-02-23 15:16:35,763 INFO {'aAcc': 0.9815, 'mIoU': 0.7319, 'mAcc': 0.9322, 'mFscore': 0.8208, 'mPrecision': 0.757, 'mRecall': 0.9322, 'IoU.bg': 0.9812000000000001, 'IoU.pl': 0.4827, 'Acc.bg': 0.9834999999999999, 'Acc.pl': 0.8809999999999999, 'Fscore.bg': 0.9904999999999999, 'Fscore.pl': 0.6511, 'Precision.bg': 0.9976, 'Precision.pl': 0.5164, 'Recall.bg': 0.9834999999999999, 'Recall.pl': 0.8809999999999999}
2022-02-23 15:16:35,764 INFO {'IoU.pl': 0.5294, 'IoU.pl_epo': 81, 'Acc.pl': 0.9615, 'Acc.pl_epo': 26, 'Fscore.pl': 0.6923, 'Fscore.pl_epo': 81, 'Precision.pl': 0.5678, 'Precision.pl_epo': 81, 'Recall.pl': 0.9615, 'Recall.pl_epo': 26}
2022-02-23 15:16:35,764 INFO training...
2022-02-23 15:18:00,131 INFO Epoch: [90/1000][280/281] Time 0.265 (avg: 0.300) Loss 0.027377 (avg: 0.029156) lr 1.800000e-03
2022-02-23 15:18:00,132 INFO testing...
2022-02-23 15:18:10,653 INFO {'aAcc': 0.9826, 'mIoU': 0.7429000000000001, 'mAcc': 0.941, 'mFscore': 0.8304, 'mPrecision': 0.7659999999999999, 'mRecall': 0.941, 'IoU.bg': 0.9823000000000001, 'IoU.pl': 0.5035000000000001, 'Acc.bg': 0.9843000000000001, 'Acc.pl': 0.8976000000000001, 'Fscore.bg': 0.9911, 'Fscore.pl': 0.6697, 'Precision.bg': 0.9979, 'Precision.pl': 0.5341, 'Recall.bg': 0.9843000000000001, 'Recall.pl': 0.8976000000000001}
2022-02-23 15:18:10,653 INFO {'IoU.pl': 0.5294, 'IoU.pl_epo': 81, 'Acc.pl': 0.9615, 'Acc.pl_epo': 26, 'Fscore.pl': 0.6923, 'Fscore.pl_epo': 81, 'Precision.pl': 0.5678, 'Precision.pl_epo': 81, 'Recall.pl': 0.9615, 'Recall.pl_epo': 26}
2022-02-23 15:18:10,653 INFO training...
2022-02-23 15:19:42,458 INFO Epoch: [91/1000][280/281] Time 0.266 (avg: 0.326) Loss 0.019007 (avg: 0.029055) lr 1.800000e-03
2022-02-23 15:19:42,459 INFO testing...
2022-02-23 15:19:52,852 INFO {'aAcc': 0.9793000000000001, 'mIoU': 0.7219, 'mAcc': 0.948, 'mFscore': 0.812, 'mPrecision': 0.742, 'mRecall': 0.948, 'IoU.bg': 0.9790000000000001, 'IoU.pl': 0.4648, 'Acc.bg': 0.9806, 'Acc.pl': 0.9154000000000001, 'Fscore.bg': 0.9894, 'Fscore.pl': 0.6347, 'Precision.bg': 0.9983, 'Precision.pl': 0.4857, 'Recall.bg': 0.9806, 'Recall.pl': 0.9154000000000001}
2022-02-23 15:19:52,853 INFO {'IoU.pl': 0.5294, 'IoU.pl_epo': 81, 'Acc.pl': 0.9615, 'Acc.pl_epo': 26, 'Fscore.pl': 0.6923, 'Fscore.pl_epo': 81, 'Precision.pl': 0.5678, 'Precision.pl_epo': 81, 'Recall.pl': 0.9615, 'Recall.pl_epo': 26}
2022-02-23 15:19:52,853 INFO training...
2022-02-23 15:21:12,379 INFO Epoch: [92/1000][280/281] Time 0.272 (avg: 0.282) Loss 0.027800 (avg: 0.029264) lr 1.800000e-03
2022-02-23 15:21:12,380 INFO testing...
2022-02-23 15:21:23,261 INFO {'aAcc': 0.9813, 'mIoU': 0.7345, 'mAcc': 0.9451999999999999, 'mFscore': 0.8231, 'mPrecision': 0.7558, 'mRecall': 0.9451999999999999, 'IoU.bg': 0.981, 'IoU.pl': 0.488, 'Acc.bg': 0.9828, 'Acc.pl': 0.9075, 'Fscore.bg': 0.9904000000000001, 'Fscore.pl': 0.6559, 'Precision.bg': 0.9981, 'Precision.pl': 0.5135000000000001, 'Recall.bg': 0.9828, 'Recall.pl': 0.9075}
2022-02-23 15:21:23,262 INFO {'IoU.pl': 0.5294, 'IoU.pl_epo': 81, 'Acc.pl': 0.9615, 'Acc.pl_epo': 26, 'Fscore.pl': 0.6923, 'Fscore.pl_epo': 81, 'Precision.pl': 0.5678, 'Precision.pl_epo': 81, 'Recall.pl': 0.9615, 'Recall.pl_epo': 26}
2022-02-23 15:21:23,262 INFO training...
2022-02-23 15:23:51,905 INFO Epoch: [93/1000][280/281] Time 0.269 (avg: 0.528) Loss 0.043312 (avg: 0.029138) lr 1.620000e-03
2022-02-23 15:23:51,906 INFO testing...
2022-02-23 15:24:02,358 INFO {'aAcc': 0.9802, 'mIoU': 0.7272, 'mAcc': 0.948, 'mFscore': 0.8167, 'mPrecision': 0.7474, 'mRecall': 0.948, 'IoU.bg': 0.9798, 'IoU.pl': 0.4746, 'Acc.bg': 0.9815, 'Acc.pl': 0.9145, 'Fscore.bg': 0.9898, 'Fscore.pl': 0.6437, 'Precision.bg': 0.9983, 'Precision.pl': 0.4966, 'Recall.bg': 0.9815, 'Recall.pl': 0.9145}
2022-02-23 15:24:02,359 INFO {'IoU.pl': 0.5294, 'IoU.pl_epo': 81, 'Acc.pl': 0.9615, 'Acc.pl_epo': 26, 'Fscore.pl': 0.6923, 'Fscore.pl_epo': 81, 'Precision.pl': 0.5678, 'Precision.pl_epo': 81, 'Recall.pl': 0.9615, 'Recall.pl_epo': 26}
2022-02-23 15:24:02,359 INFO training...
2022-02-23 15:25:38,243 INFO Epoch: [94/1000][280/281] Time 0.266 (avg: 0.341) Loss 0.025750 (avg: 0.028446) lr 1.620000e-03
2022-02-23 15:25:38,244 INFO testing...
2022-02-23 15:25:48,763 INFO {'aAcc': 0.985, 'mIoU': 0.7585999999999999, 'mAcc': 0.9288, 'mFscore': 0.8436, 'mPrecision': 0.7879, 'mRecall': 0.9288, 'IoU.bg': 0.9848, 'IoU.pl': 0.5325, 'Acc.bg': 0.9873000000000001, 'Acc.pl': 0.8703, 'Fscore.bg': 0.9923000000000001, 'Fscore.pl': 0.6949, 'Precision.bg': 0.9974, 'Precision.pl': 0.5783, 'Recall.bg': 0.9873000000000001, 'Recall.pl': 0.8703}
2022-02-23 15:25:48,763 INFO {'IoU.pl': 0.5325, 'IoU.pl_epo': 94, 'Acc.pl': 0.9615, 'Acc.pl_epo': 26, 'Fscore.pl': 0.6949, 'Fscore.pl_epo': 94, 'Precision.pl': 0.5783, 'Precision.pl_epo': 94, 'Recall.pl': 0.9615, 'Recall.pl_epo': 26}
2022-02-23 15:25:49,010 INFO training...
2022-02-23 15:27:23,675 INFO Epoch: [95/1000][280/281] Time 0.268 (avg: 0.336) Loss 0.042252 (avg: 0.028326) lr 1.620000e-03
2022-02-23 15:27:23,676 INFO testing...
2022-02-23 15:27:34,539 INFO {'aAcc': 0.9834999999999999, 'mIoU': 0.7476, 'mAcc': 0.9336, 'mFscore': 0.8344, 'mPrecision': 0.7737, 'mRecall': 0.9336, 'IoU.bg': 0.9832, 'IoU.pl': 0.512, 'Acc.bg': 0.9856, 'Acc.pl': 0.8815000000000001, 'Fscore.bg': 0.9915999999999999, 'Fscore.pl': 0.6773, 'Precision.bg': 0.9976, 'Precision.pl': 0.5498, 'Recall.bg': 0.9856, 'Recall.pl': 0.8815000000000001}
2022-02-23 15:27:34,540 INFO {'IoU.pl': 0.5325, 'IoU.pl_epo': 94, 'Acc.pl': 0.9615, 'Acc.pl_epo': 26, 'Fscore.pl': 0.6949, 'Fscore.pl_epo': 94, 'Precision.pl': 0.5783, 'Precision.pl_epo': 94, 'Recall.pl': 0.9615, 'Recall.pl_epo': 26}
2022-02-23 15:27:34,540 INFO training...
2022-02-23 15:28:53,018 INFO Epoch: [96/1000][280/281] Time 0.270 (avg: 0.279) Loss 0.020801 (avg: 0.028586) lr 1.620000e-03
2022-02-23 15:28:53,019 INFO testing...
2022-02-23 15:29:03,759 INFO {'aAcc': 0.9775, 'mIoU': 0.7108, 'mAcc': 0.9484, 'mFscore': 0.802, 'mPrecision': 0.7306, 'mRecall': 0.9484, 'IoU.bg': 0.9771, 'IoU.pl': 0.4446, 'Acc.bg': 0.9787, 'Acc.pl': 0.9181, 'Fscore.bg': 0.9884000000000001, 'Fscore.pl': 0.6154999999999999, 'Precision.bg': 0.9983, 'Precision.pl': 0.4629, 'Recall.bg': 0.9787, 'Recall.pl': 0.9181}
2022-02-23 15:29:03,760 INFO {'IoU.pl': 0.5325, 'IoU.pl_epo': 94, 'Acc.pl': 0.9615, 'Acc.pl_epo': 26, 'Fscore.pl': 0.6949, 'Fscore.pl_epo': 94, 'Precision.pl': 0.5783, 'Precision.pl_epo': 94, 'Recall.pl': 0.9615, 'Recall.pl_epo': 26}
2022-02-23 15:29:03,760 INFO training...
2022-02-23 15:30:23,855 INFO Epoch: [97/1000][280/281] Time 0.269 (avg: 0.284) Loss 0.012737 (avg: 0.031080) lr 1.620000e-03
2022-02-23 15:30:23,856 INFO testing...
2022-02-23 15:30:34,361 INFO {'aAcc': 0.9804, 'mIoU': 0.7302, 'mAcc': 0.9539, 'mFscore': 0.8195, 'mPrecision': 0.7490000000000001, 'mRecall': 0.9539, 'IoU.bg': 0.98, 'IoU.pl': 0.4804, 'Acc.bg': 0.9814, 'Acc.pl': 0.9262999999999999, 'Fscore.bg': 0.9899, 'Fscore.pl': 0.649, 'Precision.bg': 0.9984999999999999, 'Precision.pl': 0.49950000000000006, 'Recall.bg': 0.9814, 'Recall.pl': 0.9262999999999999}
2022-02-23 15:30:34,361 INFO {'IoU.pl': 0.5325, 'IoU.pl_epo': 94, 'Acc.pl': 0.9615, 'Acc.pl_epo': 26, 'Fscore.pl': 0.6949, 'Fscore.pl_epo': 94, 'Precision.pl': 0.5783, 'Precision.pl_epo': 94, 'Recall.pl': 0.9615, 'Recall.pl_epo': 26}
2022-02-23 15:30:34,362 INFO training...
2022-02-23 15:31:54,494 INFO Epoch: [98/1000][280/281] Time 0.270 (avg: 0.284) Loss 0.030613 (avg: 0.028463) lr 1.620000e-03
2022-02-23 15:31:54,495 INFO testing...
2022-02-23 15:32:05,438 INFO {'aAcc': 0.9854999999999999, 'mIoU': 0.7645000000000001, 'mAcc': 0.9359000000000001, 'mFscore': 0.8486, 'mPrecision': 0.7916, 'mRecall': 0.9359000000000001, 'IoU.bg': 0.9852, 'IoU.pl': 0.5439, 'Acc.bg': 0.9875, 'Acc.pl': 0.8844, 'Fscore.bg': 0.9925, 'Fscore.pl': 0.7045999999999999, 'Precision.bg': 0.9976999999999999, 'Precision.pl': 0.5855, 'Recall.bg': 0.9875, 'Recall.pl': 0.8844}
2022-02-23 15:32:05,438 INFO {'IoU.pl': 0.5439, 'IoU.pl_epo': 98, 'Acc.pl': 0.9615, 'Acc.pl_epo': 26, 'Fscore.pl': 0.7045999999999999, 'Fscore.pl_epo': 98, 'Precision.pl': 0.5855, 'Precision.pl_epo': 98, 'Recall.pl': 0.9615, 'Recall.pl_epo': 26}
2022-02-23 15:32:05,674 INFO training...
2022-02-23 15:33:31,239 INFO Epoch: [99/1000][280/281] Time 0.269 (avg: 0.304) Loss 0.036499 (avg: 0.027997) lr 1.620000e-03
2022-02-23 15:33:31,239 INFO testing...
2022-02-23 15:33:42,050 INFO {'aAcc': 0.9841, 'mIoU': 0.7552, 'mAcc': 0.9448000000000001, 'mFscore': 0.8409, 'mPrecision': 0.778, 'mRecall': 0.9448000000000001, 'IoU.bg': 0.9838, 'IoU.pl': 0.5266, 'Acc.bg': 0.9856999999999999, 'Acc.pl': 0.9039, 'Fscore.bg': 0.9918, 'Fscore.pl': 0.6899, 'Precision.bg': 0.9981, 'Precision.pl': 0.5579, 'Recall.bg': 0.9856999999999999, 'Recall.pl': 0.9039}
2022-02-23 15:33:42,051 INFO {'IoU.pl': 0.5439, 'IoU.pl_epo': 98, 'Acc.pl': 0.9615, 'Acc.pl_epo': 26, 'Fscore.pl': 0.7045999999999999, 'Fscore.pl_epo': 98, 'Precision.pl': 0.5855, 'Precision.pl_epo': 98, 'Recall.pl': 0.9615, 'Recall.pl_epo': 26}
2022-02-23 15:33:42,051 INFO training...
2022-02-23 15:35:01,573 INFO Epoch: [100/1000][280/281] Time 0.270 (avg: 0.282) Loss 0.047404 (avg: 0.028004) lr 1.620000e-03
2022-02-23 15:35:01,573 INFO testing...
2022-02-23 15:35:12,164 INFO {'aAcc': 0.9854999999999999, 'mIoU': 0.7644, 'mAcc': 0.9356, 'mFscore': 0.8484, 'mPrecision': 0.7916, 'mRecall': 0.9356, 'IoU.bg': 0.9852, 'IoU.pl': 0.5436, 'Acc.bg': 0.9875, 'Acc.pl': 0.8837, 'Fscore.bg': 0.9925, 'Fscore.pl': 0.7043, 'Precision.bg': 0.9976999999999999, 'Precision.pl': 0.5855, 'Recall.bg': 0.9875, 'Recall.pl': 0.8837}
2022-02-23 15:35:12,164 INFO {'IoU.pl': 0.5439, 'IoU.pl_epo': 98, 'Acc.pl': 0.9615, 'Acc.pl_epo': 26, 'Fscore.pl': 0.7045999999999999, 'Fscore.pl_epo': 98, 'Precision.pl': 0.5855, 'Precision.pl_epo': 98, 'Recall.pl': 0.9615, 'Recall.pl_epo': 26}
2022-02-23 15:35:12,164 INFO training...
2022-02-23 15:36:30,732 INFO Epoch: [101/1000][280/281] Time 0.270 (avg: 0.279) Loss 0.013195 (avg: 0.028321) lr 1.620000e-03
2022-02-23 15:36:30,733 INFO testing...
2022-02-23 15:36:41,466 INFO {'aAcc': 0.986, 'mIoU': 0.7672, 'mAcc': 0.929, 'mFscore': 0.8506999999999999, 'mPrecision': 0.7976000000000001, 'mRecall': 0.929, 'IoU.bg': 0.9856999999999999, 'IoU.pl': 0.5487, 'Acc.bg': 0.9883, 'Acc.pl': 0.8698, 'Fscore.bg': 0.9928, 'Fscore.pl': 0.7086, 'Precision.bg': 0.9974, 'Precision.pl': 0.5978, 'Recall.bg': 0.9883, 'Recall.pl': 0.8698}
2022-02-23 15:36:41,466 INFO {'IoU.pl': 0.5487, 'IoU.pl_epo': 101, 'Acc.pl': 0.9615, 'Acc.pl_epo': 26, 'Fscore.pl': 0.7086, 'Fscore.pl_epo': 101, 'Precision.pl': 0.5978, 'Precision.pl_epo': 101, 'Recall.pl': 0.9615, 'Recall.pl_epo': 26}
2022-02-23 15:36:41,694 INFO training...
2022-02-23 15:38:00,799 INFO Epoch: [102/1000][280/281] Time 0.271 (avg: 0.281) Loss 0.026109 (avg: 0.028438) lr 1.620000e-03
2022-02-23 15:38:00,800 INFO testing...
2022-02-23 15:38:11,565 INFO {'aAcc': 0.9829000000000001, 'mIoU': 0.7467, 'mAcc': 0.9472, 'mFscore': 0.8337, 'mPrecision': 0.768, 'mRecall': 0.9472, 'IoU.bg': 0.9826, 'IoU.pl': 0.5107, 'Acc.bg': 0.9843999999999999, 'Acc.pl': 0.91, 'Fscore.bg': 0.9912000000000001, 'Fscore.pl': 0.6762, 'Precision.bg': 0.9982, 'Precision.pl': 0.5379, 'Recall.bg': 0.9843999999999999, 'Recall.pl': 0.91}
2022-02-23 15:38:11,566 INFO {'IoU.pl': 0.5487, 'IoU.pl_epo': 101, 'Acc.pl': 0.9615, 'Acc.pl_epo': 26, 'Fscore.pl': 0.7086, 'Fscore.pl_epo': 101, 'Precision.pl': 0.5978, 'Precision.pl_epo': 101, 'Recall.pl': 0.9615, 'Recall.pl_epo': 26}
2022-02-23 15:38:11,566 INFO training...
2022-02-23 15:39:56,846 INFO Epoch: [103/1000][280/281] Time 0.269 (avg: 0.374) Loss 0.022473 (avg: 0.028073) lr 1.620000e-03
2022-02-23 15:39:56,847 INFO testing...
2022-02-23 15:40:07,958 INFO {'aAcc': 0.9845, 'mIoU': 0.7536, 'mAcc': 0.9267, 'mFscore': 0.8393999999999999, 'mPrecision': 0.7831, 'mRecall': 0.9267, 'IoU.bg': 0.9842, 'IoU.pl': 0.523, 'Acc.bg': 0.9869, 'Acc.pl': 0.8664000000000001, 'Fscore.bg': 0.9921, 'Fscore.pl': 0.6868000000000001, 'Precision.bg': 0.9973000000000001, 'Precision.pl': 0.5689, 'Recall.bg': 0.9869, 'Recall.pl': 0.8664000000000001}
2022-02-23 15:40:07,959 INFO {'IoU.pl': 0.5487, 'IoU.pl_epo': 101, 'Acc.pl': 0.9615, 'Acc.pl_epo': 26, 'Fscore.pl': 0.7086, 'Fscore.pl_epo': 101, 'Precision.pl': 0.5978, 'Precision.pl_epo': 101, 'Recall.pl': 0.9615, 'Recall.pl_epo': 26}
2022-02-23 15:40:07,959 INFO training...
2022-02-23 15:41:26,540 INFO Epoch: [104/1000][280/281] Time 0.269 (avg: 0.279) Loss 0.025544 (avg: 0.027738) lr 1.620000e-03
2022-02-23 15:41:26,541 INFO testing...
2022-02-23 15:41:37,450 INFO {'aAcc': 0.9845, 'mIoU': 0.7543000000000001, 'mAcc': 0.9304000000000001, 'mFscore': 0.84, 'mPrecision': 0.7824, 'mRecall': 0.9304000000000001, 'IoU.bg': 0.9842, 'IoU.pl': 0.5245000000000001, 'Acc.bg': 0.9867, 'Acc.pl': 0.8742, 'Fscore.bg': 0.992, 'Fscore.pl': 0.6881, 'Precision.bg': 0.9975, 'Precision.pl': 0.5672999999999999, 'Recall.bg': 0.9867, 'Recall.pl': 0.8742}
2022-02-23 15:41:37,451 INFO {'IoU.pl': 0.5487, 'IoU.pl_epo': 101, 'Acc.pl': 0.9615, 'Acc.pl_epo': 26, 'Fscore.pl': 0.7086, 'Fscore.pl_epo': 101, 'Precision.pl': 0.5978, 'Precision.pl_epo': 101, 'Recall.pl': 0.9615, 'Recall.pl_epo': 26}
2022-02-23 15:41:37,451 INFO training...
2022-02-23 15:42:57,199 INFO Epoch: [105/1000][280/281] Time 0.272 (avg: 0.283) Loss 0.013585 (avg: 0.027428) lr 1.620000e-03
2022-02-23 15:42:57,200 INFO testing...
2022-02-23 15:43:09,364 INFO {'aAcc': 0.9853000000000001, 'mIoU': 0.7634000000000001, 'mAcc': 0.9362, 'mFscore': 0.8476, 'mPrecision': 0.7902, 'mRecall': 0.9362, 'IoU.bg': 0.9851000000000001, 'IoU.pl': 0.5418, 'Acc.bg': 0.9873000000000001, 'Acc.pl': 0.8851, 'Fscore.bg': 0.9925, 'Fscore.pl': 0.7028, 'Precision.bg': 0.9976999999999999, 'Precision.pl': 0.5828, 'Recall.bg': 0.9873000000000001, 'Recall.pl': 0.8851}
2022-02-23 15:43:09,365 INFO {'IoU.pl': 0.5487, 'IoU.pl_epo': 101, 'Acc.pl': 0.9615, 'Acc.pl_epo': 26, 'Fscore.pl': 0.7086, 'Fscore.pl_epo': 101, 'Precision.pl': 0.5978, 'Precision.pl_epo': 101, 'Recall.pl': 0.9615, 'Recall.pl_epo': 26}
2022-02-23 15:43:09,365 INFO training...
2022-02-23 15:44:37,537 INFO Epoch: [106/1000][280/281] Time 0.271 (avg: 0.313) Loss 0.022213 (avg: 0.027677) lr 1.620000e-03
2022-02-23 15:44:37,538 INFO testing...
2022-02-23 15:44:50,361 INFO {'aAcc': 0.9856, 'mIoU': 0.7652, 'mAcc': 0.9346, 'mFscore': 0.8491, 'mPrecision': 0.7928000000000001, 'mRecall': 0.9346, 'IoU.bg': 0.9853000000000001, 'IoU.pl': 0.545, 'Acc.bg': 0.9876999999999999, 'Acc.pl': 0.8815999999999999, 'Fscore.bg': 0.9926, 'Fscore.pl': 0.7055, 'Precision.bg': 0.9976, 'Precision.pl': 0.588, 'Recall.bg': 0.9876999999999999, 'Recall.pl': 0.8815999999999999}
2022-02-23 15:44:50,361 INFO {'IoU.pl': 0.5487, 'IoU.pl_epo': 101, 'Acc.pl': 0.9615, 'Acc.pl_epo': 26, 'Fscore.pl': 0.7086, 'Fscore.pl_epo': 101, 'Precision.pl': 0.5978, 'Precision.pl_epo': 101, 'Recall.pl': 0.9615, 'Recall.pl_epo': 26}
2022-02-23 15:44:50,361 INFO training...
2022-02-23 15:46:11,851 INFO Epoch: [107/1000][280/281] Time 0.280 (avg: 0.289) Loss 0.032177 (avg: 0.027504) lr 1.620000e-03
2022-02-23 15:46:11,852 INFO testing...
2022-02-23 15:46:23,439 INFO {'aAcc': 0.9853000000000001, 'mIoU': 0.7631999999999999, 'mAcc': 0.9364, 'mFscore': 0.8475, 'mPrecision': 0.7898999999999999, 'mRecall': 0.9364, 'IoU.bg': 0.985, 'IoU.pl': 0.5414, 'Acc.bg': 0.9873000000000001, 'Acc.pl': 0.8855, 'Fscore.bg': 0.9925, 'Fscore.pl': 0.7025, 'Precision.bg': 0.9976999999999999, 'Precision.pl': 0.5821999999999999, 'Recall.bg': 0.9873000000000001, 'Recall.pl': 0.8855}
2022-02-23 15:46:23,440 INFO {'IoU.pl': 0.5487, 'IoU.pl_epo': 101, 'Acc.pl': 0.9615, 'Acc.pl_epo': 26, 'Fscore.pl': 0.7086, 'Fscore.pl_epo': 101, 'Precision.pl': 0.5978, 'Precision.pl_epo': 101, 'Recall.pl': 0.9615, 'Recall.pl_epo': 26}
2022-02-23 15:46:23,441 INFO training...
2022-02-23 15:47:49,276 INFO Epoch: [108/1000][280/281] Time 0.265 (avg: 0.305) Loss 0.030189 (avg: 0.028076) lr 1.620000e-03
2022-02-23 15:47:49,277 INFO testing...
2022-02-23 15:48:00,167 INFO {'aAcc': 0.9828, 'mIoU': 0.7456, 'mAcc': 0.9459000000000001, 'mFscore': 0.8327, 'mPrecision': 0.7673000000000001, 'mRecall': 0.9459000000000001, 'IoU.bg': 0.9825, 'IoU.pl': 0.5085999999999999, 'Acc.bg': 0.9843000000000001, 'Acc.pl': 0.9074, 'Fscore.bg': 0.9912000000000001, 'Fscore.pl': 0.6743000000000001, 'Precision.bg': 0.9981, 'Precision.pl': 0.5364, 'Recall.bg': 0.9843000000000001, 'Recall.pl': 0.9074}
2022-02-23 15:48:00,168 INFO {'IoU.pl': 0.5487, 'IoU.pl_epo': 101, 'Acc.pl': 0.9615, 'Acc.pl_epo': 26, 'Fscore.pl': 0.7086, 'Fscore.pl_epo': 101, 'Precision.pl': 0.5978, 'Precision.pl_epo': 101, 'Recall.pl': 0.9615, 'Recall.pl_epo': 26}
2022-02-23 15:48:00,168 INFO training...
2022-02-23 15:50:18,390 INFO Epoch: [109/1000][280/281] Time 0.267 (avg: 0.491) Loss 0.038030 (avg: 0.028135) lr 1.620000e-03
2022-02-23 15:50:18,391 INFO testing...
2022-02-23 15:50:29,163 INFO {'aAcc': 0.9845999999999999, 'mIoU': 0.7581, 'mAcc': 0.94, 'mFscore': 0.8432, 'mPrecision': 0.7828, 'mRecall': 0.94, 'IoU.bg': 0.9843000000000001, 'IoU.pl': 0.5318, 'Acc.bg': 0.9864, 'Acc.pl': 0.8936, 'Fscore.bg': 0.9921, 'Fscore.pl': 0.6944, 'Precision.bg': 0.9978, 'Precision.pl': 0.5678, 'Recall.bg': 0.9864, 'Recall.pl': 0.8936}
2022-02-23 15:50:29,163 INFO {'IoU.pl': 0.5487, 'IoU.pl_epo': 101, 'Acc.pl': 0.9615, 'Acc.pl_epo': 26, 'Fscore.pl': 0.7086, 'Fscore.pl_epo': 101, 'Precision.pl': 0.5978, 'Precision.pl_epo': 101, 'Recall.pl': 0.9615, 'Recall.pl_epo': 26}
2022-02-23 15:50:29,164 INFO training...
2022-02-23 15:51:47,931 INFO Epoch: [110/1000][280/281] Time 0.271 (avg: 0.280) Loss 0.027032 (avg: 0.027668) lr 1.620000e-03
2022-02-23 15:51:47,932 INFO testing...
2022-02-23 15:51:58,257 INFO {'aAcc': 0.9847, 'mIoU': 0.757, 'mAcc': 0.9325, 'mFscore': 0.8423, 'mPrecision': 0.7846, 'mRecall': 0.9325, 'IoU.bg': 0.9843999999999999, 'IoU.pl': 0.5296, 'Acc.bg': 0.9868000000000001, 'Acc.pl': 0.8782, 'Fscore.bg': 0.9922, 'Fscore.pl': 0.6925, 'Precision.bg': 0.9975, 'Precision.pl': 0.5716, 'Recall.bg': 0.9868000000000001, 'Recall.pl': 0.8782}
2022-02-23 15:51:58,258 INFO {'IoU.pl': 0.5487, 'IoU.pl_epo': 101, 'Acc.pl': 0.9615, 'Acc.pl_epo': 26, 'Fscore.pl': 0.7086, 'Fscore.pl_epo': 101, 'Precision.pl': 0.5978, 'Precision.pl_epo': 101, 'Recall.pl': 0.9615, 'Recall.pl_epo': 26}
2022-02-23 15:51:58,258 INFO training...
