2022-03-09 08:57:53,144 INFO use amp
2022-03-09 08:57:53,145 INFO => loading checkpoint from 'results/UNET20220308_2121-bs-4-lr-0.0002-dataflag-grayscale-aug-False/checkpoint_epoch70.pth'
2022-03-09 08:57:53,373 INFO =>  loaded scaler
2022-03-09 08:57:53,373 INFO => checkpoint loaded
2022-03-09 08:57:53,373 INFO Called with args:
2022-03-09 08:57:53,373 INFO batch_size      | 4
2022-03-09 08:57:53,373 INFO opt             | adamw
2022-03-09 08:57:53,373 INFO model           | unet
2022-03-09 08:57:53,373 INFO lr              | 0.0002
2022-03-09 08:57:53,373 INFO momentum        | 0.9
2022-03-09 08:57:53,373 INFO weight_decay    | 0.01
2022-03-09 08:57:53,373 INFO stepsize        | 50
2022-03-09 08:57:53,374 INFO gamma           | 0.9
2022-03-09 08:57:53,374 INFO max_epoch       | 1000
2022-03-09 08:57:53,374 INFO iter_size       | 1
2022-03-09 08:57:53,374 INFO start_epoch     | 70
2022-03-09 08:57:53,374 INFO print_freq      | 500
2022-03-09 08:57:53,374 INFO gpu             | 0
2022-03-09 08:57:53,374 INFO resume          | results/UNET20220308_2121-bs-4-lr-0.0002-dataflag-grayscale-aug-False/checkpoint_epoch70.pth
2022-03-09 08:57:53,374 INFO pretrain        | None
2022-03-09 08:57:53,374 INFO save_dir        | results/UNET20220309_0857-bs-4-lr-0.0002-dataflag-grayscale-aug-False
2022-03-09 08:57:53,374 INFO dataset         | data
2022-03-09 08:57:53,374 INFO dataflag        | grayscale
2022-03-09 08:57:53,374 INFO amp             | O1
2022-03-09 08:57:53,374 INFO aug             | False
2022-03-09 08:57:53,374 INFO fuse_num        | None
2022-03-09 08:57:53,374 INFO short_cat       | None
2022-03-09 08:57:53,374 INFO scale           | True
2022-03-09 08:57:53,374 INFO augs            | ['flip']
2022-03-09 08:57:53,374 INFO training...
2022-03-09 09:02:41,806 INFO Epoch: [71/1000][280/281] Time 288.294 (avg: 145.659) Loss 0.003594 (avg: 0.002793) lr 1.800000e-04
2022-03-09 09:02:41,812 INFO testing...
2022-03-09 09:02:53,454 INFO {'aAcc': 0.9849, 'mIoU': 0.7614, 'mAcc': 0.9418000000000001, 'mFscore': 0.846, 'mPrecision': 0.7857999999999999, 'mRecall': 0.9418000000000001, 'IoU.bg': 0.9845999999999999, 'IoU.pl': 0.5382, 'Acc.bg': 0.9867, 'Acc.pl': 0.8969, 'Fscore.bg': 0.9923000000000001, 'Fscore.pl': 0.6998000000000001, 'Precision.bg': 0.9979, 'Precision.pl': 0.5737, 'Recall.bg': 0.9867, 'Recall.pl': 0.8969}
2022-03-09 09:02:53,455 INFO {'IoU.pl': 0.5382, 'IoU.pl_epo': 71, 'Acc.pl': 0.8969, 'Acc.pl_epo': 71, 'Fscore.pl': 0.6998000000000001, 'Fscore.pl_epo': 71, 'Precision.pl': 0.5737, 'Precision.pl_epo': 71, 'Recall.pl': 0.8969, 'Recall.pl_epo': 71}
2022-03-09 09:02:53,969 INFO training...
2022-03-09 09:07:44,824 INFO Epoch: [72/1000][280/281] Time 290.628 (avg: 147.090) Loss 0.002636 (avg: 0.002883) lr 1.800000e-04
2022-03-09 09:07:44,830 INFO testing...
2022-03-09 09:07:56,253 INFO {'aAcc': 0.9871, 'mIoU': 0.7778, 'mAcc': 0.9285, 'mFscore': 0.8592, 'mPrecision': 0.81, 'mRecall': 0.9285, 'IoU.bg': 0.9869, 'IoU.pl': 0.5686, 'Acc.bg': 0.9895, 'Acc.pl': 0.8674, 'Fscore.bg': 0.9934000000000001, 'Fscore.pl': 0.725, 'Precision.bg': 0.9973000000000001, 'Precision.pl': 0.6227, 'Recall.bg': 0.9895, 'Recall.pl': 0.8674}
2022-03-09 09:07:56,253 INFO {'IoU.pl': 0.5686, 'IoU.pl_epo': 72, 'Acc.pl': 0.8969, 'Acc.pl_epo': 71, 'Fscore.pl': 0.725, 'Fscore.pl_epo': 72, 'Precision.pl': 0.6227, 'Precision.pl_epo': 72, 'Recall.pl': 0.8969, 'Recall.pl_epo': 71}
2022-03-09 09:07:56,811 INFO training...
2022-03-09 09:12:46,509 INFO Epoch: [73/1000][280/281] Time 289.536 (avg: 145.933) Loss 0.006947 (avg: 0.002885) lr 1.800000e-04
2022-03-09 09:12:46,515 INFO testing...
2022-03-09 09:12:56,740 INFO {'aAcc': 0.9839, 'mIoU': 0.7526999999999999, 'mAcc': 0.9420999999999999, 'mFscore': 0.8387, 'mPrecision': 0.7762, 'mRecall': 0.9420999999999999, 'IoU.bg': 0.9836, 'IoU.pl': 0.5218, 'Acc.bg': 0.9856, 'Acc.pl': 0.8987, 'Fscore.bg': 0.9917, 'Fscore.pl': 0.6858, 'Precision.bg': 0.9979, 'Precision.pl': 0.5544, 'Recall.bg': 0.9856, 'Recall.pl': 0.8987}
2022-03-09 09:12:56,740 INFO {'IoU.pl': 0.5686, 'IoU.pl_epo': 72, 'Acc.pl': 0.8987, 'Acc.pl_epo': 73, 'Fscore.pl': 0.725, 'Fscore.pl_epo': 72, 'Precision.pl': 0.6227, 'Precision.pl_epo': 72, 'Recall.pl': 0.8987, 'Recall.pl_epo': 73}
2022-03-09 09:12:57,113 INFO training...
2022-03-09 09:17:44,745 INFO Epoch: [74/1000][280/281] Time 287.449 (avg: 144.864) Loss 0.001461 (avg: 0.002756) lr 1.800000e-04
2022-03-09 09:17:44,752 INFO testing...
2022-03-09 09:17:55,558 INFO {'aAcc': 0.9836, 'mIoU': 0.7476999999999999, 'mAcc': 0.9331, 'mFscore': 0.8345, 'mPrecision': 0.774, 'mRecall': 0.9331, 'IoU.bg': 0.9833, 'IoU.pl': 0.5122, 'Acc.bg': 0.9856, 'Acc.pl': 0.8806999999999999, 'Fscore.bg': 0.9915999999999999, 'Fscore.pl': 0.6774, 'Precision.bg': 0.9976, 'Precision.pl': 0.5503, 'Recall.bg': 0.9856, 'Recall.pl': 0.8806999999999999}
2022-03-09 09:17:55,559 INFO {'IoU.pl': 0.5686, 'IoU.pl_epo': 72, 'Acc.pl': 0.8987, 'Acc.pl_epo': 73, 'Fscore.pl': 0.725, 'Fscore.pl_epo': 72, 'Precision.pl': 0.6227, 'Precision.pl_epo': 72, 'Recall.pl': 0.8987, 'Recall.pl_epo': 73}
2022-03-09 09:17:55,559 INFO training...
2022-03-09 09:22:43,252 INFO Epoch: [75/1000][280/281] Time 287.504 (avg: 145.198) Loss 0.004458 (avg: 0.002729) lr 1.800000e-04
2022-03-09 09:22:43,256 INFO testing...
2022-03-09 09:23:00,641 INFO {'aAcc': 0.9847, 'mIoU': 0.7542, 'mAcc': 0.9234, 'mFscore': 0.8399, 'mPrecision': 0.7851, 'mRecall': 0.9234, 'IoU.bg': 0.9843999999999999, 'IoU.pl': 0.524, 'Acc.bg': 0.9872, 'Acc.pl': 0.8597, 'Fscore.bg': 0.9922, 'Fscore.pl': 0.6877, 'Precision.bg': 0.9972, 'Precision.pl': 0.573, 'Recall.bg': 0.9872, 'Recall.pl': 0.8597}
2022-03-09 09:23:00,643 INFO {'IoU.pl': 0.5686, 'IoU.pl_epo': 72, 'Acc.pl': 0.8987, 'Acc.pl_epo': 73, 'Fscore.pl': 0.725, 'Fscore.pl_epo': 72, 'Precision.pl': 0.6227, 'Precision.pl_epo': 72, 'Recall.pl': 0.8987, 'Recall.pl_epo': 73}
2022-03-09 09:23:00,643 INFO training...
2022-03-09 09:27:48,777 INFO Epoch: [76/1000][280/281] Time 287.926 (avg: 145.188) Loss 0.002157 (avg: 0.002841) lr 1.800000e-04
2022-03-09 09:27:48,783 INFO testing...
2022-03-09 09:27:59,343 INFO {'aAcc': 0.98, 'mIoU': 0.7231000000000001, 'mAcc': 0.9368000000000001, 'mFscore': 0.813, 'mPrecision': 0.7461, 'mRecall': 0.9368000000000001, 'IoU.bg': 0.9797, 'IoU.pl': 0.46649999999999997, 'Acc.bg': 0.9818000000000001, 'Acc.pl': 0.8919, 'Fscore.bg': 0.9897, 'Fscore.pl': 0.6362, 'Precision.bg': 0.9978, 'Precision.pl': 0.49439999999999995, 'Recall.bg': 0.9818000000000001, 'Recall.pl': 0.8919}
2022-03-09 09:27:59,344 INFO {'IoU.pl': 0.5686, 'IoU.pl_epo': 72, 'Acc.pl': 0.8987, 'Acc.pl_epo': 73, 'Fscore.pl': 0.725, 'Fscore.pl_epo': 72, 'Precision.pl': 0.6227, 'Precision.pl_epo': 72, 'Recall.pl': 0.8987, 'Recall.pl_epo': 73}
2022-03-09 09:27:59,345 INFO training...
2022-03-09 09:32:46,304 INFO Epoch: [77/1000][280/281] Time 286.741 (avg: 144.811) Loss 0.002372 (avg: 0.002712) lr 1.800000e-04
2022-03-09 09:32:46,310 INFO testing...
2022-03-09 09:32:57,047 INFO {'aAcc': 0.9875, 'mIoU': 0.7827, 'mAcc': 0.9301, 'mFscore': 0.8631, 'mPrecision': 0.815, 'mRecall': 0.9301, 'IoU.bg': 0.9873000000000001, 'IoU.pl': 0.5781000000000001, 'Acc.bg': 0.9899, 'Acc.pl': 0.8702, 'Fscore.bg': 0.9936, 'Fscore.pl': 0.7326, 'Precision.bg': 0.9974, 'Precision.pl': 0.6325999999999999, 'Recall.bg': 0.9899, 'Recall.pl': 0.8702}
2022-03-09 09:32:57,048 INFO {'IoU.pl': 0.5781000000000001, 'IoU.pl_epo': 77, 'Acc.pl': 0.8987, 'Acc.pl_epo': 73, 'Fscore.pl': 0.7326, 'Fscore.pl_epo': 77, 'Precision.pl': 0.6325999999999999, 'Precision.pl_epo': 77, 'Recall.pl': 0.8987, 'Recall.pl_epo': 73}
2022-03-09 09:32:57,554 INFO training...
2022-03-09 09:37:44,416 INFO Epoch: [78/1000][280/281] Time 286.661 (avg: 144.925) Loss 0.002573 (avg: 0.002569) lr 1.800000e-04
2022-03-09 09:37:44,424 INFO testing...
2022-03-09 09:37:54,960 INFO {'aAcc': 0.9849, 'mIoU': 0.7575, 'mAcc': 0.9279000000000001, 'mFscore': 0.8427, 'mPrecision': 0.7868999999999999, 'mRecall': 0.9279000000000001, 'IoU.bg': 0.9847, 'IoU.pl': 0.5303, 'Acc.bg': 0.9872, 'Acc.pl': 0.8686, 'Fscore.bg': 0.9923000000000001, 'Fscore.pl': 0.6931, 'Precision.bg': 0.9973000000000001, 'Precision.pl': 0.5765, 'Recall.bg': 0.9872, 'Recall.pl': 0.8686}
2022-03-09 09:37:54,961 INFO {'IoU.pl': 0.5781000000000001, 'IoU.pl_epo': 77, 'Acc.pl': 0.8987, 'Acc.pl_epo': 73, 'Fscore.pl': 0.7326, 'Fscore.pl_epo': 77, 'Precision.pl': 0.6325999999999999, 'Precision.pl_epo': 77, 'Recall.pl': 0.8987, 'Recall.pl_epo': 73}
2022-03-09 09:37:54,961 INFO training...
2022-03-09 09:42:42,568 INFO Epoch: [79/1000][280/281] Time 287.421 (avg: 145.105) Loss 0.002881 (avg: 0.002659) lr 1.800000e-04
2022-03-09 09:42:42,573 INFO testing...
2022-03-09 09:42:53,454 INFO {'aAcc': 0.9823999999999999, 'mIoU': 0.7419, 'mAcc': 0.9433, 'mFscore': 0.8295999999999999, 'mPrecision': 0.7642, 'mRecall': 0.9433, 'IoU.bg': 0.9821, 'IoU.pl': 0.5017, 'Acc.bg': 0.9840000000000001, 'Acc.pl': 0.9025, 'Fscore.bg': 0.991, 'Fscore.pl': 0.6681, 'Precision.bg': 0.998, 'Precision.pl': 0.5304, 'Recall.bg': 0.9840000000000001, 'Recall.pl': 0.9025}
2022-03-09 09:42:53,454 INFO {'IoU.pl': 0.5781000000000001, 'IoU.pl_epo': 77, 'Acc.pl': 0.9025, 'Acc.pl_epo': 79, 'Fscore.pl': 0.7326, 'Fscore.pl_epo': 77, 'Precision.pl': 0.6325999999999999, 'Precision.pl_epo': 77, 'Recall.pl': 0.9025, 'Recall.pl_epo': 79}
2022-03-09 09:42:53,919 INFO training...
2022-03-09 09:47:39,844 INFO Epoch: [80/1000][280/281] Time 285.758 (avg: 144.530) Loss 0.002337 (avg: 0.002585) lr 1.800000e-04
2022-03-09 09:47:39,851 INFO testing...
2022-03-09 09:47:50,950 INFO {'aAcc': 0.9859, 'mIoU': 0.7686, 'mAcc': 0.9367, 'mFscore': 0.8519, 'mPrecision': 0.7958, 'mRecall': 0.9367, 'IoU.bg': 0.9856, 'IoU.pl': 0.5515, 'Acc.bg': 0.9879000000000001, 'Acc.pl': 0.8855, 'Fscore.bg': 0.9928, 'Fscore.pl': 0.7109000000000001, 'Precision.bg': 0.9976999999999999, 'Precision.pl': 0.5939, 'Recall.bg': 0.9879000000000001, 'Recall.pl': 0.8855}
2022-03-09 09:47:50,950 INFO {'IoU.pl': 0.5781000000000001, 'IoU.pl_epo': 77, 'Acc.pl': 0.9025, 'Acc.pl_epo': 79, 'Fscore.pl': 0.7326, 'Fscore.pl_epo': 77, 'Precision.pl': 0.6325999999999999, 'Precision.pl_epo': 77, 'Recall.pl': 0.9025, 'Recall.pl_epo': 79}
2022-03-09 09:47:50,950 INFO training...
2022-03-09 09:52:37,637 INFO Epoch: [81/1000][280/281] Time 286.519 (avg: 144.512) Loss 0.001732 (avg: 0.002489) lr 1.800000e-04
2022-03-09 09:52:37,644 INFO testing...
2022-03-09 09:52:48,460 INFO {'aAcc': 0.9854999999999999, 'mIoU': 0.764, 'mAcc': 0.9329999999999999, 'mFscore': 0.8481000000000001, 'mPrecision': 0.7922, 'mRecall': 0.9329999999999999, 'IoU.bg': 0.9852, 'IoU.pl': 0.5428000000000001, 'Acc.bg': 0.9876, 'Acc.pl': 0.8784000000000001, 'Fscore.bg': 0.9926, 'Fscore.pl': 0.7037, 'Precision.bg': 0.9975, 'Precision.pl': 0.5870000000000001, 'Recall.bg': 0.9876, 'Recall.pl': 0.8784000000000001}
2022-03-09 09:52:48,460 INFO {'IoU.pl': 0.5781000000000001, 'IoU.pl_epo': 77, 'Acc.pl': 0.9025, 'Acc.pl_epo': 79, 'Fscore.pl': 0.7326, 'Fscore.pl_epo': 77, 'Precision.pl': 0.6325999999999999, 'Precision.pl_epo': 77, 'Recall.pl': 0.9025, 'Recall.pl_epo': 79}
2022-03-09 09:52:48,460 INFO training...
2022-03-09 09:57:35,638 INFO Epoch: [82/1000][280/281] Time 286.934 (avg: 144.941) Loss 0.002774 (avg: 0.002669) lr 1.800000e-04
2022-03-09 09:57:35,645 INFO testing...
2022-03-09 09:57:45,862 INFO {'aAcc': 0.9864, 'mIoU': 0.7726000000000001, 'mAcc': 0.9345, 'mFscore': 0.8551000000000001, 'mPrecision': 0.8012999999999999, 'mRecall': 0.9345, 'IoU.bg': 0.9862000000000001, 'IoU.pl': 0.5590999999999999, 'Acc.bg': 0.9884999999999999, 'Acc.pl': 0.8804000000000001, 'Fscore.bg': 0.993, 'Fscore.pl': 0.7172, 'Precision.bg': 0.9976, 'Precision.pl': 0.6051, 'Recall.bg': 0.9884999999999999, 'Recall.pl': 0.8804000000000001}
2022-03-09 09:57:45,862 INFO {'IoU.pl': 0.5781000000000001, 'IoU.pl_epo': 77, 'Acc.pl': 0.9025, 'Acc.pl_epo': 79, 'Fscore.pl': 0.7326, 'Fscore.pl_epo': 77, 'Precision.pl': 0.6325999999999999, 'Precision.pl_epo': 77, 'Recall.pl': 0.9025, 'Recall.pl_epo': 79}
2022-03-09 09:57:45,862 INFO training...
2022-03-09 10:02:34,965 INFO Epoch: [83/1000][280/281] Time 288.924 (avg: 145.578) Loss 0.002210 (avg: 0.002460) lr 1.800000e-04
2022-03-09 10:02:34,972 INFO testing...
2022-03-09 10:02:52,755 INFO {'aAcc': 0.9863, 'mIoU': 0.7723, 'mAcc': 0.9354, 'mFscore': 0.8549, 'mPrecision': 0.8005, 'mRecall': 0.9354, 'IoU.bg': 0.9861, 'IoU.pl': 0.5585, 'Acc.bg': 0.9884000000000001, 'Acc.pl': 0.8823000000000001, 'Fscore.bg': 0.993, 'Fscore.pl': 0.7167, 'Precision.bg': 0.9976, 'Precision.pl': 0.6035, 'Recall.bg': 0.9884000000000001, 'Recall.pl': 0.8823000000000001}
2022-03-09 10:02:52,755 INFO {'IoU.pl': 0.5781000000000001, 'IoU.pl_epo': 77, 'Acc.pl': 0.9025, 'Acc.pl_epo': 79, 'Fscore.pl': 0.7326, 'Fscore.pl_epo': 77, 'Precision.pl': 0.6325999999999999, 'Precision.pl_epo': 77, 'Recall.pl': 0.9025, 'Recall.pl_epo': 79}
2022-03-09 10:02:52,755 INFO training...
2022-03-09 10:07:41,370 INFO Epoch: [84/1000][280/281] Time 288.406 (avg: 145.344) Loss 0.007165 (avg: 0.002492) lr 1.800000e-04
2022-03-09 10:07:41,377 INFO testing...
2022-03-09 10:07:52,056 INFO {'aAcc': 0.9876, 'mIoU': 0.7833, 'mAcc': 0.9305, 'mFscore': 0.8636, 'mPrecision': 0.8155, 'mRecall': 0.9305, 'IoU.bg': 0.9873999999999999, 'IoU.pl': 0.5792, 'Acc.bg': 0.9899, 'Acc.pl': 0.871, 'Fscore.bg': 0.9937, 'Fscore.pl': 0.7334999999999999, 'Precision.bg': 0.9974, 'Precision.pl': 0.6335000000000001, 'Recall.bg': 0.9899, 'Recall.pl': 0.871}
2022-03-09 10:07:52,056 INFO {'IoU.pl': 0.5792, 'IoU.pl_epo': 84, 'Acc.pl': 0.9025, 'Acc.pl_epo': 79, 'Fscore.pl': 0.7334999999999999, 'Fscore.pl_epo': 84, 'Precision.pl': 0.6335000000000001, 'Precision.pl_epo': 84, 'Recall.pl': 0.9025, 'Recall.pl_epo': 79}
2022-03-09 10:07:52,564 INFO training...
2022-03-09 10:12:39,160 INFO Epoch: [85/1000][280/281] Time 286.440 (avg: 144.281) Loss 0.001237 (avg: 0.002479) lr 1.800000e-04
2022-03-09 10:12:39,166 INFO testing...
2022-03-09 10:12:50,458 INFO {'aAcc': 0.9878, 'mIoU': 0.7868, 'mAcc': 0.935, 'mFscore': 0.8664000000000001, 'mPrecision': 0.8172, 'mRecall': 0.935, 'IoU.bg': 0.9876, 'IoU.pl': 0.586, 'Acc.bg': 0.99, 'Acc.pl': 0.8801000000000001, 'Fscore.bg': 0.9937999999999999, 'Fscore.pl': 0.7390000000000001, 'Precision.bg': 0.9976, 'Precision.pl': 0.6369, 'Recall.bg': 0.99, 'Recall.pl': 0.8801000000000001}
2022-03-09 10:12:50,458 INFO {'IoU.pl': 0.586, 'IoU.pl_epo': 85, 'Acc.pl': 0.9025, 'Acc.pl_epo': 79, 'Fscore.pl': 0.7390000000000001, 'Fscore.pl_epo': 85, 'Precision.pl': 0.6369, 'Precision.pl_epo': 85, 'Recall.pl': 0.9025, 'Recall.pl_epo': 79}
2022-03-09 10:12:51,058 INFO training...
2022-03-09 10:17:42,713 INFO Epoch: [86/1000][280/281] Time 291.438 (avg: 147.339) Loss 0.003116 (avg: 0.002515) lr 1.800000e-04
2022-03-09 10:17:42,720 INFO testing...
2022-03-09 10:17:53,648 INFO {'aAcc': 0.9861, 'mIoU': 0.7729, 'mAcc': 0.9443, 'mFscore': 0.8554, 'mPrecision': 0.7973, 'mRecall': 0.9443, 'IoU.bg': 0.9859, 'IoU.pl': 0.5599000000000001, 'Acc.bg': 0.9878, 'Acc.pl': 0.9007, 'Fscore.bg': 0.9929000000000001, 'Fscore.pl': 0.7178, 'Precision.bg': 0.998, 'Precision.pl': 0.5967, 'Recall.bg': 0.9878, 'Recall.pl': 0.9007}
2022-03-09 10:17:53,648 INFO {'IoU.pl': 0.586, 'IoU.pl_epo': 85, 'Acc.pl': 0.9025, 'Acc.pl_epo': 79, 'Fscore.pl': 0.7390000000000001, 'Fscore.pl_epo': 85, 'Precision.pl': 0.6369, 'Precision.pl_epo': 85, 'Recall.pl': 0.9025, 'Recall.pl_epo': 79}
2022-03-09 10:17:53,648 INFO training...
2022-03-09 10:22:42,976 INFO Epoch: [87/1000][280/281] Time 289.137 (avg: 145.821) Loss 0.004471 (avg: 0.002598) lr 1.800000e-04
2022-03-09 10:22:42,982 INFO testing...
2022-03-09 10:22:54,149 INFO {'aAcc': 0.9876999999999999, 'mIoU': 0.7827, 'mAcc': 0.9264, 'mFscore': 0.8631, 'mPrecision': 0.8169, 'mRecall': 0.9264, 'IoU.bg': 0.9873999999999999, 'IoU.pl': 0.578, 'Acc.bg': 0.9902, 'Acc.pl': 0.8626, 'Fscore.bg': 0.9937, 'Fscore.pl': 0.7326, 'Precision.bg': 0.9972, 'Precision.pl': 0.6367, 'Recall.bg': 0.9902, 'Recall.pl': 0.8626}
2022-03-09 10:22:54,150 INFO {'IoU.pl': 0.586, 'IoU.pl_epo': 85, 'Acc.pl': 0.9025, 'Acc.pl_epo': 79, 'Fscore.pl': 0.7390000000000001, 'Fscore.pl_epo': 85, 'Precision.pl': 0.6369, 'Precision.pl_epo': 85, 'Recall.pl': 0.9025, 'Recall.pl_epo': 79}
2022-03-09 10:22:54,150 INFO training...
2022-03-09 10:27:43,885 INFO Epoch: [88/1000][280/281] Time 289.497 (avg: 146.139) Loss 0.001700 (avg: 0.002375) lr 1.800000e-04
2022-03-09 10:27:43,891 INFO testing...
2022-03-09 10:27:54,354 INFO {'aAcc': 0.9869, 'mIoU': 0.7774, 'mAcc': 0.9356, 'mFscore': 0.8590000000000001, 'mPrecision': 0.8062999999999999, 'mRecall': 0.9356, 'IoU.bg': 0.9865999999999999, 'IoU.pl': 0.5683, 'Acc.bg': 0.9890000000000001, 'Acc.pl': 0.8822, 'Fscore.bg': 0.9933, 'Fscore.pl': 0.7247, 'Precision.bg': 0.9976, 'Precision.pl': 0.6149, 'Recall.bg': 0.9890000000000001, 'Recall.pl': 0.8822}
2022-03-09 10:27:54,355 INFO {'IoU.pl': 0.586, 'IoU.pl_epo': 85, 'Acc.pl': 0.9025, 'Acc.pl_epo': 79, 'Fscore.pl': 0.7390000000000001, 'Fscore.pl_epo': 85, 'Precision.pl': 0.6369, 'Precision.pl_epo': 85, 'Recall.pl': 0.9025, 'Recall.pl_epo': 79}
2022-03-09 10:27:54,355 INFO training...
2022-03-09 10:32:43,342 INFO Epoch: [89/1000][280/281] Time 288.812 (avg: 146.066) Loss 0.003387 (avg: 0.002343) lr 1.800000e-04
2022-03-09 10:32:43,349 INFO testing...
2022-03-09 10:32:56,763 INFO {'aAcc': 0.9865999999999999, 'mIoU': 0.7731, 'mAcc': 0.9297, 'mFscore': 0.8554999999999999, 'mPrecision': 0.8040999999999999, 'mRecall': 0.9297, 'IoU.bg': 0.9864, 'IoU.pl': 0.5598, 'Acc.bg': 0.9889, 'Acc.pl': 0.8704999999999999, 'Fscore.bg': 0.9931, 'Fscore.pl': 0.7178, 'Precision.bg': 0.9974, 'Precision.pl': 0.6107, 'Recall.bg': 0.9889, 'Recall.pl': 0.8704999999999999}
2022-03-09 10:32:56,763 INFO {'IoU.pl': 0.586, 'IoU.pl_epo': 85, 'Acc.pl': 0.9025, 'Acc.pl_epo': 79, 'Fscore.pl': 0.7390000000000001, 'Fscore.pl_epo': 85, 'Precision.pl': 0.6369, 'Precision.pl_epo': 85, 'Recall.pl': 0.9025, 'Recall.pl_epo': 79}
2022-03-09 10:32:56,764 INFO training...
2022-03-09 10:37:47,356 INFO Epoch: [90/1000][280/281] Time 290.359 (avg: 146.852) Loss 0.002429 (avg: 0.002433) lr 1.800000e-04
2022-03-09 10:37:47,363 INFO testing...
2022-03-09 10:37:59,351 INFO {'aAcc': 0.9862000000000001, 'mIoU': 0.7706999999999999, 'mAcc': 0.9326000000000001, 'mFscore': 0.8534999999999999, 'mPrecision': 0.7998999999999999, 'mRecall': 0.9326000000000001, 'IoU.bg': 0.986, 'IoU.pl': 0.5554, 'Acc.bg': 0.9884000000000001, 'Acc.pl': 0.8768, 'Fscore.bg': 0.993, 'Fscore.pl': 0.7141, 'Precision.bg': 0.9975, 'Precision.pl': 0.6024, 'Recall.bg': 0.9884000000000001, 'Recall.pl': 0.8768}
2022-03-09 10:37:59,351 INFO {'IoU.pl': 0.586, 'IoU.pl_epo': 85, 'Acc.pl': 0.9025, 'Acc.pl_epo': 79, 'Fscore.pl': 0.7390000000000001, 'Fscore.pl_epo': 85, 'Precision.pl': 0.6369, 'Precision.pl_epo': 85, 'Recall.pl': 0.9025, 'Recall.pl_epo': 79}
2022-03-09 10:37:59,351 INFO training...
2022-03-09 10:42:47,305 INFO Epoch: [91/1000][280/281] Time 287.722 (avg: 145.751) Loss 0.001328 (avg: 0.002352) lr 1.800000e-04
2022-03-09 10:42:47,312 INFO testing...
2022-03-09 10:42:58,449 INFO {'aAcc': 0.9863, 'mIoU': 0.7722, 'mAcc': 0.9359000000000001, 'mFscore': 0.8548, 'mPrecision': 0.8001999999999999, 'mRecall': 0.9359000000000001, 'IoU.bg': 0.9861, 'IoU.pl': 0.5583, 'Acc.bg': 0.9884000000000001, 'Acc.pl': 0.8835, 'Fscore.bg': 0.993, 'Fscore.pl': 0.7166, 'Precision.bg': 0.9976, 'Precision.pl': 0.6027, 'Recall.bg': 0.9884000000000001, 'Recall.pl': 0.8835}
2022-03-09 10:42:58,450 INFO {'IoU.pl': 0.586, 'IoU.pl_epo': 85, 'Acc.pl': 0.9025, 'Acc.pl_epo': 79, 'Fscore.pl': 0.7390000000000001, 'Fscore.pl_epo': 85, 'Precision.pl': 0.6369, 'Precision.pl_epo': 85, 'Recall.pl': 0.9025, 'Recall.pl_epo': 79}
2022-03-09 10:42:58,450 INFO training...
2022-03-09 10:47:50,342 INFO Epoch: [92/1000][280/281] Time 291.725 (avg: 147.087) Loss 0.002912 (avg: 0.002288) lr 1.800000e-04
2022-03-09 10:47:50,347 INFO testing...
2022-03-09 10:48:02,254 INFO {'aAcc': 0.9863, 'mIoU': 0.7709999999999999, 'mAcc': 0.9326000000000001, 'mFscore': 0.8538, 'mPrecision': 0.8004000000000001, 'mRecall': 0.9326000000000001, 'IoU.bg': 0.986, 'IoU.pl': 0.556, 'Acc.bg': 0.9884999999999999, 'Acc.pl': 0.8767, 'Fscore.bg': 0.993, 'Fscore.pl': 0.7147, 'Precision.bg': 0.9975, 'Precision.pl': 0.6032, 'Recall.bg': 0.9884999999999999, 'Recall.pl': 0.8767}
2022-03-09 10:48:02,254 INFO {'IoU.pl': 0.586, 'IoU.pl_epo': 85, 'Acc.pl': 0.9025, 'Acc.pl_epo': 79, 'Fscore.pl': 0.7390000000000001, 'Fscore.pl_epo': 85, 'Precision.pl': 0.6369, 'Precision.pl_epo': 85, 'Recall.pl': 0.9025, 'Recall.pl_epo': 79}
2022-03-09 10:48:02,254 INFO training...
2022-03-09 10:52:52,110 INFO Epoch: [93/1000][280/281] Time 289.608 (avg: 146.493) Loss 0.002445 (avg: 0.002486) lr 1.800000e-04
2022-03-09 10:52:52,119 INFO testing...
2022-03-09 10:53:03,256 INFO {'aAcc': 0.9845999999999999, 'mIoU': 0.7536, 'mAcc': 0.9243000000000001, 'mFscore': 0.8393999999999999, 'mPrecision': 0.784, 'mRecall': 0.9243000000000001, 'IoU.bg': 0.9843000000000001, 'IoU.pl': 0.5229, 'Acc.bg': 0.9871, 'Acc.pl': 0.8615, 'Fscore.bg': 0.9921, 'Fscore.pl': 0.6867, 'Precision.bg': 0.9972, 'Precision.pl': 0.5709000000000001, 'Recall.bg': 0.9871, 'Recall.pl': 0.8615}
2022-03-09 10:53:03,257 INFO {'IoU.pl': 0.586, 'IoU.pl_epo': 85, 'Acc.pl': 0.9025, 'Acc.pl_epo': 79, 'Fscore.pl': 0.7390000000000001, 'Fscore.pl_epo': 85, 'Precision.pl': 0.6369, 'Precision.pl_epo': 85, 'Recall.pl': 0.9025, 'Recall.pl_epo': 79}
2022-03-09 10:53:03,257 INFO training...
2022-03-09 10:57:51,848 INFO Epoch: [94/1000][280/281] Time 288.417 (avg: 145.936) Loss 0.001530 (avg: 0.002326) lr 1.800000e-04
2022-03-09 10:57:51,857 INFO testing...
2022-03-09 10:58:07,463 INFO {'aAcc': 0.9869, 'mIoU': 0.7787999999999999, 'mAcc': 0.9388, 'mFscore': 0.86, 'mPrecision': 0.8062999999999999, 'mRecall': 0.9388, 'IoU.bg': 0.9867, 'IoU.pl': 0.5709000000000001, 'Acc.bg': 0.9889, 'Acc.pl': 0.8887999999999999, 'Fscore.bg': 0.9933, 'Fscore.pl': 0.7268000000000001, 'Precision.bg': 0.9978, 'Precision.pl': 0.6148, 'Recall.bg': 0.9889, 'Recall.pl': 0.8887999999999999}
2022-03-09 10:58:07,463 INFO {'IoU.pl': 0.586, 'IoU.pl_epo': 85, 'Acc.pl': 0.9025, 'Acc.pl_epo': 79, 'Fscore.pl': 0.7390000000000001, 'Fscore.pl_epo': 85, 'Precision.pl': 0.6369, 'Precision.pl_epo': 85, 'Recall.pl': 0.9025, 'Recall.pl_epo': 79}
2022-03-09 10:58:07,464 INFO training...
2022-03-09 11:02:58,297 INFO Epoch: [95/1000][280/281] Time 290.631 (avg: 146.937) Loss 0.001934 (avg: 0.002361) lr 1.800000e-04
2022-03-09 11:02:58,303 INFO testing...
2022-03-09 11:03:09,057 INFO {'aAcc': 0.9859, 'mIoU': 0.7691, 'mAcc': 0.9367, 'mFscore': 0.8522, 'mPrecision': 0.7963, 'mRecall': 0.9367, 'IoU.bg': 0.9856999999999999, 'IoU.pl': 0.5524, 'Acc.bg': 0.9879000000000001, 'Acc.pl': 0.8854000000000001, 'Fscore.bg': 0.9928, 'Fscore.pl': 0.7117, 'Precision.bg': 0.9976999999999999, 'Precision.pl': 0.595, 'Recall.bg': 0.9879000000000001, 'Recall.pl': 0.8854000000000001}
2022-03-09 11:03:09,057 INFO {'IoU.pl': 0.586, 'IoU.pl_epo': 85, 'Acc.pl': 0.9025, 'Acc.pl_epo': 79, 'Fscore.pl': 0.7390000000000001, 'Fscore.pl_epo': 85, 'Precision.pl': 0.6369, 'Precision.pl_epo': 85, 'Recall.pl': 0.9025, 'Recall.pl_epo': 79}
2022-03-09 11:03:09,058 INFO training...
2022-03-09 11:08:01,163 INFO Epoch: [96/1000][280/281] Time 291.828 (avg: 147.111) Loss 0.002434 (avg: 0.002302) lr 1.800000e-04
2022-03-09 11:08:01,170 INFO testing...
2022-03-09 11:08:13,859 INFO {'aAcc': 0.988, 'mIoU': 0.7872, 'mAcc': 0.9299, 'mFscore': 0.8667, 'mPrecision': 0.8203, 'mRecall': 0.9299, 'IoU.bg': 0.9878, 'IoU.pl': 0.5867, 'Acc.bg': 0.9904000000000001, 'Acc.pl': 0.8695, 'Fscore.bg': 0.9939, 'Fscore.pl': 0.7395, 'Precision.bg': 0.9974, 'Precision.pl': 0.6433, 'Recall.bg': 0.9904000000000001, 'Recall.pl': 0.8695}
2022-03-09 11:08:13,859 INFO {'IoU.pl': 0.5867, 'IoU.pl_epo': 96, 'Acc.pl': 0.9025, 'Acc.pl_epo': 79, 'Fscore.pl': 0.7395, 'Fscore.pl_epo': 96, 'Precision.pl': 0.6433, 'Precision.pl_epo': 96, 'Recall.pl': 0.9025, 'Recall.pl_epo': 79}
2022-03-09 11:08:14,415 INFO training...
2022-03-09 11:13:01,963 INFO Epoch: [97/1000][280/281] Time 287.347 (avg: 145.579) Loss 0.002875 (avg: 0.002143) lr 1.800000e-04
2022-03-09 11:13:01,967 INFO testing...
2022-03-09 11:13:12,562 INFO {'aAcc': 0.9865999999999999, 'mIoU': 0.7745000000000001, 'mAcc': 0.9333, 'mFscore': 0.8567, 'mPrecision': 0.804, 'mRecall': 0.9333, 'IoU.bg': 0.9864, 'IoU.pl': 0.5627, 'Acc.bg': 0.9887999999999999, 'Acc.pl': 0.8778, 'Fscore.bg': 0.9932, 'Fscore.pl': 0.7202, 'Precision.bg': 0.9975, 'Precision.pl': 0.6104999999999999, 'Recall.bg': 0.9887999999999999, 'Recall.pl': 0.8778}
2022-03-09 11:13:12,562 INFO {'IoU.pl': 0.5867, 'IoU.pl_epo': 96, 'Acc.pl': 0.9025, 'Acc.pl_epo': 79, 'Fscore.pl': 0.7395, 'Fscore.pl_epo': 96, 'Precision.pl': 0.6433, 'Precision.pl_epo': 96, 'Recall.pl': 0.9025, 'Recall.pl_epo': 79}
2022-03-09 11:13:12,562 INFO training...
2022-03-09 11:18:02,585 INFO Epoch: [98/1000][280/281] Time 289.848 (avg: 146.570) Loss 0.003115 (avg: 0.002156) lr 1.800000e-04
2022-03-09 11:18:02,592 INFO testing...
2022-03-09 11:18:14,359 INFO {'aAcc': 0.9856999999999999, 'mIoU': 0.768, 'mAcc': 0.9397, 'mFscore': 0.8514, 'mPrecision': 0.7938, 'mRecall': 0.9397, 'IoU.bg': 0.9854999999999999, 'IoU.pl': 0.5505, 'Acc.bg': 0.9876, 'Acc.pl': 0.8919, 'Fscore.bg': 0.9926999999999999, 'Fscore.pl': 0.7101000000000001, 'Precision.bg': 0.9978, 'Precision.pl': 0.5898, 'Recall.bg': 0.9876, 'Recall.pl': 0.8919}
2022-03-09 11:18:14,359 INFO {'IoU.pl': 0.5867, 'IoU.pl_epo': 96, 'Acc.pl': 0.9025, 'Acc.pl_epo': 79, 'Fscore.pl': 0.7395, 'Fscore.pl_epo': 96, 'Precision.pl': 0.6433, 'Precision.pl_epo': 96, 'Recall.pl': 0.9025, 'Recall.pl_epo': 79}
2022-03-09 11:18:14,360 INFO training...
2022-03-09 11:23:03,716 INFO Epoch: [99/1000][280/281] Time 289.145 (avg: 146.093) Loss 0.001812 (avg: 0.002150) lr 1.800000e-04
2022-03-09 11:23:03,722 INFO testing...
2022-03-09 11:23:15,551 INFO {'aAcc': 0.9884999999999999, 'mIoU': 0.7901, 'mAcc': 0.922, 'mFscore': 0.8689, 'mPrecision': 0.8281999999999999, 'mRecall': 0.922, 'IoU.bg': 0.9883, 'IoU.pl': 0.5920000000000001, 'Acc.bg': 0.9912000000000001, 'Acc.pl': 0.8527, 'Fscore.bg': 0.9941, 'Fscore.pl': 0.7437, 'Precision.bg': 0.997, 'Precision.pl': 0.6594, 'Recall.bg': 0.9912000000000001, 'Recall.pl': 0.8527}
2022-03-09 11:23:15,551 INFO {'IoU.pl': 0.5920000000000001, 'IoU.pl_epo': 99, 'Acc.pl': 0.9025, 'Acc.pl_epo': 79, 'Fscore.pl': 0.7437, 'Fscore.pl_epo': 99, 'Precision.pl': 0.6594, 'Precision.pl_epo': 99, 'Recall.pl': 0.9025, 'Recall.pl_epo': 79}
2022-03-09 11:23:16,017 INFO training...
2022-03-09 11:28:04,516 INFO Epoch: [100/1000][280/281] Time 288.268 (avg: 145.879) Loss 0.004179 (avg: 0.002150) lr 1.800000e-04
2022-03-09 11:28:04,523 INFO testing...
2022-03-09 11:28:17,561 INFO {'aAcc': 0.9887, 'mIoU': 0.7924, 'mAcc': 0.9227, 'mFscore': 0.8706999999999999, 'mPrecision': 0.8306, 'mRecall': 0.9227, 'IoU.bg': 0.9884999999999999, 'IoU.pl': 0.5964, 'Acc.bg': 0.9914000000000001, 'Acc.pl': 0.8540000000000001, 'Fscore.bg': 0.9942, 'Fscore.pl': 0.7472, 'Precision.bg': 0.9971, 'Precision.pl': 0.6640999999999999, 'Recall.bg': 0.9914000000000001, 'Recall.pl': 0.8540000000000001}
2022-03-09 11:28:17,561 INFO {'IoU.pl': 0.5964, 'IoU.pl_epo': 100, 'Acc.pl': 0.9025, 'Acc.pl_epo': 79, 'Fscore.pl': 0.7472, 'Fscore.pl_epo': 100, 'Precision.pl': 0.6640999999999999, 'Precision.pl_epo': 100, 'Recall.pl': 0.9025, 'Recall.pl_epo': 79}
2022-03-09 11:28:18,095 INFO training...
2022-03-09 11:33:06,782 INFO Epoch: [101/1000][280/281] Time 288.481 (avg: 145.445) Loss 0.003340 (avg: 0.002155) lr 1.800000e-04
2022-03-09 11:33:06,787 INFO testing...
2022-03-09 11:33:18,446 INFO {'aAcc': 0.9876999999999999, 'mIoU': 0.7802, 'mAcc': 0.9175, 'mFscore': 0.8611, 'mPrecision': 0.8187000000000001, 'mRecall': 0.9175, 'IoU.bg': 0.9875, 'IoU.pl': 0.5729, 'Acc.bg': 0.9904999999999999, 'Acc.pl': 0.8443999999999999, 'Fscore.bg': 0.9937, 'Fscore.pl': 0.7284999999999999, 'Precision.bg': 0.9969, 'Precision.pl': 0.6405, 'Recall.bg': 0.9904999999999999, 'Recall.pl': 0.8443999999999999}
2022-03-09 11:33:18,447 INFO {'IoU.pl': 0.5964, 'IoU.pl_epo': 100, 'Acc.pl': 0.9025, 'Acc.pl_epo': 79, 'Fscore.pl': 0.7472, 'Fscore.pl_epo': 100, 'Precision.pl': 0.6640999999999999, 'Precision.pl_epo': 100, 'Recall.pl': 0.9025, 'Recall.pl_epo': 79}
2022-03-09 11:33:18,447 INFO training...
2022-03-09 11:38:09,275 INFO Epoch: [102/1000][280/281] Time 290.636 (avg: 147.127) Loss 0.002116 (avg: 0.002141) lr 1.800000e-04
2022-03-09 11:38:09,282 INFO testing...
2022-03-09 11:38:21,439 INFO {'aAcc': 0.988, 'mIoU': 0.7863, 'mAcc': 0.9251999999999999, 'mFscore': 0.866, 'mPrecision': 0.8218000000000001, 'mRecall': 0.9251999999999999, 'IoU.bg': 0.9878, 'IoU.pl': 0.5848, 'Acc.bg': 0.9906, 'Acc.pl': 0.8598, 'Fscore.bg': 0.9939, 'Fscore.pl': 0.738, 'Precision.bg': 0.9972, 'Precision.pl': 0.6465000000000001, 'Recall.bg': 0.9906, 'Recall.pl': 0.8598}
2022-03-09 11:38:21,440 INFO {'IoU.pl': 0.5964, 'IoU.pl_epo': 100, 'Acc.pl': 0.9025, 'Acc.pl_epo': 79, 'Fscore.pl': 0.7472, 'Fscore.pl_epo': 100, 'Precision.pl': 0.6640999999999999, 'Precision.pl_epo': 100, 'Recall.pl': 0.9025, 'Recall.pl_epo': 79}
2022-03-09 11:38:21,440 INFO training...
2022-03-09 11:43:09,661 INFO Epoch: [103/1000][280/281] Time 288.052 (avg: 146.580) Loss 0.002038 (avg: 0.002107) lr 1.800000e-04
2022-03-09 11:43:09,669 INFO testing...
2022-03-09 11:43:21,048 INFO {'aAcc': 0.988, 'mIoU': 0.7872, 'mAcc': 0.9301999999999999, 'mFscore': 0.8665999999999999, 'mPrecision': 0.8201999999999999, 'mRecall': 0.9301999999999999, 'IoU.bg': 0.9878, 'IoU.pl': 0.5866, 'Acc.bg': 0.9903, 'Acc.pl': 0.8701000000000001, 'Fscore.bg': 0.9937999999999999, 'Fscore.pl': 0.7394, 'Precision.bg': 0.9974, 'Precision.pl': 0.6429, 'Recall.bg': 0.9903, 'Recall.pl': 0.8701000000000001}
2022-03-09 11:43:21,049 INFO {'IoU.pl': 0.5964, 'IoU.pl_epo': 100, 'Acc.pl': 0.9025, 'Acc.pl_epo': 79, 'Fscore.pl': 0.7472, 'Fscore.pl_epo': 100, 'Precision.pl': 0.6640999999999999, 'Precision.pl_epo': 100, 'Recall.pl': 0.9025, 'Recall.pl_epo': 79}
2022-03-09 11:43:21,049 INFO training...
2022-03-09 11:48:08,194 INFO Epoch: [104/1000][280/281] Time 286.927 (avg: 144.370) Loss 0.005733 (avg: 0.002089) lr 1.800000e-04
2022-03-09 11:48:08,201 INFO testing...
2022-03-09 11:48:19,743 INFO {'aAcc': 0.9873000000000001, 'mIoU': 0.7797, 'mAcc': 0.9290999999999999, 'mFscore': 0.8608, 'mPrecision': 0.812, 'mRecall': 0.9290999999999999, 'IoU.bg': 0.9871, 'IoU.pl': 0.5724, 'Acc.bg': 0.9897, 'Acc.pl': 0.8684000000000001, 'Fscore.bg': 0.9934999999999999, 'Fscore.pl': 0.7281, 'Precision.bg': 0.9973000000000001, 'Precision.pl': 0.6267, 'Recall.bg': 0.9897, 'Recall.pl': 0.8684000000000001}
2022-03-09 11:48:19,743 INFO {'IoU.pl': 0.5964, 'IoU.pl_epo': 100, 'Acc.pl': 0.9025, 'Acc.pl_epo': 79, 'Fscore.pl': 0.7472, 'Fscore.pl_epo': 100, 'Precision.pl': 0.6640999999999999, 'Precision.pl_epo': 100, 'Recall.pl': 0.9025, 'Recall.pl_epo': 79}
2022-03-09 11:48:19,743 INFO training...
2022-03-09 11:53:11,394 INFO Epoch: [105/1000][280/281] Time 291.459 (avg: 146.919) Loss 0.002117 (avg: 0.002285) lr 1.800000e-04
2022-03-09 11:53:11,400 INFO testing...
2022-03-09 11:53:27,261 INFO {'aAcc': 0.9867, 'mIoU': 0.7759999999999999, 'mAcc': 0.9356, 'mFscore': 0.8579000000000001, 'mPrecision': 0.8046, 'mRecall': 0.9356, 'IoU.bg': 0.9865, 'IoU.pl': 0.5656, 'Acc.bg': 0.9887999999999999, 'Acc.pl': 0.8824, 'Fscore.bg': 0.9932, 'Fscore.pl': 0.7225, 'Precision.bg': 0.9976, 'Precision.pl': 0.6117, 'Recall.bg': 0.9887999999999999, 'Recall.pl': 0.8824}
2022-03-09 11:53:27,261 INFO {'IoU.pl': 0.5964, 'IoU.pl_epo': 100, 'Acc.pl': 0.9025, 'Acc.pl_epo': 79, 'Fscore.pl': 0.7472, 'Fscore.pl_epo': 100, 'Precision.pl': 0.6640999999999999, 'Precision.pl_epo': 100, 'Recall.pl': 0.9025, 'Recall.pl_epo': 79}
2022-03-09 11:53:27,262 INFO training...
2022-03-09 11:58:19,028 INFO Epoch: [106/1000][280/281] Time 291.602 (avg: 147.168) Loss 0.001554 (avg: 0.001961) lr 1.800000e-04
2022-03-09 11:58:19,034 INFO testing...
2022-03-09 11:58:32,453 INFO {'aAcc': 0.9881, 'mIoU': 0.7856000000000001, 'mAcc': 0.9215000000000001, 'mFscore': 0.8654000000000001, 'mPrecision': 0.823, 'mRecall': 0.9215000000000001, 'IoU.bg': 0.9879000000000001, 'IoU.pl': 0.5832999999999999, 'Acc.bg': 0.9908, 'Acc.pl': 0.8522, 'Fscore.bg': 0.9939, 'Fscore.pl': 0.7369, 'Precision.bg': 0.997, 'Precision.pl': 0.649, 'Recall.bg': 0.9908, 'Recall.pl': 0.8522}
2022-03-09 11:58:32,453 INFO {'IoU.pl': 0.5964, 'IoU.pl_epo': 100, 'Acc.pl': 0.9025, 'Acc.pl_epo': 79, 'Fscore.pl': 0.7472, 'Fscore.pl_epo': 100, 'Precision.pl': 0.6640999999999999, 'Precision.pl_epo': 100, 'Recall.pl': 0.9025, 'Recall.pl_epo': 79}
2022-03-09 11:58:32,453 INFO training...
2022-03-09 12:03:23,347 INFO Epoch: [107/1000][280/281] Time 290.716 (avg: 147.030) Loss 0.002930 (avg: 0.002028) lr 1.800000e-04
2022-03-09 12:03:23,352 INFO testing...
2022-03-09 12:03:41,061 INFO {'aAcc': 0.9883, 'mIoU': 0.7894, 'mAcc': 0.9277, 'mFscore': 0.8684000000000001, 'mPrecision': 0.8240999999999999, 'mRecall': 0.9277, 'IoU.bg': 0.9881, 'IoU.pl': 0.5908, 'Acc.bg': 0.9906999999999999, 'Acc.pl': 0.8647, 'Fscore.bg': 0.9940000000000001, 'Fscore.pl': 0.7428, 'Precision.bg': 0.9973000000000001, 'Precision.pl': 0.6509999999999999, 'Recall.bg': 0.9906999999999999, 'Recall.pl': 0.8647}
2022-03-09 12:03:41,062 INFO {'IoU.pl': 0.5964, 'IoU.pl_epo': 100, 'Acc.pl': 0.9025, 'Acc.pl_epo': 79, 'Fscore.pl': 0.7472, 'Fscore.pl_epo': 100, 'Precision.pl': 0.6640999999999999, 'Precision.pl_epo': 100, 'Recall.pl': 0.9025, 'Recall.pl_epo': 79}
2022-03-09 12:03:41,062 INFO training...
2022-03-09 12:08:33,771 INFO Epoch: [108/1000][280/281] Time 292.532 (avg: 147.665) Loss 0.001485 (avg: 0.002013) lr 1.800000e-04
2022-03-09 12:08:33,776 INFO testing...
2022-03-09 12:08:50,145 INFO {'aAcc': 0.9891, 'mIoU': 0.7976000000000001, 'mAcc': 0.9253, 'mFscore': 0.8745999999999999, 'mPrecision': 0.8353, 'mRecall': 0.9253, 'IoU.bg': 0.9889, 'IoU.pl': 0.6063000000000001, 'Acc.bg': 0.9917, 'Acc.pl': 0.8589, 'Fscore.bg': 0.9944, 'Fscore.pl': 0.7548999999999999, 'Precision.bg': 0.9972, 'Precision.pl': 0.6734, 'Recall.bg': 0.9917, 'Recall.pl': 0.8589}
2022-03-09 12:08:50,146 INFO {'IoU.pl': 0.6063000000000001, 'IoU.pl_epo': 108, 'Acc.pl': 0.9025, 'Acc.pl_epo': 79, 'Fscore.pl': 0.7548999999999999, 'Fscore.pl_epo': 108, 'Precision.pl': 0.6734, 'Precision.pl_epo': 108, 'Recall.pl': 0.9025, 'Recall.pl_epo': 79}
2022-03-09 12:08:50,703 INFO training...
2022-03-09 12:13:49,342 INFO Epoch: [109/1000][280/281] Time 298.416 (avg: 150.859) Loss 0.001104 (avg: 0.001997) lr 1.800000e-04
2022-03-09 12:13:49,350 INFO testing...
2022-03-09 12:14:04,552 INFO {'aAcc': 0.9884999999999999, 'mIoU': 0.7931999999999999, 'mAcc': 0.9303, 'mFscore': 0.8713, 'mPrecision': 0.8271999999999999, 'mRecall': 0.9303, 'IoU.bg': 0.9883, 'IoU.pl': 0.5981000000000001, 'Acc.bg': 0.9909, 'Acc.pl': 0.8697, 'Fscore.bg': 0.9941, 'Fscore.pl': 0.7484999999999999, 'Precision.bg': 0.9974, 'Precision.pl': 0.657, 'Recall.bg': 0.9909, 'Recall.pl': 0.8697}
2022-03-09 12:14:04,553 INFO {'IoU.pl': 0.6063000000000001, 'IoU.pl_epo': 108, 'Acc.pl': 0.9025, 'Acc.pl_epo': 79, 'Fscore.pl': 0.7548999999999999, 'Fscore.pl_epo': 108, 'Precision.pl': 0.6734, 'Precision.pl_epo': 108, 'Recall.pl': 0.9025, 'Recall.pl_epo': 79}
2022-03-09 12:14:04,553 INFO training...
2022-03-09 12:18:59,477 INFO Epoch: [110/1000][280/281] Time 294.761 (avg: 149.728) Loss 0.002412 (avg: 0.001954) lr 1.800000e-04
2022-03-09 12:18:59,484 INFO testing...
2022-03-09 12:19:10,547 INFO {'aAcc': 0.9869, 'mIoU': 0.7772, 'mAcc': 0.9334, 'mFscore': 0.8588, 'mPrecision': 0.807, 'mRecall': 0.9334, 'IoU.bg': 0.9867, 'IoU.pl': 0.5678, 'Acc.bg': 0.9891, 'Acc.pl': 0.8778, 'Fscore.bg': 0.9933, 'Fscore.pl': 0.7243, 'Precision.bg': 0.9975, 'Precision.pl': 0.6164999999999999, 'Recall.bg': 0.9891, 'Recall.pl': 0.8778}
2022-03-09 12:19:10,548 INFO {'IoU.pl': 0.6063000000000001, 'IoU.pl_epo': 108, 'Acc.pl': 0.9025, 'Acc.pl_epo': 79, 'Fscore.pl': 0.7548999999999999, 'Fscore.pl_epo': 108, 'Precision.pl': 0.6734, 'Precision.pl_epo': 108, 'Recall.pl': 0.9025, 'Recall.pl_epo': 79}
2022-03-09 12:19:10,548 INFO training...
2022-03-09 12:23:56,737 INFO Epoch: [111/1000][280/281] Time 286.023 (avg: 144.465) Loss 0.002622 (avg: 0.002001) lr 1.800000e-04
2022-03-09 12:23:56,745 INFO testing...
2022-03-09 12:24:07,548 INFO {'aAcc': 0.9878, 'mIoU': 0.7881999999999999, 'mAcc': 0.9399, 'mFscore': 0.8675, 'mPrecision': 0.8164, 'mRecall': 0.9399, 'IoU.bg': 0.9876, 'IoU.pl': 0.5888, 'Acc.bg': 0.9898, 'Acc.pl': 0.8901, 'Fscore.bg': 0.9937999999999999, 'Fscore.pl': 0.7412000000000001, 'Precision.bg': 0.9978, 'Precision.pl': 0.635, 'Recall.bg': 0.9898, 'Recall.pl': 0.8901}
2022-03-09 12:24:07,548 INFO {'IoU.pl': 0.6063000000000001, 'IoU.pl_epo': 108, 'Acc.pl': 0.9025, 'Acc.pl_epo': 79, 'Fscore.pl': 0.7548999999999999, 'Fscore.pl_epo': 108, 'Precision.pl': 0.6734, 'Precision.pl_epo': 108, 'Recall.pl': 0.9025, 'Recall.pl_epo': 79}
2022-03-09 12:24:07,549 INFO training...
2022-03-09 12:28:56,604 INFO Epoch: [112/1000][280/281] Time 288.848 (avg: 145.317) Loss 0.002176 (avg: 0.002417) lr 1.800000e-04
2022-03-09 12:28:56,611 INFO testing...
2022-03-09 12:29:07,846 INFO {'aAcc': 0.9875, 'mIoU': 0.7831, 'mAcc': 0.9339, 'mFscore': 0.8634000000000001, 'mPrecision': 0.8134999999999999, 'mRecall': 0.9339, 'IoU.bg': 0.9873000000000001, 'IoU.pl': 0.5789, 'Acc.bg': 0.9897, 'Acc.pl': 0.8781, 'Fscore.bg': 0.9936, 'Fscore.pl': 0.7333, 'Precision.bg': 0.9975, 'Precision.pl': 0.6295000000000001, 'Recall.bg': 0.9897, 'Recall.pl': 0.8781}
2022-03-09 12:29:07,847 INFO {'IoU.pl': 0.6063000000000001, 'IoU.pl_epo': 108, 'Acc.pl': 0.9025, 'Acc.pl_epo': 79, 'Fscore.pl': 0.7548999999999999, 'Fscore.pl_epo': 108, 'Precision.pl': 0.6734, 'Precision.pl_epo': 108, 'Recall.pl': 0.9025, 'Recall.pl_epo': 79}
2022-03-09 12:29:07,847 INFO training...
2022-03-09 12:33:54,979 INFO Epoch: [113/1000][280/281] Time 286.964 (avg: 144.827) Loss 0.002681 (avg: 0.001869) lr 1.800000e-04
2022-03-09 12:33:54,986 INFO testing...
2022-03-09 12:34:05,563 INFO {'aAcc': 0.9868000000000001, 'mIoU': 0.7746, 'mAcc': 0.9265000000000001, 'mFscore': 0.8565999999999999, 'mPrecision': 0.8073, 'mRecall': 0.9265000000000001, 'IoU.bg': 0.9865999999999999, 'IoU.pl': 0.5625, 'Acc.bg': 0.9893000000000001, 'Acc.pl': 0.8636, 'Fscore.bg': 0.9933, 'Fscore.pl': 0.72, 'Precision.bg': 0.9973000000000001, 'Precision.pl': 0.6174000000000001, 'Recall.bg': 0.9893000000000001, 'Recall.pl': 0.8636}
2022-03-09 12:34:05,563 INFO {'IoU.pl': 0.6063000000000001, 'IoU.pl_epo': 108, 'Acc.pl': 0.9025, 'Acc.pl_epo': 79, 'Fscore.pl': 0.7548999999999999, 'Fscore.pl_epo': 108, 'Precision.pl': 0.6734, 'Precision.pl_epo': 108, 'Recall.pl': 0.9025, 'Recall.pl_epo': 79}
2022-03-09 12:34:05,563 INFO training...
2022-03-09 12:38:56,892 INFO Epoch: [114/1000][280/281] Time 291.142 (avg: 147.543) Loss 0.003359 (avg: 0.001903) lr 1.800000e-04
2022-03-09 12:38:56,899 INFO testing...
2022-03-09 12:39:08,639 INFO {'aAcc': 0.9889, 'mIoU': 0.7964, 'mAcc': 0.9286, 'mFscore': 0.8737, 'mPrecision': 0.8319, 'mRecall': 0.9286, 'IoU.bg': 0.9887, 'IoU.pl': 0.604, 'Acc.bg': 0.9913, 'Acc.pl': 0.8658, 'Fscore.bg': 0.9943000000000001, 'Fscore.pl': 0.7532, 'Precision.bg': 0.9973000000000001, 'Precision.pl': 0.6664, 'Recall.bg': 0.9913, 'Recall.pl': 0.8658}
2022-03-09 12:39:08,639 INFO {'IoU.pl': 0.6063000000000001, 'IoU.pl_epo': 108, 'Acc.pl': 0.9025, 'Acc.pl_epo': 79, 'Fscore.pl': 0.7548999999999999, 'Fscore.pl_epo': 108, 'Precision.pl': 0.6734, 'Precision.pl_epo': 108, 'Recall.pl': 0.9025, 'Recall.pl_epo': 79}
2022-03-09 12:39:08,639 INFO training...
2022-03-09 12:44:01,766 INFO Epoch: [115/1000][280/281] Time 292.921 (avg: 148.340) Loss 0.001323 (avg: 0.001961) lr 1.800000e-04
2022-03-09 12:44:01,773 INFO testing...
2022-03-09 12:44:14,155 INFO {'aAcc': 0.9856, 'mIoU': 0.7663, 'mAcc': 0.9372, 'mFscore': 0.85, 'mPrecision': 0.7929999999999999, 'mRecall': 0.9372, 'IoU.bg': 0.9854, 'IoU.pl': 0.5473, 'Acc.bg': 0.9876, 'Acc.pl': 0.8868, 'Fscore.bg': 0.9926, 'Fscore.pl': 0.7073999999999999, 'Precision.bg': 0.9976999999999999, 'Precision.pl': 0.5884, 'Recall.bg': 0.9876, 'Recall.pl': 0.8868}
2022-03-09 12:44:14,156 INFO {'IoU.pl': 0.6063000000000001, 'IoU.pl_epo': 108, 'Acc.pl': 0.9025, 'Acc.pl_epo': 79, 'Fscore.pl': 0.7548999999999999, 'Fscore.pl_epo': 108, 'Precision.pl': 0.6734, 'Precision.pl_epo': 108, 'Recall.pl': 0.9025, 'Recall.pl_epo': 79}
2022-03-09 12:44:14,156 INFO training...
2022-03-09 12:49:06,190 INFO Epoch: [116/1000][280/281] Time 291.837 (avg: 147.121) Loss 0.002796 (avg: 0.001904) lr 1.800000e-04
2022-03-09 12:49:06,196 INFO testing...
2022-03-09 12:49:18,053 INFO {'aAcc': 0.9884000000000001, 'mIoU': 0.7929999999999999, 'mAcc': 0.9367, 'mFscore': 0.8712000000000001, 'mPrecision': 0.8236, 'mRecall': 0.9367, 'IoU.bg': 0.9882, 'IoU.pl': 0.5979, 'Acc.bg': 0.9904999999999999, 'Acc.pl': 0.8828, 'Fscore.bg': 0.9940000000000001, 'Fscore.pl': 0.7484000000000001, 'Precision.bg': 0.9976, 'Precision.pl': 0.6495000000000001, 'Recall.bg': 0.9904999999999999, 'Recall.pl': 0.8828}
2022-03-09 12:49:18,053 INFO {'IoU.pl': 0.6063000000000001, 'IoU.pl_epo': 108, 'Acc.pl': 0.9025, 'Acc.pl_epo': 79, 'Fscore.pl': 0.7548999999999999, 'Fscore.pl_epo': 108, 'Precision.pl': 0.6734, 'Precision.pl_epo': 108, 'Recall.pl': 0.9025, 'Recall.pl_epo': 79}
2022-03-09 12:49:18,053 INFO training...
2022-03-09 12:54:09,872 INFO Epoch: [117/1000][280/281] Time 291.653 (avg: 147.552) Loss 0.004037 (avg: 0.001869) lr 1.800000e-04
2022-03-09 12:54:09,878 INFO testing...
2022-03-09 12:54:20,452 INFO {'aAcc': 0.9882, 'mIoU': 0.7874, 'mAcc': 0.9243000000000001, 'mFscore': 0.8668, 'mPrecision': 0.8236, 'mRecall': 0.9243000000000001, 'IoU.bg': 0.988, 'IoU.pl': 0.5869, 'Acc.bg': 0.9908, 'Acc.pl': 0.8579000000000001, 'Fscore.bg': 0.9939, 'Fscore.pl': 0.7397, 'Precision.bg': 0.9971, 'Precision.pl': 0.6501, 'Recall.bg': 0.9908, 'Recall.pl': 0.8579000000000001}
2022-03-09 12:54:20,453 INFO {'IoU.pl': 0.6063000000000001, 'IoU.pl_epo': 108, 'Acc.pl': 0.9025, 'Acc.pl_epo': 79, 'Fscore.pl': 0.7548999999999999, 'Fscore.pl_epo': 108, 'Precision.pl': 0.6734, 'Precision.pl_epo': 108, 'Recall.pl': 0.9025, 'Recall.pl_epo': 79}
2022-03-09 12:54:20,453 INFO training...
2022-03-09 12:59:11,120 INFO Epoch: [118/1000][280/281] Time 290.511 (avg: 146.885) Loss 0.003164 (avg: 0.002046) lr 1.800000e-04
2022-03-09 12:59:11,127 INFO testing...
2022-03-09 12:59:22,358 INFO {'aAcc': 0.9872, 'mIoU': 0.7768, 'mAcc': 0.9223, 'mFscore': 0.8584, 'mPrecision': 0.812, 'mRecall': 0.9223, 'IoU.bg': 0.987, 'IoU.pl': 0.5666, 'Acc.bg': 0.9898, 'Acc.pl': 0.8548, 'Fscore.bg': 0.9934000000000001, 'Fscore.pl': 0.7234, 'Precision.bg': 0.9971, 'Precision.pl': 0.627, 'Recall.bg': 0.9898, 'Recall.pl': 0.8548}
2022-03-09 12:59:22,358 INFO {'IoU.pl': 0.6063000000000001, 'IoU.pl_epo': 108, 'Acc.pl': 0.9025, 'Acc.pl_epo': 79, 'Fscore.pl': 0.7548999999999999, 'Fscore.pl_epo': 108, 'Precision.pl': 0.6734, 'Precision.pl_epo': 108, 'Recall.pl': 0.9025, 'Recall.pl_epo': 79}
2022-03-09 12:59:22,359 INFO training...
2022-03-09 13:04:14,454 INFO Epoch: [119/1000][280/281] Time 291.922 (avg: 146.960) Loss 0.004101 (avg: 0.001811) lr 1.800000e-04
2022-03-09 13:04:14,459 INFO testing...
2022-03-09 13:04:25,561 INFO {'aAcc': 0.9887999999999999, 'mIoU': 0.7948000000000001, 'mAcc': 0.9253, 'mFscore': 0.8725, 'mPrecision': 0.8319, 'mRecall': 0.9253, 'IoU.bg': 0.9886, 'IoU.pl': 0.601, 'Acc.bg': 0.9914000000000001, 'Acc.pl': 0.8593000000000001, 'Fscore.bg': 0.9943000000000001, 'Fscore.pl': 0.7508, 'Precision.bg': 0.9972, 'Precision.pl': 0.6666, 'Recall.bg': 0.9914000000000001, 'Recall.pl': 0.8593000000000001}
2022-03-09 13:04:25,561 INFO {'IoU.pl': 0.6063000000000001, 'IoU.pl_epo': 108, 'Acc.pl': 0.9025, 'Acc.pl_epo': 79, 'Fscore.pl': 0.7548999999999999, 'Fscore.pl_epo': 108, 'Precision.pl': 0.6734, 'Precision.pl_epo': 108, 'Recall.pl': 0.9025, 'Recall.pl_epo': 79}
2022-03-09 13:04:25,562 INFO training...
2022-03-09 13:09:17,987 INFO Epoch: [120/1000][280/281] Time 292.206 (avg: 147.582) Loss 0.001536 (avg: 0.001756) lr 1.620000e-04
2022-03-09 13:09:17,992 INFO testing...
2022-03-09 13:09:29,352 INFO {'aAcc': 0.9892, 'mIoU': 0.8, 'mAcc': 0.9281, 'mFscore': 0.8765000000000001, 'mPrecision': 0.8365, 'mRecall': 0.9281, 'IoU.bg': 0.9890000000000001, 'IoU.pl': 0.6109, 'Acc.bg': 0.9917, 'Acc.pl': 0.8645, 'Fscore.bg': 0.9945, 'Fscore.pl': 0.7585, 'Precision.bg': 0.9973000000000001, 'Precision.pl': 0.6757, 'Recall.bg': 0.9917, 'Recall.pl': 0.8645}
2022-03-09 13:09:29,353 INFO {'IoU.pl': 0.6109, 'IoU.pl_epo': 120, 'Acc.pl': 0.9025, 'Acc.pl_epo': 79, 'Fscore.pl': 0.7585, 'Fscore.pl_epo': 120, 'Precision.pl': 0.6757, 'Precision.pl_epo': 120, 'Recall.pl': 0.9025, 'Recall.pl_epo': 79}
2022-03-09 13:09:29,876 INFO training...
2022-03-09 13:14:24,790 INFO Epoch: [121/1000][280/281] Time 294.624 (avg: 147.636) Loss 0.002476 (avg: 0.001776) lr 1.620000e-04
2022-03-09 13:14:24,797 INFO testing...
2022-03-09 13:14:37,442 INFO {'aAcc': 0.9889, 'mIoU': 0.7957, 'mAcc': 0.9254000000000001, 'mFscore': 0.8732, 'mPrecision': 0.8329000000000001, 'mRecall': 0.9254000000000001, 'IoU.bg': 0.9887, 'IoU.pl': 0.6026, 'Acc.bg': 0.9915, 'Acc.pl': 0.8593000000000001, 'Fscore.bg': 0.9943000000000001, 'Fscore.pl': 0.7521, 'Precision.bg': 0.9972, 'Precision.pl': 0.6686, 'Recall.bg': 0.9915, 'Recall.pl': 0.8593000000000001}
2022-03-09 13:14:37,443 INFO {'IoU.pl': 0.6109, 'IoU.pl_epo': 120, 'Acc.pl': 0.9025, 'Acc.pl_epo': 79, 'Fscore.pl': 0.7585, 'Fscore.pl_epo': 120, 'Precision.pl': 0.6757, 'Precision.pl_epo': 120, 'Recall.pl': 0.9025, 'Recall.pl_epo': 79}
2022-03-09 13:14:37,443 INFO training...
2022-03-09 13:19:43,381 INFO Epoch: [122/1000][280/281] Time 305.729 (avg: 154.082) Loss 0.002283 (avg: 0.001739) lr 1.620000e-04
2022-03-09 13:19:43,387 INFO testing...
2022-03-09 13:19:55,753 INFO {'aAcc': 0.9891, 'mIoU': 0.7977, 'mAcc': 0.9261, 'mFscore': 0.8748, 'mPrecision': 0.8349, 'mRecall': 0.9261, 'IoU.bg': 0.9889, 'IoU.pl': 0.6065999999999999, 'Acc.bg': 0.9915999999999999, 'Acc.pl': 0.8606999999999999, 'Fscore.bg': 0.9944, 'Fscore.pl': 0.7552, 'Precision.bg': 0.9972, 'Precision.pl': 0.6727, 'Recall.bg': 0.9915999999999999, 'Recall.pl': 0.8606999999999999}
2022-03-09 13:19:55,754 INFO {'IoU.pl': 0.6109, 'IoU.pl_epo': 120, 'Acc.pl': 0.9025, 'Acc.pl_epo': 79, 'Fscore.pl': 0.7585, 'Fscore.pl_epo': 120, 'Precision.pl': 0.6757, 'Precision.pl_epo': 120, 'Recall.pl': 0.9025, 'Recall.pl_epo': 79}
2022-03-09 13:19:55,754 INFO training...
2022-03-09 13:24:56,179 INFO Epoch: [123/1000][280/281] Time 300.238 (avg: 151.811) Loss 0.001586 (avg: 0.001802) lr 1.620000e-04
2022-03-09 13:24:56,185 INFO testing...
2022-03-09 13:25:08,052 INFO {'aAcc': 0.9884000000000001, 'mIoU': 0.7918000000000001, 'mAcc': 0.9288, 'mFscore': 0.8702, 'mPrecision': 0.8262999999999999, 'mRecall': 0.9288, 'IoU.bg': 0.9883, 'IoU.pl': 0.5953, 'Acc.bg': 0.9909, 'Acc.pl': 0.8667, 'Fscore.bg': 0.9941, 'Fscore.pl': 0.7463, 'Precision.bg': 0.9973000000000001, 'Precision.pl': 0.6553, 'Recall.bg': 0.9909, 'Recall.pl': 0.8667}
2022-03-09 13:25:08,052 INFO {'IoU.pl': 0.6109, 'IoU.pl_epo': 120, 'Acc.pl': 0.9025, 'Acc.pl_epo': 79, 'Fscore.pl': 0.7585, 'Fscore.pl_epo': 120, 'Precision.pl': 0.6757, 'Precision.pl_epo': 120, 'Recall.pl': 0.9025, 'Recall.pl_epo': 79}
2022-03-09 13:25:08,052 INFO training...
2022-03-09 13:30:11,826 INFO Epoch: [124/1000][280/281] Time 303.527 (avg: 152.962) Loss 0.002409 (avg: 0.001704) lr 1.620000e-04
2022-03-09 13:30:11,831 INFO testing...
2022-03-09 13:30:23,545 INFO {'aAcc': 0.9872, 'mIoU': 0.7814, 'mAcc': 0.9378, 'mFscore': 0.8621, 'mPrecision': 0.8096, 'mRecall': 0.9378, 'IoU.bg': 0.987, 'IoU.pl': 0.5757, 'Acc.bg': 0.9892, 'Acc.pl': 0.8865000000000001, 'Fscore.bg': 0.9934000000000001, 'Fscore.pl': 0.7308, 'Precision.bg': 0.9976999999999999, 'Precision.pl': 0.6215999999999999, 'Recall.bg': 0.9892, 'Recall.pl': 0.8865000000000001}
2022-03-09 13:30:23,546 INFO {'IoU.pl': 0.6109, 'IoU.pl_epo': 120, 'Acc.pl': 0.9025, 'Acc.pl_epo': 79, 'Fscore.pl': 0.7585, 'Fscore.pl_epo': 120, 'Precision.pl': 0.6757, 'Precision.pl_epo': 120, 'Recall.pl': 0.9025, 'Recall.pl_epo': 79}
2022-03-09 13:30:23,546 INFO training...
2022-03-09 13:35:25,413 INFO Epoch: [125/1000][280/281] Time 301.659 (avg: 152.416) Loss 0.002025 (avg: 0.001693) lr 1.620000e-04
2022-03-09 13:35:25,420 INFO testing...
2022-03-09 13:35:37,941 INFO {'aAcc': 0.9891, 'mIoU': 0.7979, 'mAcc': 0.9239, 'mFscore': 0.8748999999999999, 'mPrecision': 0.8365, 'mRecall': 0.9239, 'IoU.bg': 0.9889, 'IoU.pl': 0.6068, 'Acc.bg': 0.9918, 'Acc.pl': 0.856, 'Fscore.bg': 0.9944, 'Fscore.pl': 0.7553, 'Precision.bg': 0.9971, 'Precision.pl': 0.6758, 'Recall.bg': 0.9918, 'Recall.pl': 0.856}
2022-03-09 13:35:37,942 INFO {'IoU.pl': 0.6109, 'IoU.pl_epo': 120, 'Acc.pl': 0.9025, 'Acc.pl_epo': 79, 'Fscore.pl': 0.7585, 'Fscore.pl_epo': 120, 'Precision.pl': 0.6758, 'Precision.pl_epo': 125, 'Recall.pl': 0.9025, 'Recall.pl_epo': 79}
2022-03-09 13:35:38,405 INFO training...
2022-03-09 13:40:39,835 INFO Epoch: [126/1000][280/281] Time 301.212 (avg: 151.723) Loss 0.001757 (avg: 0.001661) lr 1.620000e-04
2022-03-09 13:40:39,841 INFO testing...
2022-03-09 13:40:52,061 INFO {'aAcc': 0.9891, 'mIoU': 0.8012, 'mAcc': 0.9390000000000001, 'mFscore': 0.8775, 'mPrecision': 0.8317, 'mRecall': 0.9390000000000001, 'IoU.bg': 0.9889, 'IoU.pl': 0.6136, 'Acc.bg': 0.9911, 'Acc.pl': 0.8868, 'Fscore.bg': 0.9944, 'Fscore.pl': 0.7605, 'Precision.bg': 0.9976999999999999, 'Precision.pl': 0.6657, 'Recall.bg': 0.9911, 'Recall.pl': 0.8868}
2022-03-09 13:40:52,061 INFO {'IoU.pl': 0.6136, 'IoU.pl_epo': 126, 'Acc.pl': 0.9025, 'Acc.pl_epo': 79, 'Fscore.pl': 0.7605, 'Fscore.pl_epo': 126, 'Precision.pl': 0.6758, 'Precision.pl_epo': 125, 'Recall.pl': 0.9025, 'Recall.pl_epo': 79}
2022-03-09 13:40:52,746 INFO training...
2022-03-09 13:45:54,628 INFO Epoch: [127/1000][280/281] Time 301.687 (avg: 152.497) Loss 0.000780 (avg: 0.001716) lr 1.620000e-04
2022-03-09 13:45:54,636 INFO testing...
2022-03-09 13:46:06,655 INFO {'aAcc': 0.9889, 'mIoU': 0.7985, 'mAcc': 0.9366, 'mFscore': 0.8754000000000001, 'mPrecision': 0.8299, 'mRecall': 0.9366, 'IoU.bg': 0.9887, 'IoU.pl': 0.6083, 'Acc.bg': 0.991, 'Acc.pl': 0.8820999999999999, 'Fscore.bg': 0.9943000000000001, 'Fscore.pl': 0.7564, 'Precision.bg': 0.9976, 'Precision.pl': 0.6620999999999999, 'Recall.bg': 0.991, 'Recall.pl': 0.8820999999999999}
2022-03-09 13:46:06,655 INFO {'IoU.pl': 0.6136, 'IoU.pl_epo': 126, 'Acc.pl': 0.9025, 'Acc.pl_epo': 79, 'Fscore.pl': 0.7605, 'Fscore.pl_epo': 126, 'Precision.pl': 0.6758, 'Precision.pl_epo': 125, 'Recall.pl': 0.9025, 'Recall.pl_epo': 79}
2022-03-09 13:46:06,655 INFO training...
2022-03-09 13:51:09,525 INFO Epoch: [128/1000][280/281] Time 302.637 (avg: 150.794) Loss 0.003658 (avg: 0.001782) lr 1.620000e-04
2022-03-09 13:51:09,533 INFO testing...
2022-03-09 13:51:21,564 INFO {'aAcc': 0.9887999999999999, 'mIoU': 0.7957, 'mAcc': 0.9292, 'mFscore': 0.8733, 'mPrecision': 0.8308, 'mRecall': 0.9292, 'IoU.bg': 0.9886, 'IoU.pl': 0.6029, 'Acc.bg': 0.9912000000000001, 'Acc.pl': 0.8671, 'Fscore.bg': 0.9943000000000001, 'Fscore.pl': 0.7522, 'Precision.bg': 0.9973000000000001, 'Precision.pl': 0.6643000000000001, 'Recall.bg': 0.9912000000000001, 'Recall.pl': 0.8671}
2022-03-09 13:51:21,564 INFO {'IoU.pl': 0.6136, 'IoU.pl_epo': 126, 'Acc.pl': 0.9025, 'Acc.pl_epo': 79, 'Fscore.pl': 0.7605, 'Fscore.pl_epo': 126, 'Precision.pl': 0.6758, 'Precision.pl_epo': 125, 'Recall.pl': 0.9025, 'Recall.pl_epo': 79}
2022-03-09 13:51:21,564 INFO training...
2022-03-09 13:56:18,530 INFO Epoch: [129/1000][280/281] Time 296.726 (avg: 152.286) Loss 0.001549 (avg: 0.001809) lr 1.620000e-04
2022-03-09 13:56:18,536 INFO testing...
2022-03-09 13:56:28,938 INFO {'aAcc': 0.988, 'mIoU': 0.7836, 'mAcc': 0.9188, 'mFscore': 0.8637999999999999, 'mPrecision': 0.8220999999999999, 'mRecall': 0.9188, 'IoU.bg': 0.9878, 'IoU.pl': 0.5795, 'Acc.bg': 0.9908, 'Acc.pl': 0.8469, 'Fscore.bg': 0.9937999999999999, 'Fscore.pl': 0.7338, 'Precision.bg': 0.9969, 'Precision.pl': 0.6473, 'Recall.bg': 0.9908, 'Recall.pl': 0.8469}
2022-03-09 13:56:28,939 INFO {'IoU.pl': 0.6136, 'IoU.pl_epo': 126, 'Acc.pl': 0.9025, 'Acc.pl_epo': 79, 'Fscore.pl': 0.7605, 'Fscore.pl_epo': 126, 'Precision.pl': 0.6758, 'Precision.pl_epo': 125, 'Recall.pl': 0.9025, 'Recall.pl_epo': 79}
2022-03-09 13:56:28,939 INFO training...
2022-03-09 14:01:18,836 INFO Epoch: [130/1000][280/281] Time 289.638 (avg: 145.842) Loss 0.003083 (avg: 0.001597) lr 1.620000e-04
2022-03-09 14:01:18,843 INFO testing...
2022-03-09 14:01:29,555 INFO {'aAcc': 0.9897, 'mIoU': 0.8036, 'mAcc': 0.9222, 'mFscore': 0.8792, 'mPrecision': 0.8445, 'mRecall': 0.9222, 'IoU.bg': 0.9895, 'IoU.pl': 0.6177, 'Acc.bg': 0.9924, 'Acc.pl': 0.8519, 'Fscore.bg': 0.9947, 'Fscore.pl': 0.7637, 'Precision.bg': 0.997, 'Precision.pl': 0.6920000000000001, 'Recall.bg': 0.9924, 'Recall.pl': 0.8519}
2022-03-09 14:01:29,556 INFO {'IoU.pl': 0.6177, 'IoU.pl_epo': 130, 'Acc.pl': 0.9025, 'Acc.pl_epo': 79, 'Fscore.pl': 0.7637, 'Fscore.pl_epo': 130, 'Precision.pl': 0.6920000000000001, 'Precision.pl_epo': 130, 'Recall.pl': 0.9025, 'Recall.pl_epo': 79}
2022-03-09 14:01:30,132 INFO training...
2022-03-09 14:06:20,932 INFO Epoch: [131/1000][280/281] Time 290.485 (avg: 147.327) Loss 0.001250 (avg: 0.001571) lr 1.620000e-04
2022-03-09 14:06:20,939 INFO testing...
2022-03-09 14:06:31,748 INFO {'aAcc': 0.9892, 'mIoU': 0.7993000000000001, 'mAcc': 0.924, 'mFscore': 0.8759, 'mPrecision': 0.838, 'mRecall': 0.924, 'IoU.bg': 0.9891, 'IoU.pl': 0.6095, 'Acc.bg': 0.9919, 'Acc.pl': 0.8561, 'Fscore.bg': 0.9945, 'Fscore.pl': 0.7573000000000001, 'Precision.bg': 0.9971, 'Precision.pl': 0.679, 'Recall.bg': 0.9919, 'Recall.pl': 0.8561}
2022-03-09 14:06:31,748 INFO {'IoU.pl': 0.6177, 'IoU.pl_epo': 130, 'Acc.pl': 0.9025, 'Acc.pl_epo': 79, 'Fscore.pl': 0.7637, 'Fscore.pl_epo': 130, 'Precision.pl': 0.6920000000000001, 'Precision.pl_epo': 130, 'Recall.pl': 0.9025, 'Recall.pl_epo': 79}
2022-03-09 14:06:31,748 INFO training...
2022-03-09 14:11:21,812 INFO Epoch: [132/1000][280/281] Time 289.835 (avg: 146.379) Loss 0.002872 (avg: 0.001562) lr 1.620000e-04
2022-03-09 14:11:21,818 INFO testing...
2022-03-09 14:11:32,550 INFO {'aAcc': 0.9865999999999999, 'mIoU': 0.7726000000000001, 'mAcc': 0.929, 'mFscore': 0.855, 'mPrecision': 0.8038, 'mRecall': 0.929, 'IoU.bg': 0.9863, 'IoU.pl': 0.5588000000000001, 'Acc.bg': 0.9889, 'Acc.pl': 0.8690000000000001, 'Fscore.bg': 0.9931, 'Fscore.pl': 0.7170000000000001, 'Precision.bg': 0.9974, 'Precision.pl': 0.6102000000000001, 'Recall.bg': 0.9889, 'Recall.pl': 0.8690000000000001}
2022-03-09 14:11:32,551 INFO {'IoU.pl': 0.6177, 'IoU.pl_epo': 130, 'Acc.pl': 0.9025, 'Acc.pl_epo': 79, 'Fscore.pl': 0.7637, 'Fscore.pl_epo': 130, 'Precision.pl': 0.6920000000000001, 'Precision.pl_epo': 130, 'Recall.pl': 0.9025, 'Recall.pl_epo': 79}
2022-03-09 14:11:32,551 INFO training...
2022-03-09 14:16:23,481 INFO Epoch: [133/1000][280/281] Time 290.614 (avg: 147.016) Loss 0.003489 (avg: 0.001633) lr 1.620000e-04
2022-03-09 14:16:23,485 INFO testing...
2022-03-09 14:16:34,146 INFO {'aAcc': 0.9881, 'mIoU': 0.7890999999999999, 'mAcc': 0.9339, 'mFscore': 0.8682, 'mPrecision': 0.8205, 'mRecall': 0.9339, 'IoU.bg': 0.9879000000000001, 'IoU.pl': 0.5904, 'Acc.bg': 0.9903, 'Acc.pl': 0.8775, 'Fscore.bg': 0.9939, 'Fscore.pl': 0.7425, 'Precision.bg': 0.9975, 'Precision.pl': 0.6434000000000001, 'Recall.bg': 0.9903, 'Recall.pl': 0.8775}
2022-03-09 14:16:34,146 INFO {'IoU.pl': 0.6177, 'IoU.pl_epo': 130, 'Acc.pl': 0.9025, 'Acc.pl_epo': 79, 'Fscore.pl': 0.7637, 'Fscore.pl_epo': 130, 'Precision.pl': 0.6920000000000001, 'Precision.pl_epo': 130, 'Recall.pl': 0.9025, 'Recall.pl_epo': 79}
2022-03-09 14:16:34,146 INFO training...
2022-03-09 14:21:25,030 INFO Epoch: [134/1000][280/281] Time 290.654 (avg: 146.827) Loss 0.000750 (avg: 0.001563) lr 1.620000e-04
2022-03-09 14:21:25,037 INFO testing...
2022-03-09 14:21:35,148 INFO {'aAcc': 0.9883, 'mIoU': 0.7894, 'mAcc': 0.9253, 'mFscore': 0.8683, 'mPrecision': 0.8254, 'mRecall': 0.9253, 'IoU.bg': 0.9881, 'IoU.pl': 0.5906, 'Acc.bg': 0.9909, 'Acc.pl': 0.8598, 'Fscore.bg': 0.9940000000000001, 'Fscore.pl': 0.7426, 'Precision.bg': 0.9972, 'Precision.pl': 0.6536, 'Recall.bg': 0.9909, 'Recall.pl': 0.8598}
2022-03-09 14:21:35,149 INFO {'IoU.pl': 0.6177, 'IoU.pl_epo': 130, 'Acc.pl': 0.9025, 'Acc.pl_epo': 79, 'Fscore.pl': 0.7637, 'Fscore.pl_epo': 130, 'Precision.pl': 0.6920000000000001, 'Precision.pl_epo': 130, 'Recall.pl': 0.9025, 'Recall.pl_epo': 79}
2022-03-09 14:21:35,149 INFO training...
2022-03-09 14:26:25,116 INFO Epoch: [135/1000][280/281] Time 289.744 (avg: 146.464) Loss 0.001401 (avg: 0.001616) lr 1.620000e-04
2022-03-09 14:26:25,125 INFO testing...
2022-03-09 14:26:35,653 INFO {'aAcc': 0.9895999999999999, 'mIoU': 0.8028, 'mAcc': 0.9207, 'mFscore': 0.8786, 'mPrecision': 0.8445, 'mRecall': 0.9207, 'IoU.bg': 0.9895, 'IoU.pl': 0.6162, 'Acc.bg': 0.9924, 'Acc.pl': 0.8489, 'Fscore.bg': 0.9947, 'Fscore.pl': 0.7625, 'Precision.bg': 0.997, 'Precision.pl': 0.6920999999999999, 'Recall.bg': 0.9924, 'Recall.pl': 0.8489}
2022-03-09 14:26:35,654 INFO {'IoU.pl': 0.6177, 'IoU.pl_epo': 130, 'Acc.pl': 0.9025, 'Acc.pl_epo': 79, 'Fscore.pl': 0.7637, 'Fscore.pl_epo': 130, 'Precision.pl': 0.6920999999999999, 'Precision.pl_epo': 135, 'Recall.pl': 0.9025, 'Recall.pl_epo': 79}
2022-03-09 14:26:36,228 INFO training...
2022-03-09 14:31:25,006 INFO Epoch: [136/1000][280/281] Time 288.621 (avg: 146.286) Loss 0.002925 (avg: 0.001548) lr 1.620000e-04
2022-03-09 14:31:25,013 INFO testing...
2022-03-09 14:31:35,355 INFO {'aAcc': 0.9883, 'mIoU': 0.7918999999999999, 'mAcc': 0.9354, 'mFscore': 0.8703, 'mPrecision': 0.8229000000000001, 'mRecall': 0.9354, 'IoU.bg': 0.9881, 'IoU.pl': 0.5957, 'Acc.bg': 0.9904000000000001, 'Acc.pl': 0.8803, 'Fscore.bg': 0.9940000000000001, 'Fscore.pl': 0.7465999999999999, 'Precision.bg': 0.9976, 'Precision.pl': 0.6481999999999999, 'Recall.bg': 0.9904000000000001, 'Recall.pl': 0.8803}
2022-03-09 14:31:35,355 INFO {'IoU.pl': 0.6177, 'IoU.pl_epo': 130, 'Acc.pl': 0.9025, 'Acc.pl_epo': 79, 'Fscore.pl': 0.7637, 'Fscore.pl_epo': 130, 'Precision.pl': 0.6920999999999999, 'Precision.pl_epo': 135, 'Recall.pl': 0.9025, 'Recall.pl_epo': 79}
2022-03-09 14:31:35,355 INFO training...
2022-03-09 14:36:21,526 INFO Epoch: [137/1000][280/281] Time 285.954 (avg: 144.743) Loss 0.002507 (avg: 0.001532) lr 1.620000e-04
2022-03-09 14:36:21,532 INFO testing...
2022-03-09 14:36:31,755 INFO {'aAcc': 0.9887, 'mIoU': 0.7939, 'mAcc': 0.9248000000000001, 'mFscore': 0.8718, 'mPrecision': 0.8311, 'mRecall': 0.9248000000000001, 'IoU.bg': 0.9886, 'IoU.pl': 0.5992000000000001, 'Acc.bg': 0.9914000000000001, 'Acc.pl': 0.8582, 'Fscore.bg': 0.9942, 'Fscore.pl': 0.7494, 'Precision.bg': 0.9971, 'Precision.pl': 0.6651, 'Recall.bg': 0.9914000000000001, 'Recall.pl': 0.8582}
2022-03-09 14:36:31,755 INFO {'IoU.pl': 0.6177, 'IoU.pl_epo': 130, 'Acc.pl': 0.9025, 'Acc.pl_epo': 79, 'Fscore.pl': 0.7637, 'Fscore.pl_epo': 130, 'Precision.pl': 0.6920999999999999, 'Precision.pl_epo': 135, 'Recall.pl': 0.9025, 'Recall.pl_epo': 79}
2022-03-09 14:36:31,755 INFO training...
2022-03-09 14:41:18,341 INFO Epoch: [138/1000][280/281] Time 286.426 (avg: 144.417) Loss 0.000925 (avg: 0.001552) lr 1.620000e-04
2022-03-09 14:41:18,348 INFO testing...
2022-03-09 14:41:31,353 INFO {'aAcc': 0.9897, 'mIoU': 0.8049, 'mAcc': 0.9251999999999999, 'mFscore': 0.8802, 'mPrecision': 0.8441, 'mRecall': 0.9251999999999999, 'IoU.bg': 0.9895, 'IoU.pl': 0.6202000000000001, 'Acc.bg': 0.9923000000000001, 'Acc.pl': 0.8581, 'Fscore.bg': 0.9947, 'Fscore.pl': 0.7656000000000001, 'Precision.bg': 0.9971, 'Precision.pl': 0.6911, 'Recall.bg': 0.9923000000000001, 'Recall.pl': 0.8581}
2022-03-09 14:41:31,353 INFO {'IoU.pl': 0.6202000000000001, 'IoU.pl_epo': 138, 'Acc.pl': 0.9025, 'Acc.pl_epo': 79, 'Fscore.pl': 0.7656000000000001, 'Fscore.pl_epo': 138, 'Precision.pl': 0.6920999999999999, 'Precision.pl_epo': 135, 'Recall.pl': 0.9025, 'Recall.pl_epo': 79}
2022-03-09 14:41:31,788 INFO training...
2022-03-09 14:46:21,865 INFO Epoch: [139/1000][280/281] Time 289.928 (avg: 147.228) Loss 0.000717 (avg: 0.001488) lr 1.620000e-04
2022-03-09 14:46:21,871 INFO testing...
2022-03-09 14:46:34,158 INFO {'aAcc': 0.9887, 'mIoU': 0.7929999999999999, 'mAcc': 0.922, 'mFscore': 0.8711, 'mPrecision': 0.8316, 'mRecall': 0.922, 'IoU.bg': 0.9884999999999999, 'IoU.pl': 0.5974, 'Acc.bg': 0.9915, 'Acc.pl': 0.8525, 'Fscore.bg': 0.9942, 'Fscore.pl': 0.7479, 'Precision.bg': 0.997, 'Precision.pl': 0.6662, 'Recall.bg': 0.9915, 'Recall.pl': 0.8525}
2022-03-09 14:46:34,159 INFO {'IoU.pl': 0.6202000000000001, 'IoU.pl_epo': 138, 'Acc.pl': 0.9025, 'Acc.pl_epo': 79, 'Fscore.pl': 0.7656000000000001, 'Fscore.pl_epo': 138, 'Precision.pl': 0.6920999999999999, 'Precision.pl_epo': 135, 'Recall.pl': 0.9025, 'Recall.pl_epo': 79}
2022-03-09 14:46:34,159 INFO training...
2022-03-09 14:51:20,934 INFO Epoch: [140/1000][280/281] Time 286.600 (avg: 145.292) Loss 0.001090 (avg: 0.001609) lr 1.620000e-04
2022-03-09 14:51:20,939 INFO testing...
2022-03-09 14:51:32,459 INFO {'aAcc': 0.9890000000000001, 'mIoU': 0.7961, 'mAcc': 0.9240999999999999, 'mFscore': 0.8734999999999999, 'mPrecision': 0.8342, 'mRecall': 0.9240999999999999, 'IoU.bg': 0.9887999999999999, 'IoU.pl': 0.6033, 'Acc.bg': 0.9915999999999999, 'Acc.pl': 0.8565, 'Fscore.bg': 0.9944, 'Fscore.pl': 0.7526, 'Precision.bg': 0.9971, 'Precision.pl': 0.6712, 'Recall.bg': 0.9915999999999999, 'Recall.pl': 0.8565}
2022-03-09 14:51:32,459 INFO {'IoU.pl': 0.6202000000000001, 'IoU.pl_epo': 138, 'Acc.pl': 0.9025, 'Acc.pl_epo': 79, 'Fscore.pl': 0.7656000000000001, 'Fscore.pl_epo': 138, 'Precision.pl': 0.6920999999999999, 'Precision.pl_epo': 135, 'Recall.pl': 0.9025, 'Recall.pl_epo': 79}
2022-03-09 14:51:32,459 INFO training...
2022-03-09 14:56:20,340 INFO Epoch: [141/1000][280/281] Time 287.725 (avg: 145.260) Loss 0.000969 (avg: 0.001439) lr 1.620000e-04
2022-03-09 14:56:20,345 INFO testing...
2022-03-09 14:56:30,550 INFO {'aAcc': 0.9892, 'mIoU': 0.7981, 'mAcc': 0.9229, 'mFscore': 0.875, 'mPrecision': 0.8373, 'mRecall': 0.9229, 'IoU.bg': 0.9890000000000001, 'IoU.pl': 0.6071, 'Acc.bg': 0.9919, 'Acc.pl': 0.8540000000000001, 'Fscore.bg': 0.9945, 'Fscore.pl': 0.7555, 'Precision.bg': 0.9971, 'Precision.pl': 0.6775, 'Recall.bg': 0.9919, 'Recall.pl': 0.8540000000000001}
2022-03-09 14:56:30,551 INFO {'IoU.pl': 0.6202000000000001, 'IoU.pl_epo': 138, 'Acc.pl': 0.9025, 'Acc.pl_epo': 79, 'Fscore.pl': 0.7656000000000001, 'Fscore.pl_epo': 138, 'Precision.pl': 0.6920999999999999, 'Precision.pl_epo': 135, 'Recall.pl': 0.9025, 'Recall.pl_epo': 79}
2022-03-09 14:56:30,551 INFO training...
2022-03-09 15:01:16,535 INFO Epoch: [142/1000][280/281] Time 285.812 (avg: 144.379) Loss 0.001573 (avg: 0.001499) lr 1.620000e-04
2022-03-09 15:01:16,542 INFO testing...
2022-03-09 15:01:26,655 INFO {'aAcc': 0.9897, 'mIoU': 0.8047, 'mAcc': 0.9228000000000001, 'mFscore': 0.88, 'mPrecision': 0.8454999999999999, 'mRecall': 0.9228000000000001, 'IoU.bg': 0.9895999999999999, 'IoU.pl': 0.6198, 'Acc.bg': 0.9925, 'Acc.pl': 0.8531, 'Fscore.bg': 0.9948, 'Fscore.pl': 0.7653, 'Precision.bg': 0.997, 'Precision.pl': 0.6939, 'Recall.bg': 0.9925, 'Recall.pl': 0.8531}
2022-03-09 15:01:26,655 INFO {'IoU.pl': 0.6202000000000001, 'IoU.pl_epo': 138, 'Acc.pl': 0.9025, 'Acc.pl_epo': 79, 'Fscore.pl': 0.7656000000000001, 'Fscore.pl_epo': 138, 'Precision.pl': 0.6939, 'Precision.pl_epo': 142, 'Recall.pl': 0.9025, 'Recall.pl_epo': 79}
2022-03-09 15:01:27,149 INFO training...
2022-03-09 15:06:13,867 INFO Epoch: [143/1000][280/281] Time 286.553 (avg: 144.914) Loss 0.001686 (avg: 0.001483) lr 1.620000e-04
2022-03-09 15:06:13,874 INFO testing...
2022-03-09 15:06:24,450 INFO {'aAcc': 0.9887, 'mIoU': 0.7945, 'mAcc': 0.9283, 'mFscore': 0.8723000000000001, 'mPrecision': 0.8298000000000001, 'mRecall': 0.9283, 'IoU.bg': 0.9884999999999999, 'IoU.pl': 0.6004, 'Acc.bg': 0.9912000000000001, 'Acc.pl': 0.8653, 'Fscore.bg': 0.9942, 'Fscore.pl': 0.7503, 'Precision.bg': 0.9973000000000001, 'Precision.pl': 0.6623, 'Recall.bg': 0.9912000000000001, 'Recall.pl': 0.8653}
2022-03-09 15:06:24,451 INFO {'IoU.pl': 0.6202000000000001, 'IoU.pl_epo': 138, 'Acc.pl': 0.9025, 'Acc.pl_epo': 79, 'Fscore.pl': 0.7656000000000001, 'Fscore.pl_epo': 138, 'Precision.pl': 0.6939, 'Precision.pl_epo': 142, 'Recall.pl': 0.9025, 'Recall.pl_epo': 79}
2022-03-09 15:06:24,451 INFO training...
2022-03-09 15:11:11,811 INFO Epoch: [144/1000][280/281] Time 287.123 (avg: 144.763) Loss 0.001560 (avg: 0.001445) lr 1.620000e-04
2022-03-09 15:11:11,816 INFO testing...
2022-03-09 15:11:23,551 INFO {'aAcc': 0.9892, 'mIoU': 0.7964, 'mAcc': 0.9144, 'mFscore': 0.8737, 'mPrecision': 0.8406, 'mRecall': 0.9144, 'IoU.bg': 0.9891, 'IoU.pl': 0.6037, 'Acc.bg': 0.9923000000000001, 'Acc.pl': 0.8364, 'Fscore.bg': 0.9945, 'Fscore.pl': 0.7529, 'Precision.bg': 0.9967, 'Precision.pl': 0.6845, 'Recall.bg': 0.9923000000000001, 'Recall.pl': 0.8364}
2022-03-09 15:11:23,552 INFO {'IoU.pl': 0.6202000000000001, 'IoU.pl_epo': 138, 'Acc.pl': 0.9025, 'Acc.pl_epo': 79, 'Fscore.pl': 0.7656000000000001, 'Fscore.pl_epo': 138, 'Precision.pl': 0.6939, 'Precision.pl_epo': 142, 'Recall.pl': 0.9025, 'Recall.pl_epo': 79}
2022-03-09 15:11:23,552 INFO training...
2022-03-09 15:16:14,684 INFO Epoch: [145/1000][280/281] Time 290.964 (avg: 147.046) Loss 0.002136 (avg: 0.001465) lr 1.620000e-04
2022-03-09 15:16:14,689 INFO testing...
2022-03-09 15:16:25,259 INFO {'aAcc': 0.99, 'mIoU': 0.8051, 'mAcc': 0.9126000000000001, 'mFscore': 0.8803, 'mPrecision': 0.8529000000000001, 'mRecall': 0.9126000000000001, 'IoU.bg': 0.9899, 'IoU.pl': 0.6203, 'Acc.bg': 0.9932, 'Acc.pl': 0.8319, 'Fscore.bg': 0.9948999999999999, 'Fscore.pl': 0.7656999999999999, 'Precision.bg': 0.9965999999999999, 'Precision.pl': 0.7092, 'Recall.bg': 0.9932, 'Recall.pl': 0.8319}
2022-03-09 15:16:25,259 INFO {'IoU.pl': 0.6203, 'IoU.pl_epo': 145, 'Acc.pl': 0.9025, 'Acc.pl_epo': 79, 'Fscore.pl': 0.7656999999999999, 'Fscore.pl_epo': 145, 'Precision.pl': 0.7092, 'Precision.pl_epo': 145, 'Recall.pl': 0.9025, 'Recall.pl_epo': 79}
2022-03-09 15:16:25,790 INFO training...
2022-03-09 15:21:13,240 INFO Epoch: [146/1000][280/281] Time 287.273 (avg: 145.218) Loss 0.002564 (avg: 0.001426) lr 1.620000e-04
2022-03-09 15:21:13,244 INFO testing...
2022-03-09 15:21:27,145 INFO {'aAcc': 0.9899, 'mIoU': 0.8055, 'mAcc': 0.9195, 'mFscore': 0.8806, 'mPrecision': 0.8486, 'mRecall': 0.9195, 'IoU.bg': 0.9897, 'IoU.pl': 0.6213000000000001, 'Acc.bg': 0.9928, 'Acc.pl': 0.8462999999999999, 'Fscore.bg': 0.9948, 'Fscore.pl': 0.7664, 'Precision.bg': 0.9969, 'Precision.pl': 0.7004, 'Recall.bg': 0.9928, 'Recall.pl': 0.8462999999999999}
2022-03-09 15:21:27,146 INFO {'IoU.pl': 0.6213000000000001, 'IoU.pl_epo': 146, 'Acc.pl': 0.9025, 'Acc.pl_epo': 79, 'Fscore.pl': 0.7664, 'Fscore.pl_epo': 146, 'Precision.pl': 0.7092, 'Precision.pl_epo': 145, 'Recall.pl': 0.9025, 'Recall.pl_epo': 79}
2022-03-09 15:21:27,602 INFO training...
2022-03-09 15:26:13,958 INFO Epoch: [147/1000][280/281] Time 286.195 (avg: 144.399) Loss 0.000815 (avg: 0.001469) lr 1.620000e-04
2022-03-09 15:26:13,963 INFO testing...
2022-03-09 15:26:24,940 INFO {'aAcc': 0.9895, 'mIoU': 0.8007, 'mAcc': 0.9183, 'mFscore': 0.877, 'mPrecision': 0.8434999999999999, 'mRecall': 0.9183, 'IoU.bg': 0.9893000000000001, 'IoU.pl': 0.6121, 'Acc.bg': 0.9924, 'Acc.pl': 0.8442000000000001, 'Fscore.bg': 0.9945999999999999, 'Fscore.pl': 0.7594, 'Precision.bg': 0.9969, 'Precision.pl': 0.69, 'Recall.bg': 0.9924, 'Recall.pl': 0.8442000000000001}
2022-03-09 15:26:24,940 INFO {'IoU.pl': 0.6213000000000001, 'IoU.pl_epo': 146, 'Acc.pl': 0.9025, 'Acc.pl_epo': 79, 'Fscore.pl': 0.7664, 'Fscore.pl_epo': 146, 'Precision.pl': 0.7092, 'Precision.pl_epo': 145, 'Recall.pl': 0.9025, 'Recall.pl_epo': 79}
2022-03-09 15:26:24,940 INFO training...
2022-03-09 15:31:12,360 INFO Epoch: [148/1000][280/281] Time 287.262 (avg: 144.758) Loss 0.001567 (avg: 0.001389) lr 1.620000e-04
2022-03-09 15:31:12,367 INFO testing...
2022-03-09 15:31:23,139 INFO {'aAcc': 0.9897, 'mIoU': 0.8034, 'mAcc': 0.9187000000000001, 'mFscore': 0.879, 'mPrecision': 0.8465, 'mRecall': 0.9187000000000001, 'IoU.bg': 0.9895999999999999, 'IoU.pl': 0.6172, 'Acc.bg': 0.9926, 'Acc.pl': 0.8447, 'Fscore.bg': 0.9948, 'Fscore.pl': 0.7633, 'Precision.bg': 0.9969, 'Precision.pl': 0.6962, 'Recall.bg': 0.9926, 'Recall.pl': 0.8447}
2022-03-09 15:31:23,140 INFO {'IoU.pl': 0.6213000000000001, 'IoU.pl_epo': 146, 'Acc.pl': 0.9025, 'Acc.pl_epo': 79, 'Fscore.pl': 0.7664, 'Fscore.pl_epo': 146, 'Precision.pl': 0.7092, 'Precision.pl_epo': 145, 'Recall.pl': 0.9025, 'Recall.pl_epo': 79}
2022-03-09 15:31:23,140 INFO training...
