2022-01-19 09:12:34,887 INFO Called with args:
2022-01-19 09:12:34,887 INFO batch_size      | 8
2022-01-19 09:12:34,887 INFO lr              | 0.1
2022-01-19 09:12:34,887 INFO momentum        | 0.9
2022-01-19 09:12:34,887 INFO weight_decay    | 0.0002
2022-01-19 09:12:34,887 INFO stepsize        | 25
2022-01-19 09:12:34,887 INFO gamma           | 0.5
2022-01-19 09:12:34,887 INFO max_epoch       | 1000
2022-01-19 09:12:34,887 INFO iter_size       | 2
2022-01-19 09:12:34,888 INFO start_epoch     | 0
2022-01-19 09:12:34,888 INFO print_freq      | 500
2022-01-19 09:12:34,888 INFO gpu             | 0
2022-01-19 09:12:34,888 INFO resume          | None
2022-01-19 09:12:34,888 INFO save_dir        | results/RCF20220119_0912-bs8-lr0.1
2022-01-19 09:12:34,888 INFO dataset         | data
2022-01-19 09:12:41,542 INFO Performing initial testing...
2022-01-19 09:13:45,240 INFO Epoch: [1/1000][139/140] Time 0.425 (avg: 0.454) Loss 262034.156250 (avg: 1209097.311663) lr 1.000000e-01
2022-01-19 09:14:13,520 INFO {'aAcc': 0.8090999999999999, 'mIoU': 0.43979999999999997, 'mAcc': 0.8101999999999999, 'mFscore': 0.5147999999999999, 'mPrecision': 0.5352, 'mRecall': 0.8101999999999999, 'IoU.bg': 0.8061, 'IoU.pl': 0.0735, 'Acc.bg': 0.809, 'Acc.pl': 0.8112999999999999, 'Fscore.bg': 0.8926999999999999, 'Fscore.pl': 0.13699999999999998, 'Precision.bg': 0.9956, 'Precision.pl': 0.0748, 'Recall.bg': 0.809, 'Recall.pl': 0.8112999999999999}
2022-01-19 09:14:13,520 INFO {'IoU.pl': 0.0735, 'IoU.pl_epo': 1, 'Acc.pl': 0.8112999999999999, 'Acc.pl_epo': 1, 'Fscore.pl': 0.13699999999999998, 'Fscore.pl_epo': 1, 'Precision.pl': 0.0748, 'Precision.pl_epo': 1, 'Recall.pl': 0.8112999999999999, 'Recall.pl_epo': 1}
2022-01-19 09:14:13,758 INFO Performing initial testing...
2022-01-19 09:15:17,047 INFO Epoch: [2/1000][139/140] Time 0.428 (avg: 0.451) Loss 153156.421875 (avg: 194213.725781) lr 1.000000e-01
2022-01-19 09:15:38,332 INFO {'aAcc': 0.9007999999999999, 'mIoU': 0.5081, 'mAcc': 0.8029999999999999, 'mFscore': 0.578, 'mPrecision': 0.5583, 'mRecall': 0.8029999999999999, 'IoU.bg': 0.8995000000000001, 'IoU.pl': 0.1167, 'Acc.bg': 0.9046, 'Acc.pl': 0.7012999999999999, 'Fscore.bg': 0.9470999999999999, 'Fscore.pl': 0.209, 'Precision.bg': 0.9937999999999999, 'Precision.pl': 0.12279999999999999, 'Recall.bg': 0.9046, 'Recall.pl': 0.7012999999999999}
2022-01-19 09:15:38,334 INFO {'IoU.pl': 0.1167, 'IoU.pl_epo': 2, 'Acc.pl': 0.8112999999999999, 'Acc.pl_epo': 1, 'Fscore.pl': 0.209, 'Fscore.pl_epo': 2, 'Precision.pl': 0.12279999999999999, 'Precision.pl_epo': 2, 'Recall.pl': 0.8112999999999999, 'Recall.pl_epo': 1}
2022-01-19 09:15:38,523 INFO Performing initial testing...
2022-01-19 09:16:41,822 INFO Epoch: [3/1000][139/140] Time 0.423 (avg: 0.451) Loss 154051.531250 (avg: 139209.500893) lr 1.000000e-01
2022-01-19 09:17:03,930 INFO {'aAcc': 0.8885, 'mIoU': 0.5065999999999999, 'mAcc': 0.8768, 'mFscore': 0.5822999999999999, 'mPrecision': 0.5631, 'mRecall': 0.8768, 'IoU.bg': 0.8867, 'IoU.pl': 0.1265, 'Acc.bg': 0.889, 'Acc.pl': 0.8645, 'Fscore.bg': 0.94, 'Fscore.pl': 0.22469999999999998, 'Precision.bg': 0.9971, 'Precision.pl': 0.1291, 'Recall.bg': 0.889, 'Recall.pl': 0.8645}
2022-01-19 09:17:03,932 INFO {'IoU.pl': 0.1265, 'IoU.pl_epo': 3, 'Acc.pl': 0.8645, 'Acc.pl_epo': 3, 'Fscore.pl': 0.22469999999999998, 'Fscore.pl_epo': 3, 'Precision.pl': 0.1291, 'Precision.pl_epo': 3, 'Recall.pl': 0.8645, 'Recall.pl_epo': 3}
2022-01-19 09:17:04,160 INFO Performing initial testing...
2022-01-19 09:18:07,474 INFO Epoch: [4/1000][139/140] Time 0.424 (avg: 0.451) Loss 85545.242188 (avg: 118429.484375) lr 1.000000e-01
2022-01-19 09:18:28,534 INFO {'aAcc': 0.9138, 'mIoU': 0.534, 'mAcc': 0.8831, 'mFscore': 0.6118, 'mPrecision': 0.5785, 'mRecall': 0.8831, 'IoU.bg': 0.9124, 'IoU.pl': 0.1557, 'Acc.bg': 0.9148999999999999, 'Acc.pl': 0.8513, 'Fscore.bg': 0.9542, 'Fscore.pl': 0.26940000000000003, 'Precision.bg': 0.9969, 'Precision.pl': 0.16, 'Recall.bg': 0.9148999999999999, 'Recall.pl': 0.8513}
2022-01-19 09:18:28,534 INFO {'IoU.pl': 0.1557, 'IoU.pl_epo': 4, 'Acc.pl': 0.8645, 'Acc.pl_epo': 3, 'Fscore.pl': 0.26940000000000003, 'Fscore.pl_epo': 4, 'Precision.pl': 0.16, 'Precision.pl_epo': 4, 'Recall.pl': 0.8645, 'Recall.pl_epo': 3}
2022-01-19 09:18:28,862 INFO Performing initial testing...
2022-01-19 09:19:32,135 INFO Epoch: [5/1000][139/140] Time 0.424 (avg: 0.451) Loss 106115.875000 (avg: 107695.383510) lr 1.000000e-01
2022-01-19 09:19:52,430 INFO {'aAcc': 0.8876999999999999, 'mIoU': 0.5085999999999999, 'mAcc': 0.8989, 'mFscore': 0.5859000000000001, 'mPrecision': 0.5657, 'mRecall': 0.8989, 'IoU.bg': 0.8856999999999999, 'IoU.pl': 0.1315, 'Acc.bg': 0.8873000000000001, 'Acc.pl': 0.9105, 'Fscore.bg': 0.9394, 'Fscore.pl': 0.2324, 'Precision.bg': 0.9981, 'Precision.pl': 0.1332, 'Recall.bg': 0.8873000000000001, 'Recall.pl': 0.9105}
2022-01-19 09:19:52,431 INFO {'IoU.pl': 0.1557, 'IoU.pl_epo': 4, 'Acc.pl': 0.9105, 'Acc.pl_epo': 5, 'Fscore.pl': 0.26940000000000003, 'Fscore.pl_epo': 4, 'Precision.pl': 0.16, 'Precision.pl_epo': 4, 'Recall.pl': 0.9105, 'Recall.pl_epo': 5}
2022-01-19 09:19:52,736 INFO Performing initial testing...
2022-01-19 09:20:56,146 INFO Epoch: [6/1000][139/140] Time 0.426 (avg: 0.452) Loss 93931.046875 (avg: 97115.411914) lr 1.000000e-01
2022-01-19 09:21:17,329 INFO {'aAcc': 0.9089, 'mIoU': 0.5282, 'mAcc': 0.8820999999999999, 'mFscore': 0.6053999999999999, 'mPrecision': 0.5749, 'mRecall': 0.8820999999999999, 'IoU.bg': 0.9074, 'IoU.pl': 0.149, 'Acc.bg': 0.9098999999999999, 'Acc.pl': 0.8543000000000001, 'Fscore.bg': 0.9515, 'Fscore.pl': 0.2594, 'Precision.bg': 0.997, 'Precision.pl': 0.15289999999999998, 'Recall.bg': 0.9098999999999999, 'Recall.pl': 0.8543000000000001}
2022-01-19 09:21:17,330 INFO {'IoU.pl': 0.1557, 'IoU.pl_epo': 4, 'Acc.pl': 0.9105, 'Acc.pl_epo': 5, 'Fscore.pl': 0.26940000000000003, 'Fscore.pl_epo': 4, 'Precision.pl': 0.16, 'Precision.pl_epo': 4, 'Recall.pl': 0.9105, 'Recall.pl_epo': 5}
2022-01-19 09:21:17,330 INFO Performing initial testing...
2022-01-19 09:22:20,449 INFO Epoch: [7/1000][139/140] Time 0.425 (avg: 0.450) Loss 126731.070312 (avg: 86226.546066) lr 1.000000e-01
2022-01-19 09:22:44,434 INFO {'aAcc': 0.9055, 'mIoU': 0.5274, 'mAcc': 0.9029, 'mFscore': 0.606, 'mPrecision': 0.5758, 'mRecall': 0.9029, 'IoU.bg': 0.9039, 'IoU.pl': 0.151, 'Acc.bg': 0.9056000000000001, 'Acc.pl': 0.9002, 'Fscore.bg': 0.9495, 'Fscore.pl': 0.26239999999999997, 'Precision.bg': 0.9979, 'Precision.pl': 0.1536, 'Recall.bg': 0.9056000000000001, 'Recall.pl': 0.9002}
2022-01-19 09:22:44,435 INFO {'IoU.pl': 0.1557, 'IoU.pl_epo': 4, 'Acc.pl': 0.9105, 'Acc.pl_epo': 5, 'Fscore.pl': 0.26940000000000003, 'Fscore.pl_epo': 4, 'Precision.pl': 0.16, 'Precision.pl_epo': 4, 'Recall.pl': 0.9105, 'Recall.pl_epo': 5}
2022-01-19 09:22:44,511 INFO Performing initial testing...
2022-01-19 09:23:47,682 INFO Epoch: [8/1000][139/140] Time 0.424 (avg: 0.450) Loss 117735.242188 (avg: 80958.697154) lr 1.000000e-01
2022-01-19 09:24:07,913 INFO {'aAcc': 0.9368000000000001, 'mIoU': 0.5702, 'mAcc': 0.9043000000000001, 'mFscore': 0.6533, 'mPrecision': 0.6042000000000001, 'mRecall': 0.9043000000000001, 'IoU.bg': 0.9358, 'IoU.pl': 0.2047, 'Acc.bg': 0.9381, 'Acc.pl': 0.8704999999999999, 'Fscore.bg': 0.9668000000000001, 'Fscore.pl': 0.3398, 'Precision.bg': 0.9974, 'Precision.pl': 0.21109999999999998, 'Recall.bg': 0.9381, 'Recall.pl': 0.8704999999999999}
2022-01-19 09:24:07,914 INFO {'IoU.pl': 0.2047, 'IoU.pl_epo': 8, 'Acc.pl': 0.9105, 'Acc.pl_epo': 5, 'Fscore.pl': 0.3398, 'Fscore.pl_epo': 8, 'Precision.pl': 0.21109999999999998, 'Precision.pl_epo': 8, 'Recall.pl': 0.9105, 'Recall.pl_epo': 5}
2022-01-19 09:24:08,137 INFO Performing initial testing...
2022-01-19 09:25:11,264 INFO Epoch: [9/1000][139/140] Time 0.427 (avg: 0.450) Loss 66634.812500 (avg: 75409.434626) lr 1.000000e-01
2022-01-19 09:25:38,921 INFO {'aAcc': 0.9188, 'mIoU': 0.5467, 'mAcc': 0.9231999999999999, 'mFscore': 0.6281, 'mPrecision': 0.5884, 'mRecall': 0.9231999999999999, 'IoU.bg': 0.9174, 'IoU.pl': 0.17600000000000002, 'Acc.bg': 0.9187000000000001, 'Acc.pl': 0.9278, 'Fscore.bg': 0.9569, 'Fscore.pl': 0.2992, 'Precision.bg': 0.9984999999999999, 'Precision.pl': 0.1784, 'Recall.bg': 0.9187000000000001, 'Recall.pl': 0.9278}
2022-01-19 09:25:38,921 INFO {'IoU.pl': 0.2047, 'IoU.pl_epo': 8, 'Acc.pl': 0.9278, 'Acc.pl_epo': 9, 'Fscore.pl': 0.3398, 'Fscore.pl_epo': 8, 'Precision.pl': 0.21109999999999998, 'Precision.pl_epo': 8, 'Recall.pl': 0.9278, 'Recall.pl_epo': 9}
2022-01-19 09:25:39,161 INFO Performing initial testing...
2022-01-19 09:26:42,365 INFO Epoch: [10/1000][139/140] Time 0.422 (avg: 0.451) Loss 47024.859375 (avg: 71810.044727) lr 1.000000e-01
2022-01-19 09:27:04,832 INFO {'aAcc': 0.9460999999999999, 'mIoU': 0.5901, 'mAcc': 0.9166, 'mFscore': 0.6761, 'mPrecision': 0.62, 'mRecall': 0.9166, 'IoU.bg': 0.9451999999999999, 'IoU.pl': 0.2349, 'Acc.bg': 0.9472, 'Acc.pl': 0.8861, 'Fscore.bg': 0.9718000000000001, 'Fscore.pl': 0.38049999999999995, 'Precision.bg': 0.9976999999999999, 'Precision.pl': 0.2422, 'Recall.bg': 0.9472, 'Recall.pl': 0.8861}
2022-01-19 09:27:04,833 INFO {'IoU.pl': 0.2349, 'IoU.pl_epo': 10, 'Acc.pl': 0.9278, 'Acc.pl_epo': 9, 'Fscore.pl': 0.38049999999999995, 'Fscore.pl_epo': 10, 'Precision.pl': 0.2422, 'Precision.pl_epo': 10, 'Recall.pl': 0.9278, 'Recall.pl_epo': 9}
2022-01-19 09:27:05,093 INFO Performing initial testing...
2022-01-19 09:28:08,271 INFO Epoch: [11/1000][139/140] Time 0.422 (avg: 0.450) Loss 75987.468750 (avg: 69915.149079) lr 1.000000e-01
2022-01-19 09:28:28,223 INFO {'aAcc': 0.9478, 'mIoU': 0.5947, 'mAcc': 0.9223, 'mFscore': 0.6816, 'mPrecision': 0.6238, 'mRecall': 0.9223, 'IoU.bg': 0.9469, 'IoU.pl': 0.2426, 'Acc.bg': 0.9487000000000001, 'Acc.pl': 0.8959, 'Fscore.bg': 0.9727, 'Fscore.pl': 0.39049999999999996, 'Precision.bg': 0.9979, 'Precision.pl': 0.24969999999999998, 'Recall.bg': 0.9487000000000001, 'Recall.pl': 0.8959}
2022-01-19 09:28:28,224 INFO {'IoU.pl': 0.2426, 'IoU.pl_epo': 11, 'Acc.pl': 0.9278, 'Acc.pl_epo': 9, 'Fscore.pl': 0.39049999999999996, 'Fscore.pl_epo': 11, 'Precision.pl': 0.24969999999999998, 'Precision.pl_epo': 11, 'Recall.pl': 0.9278, 'Recall.pl_epo': 9}
2022-01-19 09:28:28,456 INFO Performing initial testing...
2022-01-19 09:29:31,605 INFO Epoch: [12/1000][139/140] Time 0.423 (avg: 0.450) Loss 60691.687500 (avg: 68395.772684) lr 1.000000e-01
2022-01-19 09:29:52,129 INFO {'aAcc': 0.5815, 'mIoU': 0.3069, 'mAcc': 0.7511, 'mFscore': 0.4029, 'mPrecision': 0.5186999999999999, 'mRecall': 0.7511, 'IoU.bg': 0.5740999999999999, 'IoU.pl': 0.0397, 'Acc.bg': 0.5749, 'Acc.pl': 0.9272, 'Fscore.bg': 0.7295, 'Fscore.pl': 0.0764, 'Precision.bg': 0.9976, 'Precision.pl': 0.039900000000000005, 'Recall.bg': 0.5749, 'Recall.pl': 0.9272}
2022-01-19 09:29:52,130 INFO {'IoU.pl': 0.2426, 'IoU.pl_epo': 11, 'Acc.pl': 0.9278, 'Acc.pl_epo': 9, 'Fscore.pl': 0.39049999999999996, 'Fscore.pl_epo': 11, 'Precision.pl': 0.24969999999999998, 'Precision.pl_epo': 11, 'Recall.pl': 0.9278, 'Recall.pl_epo': 9}
2022-01-19 09:29:52,130 INFO Performing initial testing...
2022-01-19 09:30:55,149 INFO Epoch: [13/1000][139/140] Time 0.423 (avg: 0.449) Loss 72906.414062 (avg: 70731.750502) lr 1.000000e-01
2022-01-19 09:31:18,229 INFO {'aAcc': 0.8845999999999999, 'mIoU': 0.5036999999999999, 'mAcc': 0.8822, 'mFscore': 0.5797, 'mPrecision': 0.5621, 'mRecall': 0.8822, 'IoU.bg': 0.8826999999999999, 'IoU.pl': 0.1247, 'Acc.bg': 0.8847, 'Acc.pl': 0.8795999999999999, 'Fscore.bg': 0.9377, 'Fscore.pl': 0.2217, 'Precision.bg': 0.9974, 'Precision.pl': 0.1268, 'Recall.bg': 0.8847, 'Recall.pl': 0.8795999999999999}
2022-01-19 09:31:18,230 INFO {'IoU.pl': 0.2426, 'IoU.pl_epo': 11, 'Acc.pl': 0.9278, 'Acc.pl_epo': 9, 'Fscore.pl': 0.39049999999999996, 'Fscore.pl_epo': 11, 'Precision.pl': 0.24969999999999998, 'Precision.pl_epo': 11, 'Recall.pl': 0.9278, 'Recall.pl_epo': 9}
2022-01-19 09:31:18,230 INFO Performing initial testing...
2022-01-19 09:32:21,091 INFO Epoch: [14/1000][139/140] Time 0.421 (avg: 0.448) Loss 68755.218750 (avg: 69345.072698) lr 1.000000e-01
2022-01-19 09:32:43,133 INFO {'aAcc': 0.9309999999999999, 'mIoU': 0.5643, 'mAcc': 0.9246, 'mFscore': 0.6476999999999999, 'mPrecision': 0.6004, 'mRecall': 0.9246, 'IoU.bg': 0.9297, 'IoU.pl': 0.1989, 'Acc.bg': 0.9312, 'Acc.pl': 0.9179999999999999, 'Fscore.bg': 0.9636, 'Fscore.pl': 0.3318, 'Precision.bg': 0.9983, 'Precision.pl': 0.2025, 'Recall.bg': 0.9312, 'Recall.pl': 0.9179999999999999}
2022-01-19 09:32:43,133 INFO {'IoU.pl': 0.2426, 'IoU.pl_epo': 11, 'Acc.pl': 0.9278, 'Acc.pl_epo': 9, 'Fscore.pl': 0.39049999999999996, 'Fscore.pl_epo': 11, 'Precision.pl': 0.24969999999999998, 'Precision.pl_epo': 11, 'Recall.pl': 0.9278, 'Recall.pl_epo': 9}
2022-01-19 09:32:43,134 INFO Performing initial testing...
2022-01-19 09:33:46,465 INFO Epoch: [15/1000][139/140] Time 0.423 (avg: 0.451) Loss 49886.335938 (avg: 67211.430329) lr 1.000000e-01
2022-01-19 09:34:12,719 INFO {'aAcc': 0.9372, 'mIoU': 0.575, 'mAcc': 0.9265000000000001, 'mFscore': 0.6597, 'mPrecision': 0.6083, 'mRecall': 0.9265000000000001, 'IoU.bg': 0.9361, 'IoU.pl': 0.2139, 'Acc.bg': 0.9376000000000001, 'Acc.pl': 0.9155, 'Fscore.bg': 0.9670000000000001, 'Fscore.pl': 0.3525, 'Precision.bg': 0.9983, 'Precision.pl': 0.2183, 'Recall.bg': 0.9376000000000001, 'Recall.pl': 0.9155}
2022-01-19 09:34:12,720 INFO {'IoU.pl': 0.2426, 'IoU.pl_epo': 11, 'Acc.pl': 0.9278, 'Acc.pl_epo': 9, 'Fscore.pl': 0.39049999999999996, 'Fscore.pl_epo': 11, 'Precision.pl': 0.24969999999999998, 'Precision.pl_epo': 11, 'Recall.pl': 0.9278, 'Recall.pl_epo': 9}
2022-01-19 09:34:12,720 INFO Performing initial testing...
2022-01-19 09:35:15,606 INFO Epoch: [16/1000][139/140] Time 0.423 (avg: 0.448) Loss 62717.445312 (avg: 68189.086244) lr 1.000000e-01
2022-01-19 09:35:40,021 INFO {'aAcc': 0.9416, 'mIoU': 0.5809000000000001, 'mAcc': 0.9155, 'mFscore': 0.6658, 'mPrecision': 0.6126, 'mRecall': 0.9155, 'IoU.bg': 0.9406, 'IoU.pl': 0.2212, 'Acc.bg': 0.9426000000000001, 'Acc.pl': 0.8885, 'Fscore.bg': 0.9693999999999999, 'Fscore.pl': 0.36229999999999996, 'Precision.bg': 0.9978, 'Precision.pl': 0.2275, 'Recall.bg': 0.9426000000000001, 'Recall.pl': 0.8885}
2022-01-19 09:35:40,022 INFO {'IoU.pl': 0.2426, 'IoU.pl_epo': 11, 'Acc.pl': 0.9278, 'Acc.pl_epo': 9, 'Fscore.pl': 0.39049999999999996, 'Fscore.pl_epo': 11, 'Precision.pl': 0.24969999999999998, 'Precision.pl_epo': 11, 'Recall.pl': 0.9278, 'Recall.pl_epo': 9}
2022-01-19 09:35:40,022 INFO Performing initial testing...
2022-01-19 09:36:42,910 INFO Epoch: [17/1000][139/140] Time 0.425 (avg: 0.448) Loss 74267.906250 (avg: 73045.288477) lr 1.000000e-01
2022-01-19 09:37:03,433 INFO {'aAcc': 0.9348000000000001, 'mIoU': 0.5713, 'mAcc': 0.9281, 'mFscore': 0.6556000000000001, 'mPrecision': 0.6054999999999999, 'mRecall': 0.9281, 'IoU.bg': 0.9337000000000001, 'IoU.pl': 0.2089, 'Acc.bg': 0.9351, 'Acc.pl': 0.9209999999999999, 'Fscore.bg': 0.9656999999999999, 'Fscore.pl': 0.3456, 'Precision.bg': 0.9984000000000001, 'Precision.pl': 0.2127, 'Recall.bg': 0.9351, 'Recall.pl': 0.9209999999999999}
2022-01-19 09:37:03,434 INFO {'IoU.pl': 0.2426, 'IoU.pl_epo': 11, 'Acc.pl': 0.9278, 'Acc.pl_epo': 9, 'Fscore.pl': 0.39049999999999996, 'Fscore.pl_epo': 11, 'Precision.pl': 0.24969999999999998, 'Precision.pl_epo': 11, 'Recall.pl': 0.9278, 'Recall.pl_epo': 9}
2022-01-19 09:37:03,434 INFO Performing initial testing...
2022-01-19 09:38:06,319 INFO Epoch: [18/1000][139/140] Time 0.422 (avg: 0.448) Loss 51383.742188 (avg: 66580.521429) lr 1.000000e-01
2022-01-19 09:38:27,830 INFO {'aAcc': 0.8909, 'mIoU': 0.5154, 'mAcc': 0.9278, 'mFscore': 0.5949, 'mPrecision': 0.5710000000000001, 'mRecall': 0.9278, 'IoU.bg': 0.8889, 'IoU.pl': 0.142, 'Acc.bg': 0.8895000000000001, 'Acc.pl': 0.9662000000000001, 'Fscore.bg': 0.9412, 'Fscore.pl': 0.2486, 'Precision.bg': 0.9993000000000001, 'Precision.pl': 0.1427, 'Recall.bg': 0.8895000000000001, 'Recall.pl': 0.9662000000000001}
2022-01-19 09:38:27,831 INFO {'IoU.pl': 0.2426, 'IoU.pl_epo': 11, 'Acc.pl': 0.9662000000000001, 'Acc.pl_epo': 18, 'Fscore.pl': 0.39049999999999996, 'Fscore.pl_epo': 11, 'Precision.pl': 0.24969999999999998, 'Precision.pl_epo': 11, 'Recall.pl': 0.9662000000000001, 'Recall.pl_epo': 18}
2022-01-19 09:38:28,131 INFO Performing initial testing...
2022-01-19 09:39:31,011 INFO Epoch: [19/1000][139/140] Time 0.420 (avg: 0.448) Loss 85653.414062 (avg: 61970.045884) lr 1.000000e-01
2022-01-19 09:39:51,335 INFO {'aAcc': 0.9290999999999999, 'mIoU': 0.5631, 'mAcc': 0.9340999999999999, 'mFscore': 0.6468, 'mPrecision': 0.5998, 'mRecall': 0.9340999999999999, 'IoU.bg': 0.9278, 'IoU.pl': 0.1984, 'Acc.bg': 0.9289000000000001, 'Acc.pl': 0.9392, 'Fscore.bg': 0.9626, 'Fscore.pl': 0.331, 'Precision.bg': 0.9987999999999999, 'Precision.pl': 0.2009, 'Recall.bg': 0.9289000000000001, 'Recall.pl': 0.9392}
2022-01-19 09:39:51,411 INFO {'IoU.pl': 0.2426, 'IoU.pl_epo': 11, 'Acc.pl': 0.9662000000000001, 'Acc.pl_epo': 18, 'Fscore.pl': 0.39049999999999996, 'Fscore.pl_epo': 11, 'Precision.pl': 0.24969999999999998, 'Precision.pl_epo': 11, 'Recall.pl': 0.9662000000000001, 'Recall.pl_epo': 18}
2022-01-19 09:39:51,411 INFO Performing initial testing...
2022-01-19 09:40:54,406 INFO Epoch: [20/1000][139/140] Time 0.421 (avg: 0.449) Loss 35229.054688 (avg: 61523.011677) lr 1.000000e-01
2022-01-19 09:41:15,623 INFO {'aAcc': 0.9307, 'mIoU': 0.5631, 'mAcc': 0.9201, 'mFscore': 0.6461, 'mPrecision': 0.5993999999999999, 'mRecall': 0.9201, 'IoU.bg': 0.9295, 'IoU.pl': 0.1967, 'Acc.bg': 0.9311, 'Acc.pl': 0.9091, 'Fscore.bg': 0.9634, 'Fscore.pl': 0.3287, 'Precision.bg': 0.9981, 'Precision.pl': 0.2006, 'Recall.bg': 0.9311, 'Recall.pl': 0.9091}
2022-01-19 09:41:15,624 INFO {'IoU.pl': 0.2426, 'IoU.pl_epo': 11, 'Acc.pl': 0.9662000000000001, 'Acc.pl_epo': 18, 'Fscore.pl': 0.39049999999999996, 'Fscore.pl_epo': 11, 'Precision.pl': 0.24969999999999998, 'Precision.pl_epo': 11, 'Recall.pl': 0.9662000000000001, 'Recall.pl_epo': 18}
2022-01-19 09:41:15,625 INFO Performing initial testing...
2022-01-19 09:42:18,603 INFO Epoch: [21/1000][139/140] Time 0.425 (avg: 0.449) Loss 61750.207031 (avg: 64746.155943) lr 1.000000e-01
2022-01-19 09:42:41,927 INFO {'aAcc': 0.9334, 'mIoU': 0.5698, 'mAcc': 0.9334, 'mFscore': 0.6542, 'mPrecision': 0.6046, 'mRecall': 0.9334, 'IoU.bg': 0.9322, 'IoU.pl': 0.20739999999999997, 'Acc.bg': 0.9334, 'Acc.pl': 0.9335, 'Fscore.bg': 0.9649, 'Fscore.pl': 0.3436, 'Precision.bg': 0.9986, 'Precision.pl': 0.21050000000000002, 'Recall.bg': 0.9334, 'Recall.pl': 0.9335}
2022-01-19 09:42:41,927 INFO {'IoU.pl': 0.2426, 'IoU.pl_epo': 11, 'Acc.pl': 0.9662000000000001, 'Acc.pl_epo': 18, 'Fscore.pl': 0.39049999999999996, 'Fscore.pl_epo': 11, 'Precision.pl': 0.24969999999999998, 'Precision.pl_epo': 11, 'Recall.pl': 0.9662000000000001, 'Recall.pl_epo': 18}
2022-01-19 09:42:41,927 INFO Performing initial testing...
2022-01-19 09:43:44,768 INFO Epoch: [22/1000][139/140] Time 0.422 (avg: 0.448) Loss 51417.550781 (avg: 66784.855999) lr 1.000000e-01
2022-01-19 09:44:15,514 INFO {'aAcc': 0.9003, 'mIoU': 0.5244, 'mAcc': 0.9215000000000001, 'mFscore': 0.6039, 'mPrecision': 0.5752, 'mRecall': 0.9215000000000001, 'IoU.bg': 0.8985, 'IoU.pl': 0.1502, 'Acc.bg': 0.8995000000000001, 'Acc.pl': 0.9436, 'Fscore.bg': 0.9465, 'Fscore.pl': 0.2612, 'Precision.bg': 0.9987999999999999, 'Precision.pl': 0.1516, 'Recall.bg': 0.8995000000000001, 'Recall.pl': 0.9436}
2022-01-19 09:44:15,515 INFO {'IoU.pl': 0.2426, 'IoU.pl_epo': 11, 'Acc.pl': 0.9662000000000001, 'Acc.pl_epo': 18, 'Fscore.pl': 0.39049999999999996, 'Fscore.pl_epo': 11, 'Precision.pl': 0.24969999999999998, 'Precision.pl_epo': 11, 'Recall.pl': 0.9662000000000001, 'Recall.pl_epo': 18}
2022-01-19 09:44:15,515 INFO Performing initial testing...
2022-01-19 09:45:17,861 INFO Epoch: [23/1000][139/140] Time 0.424 (avg: 0.445) Loss 207131.937500 (avg: 62936.671024) lr 1.000000e-01
2022-01-19 09:45:45,630 INFO {'aAcc': 0.9061, 'mIoU': 0.5321, 'mAcc': 0.9301999999999999, 'mFscore': 0.6126, 'mPrecision': 0.58, 'mRecall': 0.9301999999999999, 'IoU.bg': 0.9044, 'IoU.pl': 0.1597, 'Acc.bg': 0.9052, 'Acc.pl': 0.9551999999999999, 'Fscore.bg': 0.9498000000000001, 'Fscore.pl': 0.2755, 'Precision.bg': 0.9991, 'Precision.pl': 0.1609, 'Recall.bg': 0.9052, 'Recall.pl': 0.9551999999999999}
2022-01-19 09:45:45,630 INFO {'IoU.pl': 0.2426, 'IoU.pl_epo': 11, 'Acc.pl': 0.9662000000000001, 'Acc.pl_epo': 18, 'Fscore.pl': 0.39049999999999996, 'Fscore.pl_epo': 11, 'Precision.pl': 0.24969999999999998, 'Precision.pl_epo': 11, 'Recall.pl': 0.9662000000000001, 'Recall.pl_epo': 18}
2022-01-19 09:45:45,630 INFO Performing initial testing...
2022-01-19 09:46:48,674 INFO Epoch: [24/1000][139/140] Time 0.428 (avg: 0.449) Loss 51145.050781 (avg: 64343.717857) lr 1.000000e-01
2022-01-19 09:47:18,331 INFO {'aAcc': 0.9389, 'mIoU': 0.5808, 'mAcc': 0.9411, 'mFscore': 0.6668000000000001, 'mPrecision': 0.6128, 'mRecall': 0.9411, 'IoU.bg': 0.9378, 'IoU.pl': 0.2238, 'Acc.bg': 0.9388, 'Acc.pl': 0.9434999999999999, 'Fscore.bg': 0.9679000000000001, 'Fscore.pl': 0.3657, 'Precision.bg': 0.9989, 'Precision.pl': 0.2268, 'Recall.bg': 0.9388, 'Recall.pl': 0.9434999999999999}
2022-01-19 09:47:18,331 INFO {'IoU.pl': 0.2426, 'IoU.pl_epo': 11, 'Acc.pl': 0.9662000000000001, 'Acc.pl_epo': 18, 'Fscore.pl': 0.39049999999999996, 'Fscore.pl_epo': 11, 'Precision.pl': 0.24969999999999998, 'Precision.pl_epo': 11, 'Recall.pl': 0.9662000000000001, 'Recall.pl_epo': 18}
2022-01-19 09:47:18,331 INFO Performing initial testing...
2022-01-19 09:48:21,776 INFO Epoch: [25/1000][139/140] Time 0.426 (avg: 0.452) Loss 96335.507812 (avg: 64632.455455) lr 1.000000e-01
2022-01-19 09:49:05,734 INFO {'aAcc': 0.8843000000000001, 'mIoU': 0.5082, 'mAcc': 0.9213, 'mFscore': 0.5870000000000001, 'mPrecision': 0.5670000000000001, 'mRecall': 0.9213, 'IoU.bg': 0.8822, 'IoU.pl': 0.1341, 'Acc.bg': 0.8829, 'Acc.pl': 0.9597, 'Fscore.bg': 0.9373999999999999, 'Fscore.pl': 0.2366, 'Precision.bg': 0.9991, 'Precision.pl': 0.1349, 'Recall.bg': 0.8829, 'Recall.pl': 0.9597}
2022-01-19 09:49:05,734 INFO {'IoU.pl': 0.2426, 'IoU.pl_epo': 11, 'Acc.pl': 0.9662000000000001, 'Acc.pl_epo': 18, 'Fscore.pl': 0.39049999999999996, 'Fscore.pl_epo': 11, 'Precision.pl': 0.24969999999999998, 'Precision.pl_epo': 11, 'Recall.pl': 0.9662000000000001, 'Recall.pl_epo': 18}
2022-01-19 09:49:05,735 INFO Performing initial testing...
2022-01-19 09:50:08,873 INFO Epoch: [26/1000][139/140] Time 0.429 (avg: 0.450) Loss 43498.835938 (avg: 59640.809752) lr 5.000000e-02
2022-01-19 09:50:58,811 INFO {'aAcc': 0.9568000000000001, 'mIoU': 0.6185, 'mAcc': 0.9312, 'mFscore': 0.7081000000000001, 'mPrecision': 0.6439, 'mRecall': 0.9312, 'IoU.bg': 0.956, 'IoU.pl': 0.281, 'Acc.bg': 0.9578, 'Acc.pl': 0.9046, 'Fscore.bg': 0.9775, 'Fscore.pl': 0.4387, 'Precision.bg': 0.9981, 'Precision.pl': 0.2896, 'Recall.bg': 0.9578, 'Recall.pl': 0.9046}
2022-01-19 09:50:58,812 INFO {'IoU.pl': 0.281, 'IoU.pl_epo': 26, 'Acc.pl': 0.9662000000000001, 'Acc.pl_epo': 18, 'Fscore.pl': 0.4387, 'Fscore.pl_epo': 26, 'Precision.pl': 0.2896, 'Precision.pl_epo': 26, 'Recall.pl': 0.9662000000000001, 'Recall.pl_epo': 18}
2022-01-19 09:50:59,056 INFO Performing initial testing...
2022-01-19 09:52:02,279 INFO Epoch: [27/1000][139/140] Time 0.422 (avg: 0.451) Loss 52511.265625 (avg: 58080.036258) lr 5.000000e-02
2022-01-19 09:52:48,331 INFO {'aAcc': 0.9270999999999999, 'mIoU': 0.5603, 'mAcc': 0.9358, 'mFscore': 0.6437999999999999, 'mPrecision': 0.598, 'mRecall': 0.9358, 'IoU.bg': 0.9257, 'IoU.pl': 0.1948, 'Acc.bg': 0.9267, 'Acc.pl': 0.9448000000000001, 'Fscore.bg': 0.9614, 'Fscore.pl': 0.3261, 'Precision.bg': 0.9989, 'Precision.pl': 0.1971, 'Recall.bg': 0.9267, 'Recall.pl': 0.9448000000000001}
2022-01-19 09:52:48,332 INFO {'IoU.pl': 0.281, 'IoU.pl_epo': 26, 'Acc.pl': 0.9662000000000001, 'Acc.pl_epo': 18, 'Fscore.pl': 0.4387, 'Fscore.pl_epo': 26, 'Precision.pl': 0.2896, 'Precision.pl_epo': 26, 'Recall.pl': 0.9662000000000001, 'Recall.pl_epo': 18}
2022-01-19 09:52:48,332 INFO Performing initial testing...
2022-01-19 09:53:51,466 INFO Epoch: [28/1000][139/140] Time 0.421 (avg: 0.450) Loss 48016.214844 (avg: 61900.922670) lr 5.000000e-02
2022-01-19 09:54:13,424 INFO {'aAcc': 0.9290999999999999, 'mIoU': 0.5645, 'mAcc': 0.9423, 'mFscore': 0.6487999999999999, 'mPrecision': 0.6011, 'mRecall': 0.9423, 'IoU.bg': 0.9278, 'IoU.pl': 0.20120000000000002, 'Acc.bg': 0.9286, 'Acc.pl': 0.9561, 'Fscore.bg': 0.9625, 'Fscore.pl': 0.335, 'Precision.bg': 0.9991, 'Precision.pl': 0.203, 'Recall.bg': 0.9286, 'Recall.pl': 0.9561}
2022-01-19 09:54:13,424 INFO {'IoU.pl': 0.281, 'IoU.pl_epo': 26, 'Acc.pl': 0.9662000000000001, 'Acc.pl_epo': 18, 'Fscore.pl': 0.4387, 'Fscore.pl_epo': 26, 'Precision.pl': 0.2896, 'Precision.pl_epo': 26, 'Recall.pl': 0.9662000000000001, 'Recall.pl_epo': 18}
2022-01-19 09:54:13,424 INFO Performing initial testing...
2022-01-19 09:55:16,393 INFO Epoch: [29/1000][139/140] Time 0.419 (avg: 0.449) Loss 50442.761719 (avg: 56822.499079) lr 5.000000e-02
2022-01-19 09:55:51,128 INFO {'aAcc': 0.9484999999999999, 'mIoU': 0.5998, 'mAcc': 0.9393, 'mFscore': 0.6879000000000001, 'mPrecision': 0.6278, 'mRecall': 0.9393, 'IoU.bg': 0.9476, 'IoU.pl': 0.2521, 'Acc.bg': 0.9488, 'Acc.pl': 0.9298000000000001, 'Fscore.bg': 0.9731000000000001, 'Fscore.pl': 0.40270000000000006, 'Precision.bg': 0.9986, 'Precision.pl': 0.257, 'Recall.bg': 0.9488, 'Recall.pl': 0.9298000000000001}
2022-01-19 09:55:51,129 INFO {'IoU.pl': 0.281, 'IoU.pl_epo': 26, 'Acc.pl': 0.9662000000000001, 'Acc.pl_epo': 18, 'Fscore.pl': 0.4387, 'Fscore.pl_epo': 26, 'Precision.pl': 0.2896, 'Precision.pl_epo': 26, 'Recall.pl': 0.9662000000000001, 'Recall.pl_epo': 18}
2022-01-19 09:55:51,129 INFO Performing initial testing...
2022-01-19 09:56:54,099 INFO Epoch: [30/1000][139/140] Time 0.421 (avg: 0.449) Loss 52516.210938 (avg: 55507.002776) lr 5.000000e-02
2022-01-19 09:57:44,239 INFO {'aAcc': 0.91, 'mIoU': 0.5381, 'mAcc': 0.9399, 'mFscore': 0.6197, 'mPrecision': 0.584, 'mRecall': 0.9399, 'IoU.bg': 0.9084, 'IoU.pl': 0.1678, 'Acc.bg': 0.9089, 'Acc.pl': 0.971, 'Fscore.bg': 0.9520000000000001, 'Fscore.pl': 0.2873, 'Precision.bg': 0.9994, 'Precision.pl': 0.1686, 'Recall.bg': 0.9089, 'Recall.pl': 0.971}
2022-01-19 09:57:44,239 INFO {'IoU.pl': 0.281, 'IoU.pl_epo': 26, 'Acc.pl': 0.971, 'Acc.pl_epo': 30, 'Fscore.pl': 0.4387, 'Fscore.pl_epo': 26, 'Precision.pl': 0.2896, 'Precision.pl_epo': 26, 'Recall.pl': 0.971, 'Recall.pl_epo': 30}
2022-01-19 09:57:44,556 INFO Performing initial testing...
2022-01-19 09:58:47,472 INFO Epoch: [31/1000][139/140] Time 0.420 (avg: 0.449) Loss 44153.500000 (avg: 56833.184026) lr 5.000000e-02
2022-01-19 09:59:22,417 INFO {'aAcc': 0.9364, 'mIoU': 0.5770000000000001, 'mAcc': 0.9447, 'mFscore': 0.6627, 'mPrecision': 0.6101, 'mRecall': 0.9447, 'IoU.bg': 0.9351999999999999, 'IoU.pl': 0.2187, 'Acc.bg': 0.9361, 'Acc.pl': 0.9533, 'Fscore.bg': 0.9665, 'Fscore.pl': 0.359, 'Precision.bg': 0.9991, 'Precision.pl': 0.2211, 'Recall.bg': 0.9361, 'Recall.pl': 0.9533}
2022-01-19 09:59:22,418 INFO {'IoU.pl': 0.281, 'IoU.pl_epo': 26, 'Acc.pl': 0.971, 'Acc.pl_epo': 30, 'Fscore.pl': 0.4387, 'Fscore.pl_epo': 26, 'Precision.pl': 0.2896, 'Precision.pl_epo': 26, 'Recall.pl': 0.971, 'Recall.pl_epo': 30}
2022-01-19 09:59:22,419 INFO Performing initial testing...
2022-01-19 10:00:25,202 INFO Epoch: [32/1000][139/140] Time 0.420 (avg: 0.448) Loss 38767.511719 (avg: 56742.440332) lr 5.000000e-02
2022-01-19 10:01:09,534 INFO {'aAcc': 0.9316, 'mIoU': 0.569, 'mAcc': 0.9453, 'mFscore': 0.6539, 'mPrecision': 0.6043, 'mRecall': 0.9453, 'IoU.bg': 0.9304000000000001, 'IoU.pl': 0.2077, 'Acc.bg': 0.9311, 'Acc.pl': 0.9594, 'Fscore.bg': 0.9639, 'Fscore.pl': 0.3439, 'Precision.bg': 0.9992, 'Precision.pl': 0.2095, 'Recall.bg': 0.9311, 'Recall.pl': 0.9594}
2022-01-19 10:01:09,534 INFO {'IoU.pl': 0.281, 'IoU.pl_epo': 26, 'Acc.pl': 0.971, 'Acc.pl_epo': 30, 'Fscore.pl': 0.4387, 'Fscore.pl_epo': 26, 'Precision.pl': 0.2896, 'Precision.pl_epo': 26, 'Recall.pl': 0.971, 'Recall.pl_epo': 30}
2022-01-19 10:01:09,534 INFO Performing initial testing...
2022-01-19 10:02:12,669 INFO Epoch: [33/1000][139/140] Time 0.425 (avg: 0.450) Loss 33900.781250 (avg: 56124.028125) lr 5.000000e-02
2022-01-19 10:02:53,531 INFO {'aAcc': 0.9216, 'mIoU': 0.5517, 'mAcc': 0.9314, 'mFscore': 0.634, 'mPrecision': 0.5920000000000001, 'mRecall': 0.9314, 'IoU.bg': 0.9201999999999999, 'IoU.pl': 0.1832, 'Acc.bg': 0.9212, 'Acc.pl': 0.9416, 'Fscore.bg': 0.9584, 'Fscore.pl': 0.3096, 'Precision.bg': 0.9987999999999999, 'Precision.pl': 0.18530000000000002, 'Recall.bg': 0.9212, 'Recall.pl': 0.9416}
2022-01-19 10:02:53,532 INFO {'IoU.pl': 0.281, 'IoU.pl_epo': 26, 'Acc.pl': 0.971, 'Acc.pl_epo': 30, 'Fscore.pl': 0.4387, 'Fscore.pl_epo': 26, 'Precision.pl': 0.2896, 'Precision.pl_epo': 26, 'Recall.pl': 0.971, 'Recall.pl_epo': 30}
2022-01-19 10:02:53,532 INFO Performing initial testing...
2022-01-19 10:03:56,344 INFO Epoch: [34/1000][139/140] Time 0.418 (avg: 0.448) Loss 62618.816406 (avg: 62066.033524) lr 5.000000e-02
2022-01-19 10:04:34,521 INFO {'aAcc': 0.93, 'mIoU': 0.5658, 'mAcc': 0.9416, 'mFscore': 0.6501, 'mPrecision': 0.6019, 'mRecall': 0.9416, 'IoU.bg': 0.9287000000000001, 'IoU.pl': 0.2028, 'Acc.bg': 0.9295, 'Acc.pl': 0.9536, 'Fscore.bg': 0.963, 'Fscore.pl': 0.3372, 'Precision.bg': 0.9991, 'Precision.pl': 0.2048, 'Recall.bg': 0.9295, 'Recall.pl': 0.9536}
2022-01-19 10:04:34,521 INFO {'IoU.pl': 0.281, 'IoU.pl_epo': 26, 'Acc.pl': 0.971, 'Acc.pl_epo': 30, 'Fscore.pl': 0.4387, 'Fscore.pl_epo': 26, 'Precision.pl': 0.2896, 'Precision.pl_epo': 26, 'Recall.pl': 0.971, 'Recall.pl_epo': 30}
2022-01-19 10:04:34,521 INFO Performing initial testing...
2022-01-19 10:05:37,816 INFO Epoch: [35/1000][139/140] Time 0.421 (avg: 0.451) Loss 37974.734375 (avg: 56597.799554) lr 5.000000e-02
2022-01-19 10:06:11,232 INFO {'aAcc': 0.9501000000000001, 'mIoU': 0.6042000000000001, 'mAcc': 0.9428, 'mFscore': 0.6928, 'mPrecision': 0.6313, 'mRecall': 0.9428, 'IoU.bg': 0.9492, 'IoU.pl': 0.25920000000000004, 'Acc.bg': 0.9503, 'Acc.pl': 0.9353, 'Fscore.bg': 0.9739, 'Fscore.pl': 0.4117, 'Precision.bg': 0.9987, 'Precision.pl': 0.2639, 'Recall.bg': 0.9503, 'Recall.pl': 0.9353}
2022-01-19 10:06:11,233 INFO {'IoU.pl': 0.281, 'IoU.pl_epo': 26, 'Acc.pl': 0.971, 'Acc.pl_epo': 30, 'Fscore.pl': 0.4387, 'Fscore.pl_epo': 26, 'Precision.pl': 0.2896, 'Precision.pl_epo': 26, 'Recall.pl': 0.971, 'Recall.pl_epo': 30}
2022-01-19 10:06:11,233 INFO Performing initial testing...
2022-01-19 10:07:14,148 INFO Epoch: [36/1000][139/140] Time 0.423 (avg: 0.449) Loss 37535.886719 (avg: 56465.012584) lr 5.000000e-02
2022-01-19 10:07:55,832 INFO {'aAcc': 0.9493, 'mIoU': 0.6023, 'mAcc': 0.9426000000000001, 'mFscore': 0.6907, 'mPrecision': 0.6297999999999999, 'mRecall': 0.9426000000000001, 'IoU.bg': 0.9484, 'IoU.pl': 0.2562, 'Acc.bg': 0.9495, 'Acc.pl': 0.9356, 'Fscore.bg': 0.9734999999999999, 'Fscore.pl': 0.408, 'Precision.bg': 0.9987, 'Precision.pl': 0.2608, 'Recall.bg': 0.9495, 'Recall.pl': 0.9356}
2022-01-19 10:07:55,833 INFO {'IoU.pl': 0.281, 'IoU.pl_epo': 26, 'Acc.pl': 0.971, 'Acc.pl_epo': 30, 'Fscore.pl': 0.4387, 'Fscore.pl_epo': 26, 'Precision.pl': 0.2896, 'Precision.pl_epo': 26, 'Recall.pl': 0.971, 'Recall.pl_epo': 30}
2022-01-19 10:07:55,833 INFO Performing initial testing...
2022-01-19 10:08:59,136 INFO Epoch: [37/1000][139/140] Time 0.421 (avg: 0.451) Loss 52097.964844 (avg: 56458.767759) lr 5.000000e-02
2022-01-19 10:09:39,128 INFO {'aAcc': 0.9495999999999999, 'mIoU': 0.6037, 'mAcc': 0.9449, 'mFscore': 0.6923, 'mPrecision': 0.6308, 'mRecall': 0.9449, 'IoU.bg': 0.9488, 'IoU.pl': 0.2586, 'Acc.bg': 0.9498000000000001, 'Acc.pl': 0.94, 'Fscore.bg': 0.9737, 'Fscore.pl': 0.41090000000000004, 'Precision.bg': 0.9987999999999999, 'Precision.pl': 0.26289999999999997, 'Recall.bg': 0.9498000000000001, 'Recall.pl': 0.94}
2022-01-19 10:09:39,129 INFO {'IoU.pl': 0.281, 'IoU.pl_epo': 26, 'Acc.pl': 0.971, 'Acc.pl_epo': 30, 'Fscore.pl': 0.4387, 'Fscore.pl_epo': 26, 'Precision.pl': 0.2896, 'Precision.pl_epo': 26, 'Recall.pl': 0.971, 'Recall.pl_epo': 30}
2022-01-19 10:09:39,129 INFO Performing initial testing...
2022-01-19 10:10:42,457 INFO Epoch: [38/1000][139/140] Time 0.423 (avg: 0.451) Loss 54622.652344 (avg: 54076.078167) lr 5.000000e-02
2022-01-19 10:11:21,312 INFO {'aAcc': 0.9301, 'mIoU': 0.5661999999999999, 'mAcc': 0.9428, 'mFscore': 0.6507, 'mPrecision': 0.6023, 'mRecall': 0.9428, 'IoU.bg': 0.9289000000000001, 'IoU.pl': 0.2036, 'Acc.bg': 0.9296, 'Acc.pl': 0.956, 'Fscore.bg': 0.9631000000000001, 'Fscore.pl': 0.3383, 'Precision.bg': 0.9991, 'Precision.pl': 0.20550000000000002, 'Recall.bg': 0.9296, 'Recall.pl': 0.956}
2022-01-19 10:11:21,313 INFO {'IoU.pl': 0.281, 'IoU.pl_epo': 26, 'Acc.pl': 0.971, 'Acc.pl_epo': 30, 'Fscore.pl': 0.4387, 'Fscore.pl_epo': 26, 'Precision.pl': 0.2896, 'Precision.pl_epo': 26, 'Recall.pl': 0.971, 'Recall.pl_epo': 30}
2022-01-19 10:11:21,313 INFO Performing initial testing...
2022-01-19 10:12:24,246 INFO Epoch: [39/1000][139/140] Time 0.432 (avg: 0.449) Loss 47162.429688 (avg: 55148.934417) lr 5.000000e-02
2022-01-19 10:13:07,721 INFO {'aAcc': 0.9014, 'mIoU': 0.5274, 'mAcc': 0.9351999999999999, 'mFscore': 0.6079, 'mPrecision': 0.5777, 'mRecall': 0.9351999999999999, 'IoU.bg': 0.8995000000000001, 'IoU.pl': 0.1552, 'Acc.bg': 0.9001, 'Acc.pl': 0.9703, 'Fscore.bg': 0.9470999999999999, 'Fscore.pl': 0.2687, 'Precision.bg': 0.9994, 'Precision.pl': 0.156, 'Recall.bg': 0.9001, 'Recall.pl': 0.9703}
2022-01-19 10:13:07,722 INFO {'IoU.pl': 0.281, 'IoU.pl_epo': 26, 'Acc.pl': 0.971, 'Acc.pl_epo': 30, 'Fscore.pl': 0.4387, 'Fscore.pl_epo': 26, 'Precision.pl': 0.2896, 'Precision.pl_epo': 26, 'Recall.pl': 0.971, 'Recall.pl_epo': 30}
2022-01-19 10:13:07,723 INFO Performing initial testing...
2022-01-19 10:14:10,511 INFO Epoch: [40/1000][139/140] Time 0.419 (avg: 0.448) Loss 34865.199219 (avg: 55416.905566) lr 5.000000e-02
2022-01-19 10:14:52,031 INFO {'aAcc': 0.9037999999999999, 'mIoU': 0.5297999999999999, 'mAcc': 0.9323999999999999, 'mFscore': 0.6103000000000001, 'mPrecision': 0.5788, 'mRecall': 0.9323999999999999, 'IoU.bg': 0.9020999999999999, 'IoU.pl': 0.1574, 'Acc.bg': 0.9027, 'Acc.pl': 0.9621, 'Fscore.bg': 0.9484999999999999, 'Fscore.pl': 0.2721, 'Precision.bg': 0.9992, 'Precision.pl': 0.15839999999999999, 'Recall.bg': 0.9027, 'Recall.pl': 0.9621}
2022-01-19 10:14:52,032 INFO {'IoU.pl': 0.281, 'IoU.pl_epo': 26, 'Acc.pl': 0.971, 'Acc.pl_epo': 30, 'Fscore.pl': 0.4387, 'Fscore.pl_epo': 26, 'Precision.pl': 0.2896, 'Precision.pl_epo': 26, 'Recall.pl': 0.971, 'Recall.pl_epo': 30}
2022-01-19 10:14:52,032 INFO Performing initial testing...
2022-01-19 10:15:55,054 INFO Epoch: [41/1000][139/140] Time 0.430 (avg: 0.449) Loss 57432.402344 (avg: 57691.490597) lr 5.000000e-02
2022-01-19 10:16:37,317 INFO {'aAcc': 0.9584999999999999, 'mIoU': 0.6222, 'mAcc': 0.9262, 'mFscore': 0.7120000000000001, 'mPrecision': 0.6474, 'mRecall': 0.9262, 'IoU.bg': 0.9578, 'IoU.pl': 0.2867, 'Acc.bg': 0.9598, 'Acc.pl': 0.8926000000000001, 'Fscore.bg': 0.9784, 'Fscore.pl': 0.4456, 'Precision.bg': 0.9979, 'Precision.pl': 0.2969, 'Recall.bg': 0.9598, 'Recall.pl': 0.8926000000000001}
2022-01-19 10:16:37,318 INFO {'IoU.pl': 0.2867, 'IoU.pl_epo': 41, 'Acc.pl': 0.971, 'Acc.pl_epo': 30, 'Fscore.pl': 0.4456, 'Fscore.pl_epo': 41, 'Precision.pl': 0.2969, 'Precision.pl_epo': 41, 'Recall.pl': 0.971, 'Recall.pl_epo': 30}
2022-01-19 10:16:37,566 INFO Performing initial testing...
2022-01-19 10:17:40,164 INFO Epoch: [42/1000][139/140] Time 0.431 (avg: 0.446) Loss 50908.070312 (avg: 55715.016685) lr 5.000000e-02
2022-01-19 10:18:29,828 INFO {'aAcc': 0.9091, 'mIoU': 0.5361, 'mAcc': 0.9342, 'mFscore': 0.6172, 'mPrecision': 0.5826, 'mRecall': 0.9342, 'IoU.bg': 0.9074, 'IoU.pl': 0.1648, 'Acc.bg': 0.9081, 'Acc.pl': 0.9603, 'Fscore.bg': 0.9515, 'Fscore.pl': 0.28300000000000003, 'Precision.bg': 0.9992, 'Precision.pl': 0.1659, 'Recall.bg': 0.9081, 'Recall.pl': 0.9603}
2022-01-19 10:18:29,828 INFO {'IoU.pl': 0.2867, 'IoU.pl_epo': 41, 'Acc.pl': 0.971, 'Acc.pl_epo': 30, 'Fscore.pl': 0.4456, 'Fscore.pl_epo': 41, 'Precision.pl': 0.2969, 'Precision.pl_epo': 41, 'Recall.pl': 0.971, 'Recall.pl_epo': 30}
2022-01-19 10:18:29,828 INFO Performing initial testing...
2022-01-19 10:19:32,356 INFO Epoch: [43/1000][139/140] Time 0.430 (avg: 0.446) Loss 56982.339844 (avg: 55030.673563) lr 5.000000e-02
2022-01-19 10:20:16,413 INFO {'aAcc': 0.9344, 'mIoU': 0.5728, 'mAcc': 0.9411, 'mFscore': 0.6579999999999999, 'mPrecision': 0.607, 'mRecall': 0.9411, 'IoU.bg': 0.9331999999999999, 'IoU.pl': 0.2125, 'Acc.bg': 0.9340999999999999, 'Acc.pl': 0.9481, 'Fscore.bg': 0.9654, 'Fscore.pl': 0.3505, 'Precision.bg': 0.9989, 'Precision.pl': 0.215, 'Recall.bg': 0.9340999999999999, 'Recall.pl': 0.9481}
2022-01-19 10:20:16,413 INFO {'IoU.pl': 0.2867, 'IoU.pl_epo': 41, 'Acc.pl': 0.971, 'Acc.pl_epo': 30, 'Fscore.pl': 0.4456, 'Fscore.pl_epo': 41, 'Precision.pl': 0.2969, 'Precision.pl_epo': 41, 'Recall.pl': 0.971, 'Recall.pl_epo': 30}
2022-01-19 10:20:16,414 INFO Performing initial testing...
2022-01-19 10:21:19,263 INFO Epoch: [44/1000][139/140] Time 0.420 (avg: 0.448) Loss 111116.703125 (avg: 55801.431543) lr 5.000000e-02
2022-01-19 10:22:11,623 INFO {'aAcc': 0.9565, 'mIoU': 0.6204, 'mAcc': 0.943, 'mFscore': 0.7105, 'mPrecision': 0.645, 'mRecall': 0.943, 'IoU.bg': 0.9556999999999999, 'IoU.pl': 0.285, 'Acc.bg': 0.9570000000000001, 'Acc.pl': 0.9289000000000001, 'Fscore.bg': 0.9773999999999999, 'Fscore.pl': 0.4436, 'Precision.bg': 0.9986, 'Precision.pl': 0.2914, 'Recall.bg': 0.9570000000000001, 'Recall.pl': 0.9289000000000001}
2022-01-19 10:22:11,623 INFO {'IoU.pl': 0.2867, 'IoU.pl_epo': 41, 'Acc.pl': 0.971, 'Acc.pl_epo': 30, 'Fscore.pl': 0.4456, 'Fscore.pl_epo': 41, 'Precision.pl': 0.2969, 'Precision.pl_epo': 41, 'Recall.pl': 0.971, 'Recall.pl_epo': 30}
2022-01-19 10:22:11,623 INFO Performing initial testing...
2022-01-19 10:23:14,652 INFO Epoch: [45/1000][139/140] Time 0.421 (avg: 0.449) Loss 28296.968750 (avg: 51619.771415) lr 5.000000e-02
2022-01-19 10:23:55,023 INFO {'aAcc': 0.9412, 'mIoU': 0.5854, 'mAcc': 0.9420000000000001, 'mFscore': 0.672, 'mPrecision': 0.6163000000000001, 'mRecall': 0.9420000000000001, 'IoU.bg': 0.9401999999999999, 'IoU.pl': 0.2306, 'Acc.bg': 0.9412, 'Acc.pl': 0.9428, 'Fscore.bg': 0.9692000000000001, 'Fscore.pl': 0.37479999999999997, 'Precision.bg': 0.9987999999999999, 'Precision.pl': 0.2339, 'Recall.bg': 0.9412, 'Recall.pl': 0.9428}
2022-01-19 10:23:55,025 INFO {'IoU.pl': 0.2867, 'IoU.pl_epo': 41, 'Acc.pl': 0.971, 'Acc.pl_epo': 30, 'Fscore.pl': 0.4456, 'Fscore.pl_epo': 41, 'Precision.pl': 0.2969, 'Precision.pl_epo': 41, 'Recall.pl': 0.971, 'Recall.pl_epo': 30}
2022-01-19 10:23:55,025 INFO Performing initial testing...
2022-01-19 10:24:58,087 INFO Epoch: [46/1000][139/140] Time 0.421 (avg: 0.450) Loss 37814.535156 (avg: 55851.212472) lr 5.000000e-02
2022-01-19 10:25:30,731 INFO {'aAcc': 0.9484999999999999, 'mIoU': 0.5996, 'mAcc': 0.9373, 'mFscore': 0.6875, 'mPrecision': 0.6275999999999999, 'mRecall': 0.9373, 'IoU.bg': 0.9476, 'IoU.pl': 0.2515, 'Acc.bg': 0.9490000000000001, 'Acc.pl': 0.9256, 'Fscore.bg': 0.9731000000000001, 'Fscore.pl': 0.4019, 'Precision.bg': 0.9984999999999999, 'Precision.pl': 0.25670000000000004, 'Recall.bg': 0.9490000000000001, 'Recall.pl': 0.9256}
2022-01-19 10:25:30,732 INFO {'IoU.pl': 0.2867, 'IoU.pl_epo': 41, 'Acc.pl': 0.971, 'Acc.pl_epo': 30, 'Fscore.pl': 0.4456, 'Fscore.pl_epo': 41, 'Precision.pl': 0.2969, 'Precision.pl_epo': 41, 'Recall.pl': 0.971, 'Recall.pl_epo': 30}
2022-01-19 10:25:30,733 INFO Performing initial testing...
2022-01-19 10:26:33,696 INFO Epoch: [47/1000][139/140] Time 0.420 (avg: 0.449) Loss 37206.273438 (avg: 54364.488546) lr 5.000000e-02
2022-01-19 10:27:19,921 INFO {'aAcc': 0.9333, 'mIoU': 0.5713, 'mAcc': 0.9423, 'mFscore': 0.6563, 'mPrecision': 0.6059, 'mRecall': 0.9423, 'IoU.bg': 0.9320999999999999, 'IoU.pl': 0.21050000000000002, 'Acc.bg': 0.9329999999999999, 'Acc.pl': 0.9516, 'Fscore.bg': 0.9649, 'Fscore.pl': 0.3478, 'Precision.bg': 0.9990000000000001, 'Precision.pl': 0.21280000000000002, 'Recall.bg': 0.9329999999999999, 'Recall.pl': 0.9516}
2022-01-19 10:27:19,922 INFO {'IoU.pl': 0.2867, 'IoU.pl_epo': 41, 'Acc.pl': 0.971, 'Acc.pl_epo': 30, 'Fscore.pl': 0.4456, 'Fscore.pl_epo': 41, 'Precision.pl': 0.2969, 'Precision.pl_epo': 41, 'Recall.pl': 0.971, 'Recall.pl_epo': 30}
2022-01-19 10:27:19,922 INFO Performing initial testing...
2022-01-19 10:28:22,971 INFO Epoch: [48/1000][139/140] Time 0.422 (avg: 0.450) Loss 43515.359375 (avg: 54216.152581) lr 5.000000e-02
2022-01-19 10:28:54,723 INFO {'aAcc': 0.9455, 'mIoU': 0.5947, 'mAcc': 0.9460999999999999, 'mFscore': 0.6825, 'mPrecision': 0.6236, 'mRecall': 0.9460999999999999, 'IoU.bg': 0.9445, 'IoU.pl': 0.24489999999999998, 'Acc.bg': 0.9455, 'Acc.pl': 0.9467, 'Fscore.bg': 0.9715, 'Fscore.pl': 0.3935, 'Precision.bg': 0.9989, 'Precision.pl': 0.2483, 'Recall.bg': 0.9455, 'Recall.pl': 0.9467}
2022-01-19 10:28:54,723 INFO {'IoU.pl': 0.2867, 'IoU.pl_epo': 41, 'Acc.pl': 0.971, 'Acc.pl_epo': 30, 'Fscore.pl': 0.4456, 'Fscore.pl_epo': 41, 'Precision.pl': 0.2969, 'Precision.pl_epo': 41, 'Recall.pl': 0.971, 'Recall.pl_epo': 30}
2022-01-19 10:28:54,724 INFO Performing initial testing...
2022-01-19 10:29:57,587 INFO Epoch: [49/1000][139/140] Time 0.421 (avg: 0.448) Loss 36764.714844 (avg: 56056.203334) lr 5.000000e-02
2022-01-19 10:30:23,434 INFO {'aAcc': 0.9431999999999999, 'mIoU': 0.5891, 'mAcc': 0.9419, 'mFscore': 0.6761, 'mPrecision': 0.6192, 'mRecall': 0.9419, 'IoU.bg': 0.9420999999999999, 'IoU.pl': 0.2361, 'Acc.bg': 0.9431999999999999, 'Acc.pl': 0.9405, 'Fscore.bg': 0.9702, 'Fscore.pl': 0.382, 'Precision.bg': 0.9987999999999999, 'Precision.pl': 0.2397, 'Recall.bg': 0.9431999999999999, 'Recall.pl': 0.9405}
2022-01-19 10:30:23,435 INFO {'IoU.pl': 0.2867, 'IoU.pl_epo': 41, 'Acc.pl': 0.971, 'Acc.pl_epo': 30, 'Fscore.pl': 0.4456, 'Fscore.pl_epo': 41, 'Precision.pl': 0.2969, 'Precision.pl_epo': 41, 'Recall.pl': 0.971, 'Recall.pl_epo': 30}
2022-01-19 10:30:23,435 INFO Performing initial testing...
2022-01-19 10:31:26,573 INFO Epoch: [50/1000][139/140] Time 0.424 (avg: 0.450) Loss 68129.062500 (avg: 54597.447042) lr 5.000000e-02
2022-01-19 10:31:50,315 INFO {'aAcc': 0.9429000000000001, 'mIoU': 0.5893999999999999, 'mAcc': 0.9458, 'mFscore': 0.6766, 'mPrecision': 0.6195, 'mRecall': 0.9458, 'IoU.bg': 0.9419, 'IoU.pl': 0.2369, 'Acc.bg': 0.9428, 'Acc.pl': 0.9487000000000001, 'Fscore.bg': 0.9701000000000001, 'Fscore.pl': 0.3831, 'Precision.bg': 0.9990000000000001, 'Precision.pl': 0.24, 'Recall.bg': 0.9428, 'Recall.pl': 0.9487000000000001}
2022-01-19 10:31:50,316 INFO {'IoU.pl': 0.2867, 'IoU.pl_epo': 41, 'Acc.pl': 0.971, 'Acc.pl_epo': 30, 'Fscore.pl': 0.4456, 'Fscore.pl_epo': 41, 'Precision.pl': 0.2969, 'Precision.pl_epo': 41, 'Recall.pl': 0.971, 'Recall.pl_epo': 30}
2022-01-19 10:31:50,317 INFO Performing initial testing...
2022-01-19 10:32:53,347 INFO Epoch: [51/1000][139/140] Time 0.428 (avg: 0.449) Loss 56137.371094 (avg: 50395.452665) lr 2.500000e-02
2022-01-19 10:33:18,822 INFO {'aAcc': 0.9581000000000001, 'mIoU': 0.6254, 'mAcc': 0.9447, 'mFscore': 0.716, 'mPrecision': 0.6493000000000001, 'mRecall': 0.9447, 'IoU.bg': 0.9573999999999999, 'IoU.pl': 0.2934, 'Acc.bg': 0.9587, 'Acc.pl': 0.9306, 'Fscore.bg': 0.9782, 'Fscore.pl': 0.4537, 'Precision.bg': 0.9986, 'Precision.pl': 0.3, 'Recall.bg': 0.9587, 'Recall.pl': 0.9306}
2022-01-19 10:33:18,822 INFO {'IoU.pl': 0.2934, 'IoU.pl_epo': 51, 'Acc.pl': 0.971, 'Acc.pl_epo': 30, 'Fscore.pl': 0.4537, 'Fscore.pl_epo': 51, 'Precision.pl': 0.3, 'Precision.pl_epo': 51, 'Recall.pl': 0.971, 'Recall.pl_epo': 30}
2022-01-19 10:33:19,068 INFO Performing initial testing...
2022-01-19 10:34:22,259 INFO Epoch: [52/1000][139/140] Time 0.429 (avg: 0.450) Loss 79937.828125 (avg: 49381.494448) lr 2.500000e-02
2022-01-19 10:34:53,014 INFO {'aAcc': 0.9515, 'mIoU': 0.609, 'mAcc': 0.9499, 'mFscore': 0.6983, 'mPrecision': 0.6352, 'mRecall': 0.9499, 'IoU.bg': 0.9506, 'IoU.pl': 0.26739999999999997, 'Acc.bg': 0.9515, 'Acc.pl': 0.9483, 'Fscore.bg': 0.9747, 'Fscore.pl': 0.42200000000000004, 'Precision.bg': 0.9990000000000001, 'Precision.pl': 0.27140000000000003, 'Recall.bg': 0.9515, 'Recall.pl': 0.9483}
2022-01-19 10:34:53,015 INFO {'IoU.pl': 0.2934, 'IoU.pl_epo': 51, 'Acc.pl': 0.971, 'Acc.pl_epo': 30, 'Fscore.pl': 0.4537, 'Fscore.pl_epo': 51, 'Precision.pl': 0.3, 'Precision.pl_epo': 51, 'Recall.pl': 0.971, 'Recall.pl_epo': 30}
2022-01-19 10:34:53,015 INFO Performing initial testing...
2022-01-19 10:35:55,993 INFO Epoch: [53/1000][139/140] Time 0.421 (avg: 0.449) Loss 40216.156250 (avg: 48976.499819) lr 2.500000e-02
2022-01-19 10:36:28,746 INFO {'aAcc': 0.9377, 'mIoU': 0.5801, 'mAcc': 0.9489, 'mFscore': 0.6664, 'mPrecision': 0.6125, 'mRecall': 0.9489, 'IoU.bg': 0.9366, 'IoU.pl': 0.2237, 'Acc.bg': 0.9373, 'Acc.pl': 0.9605, 'Fscore.bg': 0.9673, 'Fscore.pl': 0.36560000000000004, 'Precision.bg': 0.9992, 'Precision.pl': 0.22579999999999997, 'Recall.bg': 0.9373, 'Recall.pl': 0.9605}
2022-01-19 10:36:28,747 INFO {'IoU.pl': 0.2934, 'IoU.pl_epo': 51, 'Acc.pl': 0.971, 'Acc.pl_epo': 30, 'Fscore.pl': 0.4537, 'Fscore.pl_epo': 51, 'Precision.pl': 0.3, 'Precision.pl_epo': 51, 'Recall.pl': 0.971, 'Recall.pl_epo': 30}
2022-01-19 10:36:28,747 INFO Performing initial testing...
2022-01-19 10:37:31,975 INFO Epoch: [54/1000][139/140] Time 0.431 (avg: 0.451) Loss 69248.281250 (avg: 49025.600279) lr 2.500000e-02
2022-01-19 10:38:10,837 INFO {'aAcc': 0.9473, 'mIoU': 0.599, 'mAcc': 0.9477, 'mFscore': 0.6873, 'mPrecision': 0.6271, 'mRecall': 0.9477, 'IoU.bg': 0.9464, 'IoU.pl': 0.25170000000000003, 'Acc.bg': 0.9473, 'Acc.pl': 0.9481, 'Fscore.bg': 0.9725, 'Fscore.pl': 0.4022, 'Precision.bg': 0.9990000000000001, 'Precision.pl': 0.2552, 'Recall.bg': 0.9473, 'Recall.pl': 0.9481}
2022-01-19 10:38:10,838 INFO {'IoU.pl': 0.2934, 'IoU.pl_epo': 51, 'Acc.pl': 0.971, 'Acc.pl_epo': 30, 'Fscore.pl': 0.4537, 'Fscore.pl_epo': 51, 'Precision.pl': 0.3, 'Precision.pl_epo': 51, 'Recall.pl': 0.971, 'Recall.pl_epo': 30}
2022-01-19 10:38:10,838 INFO Performing initial testing...
2022-01-19 10:39:13,741 INFO Epoch: [55/1000][139/140] Time 0.420 (avg: 0.448) Loss 38329.992188 (avg: 48775.268066) lr 2.500000e-02
2022-01-19 10:39:42,121 INFO {'aAcc': 0.94, 'mIoU': 0.5845, 'mAcc': 0.9495999999999999, 'mFscore': 0.6713, 'mPrecision': 0.6157, 'mRecall': 0.9495999999999999, 'IoU.bg': 0.9389, 'IoU.pl': 0.23010000000000003, 'Acc.bg': 0.9396, 'Acc.pl': 0.9597, 'Fscore.bg': 0.9684999999999999, 'Fscore.pl': 0.3741, 'Precision.bg': 0.9992, 'Precision.pl': 0.2323, 'Recall.bg': 0.9396, 'Recall.pl': 0.9597}
2022-01-19 10:39:42,122 INFO {'IoU.pl': 0.2934, 'IoU.pl_epo': 51, 'Acc.pl': 0.971, 'Acc.pl_epo': 30, 'Fscore.pl': 0.4537, 'Fscore.pl_epo': 51, 'Precision.pl': 0.3, 'Precision.pl_epo': 51, 'Recall.pl': 0.971, 'Recall.pl_epo': 30}
2022-01-19 10:39:42,122 INFO Performing initial testing...
